[0.029s] Invoking command in '/home/ethereal/rm_2025/rm_decision_2025_pb/build/navigator': AMENT_PREFIX_PATH=/home/ethereal/rm_2025/rm_decision_2025_pb/install/information_widgets:/home/ethereal/rm_2025/rm_decision_2025_pb/install/rm_decision_interfaces:/home/ethereal/rm_2025/rm_decision_2025_pb/install/navigator_interfaces:/home/ethereal/rm_2025/rm_decision_2025_pb/install/iw_interfaces:/home/ethereal/rm_2025/rm_decision_2025_pb/install/auto_aim_interfaces:${AMENT_PREFIX_PATH} CMAKE_PREFIX_PATH=/home/ethereal/rm_2025/rm_decision_2025_pb/install/information_widgets:/home/ethereal/rm_2025/rm_decision_2025_pb/install/rm_decision_interfaces:/home/ethereal/rm_2025/rm_decision_2025_pb/install/navigator_interfaces:/home/ethereal/rm_2025/rm_decision_2025_pb/install/iw_interfaces:/home/ethereal/rm_2025/rm_decision_2025_pb/install/auto_aim_interfaces:/opt/ros/humble LD_LIBRARY_PATH=/home/ethereal/rm_2025/rm_decision_2025_pb/install/information_widgets/lib:/home/ethereal/rm_2025/rm_decision_2025_pb/install/rm_decision_interfaces/lib:/home/ethereal/rm_2025/rm_decision_2025_pb/install/navigator_interfaces/lib:/home/ethereal/rm_2025/rm_decision_2025_pb/install/iw_interfaces/lib:/home/ethereal/rm_2025/rm_decision_2025_pb/install/auto_aim_interfaces/lib:${LD_LIBRARY_PATH} PS1=\[\e[1;32m\]\u@\h\[\e[0m\]:\[\e[1;34m\]\w\[\e[0m\]\$ PYTHONPATH=/home/ethereal/rm_2025/rm_decision_2025_pb/install/rm_decision_interfaces/local/lib/python3.10/dist-packages:/home/ethereal/rm_2025/rm_decision_2025_pb/install/navigator_interfaces/local/lib/python3.10/dist-packages:/home/ethereal/rm_2025/rm_decision_2025_pb/install/iw_interfaces/local/lib/python3.10/dist-packages:/home/ethereal/rm_2025/rm_decision_2025_pb/install/auto_aim_interfaces/local/lib/python3.10/dist-packages:${PYTHONPATH} /usr/bin/cmake /home/ethereal/rm_2025/rm_decision_2025_pb/src/Action Level/navigator -DCMAKE_INSTALL_PREFIX=/home/ethereal/rm_2025/rm_decision_2025_pb/install/navigator
[0.067s] -- The C compiler identification is GNU 11.4.0
[0.106s] -- The CXX compiler identification is GNU 11.4.0
[0.111s] -- Detecting C compiler ABI info
[0.159s] -- Detecting C compiler ABI info - done
[0.164s] -- Check for working C compiler: /usr/bin/cc - skipped
[0.165s] -- Detecting C compile features
[0.165s] -- Detecting C compile features - done
[0.167s] -- Detecting CXX compiler ABI info
[0.229s] -- Detecting CXX compiler ABI info - done
[0.234s] -- Check for working CXX compiler: /usr/bin/c++ - skipped
[0.235s] -- Detecting CXX compile features
[0.235s] -- Detecting CXX compile features - done
[0.237s] -- Found ament_cmake_auto: 1.3.11 (/opt/ros/humble/share/ament_cmake_auto/cmake)
[0.372s] -- Found Python3: /usr/bin/python3 (found version "3.10.12") found components: Interpreter 
[0.544s] -- Found rosidl_generator_c: 3.1.6 (/opt/ros/humble/share/rosidl_generator_c/cmake)
[0.548s] -- Found rosidl_adapter: 3.1.6 (/opt/ros/humble/share/rosidl_adapter/cmake)
[0.554s] -- Found rosidl_generator_cpp: 3.1.6 (/opt/ros/humble/share/rosidl_generator_cpp/cmake)
[0.563s] -- Using all available rosidl_typesupport_c: rosidl_typesupport_fastrtps_c;rosidl_typesupport_introspection_c
[0.575s] -- Using all available rosidl_typesupport_cpp: rosidl_typesupport_fastrtps_cpp;rosidl_typesupport_introspection_cpp
[0.607s] -- Found rmw_implementation_cmake: 6.1.2 (/opt/ros/humble/share/rmw_implementation_cmake/cmake)
[0.609s] -- Found rmw_fastrtps_cpp: 6.2.7 (/opt/ros/humble/share/rmw_fastrtps_cpp/cmake)
[0.676s] -- Found OpenSSL: /usr/lib/x86_64-linux-gnu/libcrypto.so (found version "3.0.2")  
[0.696s] -- Found FastRTPS: /opt/ros/humble/include  
[0.730s] -- Using RMW implementation 'rmw_fastrtps_cpp' as default
[0.737s] -- Looking for pthread.h
[0.788s] -- Looking for pthread.h - found
[0.788s] -- Performing Test CMAKE_HAVE_LIBC_PTHREAD
[0.843s] -- Performing Test CMAKE_HAVE_LIBC_PTHREAD - Success
[0.844s] -- Found Threads: TRUE  
[1.038s] -- Found eigen3_cmake_module: 0.1.1 (/opt/ros/humble/share/eigen3_cmake_module/cmake)
[1.040s] -- Found Eigen3: TRUE (found version "3.4.0") 
[1.040s] -- Ensuring Eigen3 include directory is part of orocos-kdl CMake target
[1.181s] -- Found ament_lint_auto: 0.12.11 (/opt/ros/humble/share/ament_lint_auto/cmake)
[1.201s] -- Added test 'cppcheck' to perform static code analysis on C / C++ code
[1.201s] -- Configured cppcheck include dirs: /home/ethereal/rm_2025/rm_decision_2025_pb/src/Action Level/navigator/include
[1.201s] -- Configured cppcheck exclude dirs and/or files: 
[1.203s] -- Added test 'cpplint' to check C / C++ code against the Google style
[1.203s] -- Configured cpplint exclude dirs and/or files: 
[1.203s] -- Added test 'flake8' to check Python code syntax and style conventions
[1.204s] -- Added test 'lint_cmake' to check CMake code style
[1.204s] -- Added test 'pep257' to check Python code against some of the docstring style conventions in PEP 257
[1.205s] -- Added test 'xmllint' to check XML markup files
[1.207s] -- Configuring done
[1.252s] -- Generating done
[1.262s] -- Build files have been written to: /home/ethereal/rm_2025/rm_decision_2025_pb/build/navigator
[1.272s] Invoked command in '/home/ethereal/rm_2025/rm_decision_2025_pb/build/navigator' returned '0': AMENT_PREFIX_PATH=/home/ethereal/rm_2025/rm_decision_2025_pb/install/information_widgets:/home/ethereal/rm_2025/rm_decision_2025_pb/install/rm_decision_interfaces:/home/ethereal/rm_2025/rm_decision_2025_pb/install/navigator_interfaces:/home/ethereal/rm_2025/rm_decision_2025_pb/install/iw_interfaces:/home/ethereal/rm_2025/rm_decision_2025_pb/install/auto_aim_interfaces:${AMENT_PREFIX_PATH} CMAKE_PREFIX_PATH=/home/ethereal/rm_2025/rm_decision_2025_pb/install/information_widgets:/home/ethereal/rm_2025/rm_decision_2025_pb/install/rm_decision_interfaces:/home/ethereal/rm_2025/rm_decision_2025_pb/install/navigator_interfaces:/home/ethereal/rm_2025/rm_decision_2025_pb/install/iw_interfaces:/home/ethereal/rm_2025/rm_decision_2025_pb/install/auto_aim_interfaces:/opt/ros/humble LD_LIBRARY_PATH=/home/ethereal/rm_2025/rm_decision_2025_pb/install/information_widgets/lib:/home/ethereal/rm_2025/rm_decision_2025_pb/install/rm_decision_interfaces/lib:/home/ethereal/rm_2025/rm_decision_2025_pb/install/navigator_interfaces/lib:/home/ethereal/rm_2025/rm_decision_2025_pb/install/iw_interfaces/lib:/home/ethereal/rm_2025/rm_decision_2025_pb/install/auto_aim_interfaces/lib:${LD_LIBRARY_PATH} PS1=\[\e[1;32m\]\u@\h\[\e[0m\]:\[\e[1;34m\]\w\[\e[0m\]\$ PYTHONPATH=/home/ethereal/rm_2025/rm_decision_2025_pb/install/rm_decision_interfaces/local/lib/python3.10/dist-packages:/home/ethereal/rm_2025/rm_decision_2025_pb/install/navigator_interfaces/local/lib/python3.10/dist-packages:/home/ethereal/rm_2025/rm_decision_2025_pb/install/iw_interfaces/local/lib/python3.10/dist-packages:/home/ethereal/rm_2025/rm_decision_2025_pb/install/auto_aim_interfaces/local/lib/python3.10/dist-packages:${PYTHONPATH} /usr/bin/cmake /home/ethereal/rm_2025/rm_decision_2025_pb/src/Action Level/navigator -DCMAKE_INSTALL_PREFIX=/home/ethereal/rm_2025/rm_decision_2025_pb/install/navigator
[1.275s] Invoking command in '/home/ethereal/rm_2025/rm_decision_2025_pb/build/navigator': AMENT_PREFIX_PATH=/home/ethereal/rm_2025/rm_decision_2025_pb/install/information_widgets:/home/ethereal/rm_2025/rm_decision_2025_pb/install/rm_decision_interfaces:/home/ethereal/rm_2025/rm_decision_2025_pb/install/navigator_interfaces:/home/ethereal/rm_2025/rm_decision_2025_pb/install/iw_interfaces:/home/ethereal/rm_2025/rm_decision_2025_pb/install/auto_aim_interfaces:${AMENT_PREFIX_PATH} CMAKE_PREFIX_PATH=/home/ethereal/rm_2025/rm_decision_2025_pb/install/information_widgets:/home/ethereal/rm_2025/rm_decision_2025_pb/install/rm_decision_interfaces:/home/ethereal/rm_2025/rm_decision_2025_pb/install/navigator_interfaces:/home/ethereal/rm_2025/rm_decision_2025_pb/install/iw_interfaces:/home/ethereal/rm_2025/rm_decision_2025_pb/install/auto_aim_interfaces:/opt/ros/humble LD_LIBRARY_PATH=/home/ethereal/rm_2025/rm_decision_2025_pb/install/information_widgets/lib:/home/ethereal/rm_2025/rm_decision_2025_pb/install/rm_decision_interfaces/lib:/home/ethereal/rm_2025/rm_decision_2025_pb/install/navigator_interfaces/lib:/home/ethereal/rm_2025/rm_decision_2025_pb/install/iw_interfaces/lib:/home/ethereal/rm_2025/rm_decision_2025_pb/install/auto_aim_interfaces/lib:${LD_LIBRARY_PATH} PS1=\[\e[1;32m\]\u@\h\[\e[0m\]:\[\e[1;34m\]\w\[\e[0m\]\$ PYTHONPATH=/home/ethereal/rm_2025/rm_decision_2025_pb/install/rm_decision_interfaces/local/lib/python3.10/dist-packages:/home/ethereal/rm_2025/rm_decision_2025_pb/install/navigator_interfaces/local/lib/python3.10/dist-packages:/home/ethereal/rm_2025/rm_decision_2025_pb/install/iw_interfaces/local/lib/python3.10/dist-packages:/home/ethereal/rm_2025/rm_decision_2025_pb/install/auto_aim_interfaces/local/lib/python3.10/dist-packages:${PYTHONPATH} /usr/bin/cmake --build /home/ethereal/rm_2025/rm_decision_2025_pb/build/navigator -- -j20 -l20
[1.312s] [ 25%] [32mBuilding CXX object CMakeFiles/navigator.dir/src/navigator.cpp.o[0m
[9.433s] [ 50%] [32m[1mLinking CXX shared library libnavigator.so[0m
[9.914s] [ 50%] Built target navigator
[9.927s] [ 75%] [32mBuilding CXX object CMakeFiles/navigator_node.dir/src/node_exec.cpp.o[0m
[12.502s] [100%] [32m[1mLinking CXX executable navigator_node[0m
[12.758s] [100%] Built target navigator_node
[12.766s] Invoked command in '/home/ethereal/rm_2025/rm_decision_2025_pb/build/navigator' returned '0': AMENT_PREFIX_PATH=/home/ethereal/rm_2025/rm_decision_2025_pb/install/information_widgets:/home/ethereal/rm_2025/rm_decision_2025_pb/install/rm_decision_interfaces:/home/ethereal/rm_2025/rm_decision_2025_pb/install/navigator_interfaces:/home/ethereal/rm_2025/rm_decision_2025_pb/install/iw_interfaces:/home/ethereal/rm_2025/rm_decision_2025_pb/install/auto_aim_interfaces:${AMENT_PREFIX_PATH} CMAKE_PREFIX_PATH=/home/ethereal/rm_2025/rm_decision_2025_pb/install/information_widgets:/home/ethereal/rm_2025/rm_decision_2025_pb/install/rm_decision_interfaces:/home/ethereal/rm_2025/rm_decision_2025_pb/install/navigator_interfaces:/home/ethereal/rm_2025/rm_decision_2025_pb/install/iw_interfaces:/home/ethereal/rm_2025/rm_decision_2025_pb/install/auto_aim_interfaces:/opt/ros/humble LD_LIBRARY_PATH=/home/ethereal/rm_2025/rm_decision_2025_pb/install/information_widgets/lib:/home/ethereal/rm_2025/rm_decision_2025_pb/install/rm_decision_interfaces/lib:/home/ethereal/rm_2025/rm_decision_2025_pb/install/navigator_interfaces/lib:/home/ethereal/rm_2025/rm_decision_2025_pb/install/iw_interfaces/lib:/home/ethereal/rm_2025/rm_decision_2025_pb/install/auto_aim_interfaces/lib:${LD_LIBRARY_PATH} PS1=\[\e[1;32m\]\u@\h\[\e[0m\]:\[\e[1;34m\]\w\[\e[0m\]\$ PYTHONPATH=/home/ethereal/rm_2025/rm_decision_2025_pb/install/rm_decision_interfaces/local/lib/python3.10/dist-packages:/home/ethereal/rm_2025/rm_decision_2025_pb/install/navigator_interfaces/local/lib/python3.10/dist-packages:/home/ethereal/rm_2025/rm_decision_2025_pb/install/iw_interfaces/local/lib/python3.10/dist-packages:/home/ethereal/rm_2025/rm_decision_2025_pb/install/auto_aim_interfaces/local/lib/python3.10/dist-packages:${PYTHONPATH} /usr/bin/cmake --build /home/ethereal/rm_2025/rm_decision_2025_pb/build/navigator -- -j20 -l20
[12.767s] Invoking command in '/home/ethereal/rm_2025/rm_decision_2025_pb/build/navigator': AMENT_PREFIX_PATH=/home/ethereal/rm_2025/rm_decision_2025_pb/install/information_widgets:/home/ethereal/rm_2025/rm_decision_2025_pb/install/rm_decision_interfaces:/home/ethereal/rm_2025/rm_decision_2025_pb/install/navigator_interfaces:/home/ethereal/rm_2025/rm_decision_2025_pb/install/iw_interfaces:/home/ethereal/rm_2025/rm_decision_2025_pb/install/auto_aim_interfaces:${AMENT_PREFIX_PATH} CMAKE_PREFIX_PATH=/home/ethereal/rm_2025/rm_decision_2025_pb/install/information_widgets:/home/ethereal/rm_2025/rm_decision_2025_pb/install/rm_decision_interfaces:/home/ethereal/rm_2025/rm_decision_2025_pb/install/navigator_interfaces:/home/ethereal/rm_2025/rm_decision_2025_pb/install/iw_interfaces:/home/ethereal/rm_2025/rm_decision_2025_pb/install/auto_aim_interfaces:/opt/ros/humble LD_LIBRARY_PATH=/home/ethereal/rm_2025/rm_decision_2025_pb/install/information_widgets/lib:/home/ethereal/rm_2025/rm_decision_2025_pb/install/rm_decision_interfaces/lib:/home/ethereal/rm_2025/rm_decision_2025_pb/install/navigator_interfaces/lib:/home/ethereal/rm_2025/rm_decision_2025_pb/install/iw_interfaces/lib:/home/ethereal/rm_2025/rm_decision_2025_pb/install/auto_aim_interfaces/lib:${LD_LIBRARY_PATH} PS1=\[\e[1;32m\]\u@\h\[\e[0m\]:\[\e[1;34m\]\w\[\e[0m\]\$ PYTHONPATH=/home/ethereal/rm_2025/rm_decision_2025_pb/install/rm_decision_interfaces/local/lib/python3.10/dist-packages:/home/ethereal/rm_2025/rm_decision_2025_pb/install/navigator_interfaces/local/lib/python3.10/dist-packages:/home/ethereal/rm_2025/rm_decision_2025_pb/install/iw_interfaces/local/lib/python3.10/dist-packages:/home/ethereal/rm_2025/rm_decision_2025_pb/install/auto_aim_interfaces/local/lib/python3.10/dist-packages:${PYTHONPATH} /usr/bin/cmake --install /home/ethereal/rm_2025/rm_decision_2025_pb/build/navigator
[12.772s] -- Install configuration: ""
[12.772s] -- Installing: /home/ethereal/rm_2025/rm_decision_2025_pb/install/navigator/include
[12.772s] -- Installing: /home/ethereal/rm_2025/rm_decision_2025_pb/install/navigator/include/navigator
[12.772s] -- Installing: /home/ethereal/rm_2025/rm_decision_2025_pb/install/navigator/include/navigator/navigator.hpp
[12.773s] -- Installing: /home/ethereal/rm_2025/rm_decision_2025_pb/install/navigator/share/navigator/environment/library_path.sh
[12.773s] -- Installing: /home/ethereal/rm_2025/rm_decision_2025_pb/install/navigator/share/navigator/environment/library_path.dsv
[12.773s] -- Installing: /home/ethereal/rm_2025/rm_decision_2025_pb/install/navigator/lib/libnavigator.so
[12.779s] -- Set runtime path of "/home/ethereal/rm_2025/rm_decision_2025_pb/install/navigator/lib/libnavigator.so" to ""
[12.779s] -- Installing: /home/ethereal/rm_2025/rm_decision_2025_pb/install/navigator/lib/navigator/navigator_node
[12.779s] -- Set runtime path of "/home/ethereal/rm_2025/rm_decision_2025_pb/install/navigator/lib/navigator/navigator_node" to ""
[12.779s] -- Installing: /home/ethereal/rm_2025/rm_decision_2025_pb/install/navigator/share/navigator/launch
[12.779s] -- Installing: /home/ethereal/rm_2025/rm_decision_2025_pb/install/navigator/share/navigator/launch/launch.py
[12.780s] -- Installing: /home/ethereal/rm_2025/rm_decision_2025_pb/install/navigator/share/ament_index/resource_index/package_run_dependencies/navigator
[12.780s] -- Installing: /home/ethereal/rm_2025/rm_decision_2025_pb/install/navigator/share/ament_index/resource_index/parent_prefix_path/navigator
[12.780s] -- Installing: /home/ethereal/rm_2025/rm_decision_2025_pb/install/navigator/share/navigator/environment/ament_prefix_path.sh
[12.781s] -- Installing: /home/ethereal/rm_2025/rm_decision_2025_pb/install/navigator/share/navigator/environment/ament_prefix_path.dsv
[12.781s] -- Installing: /home/ethereal/rm_2025/rm_decision_2025_pb/install/navigator/share/navigator/environment/path.sh
[12.781s] -- Installing: /home/ethereal/rm_2025/rm_decision_2025_pb/install/navigator/share/navigator/environment/path.dsv
[12.781s] -- Installing: /home/ethereal/rm_2025/rm_decision_2025_pb/install/navigator/share/navigator/local_setup.bash
[12.781s] -- Installing: /home/ethereal/rm_2025/rm_decision_2025_pb/install/navigator/share/navigator/local_setup.sh
[12.781s] -- Installing: /home/ethereal/rm_2025/rm_decision_2025_pb/install/navigator/share/navigator/local_setup.zsh
[12.782s] -- Installing: /home/ethereal/rm_2025/rm_decision_2025_pb/install/navigator/share/navigator/local_setup.dsv
[12.782s] -- Installing: /home/ethereal/rm_2025/rm_decision_2025_pb/install/navigator/share/navigator/package.dsv
[12.782s] -- Installing: /home/ethereal/rm_2025/rm_decision_2025_pb/install/navigator/share/ament_index/resource_index/packages/navigator
[12.782s] -- Installing: /home/ethereal/rm_2025/rm_decision_2025_pb/install/navigator/share/navigator/cmake/ament_cmake_export_dependencies-extras.cmake
[12.782s] -- Installing: /home/ethereal/rm_2025/rm_decision_2025_pb/install/navigator/share/navigator/cmake/ament_cmake_export_include_directories-extras.cmake
[12.782s] -- Installing: /home/ethereal/rm_2025/rm_decision_2025_pb/install/navigator/share/navigator/cmake/ament_cmake_export_libraries-extras.cmake
[12.782s] -- Installing: /home/ethereal/rm_2025/rm_decision_2025_pb/install/navigator/share/navigator/cmake/navigatorConfig.cmake
[12.782s] -- Installing: /home/ethereal/rm_2025/rm_decision_2025_pb/install/navigator/share/navigator/cmake/navigatorConfig-version.cmake
[12.782s] -- Installing: /home/ethereal/rm_2025/rm_decision_2025_pb/install/navigator/share/navigator/package.xml
[12.782s] -- Up-to-date: /home/ethereal/rm_2025/rm_decision_2025_pb/install/navigator/share/navigator/launch
[12.782s] -- Up-to-date: /home/ethereal/rm_2025/rm_decision_2025_pb/install/navigator/share/navigator/launch/launch.py
[12.784s] Invoked command in '/home/ethereal/rm_2025/rm_decision_2025_pb/build/navigator' returned '0': AMENT_PREFIX_PATH=/home/ethereal/rm_2025/rm_decision_2025_pb/install/information_widgets:/home/ethereal/rm_2025/rm_decision_2025_pb/install/rm_decision_interfaces:/home/ethereal/rm_2025/rm_decision_2025_pb/install/navigator_interfaces:/home/ethereal/rm_2025/rm_decision_2025_pb/install/iw_interfaces:/home/ethereal/rm_2025/rm_decision_2025_pb/install/auto_aim_interfaces:${AMENT_PREFIX_PATH} CMAKE_PREFIX_PATH=/home/ethereal/rm_2025/rm_decision_2025_pb/install/information_widgets:/home/ethereal/rm_2025/rm_decision_2025_pb/install/rm_decision_interfaces:/home/ethereal/rm_2025/rm_decision_2025_pb/install/navigator_interfaces:/home/ethereal/rm_2025/rm_decision_2025_pb/install/iw_interfaces:/home/ethereal/rm_2025/rm_decision_2025_pb/install/auto_aim_interfaces:/opt/ros/humble LD_LIBRARY_PATH=/home/ethereal/rm_2025/rm_decision_2025_pb/install/information_widgets/lib:/home/ethereal/rm_2025/rm_decision_2025_pb/install/rm_decision_interfaces/lib:/home/ethereal/rm_2025/rm_decision_2025_pb/install/navigator_interfaces/lib:/home/ethereal/rm_2025/rm_decision_2025_pb/install/iw_interfaces/lib:/home/ethereal/rm_2025/rm_decision_2025_pb/install/auto_aim_interfaces/lib:${LD_LIBRARY_PATH} PS1=\[\e[1;32m\]\u@\h\[\e[0m\]:\[\e[1;34m\]\w\[\e[0m\]\$ PYTHONPATH=/home/ethereal/rm_2025/rm_decision_2025_pb/install/rm_decision_interfaces/local/lib/python3.10/dist-packages:/home/ethereal/rm_2025/rm_decision_2025_pb/install/navigator_interfaces/local/lib/python3.10/dist-packages:/home/ethereal/rm_2025/rm_decision_2025_pb/install/iw_interfaces/local/lib/python3.10/dist-packages:/home/ethereal/rm_2025/rm_decision_2025_pb/install/auto_aim_interfaces/local/lib/python3.10/dist-packages:${PYTHONPATH} /usr/bin/cmake --install /home/ethereal/rm_2025/rm_decision_2025_pb/build/navigator
