[0.125s] Invoking command in '/home/ethereal/rm_2025/rm_decision_2025_pb/build/information_widgets': AMENT_PREFIX_PATH=/home/ethereal/rm_2025/rm_decision_2025_pb/install/rm_decision_interfaces:/home/ethereal/rm_2025/rm_decision_2025_pb/install/iw_interfaces:/home/ethereal/rm_2025/rm_decision_2025_pb/install/auto_aim_interfaces:${AMENT_PREFIX_PATH} CMAKE_PREFIX_PATH=/home/ethereal/rm_2025/rm_decision_2025_pb/install/rm_decision_interfaces:/home/ethereal/rm_2025/rm_decision_2025_pb/install/iw_interfaces:/home/ethereal/rm_2025/rm_decision_2025_pb/install/auto_aim_interfaces:/opt/ros/humble LD_LIBRARY_PATH=/home/ethereal/rm_2025/rm_decision_2025_pb/install/rm_decision_interfaces/lib:/home/ethereal/rm_2025/rm_decision_2025_pb/install/iw_interfaces/lib:/home/ethereal/rm_2025/rm_decision_2025_pb/install/auto_aim_interfaces/lib:${LD_LIBRARY_PATH} PS1=\[\e[1;32m\]\u@\h\[\e[0m\]:\[\e[1;34m\]\w\[\e[0m\]\$ PYTHONPATH=/home/ethereal/rm_2025/rm_decision_2025_pb/install/rm_decision_interfaces/local/lib/python3.10/dist-packages:/home/ethereal/rm_2025/rm_decision_2025_pb/install/iw_interfaces/local/lib/python3.10/dist-packages:/home/ethereal/rm_2025/rm_decision_2025_pb/install/auto_aim_interfaces/local/lib/python3.10/dist-packages:${PYTHONPATH} /usr/bin/cmake /home/ethereal/rm_2025/rm_decision_2025_pb/src/State Level/information_widgets -DCMAKE_INSTALL_PREFIX=/home/ethereal/rm_2025/rm_decision_2025_pb/install/information_widgets
[0.236s] -- The C compiler identification is GNU 11.4.0
[0.323s] -- The CXX compiler identification is GNU 11.4.0
[0.331s] -- Detecting C compiler ABI info
[0.410s] -- Detecting C compiler ABI info - done
[0.422s] -- Check for working C compiler: /usr/bin/cc - skipped
[0.422s] -- Detecting C compile features
[0.423s] -- Detecting C compile features - done
[0.425s] -- Detecting CXX compiler ABI info
[0.499s] -- Detecting CXX compiler ABI info - done
[0.508s] -- Check for working CXX compiler: /usr/bin/c++ - skipped
[0.509s] -- Detecting CXX compile features
[0.509s] -- Detecting CXX compile features - done
[0.512s] -- Found ament_cmake_auto: 1.3.11 (/opt/ros/humble/share/ament_cmake_auto/cmake)
[0.641s] -- Found Python3: /usr/bin/python3 (found version "3.10.12") found components: Interpreter 
[0.804s] -- Found rosidl_generator_c: 3.1.6 (/opt/ros/humble/share/rosidl_generator_c/cmake)
[0.807s] -- Found rosidl_adapter: 3.1.6 (/opt/ros/humble/share/rosidl_adapter/cmake)
[0.813s] -- Found rosidl_generator_cpp: 3.1.6 (/opt/ros/humble/share/rosidl_generator_cpp/cmake)
[0.825s] -- Using all available rosidl_typesupport_c: rosidl_typesupport_fastrtps_c;rosidl_typesupport_introspection_c
[0.840s] -- Using all available rosidl_typesupport_cpp: rosidl_typesupport_fastrtps_cpp;rosidl_typesupport_introspection_cpp
[0.874s] -- Found rmw_implementation_cmake: 6.1.2 (/opt/ros/humble/share/rmw_implementation_cmake/cmake)
[0.876s] -- Found rmw_fastrtps_cpp: 6.2.7 (/opt/ros/humble/share/rmw_fastrtps_cpp/cmake)
[0.941s] -- Found OpenSSL: /usr/lib/x86_64-linux-gnu/libcrypto.so (found version "3.0.2")  
[0.964s] -- Found FastRTPS: /opt/ros/humble/include  
[1.003s] -- Using RMW implementation 'rmw_fastrtps_cpp' as default
[1.010s] -- Looking for pthread.h
[1.065s] -- Looking for pthread.h - found
[1.065s] -- Performing Test CMAKE_HAVE_LIBC_PTHREAD
[1.115s] -- Performing Test CMAKE_HAVE_LIBC_PTHREAD - Success
[1.116s] -- Found Threads: TRUE  
[1.255s] -- Configuring done
[1.267s] -- Generating done
[1.272s] -- Build files have been written to: /home/ethereal/rm_2025/rm_decision_2025_pb/build/information_widgets
[1.279s] Invoked command in '/home/ethereal/rm_2025/rm_decision_2025_pb/build/information_widgets' returned '0': AMENT_PREFIX_PATH=/home/ethereal/rm_2025/rm_decision_2025_pb/install/rm_decision_interfaces:/home/ethereal/rm_2025/rm_decision_2025_pb/install/iw_interfaces:/home/ethereal/rm_2025/rm_decision_2025_pb/install/auto_aim_interfaces:${AMENT_PREFIX_PATH} CMAKE_PREFIX_PATH=/home/ethereal/rm_2025/rm_decision_2025_pb/install/rm_decision_interfaces:/home/ethereal/rm_2025/rm_decision_2025_pb/install/iw_interfaces:/home/ethereal/rm_2025/rm_decision_2025_pb/install/auto_aim_interfaces:/opt/ros/humble LD_LIBRARY_PATH=/home/ethereal/rm_2025/rm_decision_2025_pb/install/rm_decision_interfaces/lib:/home/ethereal/rm_2025/rm_decision_2025_pb/install/iw_interfaces/lib:/home/ethereal/rm_2025/rm_decision_2025_pb/install/auto_aim_interfaces/lib:${LD_LIBRARY_PATH} PS1=\[\e[1;32m\]\u@\h\[\e[0m\]:\[\e[1;34m\]\w\[\e[0m\]\$ PYTHONPATH=/home/ethereal/rm_2025/rm_decision_2025_pb/install/rm_decision_interfaces/local/lib/python3.10/dist-packages:/home/ethereal/rm_2025/rm_decision_2025_pb/install/iw_interfaces/local/lib/python3.10/dist-packages:/home/ethereal/rm_2025/rm_decision_2025_pb/install/auto_aim_interfaces/local/lib/python3.10/dist-packages:${PYTHONPATH} /usr/bin/cmake /home/ethereal/rm_2025/rm_decision_2025_pb/src/State Level/information_widgets -DCMAKE_INSTALL_PREFIX=/home/ethereal/rm_2025/rm_decision_2025_pb/install/information_widgets
[1.281s] Invoking command in '/home/ethereal/rm_2025/rm_decision_2025_pb/build/information_widgets': AMENT_PREFIX_PATH=/home/ethereal/rm_2025/rm_decision_2025_pb/install/rm_decision_interfaces:/home/ethereal/rm_2025/rm_decision_2025_pb/install/iw_interfaces:/home/ethereal/rm_2025/rm_decision_2025_pb/install/auto_aim_interfaces:${AMENT_PREFIX_PATH} CMAKE_PREFIX_PATH=/home/ethereal/rm_2025/rm_decision_2025_pb/install/rm_decision_interfaces:/home/ethereal/rm_2025/rm_decision_2025_pb/install/iw_interfaces:/home/ethereal/rm_2025/rm_decision_2025_pb/install/auto_aim_interfaces:/opt/ros/humble LD_LIBRARY_PATH=/home/ethereal/rm_2025/rm_decision_2025_pb/install/rm_decision_interfaces/lib:/home/ethereal/rm_2025/rm_decision_2025_pb/install/iw_interfaces/lib:/home/ethereal/rm_2025/rm_decision_2025_pb/install/auto_aim_interfaces/lib:${LD_LIBRARY_PATH} PS1=\[\e[1;32m\]\u@\h\[\e[0m\]:\[\e[1;34m\]\w\[\e[0m\]\$ PYTHONPATH=/home/ethereal/rm_2025/rm_decision_2025_pb/install/rm_decision_interfaces/local/lib/python3.10/dist-packages:/home/ethereal/rm_2025/rm_decision_2025_pb/install/iw_interfaces/local/lib/python3.10/dist-packages:/home/ethereal/rm_2025/rm_decision_2025_pb/install/auto_aim_interfaces/local/lib/python3.10/dist-packages:${PYTHONPATH} /usr/bin/cmake --build /home/ethereal/rm_2025/rm_decision_2025_pb/build/information_widgets -- -j20 -l20
[1.314s] [ 33%] [32mBuilding CXX object CMakeFiles/information_widgets.dir/src/prism_def.cpp.o[0m
[1.315s] [ 66%] [32mBuilding CXX object CMakeFiles/information_widgets.dir/src/chessboard_def.cpp.o[0m
[4.388s] [100%] [32m[1mLinking CXX shared library libinformation_widgets.so[0m
[4.511s] [100%] Built target information_widgets
[4.518s] Invoked command in '/home/ethereal/rm_2025/rm_decision_2025_pb/build/information_widgets' returned '0': AMENT_PREFIX_PATH=/home/ethereal/rm_2025/rm_decision_2025_pb/install/rm_decision_interfaces:/home/ethereal/rm_2025/rm_decision_2025_pb/install/iw_interfaces:/home/ethereal/rm_2025/rm_decision_2025_pb/install/auto_aim_interfaces:${AMENT_PREFIX_PATH} CMAKE_PREFIX_PATH=/home/ethereal/rm_2025/rm_decision_2025_pb/install/rm_decision_interfaces:/home/ethereal/rm_2025/rm_decision_2025_pb/install/iw_interfaces:/home/ethereal/rm_2025/rm_decision_2025_pb/install/auto_aim_interfaces:/opt/ros/humble LD_LIBRARY_PATH=/home/ethereal/rm_2025/rm_decision_2025_pb/install/rm_decision_interfaces/lib:/home/ethereal/rm_2025/rm_decision_2025_pb/install/iw_interfaces/lib:/home/ethereal/rm_2025/rm_decision_2025_pb/install/auto_aim_interfaces/lib:${LD_LIBRARY_PATH} PS1=\[\e[1;32m\]\u@\h\[\e[0m\]:\[\e[1;34m\]\w\[\e[0m\]\$ PYTHONPATH=/home/ethereal/rm_2025/rm_decision_2025_pb/install/rm_decision_interfaces/local/lib/python3.10/dist-packages:/home/ethereal/rm_2025/rm_decision_2025_pb/install/iw_interfaces/local/lib/python3.10/dist-packages:/home/ethereal/rm_2025/rm_decision_2025_pb/install/auto_aim_interfaces/local/lib/python3.10/dist-packages:${PYTHONPATH} /usr/bin/cmake --build /home/ethereal/rm_2025/rm_decision_2025_pb/build/information_widgets -- -j20 -l20
[4.520s] Invoking command in '/home/ethereal/rm_2025/rm_decision_2025_pb/build/information_widgets': AMENT_PREFIX_PATH=/home/ethereal/rm_2025/rm_decision_2025_pb/install/rm_decision_interfaces:/home/ethereal/rm_2025/rm_decision_2025_pb/install/iw_interfaces:/home/ethereal/rm_2025/rm_decision_2025_pb/install/auto_aim_interfaces:${AMENT_PREFIX_PATH} CMAKE_PREFIX_PATH=/home/ethereal/rm_2025/rm_decision_2025_pb/install/rm_decision_interfaces:/home/ethereal/rm_2025/rm_decision_2025_pb/install/iw_interfaces:/home/ethereal/rm_2025/rm_decision_2025_pb/install/auto_aim_interfaces:/opt/ros/humble LD_LIBRARY_PATH=/home/ethereal/rm_2025/rm_decision_2025_pb/install/rm_decision_interfaces/lib:/home/ethereal/rm_2025/rm_decision_2025_pb/install/iw_interfaces/lib:/home/ethereal/rm_2025/rm_decision_2025_pb/install/auto_aim_interfaces/lib:${LD_LIBRARY_PATH} PS1=\[\e[1;32m\]\u@\h\[\e[0m\]:\[\e[1;34m\]\w\[\e[0m\]\$ PYTHONPATH=/home/ethereal/rm_2025/rm_decision_2025_pb/install/rm_decision_interfaces/local/lib/python3.10/dist-packages:/home/ethereal/rm_2025/rm_decision_2025_pb/install/iw_interfaces/local/lib/python3.10/dist-packages:/home/ethereal/rm_2025/rm_decision_2025_pb/install/auto_aim_interfaces/local/lib/python3.10/dist-packages:${PYTHONPATH} /usr/bin/cmake --install /home/ethereal/rm_2025/rm_decision_2025_pb/build/information_widgets
[4.524s] -- Install configuration: ""
[4.525s] -- Installing: /home/ethereal/rm_2025/rm_decision_2025_pb/install/information_widgets/include
[4.525s] -- Installing: /home/ethereal/rm_2025/rm_decision_2025_pb/install/information_widgets/include/information_widgets
[4.525s] -- Installing: /home/ethereal/rm_2025/rm_decision_2025_pb/install/information_widgets/include/information_widgets/rm_decision_defs.hpp
[4.525s] -- Installing: /home/ethereal/rm_2025/rm_decision_2025_pb/install/information_widgets/include/information_widgets/chessboard_def.hpp
[4.526s] -- Installing: /home/ethereal/rm_2025/rm_decision_2025_pb/install/information_widgets/include/information_widgets/prism_def.hpp
[4.527s] -- Installing: /home/ethereal/rm_2025/rm_decision_2025_pb/install/information_widgets/share/information_widgets/environment/library_path.sh
[4.527s] -- Installing: /home/ethereal/rm_2025/rm_decision_2025_pb/install/information_widgets/share/information_widgets/environment/library_path.dsv
[4.527s] -- Installing: /home/ethereal/rm_2025/rm_decision_2025_pb/install/information_widgets/lib/libinformation_widgets.so
[4.529s] -- Set runtime path of "/home/ethereal/rm_2025/rm_decision_2025_pb/install/information_widgets/lib/libinformation_widgets.so" to ""
[4.529s] -- Installing: /home/ethereal/rm_2025/rm_decision_2025_pb/install/information_widgets/share/ament_index/resource_index/package_run_dependencies/information_widgets
[4.530s] -- Installing: /home/ethereal/rm_2025/rm_decision_2025_pb/install/information_widgets/share/ament_index/resource_index/parent_prefix_path/information_widgets
[4.530s] -- Installing: /home/ethereal/rm_2025/rm_decision_2025_pb/install/information_widgets/share/information_widgets/environment/ament_prefix_path.sh
[4.530s] -- Installing: /home/ethereal/rm_2025/rm_decision_2025_pb/install/information_widgets/share/information_widgets/environment/ament_prefix_path.dsv
[4.530s] -- Installing: /home/ethereal/rm_2025/rm_decision_2025_pb/install/information_widgets/share/information_widgets/environment/path.sh
[4.531s] -- Installing: /home/ethereal/rm_2025/rm_decision_2025_pb/install/information_widgets/share/information_widgets/environment/path.dsv
[4.531s] -- Installing: /home/ethereal/rm_2025/rm_decision_2025_pb/install/information_widgets/share/information_widgets/local_setup.bash
[4.531s] -- Installing: /home/ethereal/rm_2025/rm_decision_2025_pb/install/information_widgets/share/information_widgets/local_setup.sh
[4.531s] -- Installing: /home/ethereal/rm_2025/rm_decision_2025_pb/install/information_widgets/share/information_widgets/local_setup.zsh
[4.531s] -- Installing: /home/ethereal/rm_2025/rm_decision_2025_pb/install/information_widgets/share/information_widgets/local_setup.dsv
[4.531s] -- Installing: /home/ethereal/rm_2025/rm_decision_2025_pb/install/information_widgets/share/information_widgets/package.dsv
[4.531s] -- Installing: /home/ethereal/rm_2025/rm_decision_2025_pb/install/information_widgets/share/ament_index/resource_index/packages/information_widgets
[4.531s] -- Installing: /home/ethereal/rm_2025/rm_decision_2025_pb/install/information_widgets/share/information_widgets/cmake/ament_cmake_export_dependencies-extras.cmake
[4.532s] -- Installing: /home/ethereal/rm_2025/rm_decision_2025_pb/install/information_widgets/share/information_widgets/cmake/ament_cmake_export_include_directories-extras.cmake
[4.532s] -- Installing: /home/ethereal/rm_2025/rm_decision_2025_pb/install/information_widgets/share/information_widgets/cmake/ament_cmake_export_libraries-extras.cmake
[4.532s] -- Installing: /home/ethereal/rm_2025/rm_decision_2025_pb/install/information_widgets/share/information_widgets/cmake/information_widgetsConfig.cmake
[4.532s] -- Installing: /home/ethereal/rm_2025/rm_decision_2025_pb/install/information_widgets/share/information_widgets/cmake/information_widgetsConfig-version.cmake
[4.533s] -- Installing: /home/ethereal/rm_2025/rm_decision_2025_pb/install/information_widgets/share/information_widgets/package.xml
[4.536s] Invoked command in '/home/ethereal/rm_2025/rm_decision_2025_pb/build/information_widgets' returned '0': AMENT_PREFIX_PATH=/home/ethereal/rm_2025/rm_decision_2025_pb/install/rm_decision_interfaces:/home/ethereal/rm_2025/rm_decision_2025_pb/install/iw_interfaces:/home/ethereal/rm_2025/rm_decision_2025_pb/install/auto_aim_interfaces:${AMENT_PREFIX_PATH} CMAKE_PREFIX_PATH=/home/ethereal/rm_2025/rm_decision_2025_pb/install/rm_decision_interfaces:/home/ethereal/rm_2025/rm_decision_2025_pb/install/iw_interfaces:/home/ethereal/rm_2025/rm_decision_2025_pb/install/auto_aim_interfaces:/opt/ros/humble LD_LIBRARY_PATH=/home/ethereal/rm_2025/rm_decision_2025_pb/install/rm_decision_interfaces/lib:/home/ethereal/rm_2025/rm_decision_2025_pb/install/iw_interfaces/lib:/home/ethereal/rm_2025/rm_decision_2025_pb/install/auto_aim_interfaces/lib:${LD_LIBRARY_PATH} PS1=\[\e[1;32m\]\u@\h\[\e[0m\]:\[\e[1;34m\]\w\[\e[0m\]\$ PYTHONPATH=/home/ethereal/rm_2025/rm_decision_2025_pb/install/rm_decision_interfaces/local/lib/python3.10/dist-packages:/home/ethereal/rm_2025/rm_decision_2025_pb/install/iw_interfaces/local/lib/python3.10/dist-packages:/home/ethereal/rm_2025/rm_decision_2025_pb/install/auto_aim_interfaces/local/lib/python3.10/dist-packages:${PYTHONPATH} /usr/bin/cmake --install /home/ethereal/rm_2025/rm_decision_2025_pb/build/information_widgets
