-- The C compiler identification is GNU 11.4.0
-- The CXX compiler identification is GNU 11.4.0
-- Detecting C compiler ABI info
-- Detecting C compiler ABI info - done
-- Check for working C compiler: /usr/bin/cc - skipped
-- Detecting C compile features
-- Detecting C compile features - done
-- Detecting CXX compiler ABI info
-- Detecting CXX compiler ABI info - done
-- Check for working CXX compiler: /usr/bin/c++ - skipped
-- Detecting CXX compile features
-- Detecting CXX compile features - done
-- Found ament_cmake: 1.3.11 (/opt/ros/humble/share/ament_cmake/cmake)
-- Found Python3: /usr/bin/python3 (found version "3.10.12") found components: Interpreter 
-- Found geometry_msgs: 4.2.4 (/opt/ros/humble/share/geometry_msgs/cmake)
-- Found rosidl_generator_c: 3.1.6 (/opt/ros/humble/share/rosidl_generator_c/cmake)
-- Found rosidl_adapter: 3.1.6 (/opt/ros/humble/share/rosidl_adapter/cmake)
-- Found rosidl_generator_cpp: 3.1.6 (/opt/ros/humble/share/rosidl_generator_cpp/cmake)
-- Using all available rosidl_typesupport_c: rosidl_typesupport_fastrtps_c;rosidl_typesupport_introspection_c
-- Using all available rosidl_typesupport_cpp: rosidl_typesupport_fastrtps_cpp;rosidl_typesupport_introspection_cpp
-- Found rosidl_default_generators: 1.2.0 (/opt/ros/humble/share/rosidl_default_generators/cmake)
-- Found ament_cmake_ros: 0.10.0 (/opt/ros/humble/share/ament_cmake_ros/cmake)
-- Using all available rosidl_typesupport_c: rosidl_typesupport_fastrtps_c;rosidl_typesupport_introspection_c
-- Using all available rosidl_typesupport_cpp: rosidl_typesupport_fastrtps_cpp;rosidl_typesupport_introspection_cpp
-- Found PythonInterp: /usr/bin/python3 (found suitable version "3.10.12", minimum required is "3.6") 
-- Found python_cmake_module: 0.10.0 (/opt/ros/humble/share/python_cmake_module/cmake)
-- Found PythonLibs: /usr/lib/x86_64-linux-gnu/libpython3.10.so (found suitable version "3.10.12", minimum required is "3.5") 
-- Using PYTHON_EXECUTABLE: /usr/bin/python3
-- Using PYTHON_INCLUDE_DIRS: /usr/include/python3.10
-- Using PYTHON_LIBRARIES: /usr/lib/x86_64-linux-gnu/libpython3.10.so
-- Found PythonExtra: .so  
-- Found ament_lint_auto: 0.12.11 (/opt/ros/humble/share/ament_lint_auto/cmake)
-- Added test 'lint_cmake' to check CMake code style
-- Added test 'xmllint' to check XML markup files
-- Configuring done
-- Generating done
-- Build files have been written to: /home/ethereal/rm_2025/rm_decision_2025_pb/build/rm_decision_interfaces
[  1%] [34m[1mGenerating C code for ROS interfaces[0m
[  2%] [34m[1mGenerating C++ code for ROS interfaces[0m
[  2%] Built target ament_cmake_python_copy_rm_decision_interfaces
running egg_info
creating rm_decision_interfaces.egg-info
writing rm_decision_interfaces.egg-info/PKG-INFO
writing dependency_links to rm_decision_interfaces.egg-info/dependency_links.txt
writing top-level names to rm_decision_interfaces.egg-info/top_level.txt
writing manifest file 'rm_decision_interfaces.egg-info/SOURCES.txt'
reading manifest file 'rm_decision_interfaces.egg-info/SOURCES.txt'
writing manifest file 'rm_decision_interfaces.egg-info/SOURCES.txt'
[  2%] Built target ament_cmake_python_build_rm_decision_interfaces_egg
[  2%] Built target rm_decision_interfaces__cpp
[  3%] [34m[1mGenerating C++ type support for eProsima Fast-RTPS[0m
[  4%] [34m[1mGenerating C++ type support dispatch for ROS interfaces[0m
[  5%] [34m[1mGenerating C++ introspection for ROS interfaces[0m
[  6%] [32mBuilding C object CMakeFiles/rm_decision_interfaces__rosidl_generator_c.dir/rosidl_generator_c/rm_decision_interfaces/msg/detail/all_robot_hp__functions.c.o[0m
[  7%] [32mBuilding C object CMakeFiles/rm_decision_interfaces__rosidl_generator_c.dir/rosidl_generator_c/rm_decision_interfaces/msg/detail/armor__functions.c.o[0m
[  8%] [32mBuilding C object CMakeFiles/rm_decision_interfaces__rosidl_generator_c.dir/rosidl_generator_c/rm_decision_interfaces/msg/detail/friend_location__functions.c.o[0m
[  9%] [32mBuilding C object CMakeFiles/rm_decision_interfaces__rosidl_generator_c.dir/rosidl_generator_c/rm_decision_interfaces/msg/detail/robot_status__functions.c.o[0m
[ 10%] [32mBuilding C object CMakeFiles/rm_decision_interfaces__rosidl_generator_c.dir/rosidl_generator_c/rm_decision_interfaces/msg/detail/rfid__functions.c.o[0m
[ 11%] [32mBuilding C object CMakeFiles/rm_decision_interfaces__rosidl_generator_c.dir/rosidl_generator_c/rm_decision_interfaces/msg/detail/to_serial__functions.c.o[0m
[ 12%] [32mBuilding C object CMakeFiles/rm_decision_interfaces__rosidl_generator_c.dir/rosidl_generator_c/rm_decision_interfaces/msg/detail/from_serial__functions.c.o[0m
[ 13%] [32mBuilding C object CMakeFiles/rm_decision_interfaces__rosidl_generator_c.dir/rosidl_generator_c/rm_decision_interfaces/msg/detail/to_auto_aim__functions.c.o[0m
[ 14%] [32mBuilding C object CMakeFiles/rm_decision_interfaces__rosidl_generator_c.dir/rosidl_generator_c/rm_decision_interfaces/msg/detail/receive_serial__functions.c.o[0m
[ 15%] [32m[1mLinking C shared library librm_decision_interfaces__rosidl_generator_c.so[0m
[ 15%] Built target rm_decision_interfaces__rosidl_generator_c
[ 16%] [34m[1mGenerating C type support dispatch for ROS interfaces[0m
[ 17%] [34m[1mGenerating C introspection for ROS interfaces[0m
[ 18%] [34m[1mGenerating C type support for eProsima Fast-RTPS[0m
[ 20%] [32mBuilding CXX object CMakeFiles/rm_decision_interfaces__rosidl_typesupport_cpp.dir/rosidl_typesupport_cpp/rm_decision_interfaces/msg/all_robot_hp__type_support.cpp.o[0m
[ 21%] [32mBuilding CXX object CMakeFiles/rm_decision_interfaces__rosidl_typesupport_cpp.dir/rosidl_typesupport_cpp/rm_decision_interfaces/msg/armor__type_support.cpp.o[0m
[ 22%] [32mBuilding CXX object CMakeFiles/rm_decision_interfaces__rosidl_typesupport_cpp.dir/rosidl_typesupport_cpp/rm_decision_interfaces/msg/friend_location__type_support.cpp.o[0m
[ 23%] [32mBuilding CXX object CMakeFiles/rm_decision_interfaces__rosidl_typesupport_cpp.dir/rosidl_typesupport_cpp/rm_decision_interfaces/msg/rfid__type_support.cpp.o[0m
[ 24%] [32mBuilding CXX object CMakeFiles/rm_decision_interfaces__rosidl_typesupport_cpp.dir/rosidl_typesupport_cpp/rm_decision_interfaces/msg/robot_status__type_support.cpp.o[0m
[ 25%] [32mBuilding CXX object CMakeFiles/rm_decision_interfaces__rosidl_typesupport_cpp.dir/rosidl_typesupport_cpp/rm_decision_interfaces/msg/to_serial__type_support.cpp.o[0m
[ 26%] [32mBuilding CXX object CMakeFiles/rm_decision_interfaces__rosidl_typesupport_cpp.dir/rosidl_typesupport_cpp/rm_decision_interfaces/msg/from_serial__type_support.cpp.o[0m
[ 27%] [32mBuilding CXX object CMakeFiles/rm_decision_interfaces__rosidl_typesupport_cpp.dir/rosidl_typesupport_cpp/rm_decision_interfaces/msg/receive_serial__type_support.cpp.o[0m
[ 28%] [32mBuilding CXX object CMakeFiles/rm_decision_interfaces__rosidl_typesupport_introspection_cpp.dir/rosidl_typesupport_introspection_cpp/rm_decision_interfaces/msg/detail/all_robot_hp__type_support.cpp.o[0m
[ 29%] [32mBuilding CXX object CMakeFiles/rm_decision_interfaces__rosidl_typesupport_cpp.dir/rosidl_typesupport_cpp/rm_decision_interfaces/msg/to_auto_aim__type_support.cpp.o[0m
[ 30%] [32mBuilding CXX object CMakeFiles/rm_decision_interfaces__rosidl_typesupport_introspection_cpp.dir/rosidl_typesupport_introspection_cpp/rm_decision_interfaces/msg/detail/armor__type_support.cpp.o[0m
[ 31%] [32mBuilding CXX object CMakeFiles/rm_decision_interfaces__rosidl_typesupport_introspection_cpp.dir/rosidl_typesupport_introspection_cpp/rm_decision_interfaces/msg/detail/friend_location__type_support.cpp.o[0m
[ 32%] [32mBuilding CXX object CMakeFiles/rm_decision_interfaces__rosidl_typesupport_introspection_cpp.dir/rosidl_typesupport_introspection_cpp/rm_decision_interfaces/msg/detail/rfid__type_support.cpp.o[0m
[ 33%] [32mBuilding CXX object CMakeFiles/rm_decision_interfaces__rosidl_typesupport_introspection_cpp.dir/rosidl_typesupport_introspection_cpp/rm_decision_interfaces/msg/detail/robot_status__type_support.cpp.o[0m
[ 34%] [32mBuilding CXX object CMakeFiles/rm_decision_interfaces__rosidl_typesupport_introspection_cpp.dir/rosidl_typesupport_introspection_cpp/rm_decision_interfaces/msg/detail/to_serial__type_support.cpp.o[0m
[ 35%] [32mBuilding CXX object CMakeFiles/rm_decision_interfaces__rosidl_typesupport_fastrtps_cpp.dir/rosidl_typesupport_fastrtps_cpp/rm_decision_interfaces/msg/detail/dds_fastrtps/all_robot_hp__type_support.cpp.o[0m
[ 36%] [32mBuilding CXX object CMakeFiles/rm_decision_interfaces__rosidl_typesupport_fastrtps_cpp.dir/rosidl_typesupport_fastrtps_cpp/rm_decision_interfaces/msg/detail/dds_fastrtps/armor__type_support.cpp.o[0m
[ 37%] [32mBuilding CXX object CMakeFiles/rm_decision_interfaces__rosidl_typesupport_c.dir/rosidl_typesupport_c/rm_decision_interfaces/msg/all_robot_hp__type_support.cpp.o[0m
[ 38%] [32mBuilding CXX object CMakeFiles/rm_decision_interfaces__rosidl_typesupport_fastrtps_cpp.dir/rosidl_typesupport_fastrtps_cpp/rm_decision_interfaces/msg/detail/dds_fastrtps/friend_location__type_support.cpp.o[0m
[ 40%] [32mBuilding CXX object CMakeFiles/rm_decision_interfaces__rosidl_typesupport_c.dir/rosidl_typesupport_c/rm_decision_interfaces/msg/armor__type_support.cpp.o[0m
[ 41%] [32mBuilding CXX object CMakeFiles/rm_decision_interfaces__rosidl_typesupport_introspection_cpp.dir/rosidl_typesupport_introspection_cpp/rm_decision_interfaces/msg/detail/from_serial__type_support.cpp.o[0m
[ 42%] [32mBuilding CXX object CMakeFiles/rm_decision_interfaces__rosidl_typesupport_c.dir/rosidl_typesupport_c/rm_decision_interfaces/msg/friend_location__type_support.cpp.o[0m
[ 43%] [32mBuilding CXX object CMakeFiles/rm_decision_interfaces__rosidl_typesupport_introspection_cpp.dir/rosidl_typesupport_introspection_cpp/rm_decision_interfaces/msg/detail/receive_serial__type_support.cpp.o[0m
[ 44%] [32mBuilding CXX object CMakeFiles/rm_decision_interfaces__rosidl_typesupport_c.dir/rosidl_typesupport_c/rm_decision_interfaces/msg/rfid__type_support.cpp.o[0m
[ 45%] [32mBuilding CXX object CMakeFiles/rm_decision_interfaces__rosidl_typesupport_introspection_cpp.dir/rosidl_typesupport_introspection_cpp/rm_decision_interfaces/msg/detail/to_auto_aim__type_support.cpp.o[0m
[ 46%] [32mBuilding C object CMakeFiles/rm_decision_interfaces__rosidl_typesupport_introspection_c.dir/rosidl_typesupport_introspection_c/rm_decision_interfaces/msg/detail/all_robot_hp__type_support.c.o[0m
[ 47%] [32mBuilding CXX object CMakeFiles/rm_decision_interfaces__rosidl_typesupport_c.dir/rosidl_typesupport_c/rm_decision_interfaces/msg/robot_status__type_support.cpp.o[0m
[ 48%] [32mBuilding C object CMakeFiles/rm_decision_interfaces__rosidl_typesupport_introspection_c.dir/rosidl_typesupport_introspection_c/rm_decision_interfaces/msg/detail/armor__type_support.c.o[0m
[ 49%] [32mBuilding CXX object CMakeFiles/rm_decision_interfaces__rosidl_typesupport_fastrtps_cpp.dir/rosidl_typesupport_fastrtps_cpp/rm_decision_interfaces/msg/detail/dds_fastrtps/rfid__type_support.cpp.o[0m
[ 50%] [32mBuilding C object CMakeFiles/rm_decision_interfaces__rosidl_typesupport_introspection_c.dir/rosidl_typesupport_introspection_c/rm_decision_interfaces/msg/detail/friend_location__type_support.c.o[0m
[ 51%] [32mBuilding C object CMakeFiles/rm_decision_interfaces__rosidl_typesupport_introspection_c.dir/rosidl_typesupport_introspection_c/rm_decision_interfaces/msg/detail/rfid__type_support.c.o[0m
[ 52%] [32mBuilding CXX object CMakeFiles/rm_decision_interfaces__rosidl_typesupport_c.dir/rosidl_typesupport_c/rm_decision_interfaces/msg/to_serial__type_support.cpp.o[0m
[ 53%] [32mBuilding C object CMakeFiles/rm_decision_interfaces__rosidl_typesupport_introspection_c.dir/rosidl_typesupport_introspection_c/rm_decision_interfaces/msg/detail/to_serial__type_support.c.o[0m
[ 54%] [32mBuilding C object CMakeFiles/rm_decision_interfaces__rosidl_typesupport_introspection_c.dir/rosidl_typesupport_introspection_c/rm_decision_interfaces/msg/detail/robot_status__type_support.c.o[0m
[ 55%] [32mBuilding CXX object CMakeFiles/rm_decision_interfaces__rosidl_typesupport_c.dir/rosidl_typesupport_c/rm_decision_interfaces/msg/from_serial__type_support.cpp.o[0m
[ 56%] [32mBuilding C object CMakeFiles/rm_decision_interfaces__rosidl_typesupport_introspection_c.dir/rosidl_typesupport_introspection_c/rm_decision_interfaces/msg/detail/from_serial__type_support.c.o[0m
[ 57%] [32mBuilding CXX object CMakeFiles/rm_decision_interfaces__rosidl_typesupport_fastrtps_c.dir/rosidl_typesupport_fastrtps_c/rm_decision_interfaces/msg/detail/all_robot_hp__type_support_c.cpp.o[0m
[ 60%] [32mBuilding C object CMakeFiles/rm_decision_interfaces__rosidl_typesupport_introspection_c.dir/rosidl_typesupport_introspection_c/rm_decision_interfaces/msg/detail/receive_serial__type_support.c.o[0m
[ 61%] [32mBuilding CXX object CMakeFiles/rm_decision_interfaces__rosidl_typesupport_fastrtps_c.dir/rosidl_typesupport_fastrtps_c/rm_decision_interfaces/msg/detail/armor__type_support_c.cpp.o[0m
[ 61%] [32mBuilding C object CMakeFiles/rm_decision_interfaces__rosidl_typesupport_introspection_c.dir/rosidl_typesupport_introspection_c/rm_decision_interfaces/msg/detail/to_auto_aim__type_support.c.o[0m
[ 62%] [32mBuilding CXX object CMakeFiles/rm_decision_interfaces__rosidl_typesupport_fastrtps_c.dir/rosidl_typesupport_fastrtps_c/rm_decision_interfaces/msg/detail/friend_location__type_support_c.cpp.o[0m
[ 64%] [32mBuilding CXX object CMakeFiles/rm_decision_interfaces__rosidl_typesupport_fastrtps_cpp.dir/rosidl_typesupport_fastrtps_cpp/rm_decision_interfaces/msg/detail/dds_fastrtps/robot_status__type_support.cpp.o[0m
[ 64%] [32mBuilding CXX object CMakeFiles/rm_decision_interfaces__rosidl_typesupport_c.dir/rosidl_typesupport_c/rm_decision_interfaces/msg/receive_serial__type_support.cpp.o[0m
[ 66%] [32mBuilding CXX object CMakeFiles/rm_decision_interfaces__rosidl_typesupport_fastrtps_cpp.dir/rosidl_typesupport_fastrtps_cpp/rm_decision_interfaces/msg/detail/dds_fastrtps/to_serial__type_support.cpp.o[0m
[ 66%] [32m[1mLinking C shared library librm_decision_interfaces__rosidl_typesupport_introspection_c.so[0m
[ 68%] [32mBuilding CXX object CMakeFiles/rm_decision_interfaces__rosidl_typesupport_fastrtps_cpp.dir/rosidl_typesupport_fastrtps_cpp/rm_decision_interfaces/msg/detail/dds_fastrtps/from_serial__type_support.cpp.o[0m
[ 69%] [32m[1mLinking CXX shared library librm_decision_interfaces__rosidl_typesupport_cpp.so[0m
[ 69%] [32mBuilding CXX object CMakeFiles/rm_decision_interfaces__rosidl_typesupport_c.dir/rosidl_typesupport_c/rm_decision_interfaces/msg/to_auto_aim__type_support.cpp.o[0m
[ 69%] Built target rm_decision_interfaces__rosidl_typesupport_introspection_c
[ 70%] [32mBuilding CXX object CMakeFiles/rm_decision_interfaces__rosidl_typesupport_fastrtps_c.dir/rosidl_typesupport_fastrtps_c/rm_decision_interfaces/msg/detail/rfid__type_support_c.cpp.o[0m
[ 71%] [32mBuilding CXX object CMakeFiles/rm_decision_interfaces__rosidl_typesupport_fastrtps_c.dir/rosidl_typesupport_fastrtps_c/rm_decision_interfaces/msg/detail/robot_status__type_support_c.cpp.o[0m
[ 72%] [32m[1mLinking CXX shared library librm_decision_interfaces__rosidl_typesupport_c.so[0m
[ 73%] [32mBuilding CXX object CMakeFiles/rm_decision_interfaces__rosidl_typesupport_fastrtps_cpp.dir/rosidl_typesupport_fastrtps_cpp/rm_decision_interfaces/msg/detail/dds_fastrtps/receive_serial__type_support.cpp.o[0m
[ 73%] Built target rm_decision_interfaces__rosidl_typesupport_cpp
[ 74%] [32mBuilding CXX object CMakeFiles/rm_decision_interfaces__rosidl_typesupport_fastrtps_c.dir/rosidl_typesupport_fastrtps_c/rm_decision_interfaces/msg/detail/to_serial__type_support_c.cpp.o[0m
[ 75%] [32mBuilding CXX object CMakeFiles/rm_decision_interfaces__rosidl_typesupport_fastrtps_cpp.dir/rosidl_typesupport_fastrtps_cpp/rm_decision_interfaces/msg/detail/dds_fastrtps/to_auto_aim__type_support.cpp.o[0m
[ 76%] [32mBuilding CXX object CMakeFiles/rm_decision_interfaces__rosidl_typesupport_fastrtps_c.dir/rosidl_typesupport_fastrtps_c/rm_decision_interfaces/msg/detail/from_serial__type_support_c.cpp.o[0m
[ 77%] [32mBuilding CXX object CMakeFiles/rm_decision_interfaces__rosidl_typesupport_fastrtps_c.dir/rosidl_typesupport_fastrtps_c/rm_decision_interfaces/msg/detail/receive_serial__type_support_c.cpp.o[0m
[ 77%] Built target rm_decision_interfaces__rosidl_typesupport_c
[ 78%] [32mBuilding CXX object CMakeFiles/rm_decision_interfaces__rosidl_typesupport_fastrtps_c.dir/rosidl_typesupport_fastrtps_c/rm_decision_interfaces/msg/detail/to_auto_aim__type_support_c.cpp.o[0m
[ 80%] [32m[1mLinking CXX shared library librm_decision_interfaces__rosidl_typesupport_introspection_cpp.so[0m
[ 80%] Built target rm_decision_interfaces__rosidl_typesupport_introspection_cpp
[ 81%] [32m[1mLinking CXX shared library librm_decision_interfaces__rosidl_typesupport_fastrtps_c.so[0m
[ 82%] [32m[1mLinking CXX shared library librm_decision_interfaces__rosidl_typesupport_fastrtps_cpp.so[0m
[ 82%] Built target rm_decision_interfaces__rosidl_typesupport_fastrtps_c
[ 82%] Built target rm_decision_interfaces__rosidl_typesupport_fastrtps_cpp
[ 82%] Built target rm_decision_interfaces
[ 83%] [34m[1mGenerating Python code for ROS interfaces[0m
[ 83%] Built target rm_decision_interfaces__py
[ 84%] [32mBuilding C object CMakeFiles/rm_decision_interfaces__rosidl_generator_py.dir/rosidl_generator_py/rm_decision_interfaces/msg/_friend_location_s.c.o[0m
[ 85%] [32mBuilding C object CMakeFiles/rm_decision_interfaces__rosidl_generator_py.dir/rosidl_generator_py/rm_decision_interfaces/msg/_all_robot_hp_s.c.o[0m
[ 86%] [32mBuilding C object CMakeFiles/rm_decision_interfaces__rosidl_generator_py.dir/rosidl_generator_py/rm_decision_interfaces/msg/_rfid_s.c.o[0m
[ 87%] [32mBuilding C object CMakeFiles/rm_decision_interfaces__rosidl_generator_py.dir/rosidl_generator_py/rm_decision_interfaces/msg/_armor_s.c.o[0m
[ 88%] [32mBuilding C object CMakeFiles/rm_decision_interfaces__rosidl_generator_py.dir/rosidl_generator_py/rm_decision_interfaces/msg/_robot_status_s.c.o[0m
[ 89%] [32mBuilding C object CMakeFiles/rm_decision_interfaces__rosidl_generator_py.dir/rosidl_generator_py/rm_decision_interfaces/msg/_to_serial_s.c.o[0m
[ 90%] [32mBuilding C object CMakeFiles/rm_decision_interfaces__rosidl_generator_py.dir/rosidl_generator_py/rm_decision_interfaces/msg/_receive_serial_s.c.o[0m
[ 91%] [32mBuilding C object CMakeFiles/rm_decision_interfaces__rosidl_generator_py.dir/rosidl_generator_py/rm_decision_interfaces/msg/_from_serial_s.c.o[0m
[ 92%] [32mBuilding C object CMakeFiles/rm_decision_interfaces__rosidl_generator_py.dir/rosidl_generator_py/rm_decision_interfaces/msg/_to_auto_aim_s.c.o[0m
[ 93%] [32m[1mLinking C shared library rosidl_generator_py/rm_decision_interfaces/librm_decision_interfaces__rosidl_generator_py.so[0m
[ 93%] Built target rm_decision_interfaces__rosidl_generator_py
[ 94%] [32mBuilding C object CMakeFiles/rm_decision_interfaces__rosidl_typesupport_fastrtps_c__pyext.dir/rosidl_generator_py/rm_decision_interfaces/_rm_decision_interfaces_s.ep.rosidl_typesupport_fastrtps_c.c.o[0m
[ 95%] [32mBuilding C object CMakeFiles/rm_decision_interfaces__rosidl_typesupport_introspection_c__pyext.dir/rosidl_generator_py/rm_decision_interfaces/_rm_decision_interfaces_s.ep.rosidl_typesupport_introspection_c.c.o[0m
[ 96%] [32mBuilding C object CMakeFiles/rm_decision_interfaces__rosidl_typesupport_c__pyext.dir/rosidl_generator_py/rm_decision_interfaces/_rm_decision_interfaces_s.ep.rosidl_typesupport_c.c.o[0m
[ 97%] [32m[1mLinking C shared library rosidl_generator_py/rm_decision_interfaces/rm_decision_interfaces_s__rosidl_typesupport_fastrtps_c.cpython-310-x86_64-linux-gnu.so[0m
[ 97%] Built target rm_decision_interfaces__rosidl_typesupport_fastrtps_c__pyext
[ 98%] [32m[1mLinking C shared library rosidl_generator_py/rm_decision_interfaces/rm_decision_interfaces_s__rosidl_typesupport_introspection_c.cpython-310-x86_64-linux-gnu.so[0m
[ 98%] Built target rm_decision_interfaces__rosidl_typesupport_introspection_c__pyext
[100%] [32m[1mLinking C shared library rosidl_generator_py/rm_decision_interfaces/rm_decision_interfaces_s__rosidl_typesupport_c.cpython-310-x86_64-linux-gnu.so[0m
[100%] Built target rm_decision_interfaces__rosidl_typesupport_c__pyext
-- Install configuration: ""
-- Installing: /home/ethereal/rm_2025/rm_decision_2025_pb/install/rm_decision_interfaces/share/ament_index/resource_index/rosidl_interfaces/rm_decision_interfaces
-- Installing: /home/ethereal/rm_2025/rm_decision_2025_pb/install/rm_decision_interfaces/include/rm_decision_interfaces/rm_decision_interfaces
-- Installing: /home/ethereal/rm_2025/rm_decision_2025_pb/install/rm_decision_interfaces/include/rm_decision_interfaces/rm_decision_interfaces/msg
-- Installing: /home/ethereal/rm_2025/rm_decision_2025_pb/install/rm_decision_interfaces/include/rm_decision_interfaces/rm_decision_interfaces/msg/friend_location.h
-- Installing: /home/ethereal/rm_2025/rm_decision_2025_pb/install/rm_decision_interfaces/include/rm_decision_interfaces/rm_decision_interfaces/msg/from_serial.h
-- Installing: /home/ethereal/rm_2025/rm_decision_2025_pb/install/rm_decision_interfaces/include/rm_decision_interfaces/rm_decision_interfaces/msg/detail
-- Installing: /home/ethereal/rm_2025/rm_decision_2025_pb/install/rm_decision_interfaces/include/rm_decision_interfaces/rm_decision_interfaces/msg/detail/from_serial__functions.c
-- Installing: /home/ethereal/rm_2025/rm_decision_2025_pb/install/rm_decision_interfaces/include/rm_decision_interfaces/rm_decision_interfaces/msg/detail/to_serial__struct.h
-- Installing: /home/ethereal/rm_2025/rm_decision_2025_pb/install/rm_decision_interfaces/include/rm_decision_interfaces/rm_decision_interfaces/msg/detail/to_auto_aim__functions.h
-- Installing: /home/ethereal/rm_2025/rm_decision_2025_pb/install/rm_decision_interfaces/include/rm_decision_interfaces/rm_decision_interfaces/msg/detail/to_auto_aim__functions.c
-- Installing: /home/ethereal/rm_2025/rm_decision_2025_pb/install/rm_decision_interfaces/include/rm_decision_interfaces/rm_decision_interfaces/msg/detail/rfid__functions.c
-- Installing: /home/ethereal/rm_2025/rm_decision_2025_pb/install/rm_decision_interfaces/include/rm_decision_interfaces/rm_decision_interfaces/msg/detail/from_serial__functions.h
-- Installing: /home/ethereal/rm_2025/rm_decision_2025_pb/install/rm_decision_interfaces/include/rm_decision_interfaces/rm_decision_interfaces/msg/detail/receive_serial__functions.h
-- Installing: /home/ethereal/rm_2025/rm_decision_2025_pb/install/rm_decision_interfaces/include/rm_decision_interfaces/rm_decision_interfaces/msg/detail/all_robot_hp__struct.h
-- Installing: /home/ethereal/rm_2025/rm_decision_2025_pb/install/rm_decision_interfaces/include/rm_decision_interfaces/rm_decision_interfaces/msg/detail/from_serial__type_support.h
-- Installing: /home/ethereal/rm_2025/rm_decision_2025_pb/install/rm_decision_interfaces/include/rm_decision_interfaces/rm_decision_interfaces/msg/detail/to_serial__type_support.h
-- Installing: /home/ethereal/rm_2025/rm_decision_2025_pb/install/rm_decision_interfaces/include/rm_decision_interfaces/rm_decision_interfaces/msg/detail/armor__struct.h
-- Installing: /home/ethereal/rm_2025/rm_decision_2025_pb/install/rm_decision_interfaces/include/rm_decision_interfaces/rm_decision_interfaces/msg/detail/receive_serial__struct.h
-- Installing: /home/ethereal/rm_2025/rm_decision_2025_pb/install/rm_decision_interfaces/include/rm_decision_interfaces/rm_decision_interfaces/msg/detail/armor__functions.h
-- Installing: /home/ethereal/rm_2025/rm_decision_2025_pb/install/rm_decision_interfaces/include/rm_decision_interfaces/rm_decision_interfaces/msg/detail/from_serial__struct.h
-- Installing: /home/ethereal/rm_2025/rm_decision_2025_pb/install/rm_decision_interfaces/include/rm_decision_interfaces/rm_decision_interfaces/msg/detail/rfid__struct.h
-- Installing: /home/ethereal/rm_2025/rm_decision_2025_pb/install/rm_decision_interfaces/include/rm_decision_interfaces/rm_decision_interfaces/msg/detail/robot_status__functions.c
-- Installing: /home/ethereal/rm_2025/rm_decision_2025_pb/install/rm_decision_interfaces/include/rm_decision_interfaces/rm_decision_interfaces/msg/detail/armor__type_support.h
-- Installing: /home/ethereal/rm_2025/rm_decision_2025_pb/install/rm_decision_interfaces/include/rm_decision_interfaces/rm_decision_interfaces/msg/detail/receive_serial__functions.c
-- Installing: /home/ethereal/rm_2025/rm_decision_2025_pb/install/rm_decision_interfaces/include/rm_decision_interfaces/rm_decision_interfaces/msg/detail/armor__functions.c
-- Installing: /home/ethereal/rm_2025/rm_decision_2025_pb/install/rm_decision_interfaces/include/rm_decision_interfaces/rm_decision_interfaces/msg/detail/all_robot_hp__type_support.h
-- Installing: /home/ethereal/rm_2025/rm_decision_2025_pb/install/rm_decision_interfaces/include/rm_decision_interfaces/rm_decision_interfaces/msg/detail/to_serial__functions.h
-- Installing: /home/ethereal/rm_2025/rm_decision_2025_pb/install/rm_decision_interfaces/include/rm_decision_interfaces/rm_decision_interfaces/msg/detail/to_serial__functions.c
-- Installing: /home/ethereal/rm_2025/rm_decision_2025_pb/install/rm_decision_interfaces/include/rm_decision_interfaces/rm_decision_interfaces/msg/detail/all_robot_hp__functions.h
-- Installing: /home/ethereal/rm_2025/rm_decision_2025_pb/install/rm_decision_interfaces/include/rm_decision_interfaces/rm_decision_interfaces/msg/detail/rfid__type_support.h
-- Installing: /home/ethereal/rm_2025/rm_decision_2025_pb/install/rm_decision_interfaces/include/rm_decision_interfaces/rm_decision_interfaces/msg/detail/receive_serial__type_support.h
-- Installing: /home/ethereal/rm_2025/rm_decision_2025_pb/install/rm_decision_interfaces/include/rm_decision_interfaces/rm_decision_interfaces/msg/detail/robot_status__type_support.h
-- Installing: /home/ethereal/rm_2025/rm_decision_2025_pb/install/rm_decision_interfaces/include/rm_decision_interfaces/rm_decision_interfaces/msg/detail/rfid__functions.h
-- Installing: /home/ethereal/rm_2025/rm_decision_2025_pb/install/rm_decision_interfaces/include/rm_decision_interfaces/rm_decision_interfaces/msg/detail/robot_status__functions.h
-- Installing: /home/ethereal/rm_2025/rm_decision_2025_pb/install/rm_decision_interfaces/include/rm_decision_interfaces/rm_decision_interfaces/msg/detail/friend_location__type_support.h
-- Installing: /home/ethereal/rm_2025/rm_decision_2025_pb/install/rm_decision_interfaces/include/rm_decision_interfaces/rm_decision_interfaces/msg/detail/to_auto_aim__type_support.h
-- Installing: /home/ethereal/rm_2025/rm_decision_2025_pb/install/rm_decision_interfaces/include/rm_decision_interfaces/rm_decision_interfaces/msg/detail/friend_location__functions.c
-- Installing: /home/ethereal/rm_2025/rm_decision_2025_pb/install/rm_decision_interfaces/include/rm_decision_interfaces/rm_decision_interfaces/msg/detail/friend_location__struct.h
-- Installing: /home/ethereal/rm_2025/rm_decision_2025_pb/install/rm_decision_interfaces/include/rm_decision_interfaces/rm_decision_interfaces/msg/detail/friend_location__functions.h
-- Installing: /home/ethereal/rm_2025/rm_decision_2025_pb/install/rm_decision_interfaces/include/rm_decision_interfaces/rm_decision_interfaces/msg/detail/to_auto_aim__struct.h
-- Installing: /home/ethereal/rm_2025/rm_decision_2025_pb/install/rm_decision_interfaces/include/rm_decision_interfaces/rm_decision_interfaces/msg/detail/robot_status__struct.h
-- Installing: /home/ethereal/rm_2025/rm_decision_2025_pb/install/rm_decision_interfaces/include/rm_decision_interfaces/rm_decision_interfaces/msg/detail/all_robot_hp__functions.c
-- Installing: /home/ethereal/rm_2025/rm_decision_2025_pb/install/rm_decision_interfaces/include/rm_decision_interfaces/rm_decision_interfaces/msg/receive_serial.h
-- Installing: /home/ethereal/rm_2025/rm_decision_2025_pb/install/rm_decision_interfaces/include/rm_decision_interfaces/rm_decision_interfaces/msg/robot_status.h
-- Installing: /home/ethereal/rm_2025/rm_decision_2025_pb/install/rm_decision_interfaces/include/rm_decision_interfaces/rm_decision_interfaces/msg/all_robot_hp.h
-- Installing: /home/ethereal/rm_2025/rm_decision_2025_pb/install/rm_decision_interfaces/include/rm_decision_interfaces/rm_decision_interfaces/msg/to_auto_aim.h
-- Installing: /home/ethereal/rm_2025/rm_decision_2025_pb/install/rm_decision_interfaces/include/rm_decision_interfaces/rm_decision_interfaces/msg/armor.h
-- Installing: /home/ethereal/rm_2025/rm_decision_2025_pb/install/rm_decision_interfaces/include/rm_decision_interfaces/rm_decision_interfaces/msg/to_serial.h
-- Installing: /home/ethereal/rm_2025/rm_decision_2025_pb/install/rm_decision_interfaces/include/rm_decision_interfaces/rm_decision_interfaces/msg/rfid.h
-- Installing: /home/ethereal/rm_2025/rm_decision_2025_pb/install/rm_decision_interfaces/include/rm_decision_interfaces/rm_decision_interfaces/msg/rosidl_generator_c__visibility_control.h
-- Installing: /home/ethereal/rm_2025/rm_decision_2025_pb/install/rm_decision_interfaces/share/rm_decision_interfaces/environment/library_path.sh
-- Installing: /home/ethereal/rm_2025/rm_decision_2025_pb/install/rm_decision_interfaces/share/rm_decision_interfaces/environment/library_path.dsv
-- Installing: /home/ethereal/rm_2025/rm_decision_2025_pb/install/rm_decision_interfaces/lib/librm_decision_interfaces__rosidl_generator_c.so
-- Set runtime path of "/home/ethereal/rm_2025/rm_decision_2025_pb/install/rm_decision_interfaces/lib/librm_decision_interfaces__rosidl_generator_c.so" to ""
-- Up-to-date: /home/ethereal/rm_2025/rm_decision_2025_pb/install/rm_decision_interfaces/include/rm_decision_interfaces/rm_decision_interfaces
-- Up-to-date: /home/ethereal/rm_2025/rm_decision_2025_pb/install/rm_decision_interfaces/include/rm_decision_interfaces/rm_decision_interfaces/msg
-- Up-to-date: /home/ethereal/rm_2025/rm_decision_2025_pb/install/rm_decision_interfaces/include/rm_decision_interfaces/rm_decision_interfaces/msg/detail
-- Installing: /home/ethereal/rm_2025/rm_decision_2025_pb/install/rm_decision_interfaces/include/rm_decision_interfaces/rm_decision_interfaces/msg/detail/from_serial__rosidl_typesupport_fastrtps_c.h
-- Installing: /home/ethereal/rm_2025/rm_decision_2025_pb/install/rm_decision_interfaces/include/rm_decision_interfaces/rm_decision_interfaces/msg/detail/armor__rosidl_typesupport_fastrtps_c.h
-- Installing: /home/ethereal/rm_2025/rm_decision_2025_pb/install/rm_decision_interfaces/include/rm_decision_interfaces/rm_decision_interfaces/msg/detail/to_serial__rosidl_typesupport_fastrtps_c.h
-- Installing: /home/ethereal/rm_2025/rm_decision_2025_pb/install/rm_decision_interfaces/include/rm_decision_interfaces/rm_decision_interfaces/msg/detail/friend_location__rosidl_typesupport_fastrtps_c.h
-- Installing: /home/ethereal/rm_2025/rm_decision_2025_pb/install/rm_decision_interfaces/include/rm_decision_interfaces/rm_decision_interfaces/msg/detail/robot_status__rosidl_typesupport_fastrtps_c.h
-- Installing: /home/ethereal/rm_2025/rm_decision_2025_pb/install/rm_decision_interfaces/include/rm_decision_interfaces/rm_decision_interfaces/msg/detail/rfid__rosidl_typesupport_fastrtps_c.h
-- Installing: /home/ethereal/rm_2025/rm_decision_2025_pb/install/rm_decision_interfaces/include/rm_decision_interfaces/rm_decision_interfaces/msg/detail/all_robot_hp__rosidl_typesupport_fastrtps_c.h
-- Installing: /home/ethereal/rm_2025/rm_decision_2025_pb/install/rm_decision_interfaces/include/rm_decision_interfaces/rm_decision_interfaces/msg/detail/to_auto_aim__rosidl_typesupport_fastrtps_c.h
-- Installing: /home/ethereal/rm_2025/rm_decision_2025_pb/install/rm_decision_interfaces/include/rm_decision_interfaces/rm_decision_interfaces/msg/detail/receive_serial__rosidl_typesupport_fastrtps_c.h
-- Installing: /home/ethereal/rm_2025/rm_decision_2025_pb/install/rm_decision_interfaces/include/rm_decision_interfaces/rm_decision_interfaces/msg/rosidl_typesupport_fastrtps_c__visibility_control.h
-- Installing: /home/ethereal/rm_2025/rm_decision_2025_pb/install/rm_decision_interfaces/lib/librm_decision_interfaces__rosidl_typesupport_fastrtps_c.so
-- Set runtime path of "/home/ethereal/rm_2025/rm_decision_2025_pb/install/rm_decision_interfaces/lib/librm_decision_interfaces__rosidl_typesupport_fastrtps_c.so" to ""
-- Up-to-date: /home/ethereal/rm_2025/rm_decision_2025_pb/install/rm_decision_interfaces/include/rm_decision_interfaces/rm_decision_interfaces
-- Up-to-date: /home/ethereal/rm_2025/rm_decision_2025_pb/install/rm_decision_interfaces/include/rm_decision_interfaces/rm_decision_interfaces/msg
-- Installing: /home/ethereal/rm_2025/rm_decision_2025_pb/install/rm_decision_interfaces/include/rm_decision_interfaces/rm_decision_interfaces/msg/to_auto_aim.hpp
-- Installing: /home/ethereal/rm_2025/rm_decision_2025_pb/install/rm_decision_interfaces/include/rm_decision_interfaces/rm_decision_interfaces/msg/to_serial.hpp
-- Installing: /home/ethereal/rm_2025/rm_decision_2025_pb/install/rm_decision_interfaces/include/rm_decision_interfaces/rm_decision_interfaces/msg/rfid.hpp
-- Installing: /home/ethereal/rm_2025/rm_decision_2025_pb/install/rm_decision_interfaces/include/rm_decision_interfaces/rm_decision_interfaces/msg/armor.hpp
-- Up-to-date: /home/ethereal/rm_2025/rm_decision_2025_pb/install/rm_decision_interfaces/include/rm_decision_interfaces/rm_decision_interfaces/msg/detail
-- Installing: /home/ethereal/rm_2025/rm_decision_2025_pb/install/rm_decision_interfaces/include/rm_decision_interfaces/rm_decision_interfaces/msg/detail/rfid__builder.hpp
-- Installing: /home/ethereal/rm_2025/rm_decision_2025_pb/install/rm_decision_interfaces/include/rm_decision_interfaces/rm_decision_interfaces/msg/detail/armor__traits.hpp
-- Installing: /home/ethereal/rm_2025/rm_decision_2025_pb/install/rm_decision_interfaces/include/rm_decision_interfaces/rm_decision_interfaces/msg/detail/to_auto_aim__type_support.hpp
-- Installing: /home/ethereal/rm_2025/rm_decision_2025_pb/install/rm_decision_interfaces/include/rm_decision_interfaces/rm_decision_interfaces/msg/detail/rfid__struct.hpp
-- Installing: /home/ethereal/rm_2025/rm_decision_2025_pb/install/rm_decision_interfaces/include/rm_decision_interfaces/rm_decision_interfaces/msg/detail/robot_status__traits.hpp
-- Installing: /home/ethereal/rm_2025/rm_decision_2025_pb/install/rm_decision_interfaces/include/rm_decision_interfaces/rm_decision_interfaces/msg/detail/to_serial__traits.hpp
-- Installing: /home/ethereal/rm_2025/rm_decision_2025_pb/install/rm_decision_interfaces/include/rm_decision_interfaces/rm_decision_interfaces/msg/detail/to_serial__type_support.hpp
-- Installing: /home/ethereal/rm_2025/rm_decision_2025_pb/install/rm_decision_interfaces/include/rm_decision_interfaces/rm_decision_interfaces/msg/detail/receive_serial__builder.hpp
-- Installing: /home/ethereal/rm_2025/rm_decision_2025_pb/install/rm_decision_interfaces/include/rm_decision_interfaces/rm_decision_interfaces/msg/detail/armor__type_support.hpp
-- Installing: /home/ethereal/rm_2025/rm_decision_2025_pb/install/rm_decision_interfaces/include/rm_decision_interfaces/rm_decision_interfaces/msg/detail/rfid__type_support.hpp
-- Installing: /home/ethereal/rm_2025/rm_decision_2025_pb/install/rm_decision_interfaces/include/rm_decision_interfaces/rm_decision_interfaces/msg/detail/all_robot_hp__struct.hpp
-- Installing: /home/ethereal/rm_2025/rm_decision_2025_pb/install/rm_decision_interfaces/include/rm_decision_interfaces/rm_decision_interfaces/msg/detail/armor__struct.hpp
-- Installing: /home/ethereal/rm_2025/rm_decision_2025_pb/install/rm_decision_interfaces/include/rm_decision_interfaces/rm_decision_interfaces/msg/detail/friend_location__traits.hpp
-- Installing: /home/ethereal/rm_2025/rm_decision_2025_pb/install/rm_decision_interfaces/include/rm_decision_interfaces/rm_decision_interfaces/msg/detail/all_robot_hp__builder.hpp
-- Installing: /home/ethereal/rm_2025/rm_decision_2025_pb/install/rm_decision_interfaces/include/rm_decision_interfaces/rm_decision_interfaces/msg/detail/robot_status__struct.hpp
-- Installing: /home/ethereal/rm_2025/rm_decision_2025_pb/install/rm_decision_interfaces/include/rm_decision_interfaces/rm_decision_interfaces/msg/detail/all_robot_hp__type_support.hpp
-- Installing: /home/ethereal/rm_2025/rm_decision_2025_pb/install/rm_decision_interfaces/include/rm_decision_interfaces/rm_decision_interfaces/msg/detail/friend_location__struct.hpp
-- Installing: /home/ethereal/rm_2025/rm_decision_2025_pb/install/rm_decision_interfaces/include/rm_decision_interfaces/rm_decision_interfaces/msg/detail/to_auto_aim__traits.hpp
-- Installing: /home/ethereal/rm_2025/rm_decision_2025_pb/install/rm_decision_interfaces/include/rm_decision_interfaces/rm_decision_interfaces/msg/detail/to_auto_aim__builder.hpp
-- Installing: /home/ethereal/rm_2025/rm_decision_2025_pb/install/rm_decision_interfaces/include/rm_decision_interfaces/rm_decision_interfaces/msg/detail/receive_serial__type_support.hpp
-- Installing: /home/ethereal/rm_2025/rm_decision_2025_pb/install/rm_decision_interfaces/include/rm_decision_interfaces/rm_decision_interfaces/msg/detail/to_serial__builder.hpp
-- Installing: /home/ethereal/rm_2025/rm_decision_2025_pb/install/rm_decision_interfaces/include/rm_decision_interfaces/rm_decision_interfaces/msg/detail/from_serial__type_support.hpp
-- Installing: /home/ethereal/rm_2025/rm_decision_2025_pb/install/rm_decision_interfaces/include/rm_decision_interfaces/rm_decision_interfaces/msg/detail/armor__builder.hpp
-- Installing: /home/ethereal/rm_2025/rm_decision_2025_pb/install/rm_decision_interfaces/include/rm_decision_interfaces/rm_decision_interfaces/msg/detail/receive_serial__traits.hpp
-- Installing: /home/ethereal/rm_2025/rm_decision_2025_pb/install/rm_decision_interfaces/include/rm_decision_interfaces/rm_decision_interfaces/msg/detail/receive_serial__struct.hpp
-- Installing: /home/ethereal/rm_2025/rm_decision_2025_pb/install/rm_decision_interfaces/include/rm_decision_interfaces/rm_decision_interfaces/msg/detail/from_serial__struct.hpp
-- Installing: /home/ethereal/rm_2025/rm_decision_2025_pb/install/rm_decision_interfaces/include/rm_decision_interfaces/rm_decision_interfaces/msg/detail/robot_status__builder.hpp
-- Installing: /home/ethereal/rm_2025/rm_decision_2025_pb/install/rm_decision_interfaces/include/rm_decision_interfaces/rm_decision_interfaces/msg/detail/from_serial__traits.hpp
-- Installing: /home/ethereal/rm_2025/rm_decision_2025_pb/install/rm_decision_interfaces/include/rm_decision_interfaces/rm_decision_interfaces/msg/detail/rfid__traits.hpp
-- Installing: /home/ethereal/rm_2025/rm_decision_2025_pb/install/rm_decision_interfaces/include/rm_decision_interfaces/rm_decision_interfaces/msg/detail/friend_location__builder.hpp
-- Installing: /home/ethereal/rm_2025/rm_decision_2025_pb/install/rm_decision_interfaces/include/rm_decision_interfaces/rm_decision_interfaces/msg/detail/robot_status__type_support.hpp
-- Installing: /home/ethereal/rm_2025/rm_decision_2025_pb/install/rm_decision_interfaces/include/rm_decision_interfaces/rm_decision_interfaces/msg/detail/all_robot_hp__traits.hpp
-- Installing: /home/ethereal/rm_2025/rm_decision_2025_pb/install/rm_decision_interfaces/include/rm_decision_interfaces/rm_decision_interfaces/msg/detail/to_serial__struct.hpp
-- Installing: /home/ethereal/rm_2025/rm_decision_2025_pb/install/rm_decision_interfaces/include/rm_decision_interfaces/rm_decision_interfaces/msg/detail/friend_location__type_support.hpp
-- Installing: /home/ethereal/rm_2025/rm_decision_2025_pb/install/rm_decision_interfaces/include/rm_decision_interfaces/rm_decision_interfaces/msg/detail/to_auto_aim__struct.hpp
-- Installing: /home/ethereal/rm_2025/rm_decision_2025_pb/install/rm_decision_interfaces/include/rm_decision_interfaces/rm_decision_interfaces/msg/detail/from_serial__builder.hpp
-- Installing: /home/ethereal/rm_2025/rm_decision_2025_pb/install/rm_decision_interfaces/include/rm_decision_interfaces/rm_decision_interfaces/msg/receive_serial.hpp
-- Installing: /home/ethereal/rm_2025/rm_decision_2025_pb/install/rm_decision_interfaces/include/rm_decision_interfaces/rm_decision_interfaces/msg/from_serial.hpp
-- Installing: /home/ethereal/rm_2025/rm_decision_2025_pb/install/rm_decision_interfaces/include/rm_decision_interfaces/rm_decision_interfaces/msg/friend_location.hpp
-- Installing: /home/ethereal/rm_2025/rm_decision_2025_pb/install/rm_decision_interfaces/include/rm_decision_interfaces/rm_decision_interfaces/msg/rosidl_generator_cpp__visibility_control.hpp
-- Installing: /home/ethereal/rm_2025/rm_decision_2025_pb/install/rm_decision_interfaces/include/rm_decision_interfaces/rm_decision_interfaces/msg/robot_status.hpp
-- Installing: /home/ethereal/rm_2025/rm_decision_2025_pb/install/rm_decision_interfaces/include/rm_decision_interfaces/rm_decision_interfaces/msg/all_robot_hp.hpp
-- Up-to-date: /home/ethereal/rm_2025/rm_decision_2025_pb/install/rm_decision_interfaces/include/rm_decision_interfaces/rm_decision_interfaces
-- Up-to-date: /home/ethereal/rm_2025/rm_decision_2025_pb/install/rm_decision_interfaces/include/rm_decision_interfaces/rm_decision_interfaces/msg
-- Up-to-date: /home/ethereal/rm_2025/rm_decision_2025_pb/install/rm_decision_interfaces/include/rm_decision_interfaces/rm_decision_interfaces/msg/detail
-- Installing: /home/ethereal/rm_2025/rm_decision_2025_pb/install/rm_decision_interfaces/include/rm_decision_interfaces/rm_decision_interfaces/msg/detail/armor__rosidl_typesupport_fastrtps_cpp.hpp
-- Installing: /home/ethereal/rm_2025/rm_decision_2025_pb/install/rm_decision_interfaces/include/rm_decision_interfaces/rm_decision_interfaces/msg/detail/robot_status__rosidl_typesupport_fastrtps_cpp.hpp
-- Installing: /home/ethereal/rm_2025/rm_decision_2025_pb/install/rm_decision_interfaces/include/rm_decision_interfaces/rm_decision_interfaces/msg/detail/dds_fastrtps
-- Installing: /home/ethereal/rm_2025/rm_decision_2025_pb/install/rm_decision_interfaces/include/rm_decision_interfaces/rm_decision_interfaces/msg/detail/receive_serial__rosidl_typesupport_fastrtps_cpp.hpp
-- Installing: /home/ethereal/rm_2025/rm_decision_2025_pb/install/rm_decision_interfaces/include/rm_decision_interfaces/rm_decision_interfaces/msg/detail/friend_location__rosidl_typesupport_fastrtps_cpp.hpp
-- Installing: /home/ethereal/rm_2025/rm_decision_2025_pb/install/rm_decision_interfaces/include/rm_decision_interfaces/rm_decision_interfaces/msg/detail/to_auto_aim__rosidl_typesupport_fastrtps_cpp.hpp
-- Installing: /home/ethereal/rm_2025/rm_decision_2025_pb/install/rm_decision_interfaces/include/rm_decision_interfaces/rm_decision_interfaces/msg/detail/to_serial__rosidl_typesupport_fastrtps_cpp.hpp
-- Installing: /home/ethereal/rm_2025/rm_decision_2025_pb/install/rm_decision_interfaces/include/rm_decision_interfaces/rm_decision_interfaces/msg/detail/rfid__rosidl_typesupport_fastrtps_cpp.hpp
-- Installing: /home/ethereal/rm_2025/rm_decision_2025_pb/install/rm_decision_interfaces/include/rm_decision_interfaces/rm_decision_interfaces/msg/detail/all_robot_hp__rosidl_typesupport_fastrtps_cpp.hpp
-- Installing: /home/ethereal/rm_2025/rm_decision_2025_pb/install/rm_decision_interfaces/include/rm_decision_interfaces/rm_decision_interfaces/msg/detail/from_serial__rosidl_typesupport_fastrtps_cpp.hpp
-- Installing: /home/ethereal/rm_2025/rm_decision_2025_pb/install/rm_decision_interfaces/include/rm_decision_interfaces/rm_decision_interfaces/msg/rosidl_typesupport_fastrtps_cpp__visibility_control.h
-- Installing: /home/ethereal/rm_2025/rm_decision_2025_pb/install/rm_decision_interfaces/lib/librm_decision_interfaces__rosidl_typesupport_fastrtps_cpp.so
-- Set runtime path of "/home/ethereal/rm_2025/rm_decision_2025_pb/install/rm_decision_interfaces/lib/librm_decision_interfaces__rosidl_typesupport_fastrtps_cpp.so" to ""
-- Up-to-date: /home/ethereal/rm_2025/rm_decision_2025_pb/install/rm_decision_interfaces/include/rm_decision_interfaces/rm_decision_interfaces
-- Up-to-date: /home/ethereal/rm_2025/rm_decision_2025_pb/install/rm_decision_interfaces/include/rm_decision_interfaces/rm_decision_interfaces/msg
-- Up-to-date: /home/ethereal/rm_2025/rm_decision_2025_pb/install/rm_decision_interfaces/include/rm_decision_interfaces/rm_decision_interfaces/msg/detail
-- Installing: /home/ethereal/rm_2025/rm_decision_2025_pb/install/rm_decision_interfaces/include/rm_decision_interfaces/rm_decision_interfaces/msg/detail/from_serial__type_support.c
-- Installing: /home/ethereal/rm_2025/rm_decision_2025_pb/install/rm_decision_interfaces/include/rm_decision_interfaces/rm_decision_interfaces/msg/detail/friend_location__type_support.c
-- Installing: /home/ethereal/rm_2025/rm_decision_2025_pb/install/rm_decision_interfaces/include/rm_decision_interfaces/rm_decision_interfaces/msg/detail/to_serial__rosidl_typesupport_introspection_c.h
-- Installing: /home/ethereal/rm_2025/rm_decision_2025_pb/install/rm_decision_interfaces/include/rm_decision_interfaces/rm_decision_interfaces/msg/detail/armor__rosidl_typesupport_introspection_c.h
-- Installing: /home/ethereal/rm_2025/rm_decision_2025_pb/install/rm_decision_interfaces/include/rm_decision_interfaces/rm_decision_interfaces/msg/detail/friend_location__rosidl_typesupport_introspection_c.h
-- Installing: /home/ethereal/rm_2025/rm_decision_2025_pb/install/rm_decision_interfaces/include/rm_decision_interfaces/rm_decision_interfaces/msg/detail/all_robot_hp__type_support.c
-- Installing: /home/ethereal/rm_2025/rm_decision_2025_pb/install/rm_decision_interfaces/include/rm_decision_interfaces/rm_decision_interfaces/msg/detail/rfid__rosidl_typesupport_introspection_c.h
-- Installing: /home/ethereal/rm_2025/rm_decision_2025_pb/install/rm_decision_interfaces/include/rm_decision_interfaces/rm_decision_interfaces/msg/detail/armor__type_support.c
-- Installing: /home/ethereal/rm_2025/rm_decision_2025_pb/install/rm_decision_interfaces/include/rm_decision_interfaces/rm_decision_interfaces/msg/detail/receive_serial__rosidl_typesupport_introspection_c.h
-- Installing: /home/ethereal/rm_2025/rm_decision_2025_pb/install/rm_decision_interfaces/include/rm_decision_interfaces/rm_decision_interfaces/msg/detail/to_auto_aim__rosidl_typesupport_introspection_c.h
-- Installing: /home/ethereal/rm_2025/rm_decision_2025_pb/install/rm_decision_interfaces/include/rm_decision_interfaces/rm_decision_interfaces/msg/detail/all_robot_hp__rosidl_typesupport_introspection_c.h
-- Installing: /home/ethereal/rm_2025/rm_decision_2025_pb/install/rm_decision_interfaces/include/rm_decision_interfaces/rm_decision_interfaces/msg/detail/robot_status__type_support.c
-- Installing: /home/ethereal/rm_2025/rm_decision_2025_pb/install/rm_decision_interfaces/include/rm_decision_interfaces/rm_decision_interfaces/msg/detail/to_auto_aim__type_support.c
-- Installing: /home/ethereal/rm_2025/rm_decision_2025_pb/install/rm_decision_interfaces/include/rm_decision_interfaces/rm_decision_interfaces/msg/detail/receive_serial__type_support.c
-- Installing: /home/ethereal/rm_2025/rm_decision_2025_pb/install/rm_decision_interfaces/include/rm_decision_interfaces/rm_decision_interfaces/msg/detail/from_serial__rosidl_typesupport_introspection_c.h
-- Installing: /home/ethereal/rm_2025/rm_decision_2025_pb/install/rm_decision_interfaces/include/rm_decision_interfaces/rm_decision_interfaces/msg/detail/to_serial__type_support.c
-- Installing: /home/ethereal/rm_2025/rm_decision_2025_pb/install/rm_decision_interfaces/include/rm_decision_interfaces/rm_decision_interfaces/msg/detail/robot_status__rosidl_typesupport_introspection_c.h
-- Installing: /home/ethereal/rm_2025/rm_decision_2025_pb/install/rm_decision_interfaces/include/rm_decision_interfaces/rm_decision_interfaces/msg/detail/rfid__type_support.c
-- Installing: /home/ethereal/rm_2025/rm_decision_2025_pb/install/rm_decision_interfaces/include/rm_decision_interfaces/rm_decision_interfaces/msg/rosidl_typesupport_introspection_c__visibility_control.h
-- Installing: /home/ethereal/rm_2025/rm_decision_2025_pb/install/rm_decision_interfaces/lib/librm_decision_interfaces__rosidl_typesupport_introspection_c.so
-- Set runtime path of "/home/ethereal/rm_2025/rm_decision_2025_pb/install/rm_decision_interfaces/lib/librm_decision_interfaces__rosidl_typesupport_introspection_c.so" to ""
-- Installing: /home/ethereal/rm_2025/rm_decision_2025_pb/install/rm_decision_interfaces/lib/librm_decision_interfaces__rosidl_typesupport_c.so
-- Set runtime path of "/home/ethereal/rm_2025/rm_decision_2025_pb/install/rm_decision_interfaces/lib/librm_decision_interfaces__rosidl_typesupport_c.so" to ""
-- Up-to-date: /home/ethereal/rm_2025/rm_decision_2025_pb/install/rm_decision_interfaces/include/rm_decision_interfaces/rm_decision_interfaces
-- Up-to-date: /home/ethereal/rm_2025/rm_decision_2025_pb/install/rm_decision_interfaces/include/rm_decision_interfaces/rm_decision_interfaces/msg
-- Up-to-date: /home/ethereal/rm_2025/rm_decision_2025_pb/install/rm_decision_interfaces/include/rm_decision_interfaces/rm_decision_interfaces/msg/detail
-- Installing: /home/ethereal/rm_2025/rm_decision_2025_pb/install/rm_decision_interfaces/include/rm_decision_interfaces/rm_decision_interfaces/msg/detail/to_auto_aim__type_support.cpp
-- Installing: /home/ethereal/rm_2025/rm_decision_2025_pb/install/rm_decision_interfaces/include/rm_decision_interfaces/rm_decision_interfaces/msg/detail/friend_location__type_support.cpp
-- Installing: /home/ethereal/rm_2025/rm_decision_2025_pb/install/rm_decision_interfaces/include/rm_decision_interfaces/rm_decision_interfaces/msg/detail/armor__rosidl_typesupport_introspection_cpp.hpp
-- Installing: /home/ethereal/rm_2025/rm_decision_2025_pb/install/rm_decision_interfaces/include/rm_decision_interfaces/rm_decision_interfaces/msg/detail/to_auto_aim__rosidl_typesupport_introspection_cpp.hpp
-- Installing: /home/ethereal/rm_2025/rm_decision_2025_pb/install/rm_decision_interfaces/include/rm_decision_interfaces/rm_decision_interfaces/msg/detail/armor__type_support.cpp
-- Installing: /home/ethereal/rm_2025/rm_decision_2025_pb/install/rm_decision_interfaces/include/rm_decision_interfaces/rm_decision_interfaces/msg/detail/friend_location__rosidl_typesupport_introspection_cpp.hpp
-- Installing: /home/ethereal/rm_2025/rm_decision_2025_pb/install/rm_decision_interfaces/include/rm_decision_interfaces/rm_decision_interfaces/msg/detail/robot_status__rosidl_typesupport_introspection_cpp.hpp
-- Installing: /home/ethereal/rm_2025/rm_decision_2025_pb/install/rm_decision_interfaces/include/rm_decision_interfaces/rm_decision_interfaces/msg/detail/from_serial__type_support.cpp
-- Installing: /home/ethereal/rm_2025/rm_decision_2025_pb/install/rm_decision_interfaces/include/rm_decision_interfaces/rm_decision_interfaces/msg/detail/all_robot_hp__rosidl_typesupport_introspection_cpp.hpp
-- Installing: /home/ethereal/rm_2025/rm_decision_2025_pb/install/rm_decision_interfaces/include/rm_decision_interfaces/rm_decision_interfaces/msg/detail/rfid__type_support.cpp
-- Installing: /home/ethereal/rm_2025/rm_decision_2025_pb/install/rm_decision_interfaces/include/rm_decision_interfaces/rm_decision_interfaces/msg/detail/to_serial__type_support.cpp
-- Installing: /home/ethereal/rm_2025/rm_decision_2025_pb/install/rm_decision_interfaces/include/rm_decision_interfaces/rm_decision_interfaces/msg/detail/from_serial__rosidl_typesupport_introspection_cpp.hpp
-- Installing: /home/ethereal/rm_2025/rm_decision_2025_pb/install/rm_decision_interfaces/include/rm_decision_interfaces/rm_decision_interfaces/msg/detail/all_robot_hp__type_support.cpp
-- Installing: /home/ethereal/rm_2025/rm_decision_2025_pb/install/rm_decision_interfaces/include/rm_decision_interfaces/rm_decision_interfaces/msg/detail/robot_status__type_support.cpp
-- Installing: /home/ethereal/rm_2025/rm_decision_2025_pb/install/rm_decision_interfaces/include/rm_decision_interfaces/rm_decision_interfaces/msg/detail/receive_serial__rosidl_typesupport_introspection_cpp.hpp
-- Installing: /home/ethereal/rm_2025/rm_decision_2025_pb/install/rm_decision_interfaces/include/rm_decision_interfaces/rm_decision_interfaces/msg/detail/rfid__rosidl_typesupport_introspection_cpp.hpp
-- Installing: /home/ethereal/rm_2025/rm_decision_2025_pb/install/rm_decision_interfaces/include/rm_decision_interfaces/rm_decision_interfaces/msg/detail/to_serial__rosidl_typesupport_introspection_cpp.hpp
-- Installing: /home/ethereal/rm_2025/rm_decision_2025_pb/install/rm_decision_interfaces/include/rm_decision_interfaces/rm_decision_interfaces/msg/detail/receive_serial__type_support.cpp
-- Installing: /home/ethereal/rm_2025/rm_decision_2025_pb/install/rm_decision_interfaces/lib/librm_decision_interfaces__rosidl_typesupport_introspection_cpp.so
-- Set runtime path of "/home/ethereal/rm_2025/rm_decision_2025_pb/install/rm_decision_interfaces/lib/librm_decision_interfaces__rosidl_typesupport_introspection_cpp.so" to ""
-- Installing: /home/ethereal/rm_2025/rm_decision_2025_pb/install/rm_decision_interfaces/lib/librm_decision_interfaces__rosidl_typesupport_cpp.so
-- Set runtime path of "/home/ethereal/rm_2025/rm_decision_2025_pb/install/rm_decision_interfaces/lib/librm_decision_interfaces__rosidl_typesupport_cpp.so" to ""
-- Installing: /home/ethereal/rm_2025/rm_decision_2025_pb/install/rm_decision_interfaces/share/rm_decision_interfaces/environment/pythonpath.sh
-- Installing: /home/ethereal/rm_2025/rm_decision_2025_pb/install/rm_decision_interfaces/share/rm_decision_interfaces/environment/pythonpath.dsv
-- Installing: /home/ethereal/rm_2025/rm_decision_2025_pb/install/rm_decision_interfaces/local/lib/python3.10/dist-packages/rm_decision_interfaces-0.0.0-py3.10.egg-info
-- Installing: /home/ethereal/rm_2025/rm_decision_2025_pb/install/rm_decision_interfaces/local/lib/python3.10/dist-packages/rm_decision_interfaces-0.0.0-py3.10.egg-info/SOURCES.txt
-- Installing: /home/ethereal/rm_2025/rm_decision_2025_pb/install/rm_decision_interfaces/local/lib/python3.10/dist-packages/rm_decision_interfaces-0.0.0-py3.10.egg-info/top_level.txt
-- Installing: /home/ethereal/rm_2025/rm_decision_2025_pb/install/rm_decision_interfaces/local/lib/python3.10/dist-packages/rm_decision_interfaces-0.0.0-py3.10.egg-info/dependency_links.txt
-- Installing: /home/ethereal/rm_2025/rm_decision_2025_pb/install/rm_decision_interfaces/local/lib/python3.10/dist-packages/rm_decision_interfaces-0.0.0-py3.10.egg-info/PKG-INFO
-- Installing: /home/ethereal/rm_2025/rm_decision_2025_pb/install/rm_decision_interfaces/local/lib/python3.10/dist-packages/rm_decision_interfaces
-- Installing: /home/ethereal/rm_2025/rm_decision_2025_pb/install/rm_decision_interfaces/local/lib/python3.10/dist-packages/rm_decision_interfaces/msg
-- Installing: /home/ethereal/rm_2025/rm_decision_2025_pb/install/rm_decision_interfaces/local/lib/python3.10/dist-packages/rm_decision_interfaces/msg/_friend_location.py
-- Installing: /home/ethereal/rm_2025/rm_decision_2025_pb/install/rm_decision_interfaces/local/lib/python3.10/dist-packages/rm_decision_interfaces/msg/_receive_serial.py
-- Installing: /home/ethereal/rm_2025/rm_decision_2025_pb/install/rm_decision_interfaces/local/lib/python3.10/dist-packages/rm_decision_interfaces/msg/_rfid.py
-- Installing: /home/ethereal/rm_2025/rm_decision_2025_pb/install/rm_decision_interfaces/local/lib/python3.10/dist-packages/rm_decision_interfaces/msg/_armor.py
-- Installing: /home/ethereal/rm_2025/rm_decision_2025_pb/install/rm_decision_interfaces/local/lib/python3.10/dist-packages/rm_decision_interfaces/msg/_to_serial.py
-- Installing: /home/ethereal/rm_2025/rm_decision_2025_pb/install/rm_decision_interfaces/local/lib/python3.10/dist-packages/rm_decision_interfaces/msg/_robot_status.py
-- Installing: /home/ethereal/rm_2025/rm_decision_2025_pb/install/rm_decision_interfaces/local/lib/python3.10/dist-packages/rm_decision_interfaces/msg/_to_serial_s.c
-- Installing: /home/ethereal/rm_2025/rm_decision_2025_pb/install/rm_decision_interfaces/local/lib/python3.10/dist-packages/rm_decision_interfaces/msg/_friend_location_s.c
-- Installing: /home/ethereal/rm_2025/rm_decision_2025_pb/install/rm_decision_interfaces/local/lib/python3.10/dist-packages/rm_decision_interfaces/msg/_from_serial.py
-- Installing: /home/ethereal/rm_2025/rm_decision_2025_pb/install/rm_decision_interfaces/local/lib/python3.10/dist-packages/rm_decision_interfaces/msg/_receive_serial_s.c
-- Installing: /home/ethereal/rm_2025/rm_decision_2025_pb/install/rm_decision_interfaces/local/lib/python3.10/dist-packages/rm_decision_interfaces/msg/_from_serial_s.c
-- Installing: /home/ethereal/rm_2025/rm_decision_2025_pb/install/rm_decision_interfaces/local/lib/python3.10/dist-packages/rm_decision_interfaces/msg/_rfid_s.c
-- Installing: /home/ethereal/rm_2025/rm_decision_2025_pb/install/rm_decision_interfaces/local/lib/python3.10/dist-packages/rm_decision_interfaces/msg/_to_auto_aim_s.c
-- Installing: /home/ethereal/rm_2025/rm_decision_2025_pb/install/rm_decision_interfaces/local/lib/python3.10/dist-packages/rm_decision_interfaces/msg/_all_robot_hp.py
-- Installing: /home/ethereal/rm_2025/rm_decision_2025_pb/install/rm_decision_interfaces/local/lib/python3.10/dist-packages/rm_decision_interfaces/msg/_armor_s.c
-- Installing: /home/ethereal/rm_2025/rm_decision_2025_pb/install/rm_decision_interfaces/local/lib/python3.10/dist-packages/rm_decision_interfaces/msg/_robot_status_s.c
-- Installing: /home/ethereal/rm_2025/rm_decision_2025_pb/install/rm_decision_interfaces/local/lib/python3.10/dist-packages/rm_decision_interfaces/msg/_all_robot_hp_s.c
-- Installing: /home/ethereal/rm_2025/rm_decision_2025_pb/install/rm_decision_interfaces/local/lib/python3.10/dist-packages/rm_decision_interfaces/msg/_to_auto_aim.py
-- Installing: /home/ethereal/rm_2025/rm_decision_2025_pb/install/rm_decision_interfaces/local/lib/python3.10/dist-packages/rm_decision_interfaces/msg/__init__.py
-- Installing: /home/ethereal/rm_2025/rm_decision_2025_pb/install/rm_decision_interfaces/local/lib/python3.10/dist-packages/rm_decision_interfaces/_rm_decision_interfaces_s.ep.rosidl_typesupport_fastrtps_c.c
-- Installing: /home/ethereal/rm_2025/rm_decision_2025_pb/install/rm_decision_interfaces/local/lib/python3.10/dist-packages/rm_decision_interfaces/rm_decision_interfaces_s__rosidl_typesupport_introspection_c.cpython-310-x86_64-linux-gnu.so
-- Installing: /home/ethereal/rm_2025/rm_decision_2025_pb/install/rm_decision_interfaces/local/lib/python3.10/dist-packages/rm_decision_interfaces/_rm_decision_interfaces_s.ep.rosidl_typesupport_c.c
-- Installing: /home/ethereal/rm_2025/rm_decision_2025_pb/install/rm_decision_interfaces/local/lib/python3.10/dist-packages/rm_decision_interfaces/_rm_decision_interfaces_s.ep.rosidl_typesupport_introspection_c.c
-- Installing: /home/ethereal/rm_2025/rm_decision_2025_pb/install/rm_decision_interfaces/local/lib/python3.10/dist-packages/rm_decision_interfaces/rm_decision_interfaces_s__rosidl_typesupport_fastrtps_c.cpython-310-x86_64-linux-gnu.so
-- Installing: /home/ethereal/rm_2025/rm_decision_2025_pb/install/rm_decision_interfaces/local/lib/python3.10/dist-packages/rm_decision_interfaces/librm_decision_interfaces__rosidl_generator_py.so
-- Installing: /home/ethereal/rm_2025/rm_decision_2025_pb/install/rm_decision_interfaces/local/lib/python3.10/dist-packages/rm_decision_interfaces/rm_decision_interfaces_s__rosidl_typesupport_c.cpython-310-x86_64-linux-gnu.so
-- Installing: /home/ethereal/rm_2025/rm_decision_2025_pb/install/rm_decision_interfaces/local/lib/python3.10/dist-packages/rm_decision_interfaces/__init__.py
Listing '/home/ethereal/rm_2025/rm_decision_2025_pb/install/rm_decision_interfaces/local/lib/python3.10/dist-packages/rm_decision_interfaces'...
Compiling '/home/ethereal/rm_2025/rm_decision_2025_pb/install/rm_decision_interfaces/local/lib/python3.10/dist-packages/rm_decision_interfaces/__init__.py'...
Listing '/home/ethereal/rm_2025/rm_decision_2025_pb/install/rm_decision_interfaces/local/lib/python3.10/dist-packages/rm_decision_interfaces/msg'...
Compiling '/home/ethereal/rm_2025/rm_decision_2025_pb/install/rm_decision_interfaces/local/lib/python3.10/dist-packages/rm_decision_interfaces/msg/__init__.py'...
Compiling '/home/ethereal/rm_2025/rm_decision_2025_pb/install/rm_decision_interfaces/local/lib/python3.10/dist-packages/rm_decision_interfaces/msg/_all_robot_hp.py'...
Compiling '/home/ethereal/rm_2025/rm_decision_2025_pb/install/rm_decision_interfaces/local/lib/python3.10/dist-packages/rm_decision_interfaces/msg/_armor.py'...
Compiling '/home/ethereal/rm_2025/rm_decision_2025_pb/install/rm_decision_interfaces/local/lib/python3.10/dist-packages/rm_decision_interfaces/msg/_friend_location.py'...
Compiling '/home/ethereal/rm_2025/rm_decision_2025_pb/install/rm_decision_interfaces/local/lib/python3.10/dist-packages/rm_decision_interfaces/msg/_from_serial.py'...
Compiling '/home/ethereal/rm_2025/rm_decision_2025_pb/install/rm_decision_interfaces/local/lib/python3.10/dist-packages/rm_decision_interfaces/msg/_receive_serial.py'...
Compiling '/home/ethereal/rm_2025/rm_decision_2025_pb/install/rm_decision_interfaces/local/lib/python3.10/dist-packages/rm_decision_interfaces/msg/_rfid.py'...
Compiling '/home/ethereal/rm_2025/rm_decision_2025_pb/install/rm_decision_interfaces/local/lib/python3.10/dist-packages/rm_decision_interfaces/msg/_robot_status.py'...
Compiling '/home/ethereal/rm_2025/rm_decision_2025_pb/install/rm_decision_interfaces/local/lib/python3.10/dist-packages/rm_decision_interfaces/msg/_to_auto_aim.py'...
Compiling '/home/ethereal/rm_2025/rm_decision_2025_pb/install/rm_decision_interfaces/local/lib/python3.10/dist-packages/rm_decision_interfaces/msg/_to_serial.py'...
-- Installing: /home/ethereal/rm_2025/rm_decision_2025_pb/install/rm_decision_interfaces/local/lib/python3.10/dist-packages/rm_decision_interfaces/rm_decision_interfaces_s__rosidl_typesupport_fastrtps_c.cpython-310-x86_64-linux-gnu.so
-- Set runtime path of "/home/ethereal/rm_2025/rm_decision_2025_pb/install/rm_decision_interfaces/local/lib/python3.10/dist-packages/rm_decision_interfaces/rm_decision_interfaces_s__rosidl_typesupport_fastrtps_c.cpython-310-x86_64-linux-gnu.so" to ""
-- Installing: /home/ethereal/rm_2025/rm_decision_2025_pb/install/rm_decision_interfaces/local/lib/python3.10/dist-packages/rm_decision_interfaces/rm_decision_interfaces_s__rosidl_typesupport_introspection_c.cpython-310-x86_64-linux-gnu.so
-- Set runtime path of "/home/ethereal/rm_2025/rm_decision_2025_pb/install/rm_decision_interfaces/local/lib/python3.10/dist-packages/rm_decision_interfaces/rm_decision_interfaces_s__rosidl_typesupport_introspection_c.cpython-310-x86_64-linux-gnu.so" to ""
-- Installing: /home/ethereal/rm_2025/rm_decision_2025_pb/install/rm_decision_interfaces/local/lib/python3.10/dist-packages/rm_decision_interfaces/rm_decision_interfaces_s__rosidl_typesupport_c.cpython-310-x86_64-linux-gnu.so
-- Set runtime path of "/home/ethereal/rm_2025/rm_decision_2025_pb/install/rm_decision_interfaces/local/lib/python3.10/dist-packages/rm_decision_interfaces/rm_decision_interfaces_s__rosidl_typesupport_c.cpython-310-x86_64-linux-gnu.so" to ""
-- Installing: /home/ethereal/rm_2025/rm_decision_2025_pb/install/rm_decision_interfaces/lib/librm_decision_interfaces__rosidl_generator_py.so
-- Set runtime path of "/home/ethereal/rm_2025/rm_decision_2025_pb/install/rm_decision_interfaces/lib/librm_decision_interfaces__rosidl_generator_py.so" to ""
-- Installing: /home/ethereal/rm_2025/rm_decision_2025_pb/install/rm_decision_interfaces/share/rm_decision_interfaces/msg/AllRobotHP.idl
-- Installing: /home/ethereal/rm_2025/rm_decision_2025_pb/install/rm_decision_interfaces/share/rm_decision_interfaces/msg/Armor.idl
-- Installing: /home/ethereal/rm_2025/rm_decision_2025_pb/install/rm_decision_interfaces/share/rm_decision_interfaces/msg/FriendLocation.idl
-- Installing: /home/ethereal/rm_2025/rm_decision_2025_pb/install/rm_decision_interfaces/share/rm_decision_interfaces/msg/RFID.idl
-- Installing: /home/ethereal/rm_2025/rm_decision_2025_pb/install/rm_decision_interfaces/share/rm_decision_interfaces/msg/RobotStatus.idl
-- Installing: /home/ethereal/rm_2025/rm_decision_2025_pb/install/rm_decision_interfaces/share/rm_decision_interfaces/msg/ToSerial.idl
-- Installing: /home/ethereal/rm_2025/rm_decision_2025_pb/install/rm_decision_interfaces/share/rm_decision_interfaces/msg/FromSerial.idl
-- Installing: /home/ethereal/rm_2025/rm_decision_2025_pb/install/rm_decision_interfaces/share/rm_decision_interfaces/msg/ReceiveSerial.idl
-- Installing: /home/ethereal/rm_2025/rm_decision_2025_pb/install/rm_decision_interfaces/share/rm_decision_interfaces/msg/ToAutoAim.idl
-- Installing: /home/ethereal/rm_2025/rm_decision_2025_pb/install/rm_decision_interfaces/share/rm_decision_interfaces/msg/AllRobotHP.msg
-- Installing: /home/ethereal/rm_2025/rm_decision_2025_pb/install/rm_decision_interfaces/share/rm_decision_interfaces/msg/Armor.msg
-- Installing: /home/ethereal/rm_2025/rm_decision_2025_pb/install/rm_decision_interfaces/share/rm_decision_interfaces/msg/FriendLocation.msg
-- Installing: /home/ethereal/rm_2025/rm_decision_2025_pb/install/rm_decision_interfaces/share/rm_decision_interfaces/msg/RFID.msg
-- Installing: /home/ethereal/rm_2025/rm_decision_2025_pb/install/rm_decision_interfaces/share/rm_decision_interfaces/msg/RobotStatus.msg
-- Installing: /home/ethereal/rm_2025/rm_decision_2025_pb/install/rm_decision_interfaces/share/rm_decision_interfaces/msg/ToSerial.msg
-- Installing: /home/ethereal/rm_2025/rm_decision_2025_pb/install/rm_decision_interfaces/share/rm_decision_interfaces/msg/FromSerial.msg
-- Installing: /home/ethereal/rm_2025/rm_decision_2025_pb/install/rm_decision_interfaces/share/rm_decision_interfaces/msg/ReceiveSerial.msg
-- Installing: /home/ethereal/rm_2025/rm_decision_2025_pb/install/rm_decision_interfaces/share/rm_decision_interfaces/msg/ToAutoAim.msg
-- Installing: /home/ethereal/rm_2025/rm_decision_2025_pb/install/rm_decision_interfaces/share/ament_index/resource_index/package_run_dependencies/rm_decision_interfaces
-- Installing: /home/ethereal/rm_2025/rm_decision_2025_pb/install/rm_decision_interfaces/share/ament_index/resource_index/parent_prefix_path/rm_decision_interfaces
-- Installing: /home/ethereal/rm_2025/rm_decision_2025_pb/install/rm_decision_interfaces/share/rm_decision_interfaces/environment/ament_prefix_path.sh
-- Installing: /home/ethereal/rm_2025/rm_decision_2025_pb/install/rm_decision_interfaces/share/rm_decision_interfaces/environment/ament_prefix_path.dsv
-- Installing: /home/ethereal/rm_2025/rm_decision_2025_pb/install/rm_decision_interfaces/share/rm_decision_interfaces/environment/path.sh
-- Installing: /home/ethereal/rm_2025/rm_decision_2025_pb/install/rm_decision_interfaces/share/rm_decision_interfaces/environment/path.dsv
-- Installing: /home/ethereal/rm_2025/rm_decision_2025_pb/install/rm_decision_interfaces/share/rm_decision_interfaces/local_setup.bash
-- Installing: /home/ethereal/rm_2025/rm_decision_2025_pb/install/rm_decision_interfaces/share/rm_decision_interfaces/local_setup.sh
-- Installing: /home/ethereal/rm_2025/rm_decision_2025_pb/install/rm_decision_interfaces/share/rm_decision_interfaces/local_setup.zsh
-- Installing: /home/ethereal/rm_2025/rm_decision_2025_pb/install/rm_decision_interfaces/share/rm_decision_interfaces/local_setup.dsv
-- Installing: /home/ethereal/rm_2025/rm_decision_2025_pb/install/rm_decision_interfaces/share/rm_decision_interfaces/package.dsv
-- Installing: /home/ethereal/rm_2025/rm_decision_2025_pb/install/rm_decision_interfaces/share/ament_index/resource_index/packages/rm_decision_interfaces
-- Installing: /home/ethereal/rm_2025/rm_decision_2025_pb/install/rm_decision_interfaces/share/rm_decision_interfaces/cmake/export_rm_decision_interfaces__rosidl_generator_cExport.cmake
-- Installing: /home/ethereal/rm_2025/rm_decision_2025_pb/install/rm_decision_interfaces/share/rm_decision_interfaces/cmake/export_rm_decision_interfaces__rosidl_generator_cExport-noconfig.cmake
-- Installing: /home/ethereal/rm_2025/rm_decision_2025_pb/install/rm_decision_interfaces/share/rm_decision_interfaces/cmake/export_rm_decision_interfaces__rosidl_typesupport_fastrtps_cExport.cmake
-- Installing: /home/ethereal/rm_2025/rm_decision_2025_pb/install/rm_decision_interfaces/share/rm_decision_interfaces/cmake/export_rm_decision_interfaces__rosidl_typesupport_fastrtps_cExport-noconfig.cmake
-- Installing: /home/ethereal/rm_2025/rm_decision_2025_pb/install/rm_decision_interfaces/share/rm_decision_interfaces/cmake/export_rm_decision_interfaces__rosidl_generator_cppExport.cmake
-- Installing: /home/ethereal/rm_2025/rm_decision_2025_pb/install/rm_decision_interfaces/share/rm_decision_interfaces/cmake/export_rm_decision_interfaces__rosidl_typesupport_fastrtps_cppExport.cmake
-- Installing: /home/ethereal/rm_2025/rm_decision_2025_pb/install/rm_decision_interfaces/share/rm_decision_interfaces/cmake/export_rm_decision_interfaces__rosidl_typesupport_fastrtps_cppExport-noconfig.cmake
-- Installing: /home/ethereal/rm_2025/rm_decision_2025_pb/install/rm_decision_interfaces/share/rm_decision_interfaces/cmake/rm_decision_interfaces__rosidl_typesupport_introspection_cExport.cmake
-- Installing: /home/ethereal/rm_2025/rm_decision_2025_pb/install/rm_decision_interfaces/share/rm_decision_interfaces/cmake/rm_decision_interfaces__rosidl_typesupport_introspection_cExport-noconfig.cmake
-- Installing: /home/ethereal/rm_2025/rm_decision_2025_pb/install/rm_decision_interfaces/share/rm_decision_interfaces/cmake/rm_decision_interfaces__rosidl_typesupport_cExport.cmake
-- Installing: /home/ethereal/rm_2025/rm_decision_2025_pb/install/rm_decision_interfaces/share/rm_decision_interfaces/cmake/rm_decision_interfaces__rosidl_typesupport_cExport-noconfig.cmake
-- Installing: /home/ethereal/rm_2025/rm_decision_2025_pb/install/rm_decision_interfaces/share/rm_decision_interfaces/cmake/rm_decision_interfaces__rosidl_typesupport_introspection_cppExport.cmake
-- Installing: /home/ethereal/rm_2025/rm_decision_2025_pb/install/rm_decision_interfaces/share/rm_decision_interfaces/cmake/rm_decision_interfaces__rosidl_typesupport_introspection_cppExport-noconfig.cmake
-- Installing: /home/ethereal/rm_2025/rm_decision_2025_pb/install/rm_decision_interfaces/share/rm_decision_interfaces/cmake/rm_decision_interfaces__rosidl_typesupport_cppExport.cmake
-- Installing: /home/ethereal/rm_2025/rm_decision_2025_pb/install/rm_decision_interfaces/share/rm_decision_interfaces/cmake/rm_decision_interfaces__rosidl_typesupport_cppExport-noconfig.cmake
-- Installing: /home/ethereal/rm_2025/rm_decision_2025_pb/install/rm_decision_interfaces/share/rm_decision_interfaces/cmake/export_rm_decision_interfaces__rosidl_generator_pyExport.cmake
-- Installing: /home/ethereal/rm_2025/rm_decision_2025_pb/install/rm_decision_interfaces/share/rm_decision_interfaces/cmake/export_rm_decision_interfaces__rosidl_generator_pyExport-noconfig.cmake
-- Installing: /home/ethereal/rm_2025/rm_decision_2025_pb/install/rm_decision_interfaces/share/rm_decision_interfaces/cmake/rosidl_cmake-extras.cmake
-- Installing: /home/ethereal/rm_2025/rm_decision_2025_pb/install/rm_decision_interfaces/share/rm_decision_interfaces/cmake/ament_cmake_export_dependencies-extras.cmake
-- Installing: /home/ethereal/rm_2025/rm_decision_2025_pb/install/rm_decision_interfaces/share/rm_decision_interfaces/cmake/ament_cmake_export_include_directories-extras.cmake
-- Installing: /home/ethereal/rm_2025/rm_decision_2025_pb/install/rm_decision_interfaces/share/rm_decision_interfaces/cmake/ament_cmake_export_libraries-extras.cmake
-- Installing: /home/ethereal/rm_2025/rm_decision_2025_pb/install/rm_decision_interfaces/share/rm_decision_interfaces/cmake/ament_cmake_export_targets-extras.cmake
-- Installing: /home/ethereal/rm_2025/rm_decision_2025_pb/install/rm_decision_interfaces/share/rm_decision_interfaces/cmake/rosidl_cmake_export_typesupport_targets-extras.cmake
-- Installing: /home/ethereal/rm_2025/rm_decision_2025_pb/install/rm_decision_interfaces/share/rm_decision_interfaces/cmake/rosidl_cmake_export_typesupport_libraries-extras.cmake
-- Installing: /home/ethereal/rm_2025/rm_decision_2025_pb/install/rm_decision_interfaces/share/rm_decision_interfaces/cmake/rm_decision_interfacesConfig.cmake
-- Installing: /home/ethereal/rm_2025/rm_decision_2025_pb/install/rm_decision_interfaces/share/rm_decision_interfaces/cmake/rm_decision_interfacesConfig-version.cmake
-- Installing: /home/ethereal/rm_2025/rm_decision_2025_pb/install/rm_decision_interfaces/share/rm_decision_interfaces/package.xml
