[0.026s] Invoking command in '/home/ethereal/rm_2025/rm_decision_2025_pb/build/rm_decision_interfaces': CMAKE_PREFIX_PATH=/opt/ros/humble PS1=\[\e[1;32m\]\u@\h\[\e[0m\]:\[\e[1;34m\]\w\[\e[0m\]\$ /usr/bin/cmake /home/ethereal/rm_2025/rm_decision_2025_pb/src/State Level/rm_decision_interfaces -DCMAKE_INSTALL_PREFIX=/home/ethereal/rm_2025/rm_decision_2025_pb/install/rm_decision_interfaces
[0.133s] -- The C compiler identification is GNU 11.4.0
[0.187s] -- The CXX compiler identification is GNU 11.4.0
[0.197s] -- Detecting C compiler ABI info
[0.251s] -- Detecting C compiler ABI info - done
[0.257s] -- Check for working C compiler: /usr/bin/cc - skipped
[0.257s] -- Detecting C compile features
[0.259s] -- Detecting C compile features - done
[0.264s] -- Detecting CXX compiler ABI info
[0.329s] -- Detecting CXX compiler ABI info - done
[0.335s] -- Check for working CXX compiler: /usr/bin/c++ - skipped
[0.335s] -- Detecting CXX compile features
[0.336s] -- Detecting CXX compile features - done
[0.340s] -- Found ament_cmake: 1.3.11 (/opt/ros/humble/share/ament_cmake/cmake)
[0.474s] -- Found Python3: /usr/bin/python3 (found version "3.10.12") found components: Interpreter 
[0.583s] -- Found geometry_msgs: 4.2.4 (/opt/ros/humble/share/geometry_msgs/cmake)
[0.634s] -- Found rosidl_generator_c: 3.1.6 (/opt/ros/humble/share/rosidl_generator_c/cmake)
[0.639s] -- Found rosidl_adapter: 3.1.6 (/opt/ros/humble/share/rosidl_adapter/cmake)
[0.648s] -- Found rosidl_generator_cpp: 3.1.6 (/opt/ros/humble/share/rosidl_generator_cpp/cmake)
[0.663s] -- Using all available rosidl_typesupport_c: rosidl_typesupport_fastrtps_c;rosidl_typesupport_introspection_c
[0.673s] -- Using all available rosidl_typesupport_cpp: rosidl_typesupport_fastrtps_cpp;rosidl_typesupport_introspection_cpp
[0.723s] -- Found rosidl_default_generators: 1.2.0 (/opt/ros/humble/share/rosidl_default_generators/cmake)
[1.016s] -- Found ament_cmake_ros: 0.10.0 (/opt/ros/humble/share/ament_cmake_ros/cmake)
[1.385s] -- Using all available rosidl_typesupport_c: rosidl_typesupport_fastrtps_c;rosidl_typesupport_introspection_c
[1.533s] -- Using all available rosidl_typesupport_cpp: rosidl_typesupport_fastrtps_cpp;rosidl_typesupport_introspection_cpp
[1.553s] -- Found PythonInterp: /usr/bin/python3 (found suitable version "3.10.12", minimum required is "3.6") 
[1.554s] -- Found python_cmake_module: 0.10.0 (/opt/ros/humble/share/python_cmake_module/cmake)
[1.581s] -- Found PythonLibs: /usr/lib/x86_64-linux-gnu/libpython3.10.so (found suitable version "3.10.12", minimum required is "3.5") 
[1.581s] -- Using PYTHON_EXECUTABLE: /usr/bin/python3
[1.581s] -- Using PYTHON_INCLUDE_DIRS: /usr/include/python3.10
[1.581s] -- Using PYTHON_LIBRARIES: /usr/lib/x86_64-linux-gnu/libpython3.10.so
[1.601s] -- Found PythonExtra: .so  
[1.655s] -- Found ament_lint_auto: 0.12.11 (/opt/ros/humble/share/ament_lint_auto/cmake)
[1.671s] -- Added test 'lint_cmake' to check CMake code style
[1.672s] -- Added test 'xmllint' to check XML markup files
[1.675s] -- Configuring done
[1.749s] -- Generating done
[1.763s] -- Build files have been written to: /home/ethereal/rm_2025/rm_decision_2025_pb/build/rm_decision_interfaces
[1.775s] Invoked command in '/home/ethereal/rm_2025/rm_decision_2025_pb/build/rm_decision_interfaces' returned '0': CMAKE_PREFIX_PATH=/opt/ros/humble PS1=\[\e[1;32m\]\u@\h\[\e[0m\]:\[\e[1;34m\]\w\[\e[0m\]\$ /usr/bin/cmake /home/ethereal/rm_2025/rm_decision_2025_pb/src/State Level/rm_decision_interfaces -DCMAKE_INSTALL_PREFIX=/home/ethereal/rm_2025/rm_decision_2025_pb/install/rm_decision_interfaces
[1.777s] Invoking command in '/home/ethereal/rm_2025/rm_decision_2025_pb/build/rm_decision_interfaces': CMAKE_PREFIX_PATH=/opt/ros/humble PS1=\[\e[1;32m\]\u@\h\[\e[0m\]:\[\e[1;34m\]\w\[\e[0m\]\$ /usr/bin/cmake --build /home/ethereal/rm_2025/rm_decision_2025_pb/build/rm_decision_interfaces -- -j20 -l20
[1.811s] [  1%] [34m[1mGenerating C code for ROS interfaces[0m
[1.822s] [  2%] [34m[1mGenerating C++ code for ROS interfaces[0m
[1.826s] [  2%] Built target ament_cmake_python_copy_rm_decision_interfaces
[2.202s] running egg_info
[2.204s] creating rm_decision_interfaces.egg-info
[2.205s] writing rm_decision_interfaces.egg-info/PKG-INFO
[2.205s] writing dependency_links to rm_decision_interfaces.egg-info/dependency_links.txt
[2.206s] writing top-level names to rm_decision_interfaces.egg-info/top_level.txt
[2.206s] writing manifest file 'rm_decision_interfaces.egg-info/SOURCES.txt'
[2.209s] reading manifest file 'rm_decision_interfaces.egg-info/SOURCES.txt'
[2.210s] writing manifest file 'rm_decision_interfaces.egg-info/SOURCES.txt'
[2.251s] [  2%] Built target ament_cmake_python_build_rm_decision_interfaces_egg
[2.962s] [  2%] Built target rm_decision_interfaces__cpp
[2.974s] [  3%] [34m[1mGenerating C++ type support for eProsima Fast-RTPS[0m
[2.974s] [  4%] [34m[1mGenerating C++ type support dispatch for ROS interfaces[0m
[2.978s] [  5%] [34m[1mGenerating C++ introspection for ROS interfaces[0m
[3.025s] [  6%] [32mBuilding C object CMakeFiles/rm_decision_interfaces__rosidl_generator_c.dir/rosidl_generator_c/rm_decision_interfaces/msg/detail/all_robot_hp__functions.c.o[0m
[3.026s] [  7%] [32mBuilding C object CMakeFiles/rm_decision_interfaces__rosidl_generator_c.dir/rosidl_generator_c/rm_decision_interfaces/msg/detail/armor__functions.c.o[0m
[3.031s] [  8%] [32mBuilding C object CMakeFiles/rm_decision_interfaces__rosidl_generator_c.dir/rosidl_generator_c/rm_decision_interfaces/msg/detail/friend_location__functions.c.o[0m
[3.041s] [  9%] [32mBuilding C object CMakeFiles/rm_decision_interfaces__rosidl_generator_c.dir/rosidl_generator_c/rm_decision_interfaces/msg/detail/robot_status__functions.c.o[0m
[3.041s] [ 10%] [32mBuilding C object CMakeFiles/rm_decision_interfaces__rosidl_generator_c.dir/rosidl_generator_c/rm_decision_interfaces/msg/detail/rfid__functions.c.o[0m
[3.042s] [ 11%] [32mBuilding C object CMakeFiles/rm_decision_interfaces__rosidl_generator_c.dir/rosidl_generator_c/rm_decision_interfaces/msg/detail/to_serial__functions.c.o[0m
[3.044s] [ 12%] [32mBuilding C object CMakeFiles/rm_decision_interfaces__rosidl_generator_c.dir/rosidl_generator_c/rm_decision_interfaces/msg/detail/from_serial__functions.c.o[0m
[3.049s] [ 13%] [32mBuilding C object CMakeFiles/rm_decision_interfaces__rosidl_generator_c.dir/rosidl_generator_c/rm_decision_interfaces/msg/detail/to_auto_aim__functions.c.o[0m
[3.057s] [ 14%] [32mBuilding C object CMakeFiles/rm_decision_interfaces__rosidl_generator_c.dir/rosidl_generator_c/rm_decision_interfaces/msg/detail/receive_serial__functions.c.o[0m
[3.163s] [ 15%] [32m[1mLinking C shared library librm_decision_interfaces__rosidl_generator_c.so[0m
[3.268s] [ 15%] Built target rm_decision_interfaces__rosidl_generator_c
[3.300s] [ 16%] [34m[1mGenerating C type support dispatch for ROS interfaces[0m
[3.301s] [ 17%] [34m[1mGenerating C introspection for ROS interfaces[0m
[3.319s] [ 18%] [34m[1mGenerating C type support for eProsima Fast-RTPS[0m
[3.936s] [ 20%] [32mBuilding CXX object CMakeFiles/rm_decision_interfaces__rosidl_typesupport_cpp.dir/rosidl_typesupport_cpp/rm_decision_interfaces/msg/all_robot_hp__type_support.cpp.o[0m
[3.942s] [ 21%] [32mBuilding CXX object CMakeFiles/rm_decision_interfaces__rosidl_typesupport_cpp.dir/rosidl_typesupport_cpp/rm_decision_interfaces/msg/armor__type_support.cpp.o[0m
[3.946s] [ 22%] [32mBuilding CXX object CMakeFiles/rm_decision_interfaces__rosidl_typesupport_cpp.dir/rosidl_typesupport_cpp/rm_decision_interfaces/msg/friend_location__type_support.cpp.o[0m
[3.987s] [ 23%] [32mBuilding CXX object CMakeFiles/rm_decision_interfaces__rosidl_typesupport_cpp.dir/rosidl_typesupport_cpp/rm_decision_interfaces/msg/rfid__type_support.cpp.o[0m
[4.016s] [ 24%] [32mBuilding CXX object CMakeFiles/rm_decision_interfaces__rosidl_typesupport_cpp.dir/rosidl_typesupport_cpp/rm_decision_interfaces/msg/robot_status__type_support.cpp.o[0m
[4.044s] [ 25%] [32mBuilding CXX object CMakeFiles/rm_decision_interfaces__rosidl_typesupport_cpp.dir/rosidl_typesupport_cpp/rm_decision_interfaces/msg/to_serial__type_support.cpp.o[0m
[4.073s] [ 26%] [32mBuilding CXX object CMakeFiles/rm_decision_interfaces__rosidl_typesupport_cpp.dir/rosidl_typesupport_cpp/rm_decision_interfaces/msg/from_serial__type_support.cpp.o[0m
[4.122s] [ 27%] [32mBuilding CXX object CMakeFiles/rm_decision_interfaces__rosidl_typesupport_cpp.dir/rosidl_typesupport_cpp/rm_decision_interfaces/msg/receive_serial__type_support.cpp.o[0m
[4.149s] [ 28%] [32mBuilding CXX object CMakeFiles/rm_decision_interfaces__rosidl_typesupport_introspection_cpp.dir/rosidl_typesupport_introspection_cpp/rm_decision_interfaces/msg/detail/all_robot_hp__type_support.cpp.o[0m
[4.157s] [ 29%] [32mBuilding CXX object CMakeFiles/rm_decision_interfaces__rosidl_typesupport_cpp.dir/rosidl_typesupport_cpp/rm_decision_interfaces/msg/to_auto_aim__type_support.cpp.o[0m
[4.182s] [ 30%] [32mBuilding CXX object CMakeFiles/rm_decision_interfaces__rosidl_typesupport_introspection_cpp.dir/rosidl_typesupport_introspection_cpp/rm_decision_interfaces/msg/detail/armor__type_support.cpp.o[0m
[4.186s] [ 31%] [32mBuilding CXX object CMakeFiles/rm_decision_interfaces__rosidl_typesupport_introspection_cpp.dir/rosidl_typesupport_introspection_cpp/rm_decision_interfaces/msg/detail/friend_location__type_support.cpp.o[0m
[4.195s] [ 32%] [32mBuilding CXX object CMakeFiles/rm_decision_interfaces__rosidl_typesupport_introspection_cpp.dir/rosidl_typesupport_introspection_cpp/rm_decision_interfaces/msg/detail/rfid__type_support.cpp.o[0m
[4.228s] [ 33%] [32mBuilding CXX object CMakeFiles/rm_decision_interfaces__rosidl_typesupport_introspection_cpp.dir/rosidl_typesupport_introspection_cpp/rm_decision_interfaces/msg/detail/robot_status__type_support.cpp.o[0m
[4.301s] [ 34%] [32mBuilding CXX object CMakeFiles/rm_decision_interfaces__rosidl_typesupport_introspection_cpp.dir/rosidl_typesupport_introspection_cpp/rm_decision_interfaces/msg/detail/to_serial__type_support.cpp.o[0m
[4.306s] [ 35%] [32mBuilding CXX object CMakeFiles/rm_decision_interfaces__rosidl_typesupport_fastrtps_cpp.dir/rosidl_typesupport_fastrtps_cpp/rm_decision_interfaces/msg/detail/dds_fastrtps/all_robot_hp__type_support.cpp.o[0m
[4.333s] [ 36%] [32mBuilding CXX object CMakeFiles/rm_decision_interfaces__rosidl_typesupport_fastrtps_cpp.dir/rosidl_typesupport_fastrtps_cpp/rm_decision_interfaces/msg/detail/dds_fastrtps/armor__type_support.cpp.o[0m
[4.347s] [ 37%] [32mBuilding CXX object CMakeFiles/rm_decision_interfaces__rosidl_typesupport_c.dir/rosidl_typesupport_c/rm_decision_interfaces/msg/all_robot_hp__type_support.cpp.o[0m
[4.405s] [ 38%] [32mBuilding CXX object CMakeFiles/rm_decision_interfaces__rosidl_typesupport_fastrtps_cpp.dir/rosidl_typesupport_fastrtps_cpp/rm_decision_interfaces/msg/detail/dds_fastrtps/friend_location__type_support.cpp.o[0m
[4.496s] [ 40%] [32mBuilding CXX object CMakeFiles/rm_decision_interfaces__rosidl_typesupport_c.dir/rosidl_typesupport_c/rm_decision_interfaces/msg/armor__type_support.cpp.o[0m
[4.561s] [ 41%] [32mBuilding CXX object CMakeFiles/rm_decision_interfaces__rosidl_typesupport_introspection_cpp.dir/rosidl_typesupport_introspection_cpp/rm_decision_interfaces/msg/detail/from_serial__type_support.cpp.o[0m
[4.637s] [ 42%] [32mBuilding CXX object CMakeFiles/rm_decision_interfaces__rosidl_typesupport_c.dir/rosidl_typesupport_c/rm_decision_interfaces/msg/friend_location__type_support.cpp.o[0m
[4.671s] [ 43%] [32mBuilding CXX object CMakeFiles/rm_decision_interfaces__rosidl_typesupport_introspection_cpp.dir/rosidl_typesupport_introspection_cpp/rm_decision_interfaces/msg/detail/receive_serial__type_support.cpp.o[0m
[4.680s] [ 44%] [32mBuilding CXX object CMakeFiles/rm_decision_interfaces__rosidl_typesupport_c.dir/rosidl_typesupport_c/rm_decision_interfaces/msg/rfid__type_support.cpp.o[0m
[4.704s] [ 45%] [32mBuilding CXX object CMakeFiles/rm_decision_interfaces__rosidl_typesupport_introspection_cpp.dir/rosidl_typesupport_introspection_cpp/rm_decision_interfaces/msg/detail/to_auto_aim__type_support.cpp.o[0m
[4.820s] [ 46%] [32mBuilding C object CMakeFiles/rm_decision_interfaces__rosidl_typesupport_introspection_c.dir/rosidl_typesupport_introspection_c/rm_decision_interfaces/msg/detail/all_robot_hp__type_support.c.o[0m
[4.857s] [ 47%] [32mBuilding CXX object CMakeFiles/rm_decision_interfaces__rosidl_typesupport_c.dir/rosidl_typesupport_c/rm_decision_interfaces/msg/robot_status__type_support.cpp.o[0m
[4.858s] [ 48%] [32mBuilding C object CMakeFiles/rm_decision_interfaces__rosidl_typesupport_introspection_c.dir/rosidl_typesupport_introspection_c/rm_decision_interfaces/msg/detail/armor__type_support.c.o[0m
[4.865s] [ 49%] [32mBuilding CXX object CMakeFiles/rm_decision_interfaces__rosidl_typesupport_fastrtps_cpp.dir/rosidl_typesupport_fastrtps_cpp/rm_decision_interfaces/msg/detail/dds_fastrtps/rfid__type_support.cpp.o[0m
[4.885s] [ 50%] [32mBuilding C object CMakeFiles/rm_decision_interfaces__rosidl_typesupport_introspection_c.dir/rosidl_typesupport_introspection_c/rm_decision_interfaces/msg/detail/friend_location__type_support.c.o[0m
[4.948s] [ 51%] [32mBuilding C object CMakeFiles/rm_decision_interfaces__rosidl_typesupport_introspection_c.dir/rosidl_typesupport_introspection_c/rm_decision_interfaces/msg/detail/rfid__type_support.c.o[0m
[5.030s] [ 52%] [32mBuilding CXX object CMakeFiles/rm_decision_interfaces__rosidl_typesupport_c.dir/rosidl_typesupport_c/rm_decision_interfaces/msg/to_serial__type_support.cpp.o[0m
[5.043s] [ 53%] [32mBuilding C object CMakeFiles/rm_decision_interfaces__rosidl_typesupport_introspection_c.dir/rosidl_typesupport_introspection_c/rm_decision_interfaces/msg/detail/to_serial__type_support.c.o[0m
[5.058s] [ 54%] [32mBuilding C object CMakeFiles/rm_decision_interfaces__rosidl_typesupport_introspection_c.dir/rosidl_typesupport_introspection_c/rm_decision_interfaces/msg/detail/robot_status__type_support.c.o[0m
[5.101s] [ 55%] [32mBuilding CXX object CMakeFiles/rm_decision_interfaces__rosidl_typesupport_c.dir/rosidl_typesupport_c/rm_decision_interfaces/msg/from_serial__type_support.cpp.o[0m
[5.124s] [ 56%] [32mBuilding C object CMakeFiles/rm_decision_interfaces__rosidl_typesupport_introspection_c.dir/rosidl_typesupport_introspection_c/rm_decision_interfaces/msg/detail/from_serial__type_support.c.o[0m
[5.188s] [ 57%] [32mBuilding CXX object CMakeFiles/rm_decision_interfaces__rosidl_typesupport_fastrtps_c.dir/rosidl_typesupport_fastrtps_c/rm_decision_interfaces/msg/detail/all_robot_hp__type_support_c.cpp.o[0m
[5.258s] [ 60%] [32mBuilding C object CMakeFiles/rm_decision_interfaces__rosidl_typesupport_introspection_c.dir/rosidl_typesupport_introspection_c/rm_decision_interfaces/msg/detail/receive_serial__type_support.c.o[0m
[5.262s] [ 61%] [32mBuilding CXX object CMakeFiles/rm_decision_interfaces__rosidl_typesupport_fastrtps_c.dir/rosidl_typesupport_fastrtps_c/rm_decision_interfaces/msg/detail/armor__type_support_c.cpp.o[0m
[5.263s] [ 61%] [32mBuilding C object CMakeFiles/rm_decision_interfaces__rosidl_typesupport_introspection_c.dir/rosidl_typesupport_introspection_c/rm_decision_interfaces/msg/detail/to_auto_aim__type_support.c.o[0m
[5.310s] [ 62%] [32mBuilding CXX object CMakeFiles/rm_decision_interfaces__rosidl_typesupport_fastrtps_c.dir/rosidl_typesupport_fastrtps_c/rm_decision_interfaces/msg/detail/friend_location__type_support_c.cpp.o[0m
[5.337s] [ 64%] [32mBuilding CXX object CMakeFiles/rm_decision_interfaces__rosidl_typesupport_fastrtps_cpp.dir/rosidl_typesupport_fastrtps_cpp/rm_decision_interfaces/msg/detail/dds_fastrtps/robot_status__type_support.cpp.o[0m
[5.348s] [ 64%] [32mBuilding CXX object CMakeFiles/rm_decision_interfaces__rosidl_typesupport_c.dir/rosidl_typesupport_c/rm_decision_interfaces/msg/receive_serial__type_support.cpp.o[0m
[5.436s] [ 66%] [32mBuilding CXX object CMakeFiles/rm_decision_interfaces__rosidl_typesupport_fastrtps_cpp.dir/rosidl_typesupport_fastrtps_cpp/rm_decision_interfaces/msg/detail/dds_fastrtps/to_serial__type_support.cpp.o[0m
[5.448s] [ 66%] [32m[1mLinking C shared library librm_decision_interfaces__rosidl_typesupport_introspection_c.so[0m
[5.565s] [ 68%] [32mBuilding CXX object CMakeFiles/rm_decision_interfaces__rosidl_typesupport_fastrtps_cpp.dir/rosidl_typesupport_fastrtps_cpp/rm_decision_interfaces/msg/detail/dds_fastrtps/from_serial__type_support.cpp.o[0m
[5.575s] [ 69%] [32m[1mLinking CXX shared library librm_decision_interfaces__rosidl_typesupport_cpp.so[0m
[5.578s] [ 69%] [32mBuilding CXX object CMakeFiles/rm_decision_interfaces__rosidl_typesupport_c.dir/rosidl_typesupport_c/rm_decision_interfaces/msg/to_auto_aim__type_support.cpp.o[0m
[5.659s] [ 69%] Built target rm_decision_interfaces__rosidl_typesupport_introspection_c
[5.686s] [ 70%] [32mBuilding CXX object CMakeFiles/rm_decision_interfaces__rosidl_typesupport_fastrtps_c.dir/rosidl_typesupport_fastrtps_c/rm_decision_interfaces/msg/detail/rfid__type_support_c.cpp.o[0m
[5.739s] [ 71%] [32mBuilding CXX object CMakeFiles/rm_decision_interfaces__rosidl_typesupport_fastrtps_c.dir/rosidl_typesupport_fastrtps_c/rm_decision_interfaces/msg/detail/robot_status__type_support_c.cpp.o[0m
[5.756s] [ 72%] [32m[1mLinking CXX shared library librm_decision_interfaces__rosidl_typesupport_c.so[0m
[5.828s] [ 73%] [32mBuilding CXX object CMakeFiles/rm_decision_interfaces__rosidl_typesupport_fastrtps_cpp.dir/rosidl_typesupport_fastrtps_cpp/rm_decision_interfaces/msg/detail/dds_fastrtps/receive_serial__type_support.cpp.o[0m
[5.857s] [ 73%] Built target rm_decision_interfaces__rosidl_typesupport_cpp
[5.875s] [ 74%] [32mBuilding CXX object CMakeFiles/rm_decision_interfaces__rosidl_typesupport_fastrtps_c.dir/rosidl_typesupport_fastrtps_c/rm_decision_interfaces/msg/detail/to_serial__type_support_c.cpp.o[0m
[5.896s] [ 75%] [32mBuilding CXX object CMakeFiles/rm_decision_interfaces__rosidl_typesupport_fastrtps_cpp.dir/rosidl_typesupport_fastrtps_cpp/rm_decision_interfaces/msg/detail/dds_fastrtps/to_auto_aim__type_support.cpp.o[0m
[5.926s] [ 76%] [32mBuilding CXX object CMakeFiles/rm_decision_interfaces__rosidl_typesupport_fastrtps_c.dir/rosidl_typesupport_fastrtps_c/rm_decision_interfaces/msg/detail/from_serial__type_support_c.cpp.o[0m
[5.996s] [ 77%] [32mBuilding CXX object CMakeFiles/rm_decision_interfaces__rosidl_typesupport_fastrtps_c.dir/rosidl_typesupport_fastrtps_c/rm_decision_interfaces/msg/detail/receive_serial__type_support_c.cpp.o[0m
[6.071s] [ 77%] Built target rm_decision_interfaces__rosidl_typesupport_c
[6.077s] [ 78%] [32mBuilding CXX object CMakeFiles/rm_decision_interfaces__rosidl_typesupport_fastrtps_c.dir/rosidl_typesupport_fastrtps_c/rm_decision_interfaces/msg/detail/to_auto_aim__type_support_c.cpp.o[0m
[6.780s] [ 80%] [32m[1mLinking CXX shared library librm_decision_interfaces__rosidl_typesupport_introspection_cpp.so[0m
[7.491s] [ 80%] Built target rm_decision_interfaces__rosidl_typesupport_introspection_cpp
[7.794s] [ 81%] [32m[1mLinking CXX shared library librm_decision_interfaces__rosidl_typesupport_fastrtps_c.so[0m
[8.110s] [ 82%] [32m[1mLinking CXX shared library librm_decision_interfaces__rosidl_typesupport_fastrtps_cpp.so[0m
[8.298s] [ 82%] Built target rm_decision_interfaces__rosidl_typesupport_fastrtps_c
[8.364s] [ 82%] Built target rm_decision_interfaces__rosidl_typesupport_fastrtps_cpp
[8.390s] [ 82%] Built target rm_decision_interfaces
[8.414s] [ 83%] [34m[1mGenerating Python code for ROS interfaces[0m
[10.024s] [ 83%] Built target rm_decision_interfaces__py
[10.051s] [ 84%] [32mBuilding C object CMakeFiles/rm_decision_interfaces__rosidl_generator_py.dir/rosidl_generator_py/rm_decision_interfaces/msg/_friend_location_s.c.o[0m
[10.052s] [ 85%] [32mBuilding C object CMakeFiles/rm_decision_interfaces__rosidl_generator_py.dir/rosidl_generator_py/rm_decision_interfaces/msg/_all_robot_hp_s.c.o[0m
[10.059s] [ 86%] [32mBuilding C object CMakeFiles/rm_decision_interfaces__rosidl_generator_py.dir/rosidl_generator_py/rm_decision_interfaces/msg/_rfid_s.c.o[0m
[10.065s] [ 87%] [32mBuilding C object CMakeFiles/rm_decision_interfaces__rosidl_generator_py.dir/rosidl_generator_py/rm_decision_interfaces/msg/_armor_s.c.o[0m
[10.070s] [ 88%] [32mBuilding C object CMakeFiles/rm_decision_interfaces__rosidl_generator_py.dir/rosidl_generator_py/rm_decision_interfaces/msg/_robot_status_s.c.o[0m
[10.150s] [ 89%] [32mBuilding C object CMakeFiles/rm_decision_interfaces__rosidl_generator_py.dir/rosidl_generator_py/rm_decision_interfaces/msg/_to_serial_s.c.o[0m
[10.169s] [ 90%] [32mBuilding C object CMakeFiles/rm_decision_interfaces__rosidl_generator_py.dir/rosidl_generator_py/rm_decision_interfaces/msg/_receive_serial_s.c.o[0m
[10.173s] [ 91%] [32mBuilding C object CMakeFiles/rm_decision_interfaces__rosidl_generator_py.dir/rosidl_generator_py/rm_decision_interfaces/msg/_from_serial_s.c.o[0m
[10.190s] [ 92%] [32mBuilding C object CMakeFiles/rm_decision_interfaces__rosidl_generator_py.dir/rosidl_generator_py/rm_decision_interfaces/msg/_to_auto_aim_s.c.o[0m
[10.414s] [ 93%] [32m[1mLinking C shared library rosidl_generator_py/rm_decision_interfaces/librm_decision_interfaces__rosidl_generator_py.so[0m
[10.645s] [ 93%] Built target rm_decision_interfaces__rosidl_generator_py
[10.726s] [ 94%] [32mBuilding C object CMakeFiles/rm_decision_interfaces__rosidl_typesupport_fastrtps_c__pyext.dir/rosidl_generator_py/rm_decision_interfaces/_rm_decision_interfaces_s.ep.rosidl_typesupport_fastrtps_c.c.o[0m
[10.787s] [ 95%] [32mBuilding C object CMakeFiles/rm_decision_interfaces__rosidl_typesupport_introspection_c__pyext.dir/rosidl_generator_py/rm_decision_interfaces/_rm_decision_interfaces_s.ep.rosidl_typesupport_introspection_c.c.o[0m
[10.797s] [ 96%] [32mBuilding C object CMakeFiles/rm_decision_interfaces__rosidl_typesupport_c__pyext.dir/rosidl_generator_py/rm_decision_interfaces/_rm_decision_interfaces_s.ep.rosidl_typesupport_c.c.o[0m
[10.942s] [ 97%] [32m[1mLinking C shared library rosidl_generator_py/rm_decision_interfaces/rm_decision_interfaces_s__rosidl_typesupport_fastrtps_c.cpython-310-x86_64-linux-gnu.so[0m
[11.078s] [ 97%] Built target rm_decision_interfaces__rosidl_typesupport_fastrtps_c__pyext
[11.129s] [ 98%] [32m[1mLinking C shared library rosidl_generator_py/rm_decision_interfaces/rm_decision_interfaces_s__rosidl_typesupport_introspection_c.cpython-310-x86_64-linux-gnu.so[0m
[11.243s] [ 98%] Built target rm_decision_interfaces__rosidl_typesupport_introspection_c__pyext
[11.308s] [100%] [32m[1mLinking C shared library rosidl_generator_py/rm_decision_interfaces/rm_decision_interfaces_s__rosidl_typesupport_c.cpython-310-x86_64-linux-gnu.so[0m
[11.414s] [100%] Built target rm_decision_interfaces__rosidl_typesupport_c__pyext
[11.461s] Invoked command in '/home/ethereal/rm_2025/rm_decision_2025_pb/build/rm_decision_interfaces' returned '0': CMAKE_PREFIX_PATH=/opt/ros/humble PS1=\[\e[1;32m\]\u@\h\[\e[0m\]:\[\e[1;34m\]\w\[\e[0m\]\$ /usr/bin/cmake --build /home/ethereal/rm_2025/rm_decision_2025_pb/build/rm_decision_interfaces -- -j20 -l20
[11.464s] Invoking command in '/home/ethereal/rm_2025/rm_decision_2025_pb/build/rm_decision_interfaces': CMAKE_PREFIX_PATH=/opt/ros/humble PS1=\[\e[1;32m\]\u@\h\[\e[0m\]:\[\e[1;34m\]\w\[\e[0m\]\$ /usr/bin/cmake --install /home/ethereal/rm_2025/rm_decision_2025_pb/build/rm_decision_interfaces
[11.474s] -- Install configuration: ""
[11.486s] -- Installing: /home/ethereal/rm_2025/rm_decision_2025_pb/install/rm_decision_interfaces/share/ament_index/resource_index/rosidl_interfaces/rm_decision_interfaces
[11.486s] -- Installing: /home/ethereal/rm_2025/rm_decision_2025_pb/install/rm_decision_interfaces/include/rm_decision_interfaces/rm_decision_interfaces
[11.487s] -- Installing: /home/ethereal/rm_2025/rm_decision_2025_pb/install/rm_decision_interfaces/include/rm_decision_interfaces/rm_decision_interfaces/msg
[11.488s] -- Installing: /home/ethereal/rm_2025/rm_decision_2025_pb/install/rm_decision_interfaces/include/rm_decision_interfaces/rm_decision_interfaces/msg/friend_location.h
[11.489s] -- Installing: /home/ethereal/rm_2025/rm_decision_2025_pb/install/rm_decision_interfaces/include/rm_decision_interfaces/rm_decision_interfaces/msg/from_serial.h
[11.489s] -- Installing: /home/ethereal/rm_2025/rm_decision_2025_pb/install/rm_decision_interfaces/include/rm_decision_interfaces/rm_decision_interfaces/msg/detail
[11.490s] -- Installing: /home/ethereal/rm_2025/rm_decision_2025_pb/install/rm_decision_interfaces/include/rm_decision_interfaces/rm_decision_interfaces/msg/detail/from_serial__functions.c
[11.490s] -- Installing: /home/ethereal/rm_2025/rm_decision_2025_pb/install/rm_decision_interfaces/include/rm_decision_interfaces/rm_decision_interfaces/msg/detail/to_serial__struct.h
[11.490s] -- Installing: /home/ethereal/rm_2025/rm_decision_2025_pb/install/rm_decision_interfaces/include/rm_decision_interfaces/rm_decision_interfaces/msg/detail/to_auto_aim__functions.h
[11.491s] -- Installing: /home/ethereal/rm_2025/rm_decision_2025_pb/install/rm_decision_interfaces/include/rm_decision_interfaces/rm_decision_interfaces/msg/detail/to_auto_aim__functions.c
[11.491s] -- Installing: /home/ethereal/rm_2025/rm_decision_2025_pb/install/rm_decision_interfaces/include/rm_decision_interfaces/rm_decision_interfaces/msg/detail/rfid__functions.c
[11.491s] -- Installing: /home/ethereal/rm_2025/rm_decision_2025_pb/install/rm_decision_interfaces/include/rm_decision_interfaces/rm_decision_interfaces/msg/detail/from_serial__functions.h
[11.491s] -- Installing: /home/ethereal/rm_2025/rm_decision_2025_pb/install/rm_decision_interfaces/include/rm_decision_interfaces/rm_decision_interfaces/msg/detail/receive_serial__functions.h
[11.491s] -- Installing: /home/ethereal/rm_2025/rm_decision_2025_pb/install/rm_decision_interfaces/include/rm_decision_interfaces/rm_decision_interfaces/msg/detail/all_robot_hp__struct.h
[11.492s] -- Installing: /home/ethereal/rm_2025/rm_decision_2025_pb/install/rm_decision_interfaces/include/rm_decision_interfaces/rm_decision_interfaces/msg/detail/from_serial__type_support.h
[11.492s] -- Installing: /home/ethereal/rm_2025/rm_decision_2025_pb/install/rm_decision_interfaces/include/rm_decision_interfaces/rm_decision_interfaces/msg/detail/to_serial__type_support.h
[11.492s] -- Installing: /home/ethereal/rm_2025/rm_decision_2025_pb/install/rm_decision_interfaces/include/rm_decision_interfaces/rm_decision_interfaces/msg/detail/armor__struct.h
[11.492s] -- Installing: /home/ethereal/rm_2025/rm_decision_2025_pb/install/rm_decision_interfaces/include/rm_decision_interfaces/rm_decision_interfaces/msg/detail/receive_serial__struct.h
[11.493s] -- Installing: /home/ethereal/rm_2025/rm_decision_2025_pb/install/rm_decision_interfaces/include/rm_decision_interfaces/rm_decision_interfaces/msg/detail/armor__functions.h
[11.493s] -- Installing: /home/ethereal/rm_2025/rm_decision_2025_pb/install/rm_decision_interfaces/include/rm_decision_interfaces/rm_decision_interfaces/msg/detail/from_serial__struct.h
[11.493s] -- Installing: /home/ethereal/rm_2025/rm_decision_2025_pb/install/rm_decision_interfaces/include/rm_decision_interfaces/rm_decision_interfaces/msg/detail/rfid__struct.h
[11.493s] -- Installing: /home/ethereal/rm_2025/rm_decision_2025_pb/install/rm_decision_interfaces/include/rm_decision_interfaces/rm_decision_interfaces/msg/detail/robot_status__functions.c
[11.493s] -- Installing: /home/ethereal/rm_2025/rm_decision_2025_pb/install/rm_decision_interfaces/include/rm_decision_interfaces/rm_decision_interfaces/msg/detail/armor__type_support.h
[11.493s] -- Installing: /home/ethereal/rm_2025/rm_decision_2025_pb/install/rm_decision_interfaces/include/rm_decision_interfaces/rm_decision_interfaces/msg/detail/receive_serial__functions.c
[11.494s] -- Installing: /home/ethereal/rm_2025/rm_decision_2025_pb/install/rm_decision_interfaces/include/rm_decision_interfaces/rm_decision_interfaces/msg/detail/armor__functions.c
[11.494s] -- Installing: /home/ethereal/rm_2025/rm_decision_2025_pb/install/rm_decision_interfaces/include/rm_decision_interfaces/rm_decision_interfaces/msg/detail/all_robot_hp__type_support.h
[11.494s] -- Installing: /home/ethereal/rm_2025/rm_decision_2025_pb/install/rm_decision_interfaces/include/rm_decision_interfaces/rm_decision_interfaces/msg/detail/to_serial__functions.h
[11.494s] -- Installing: /home/ethereal/rm_2025/rm_decision_2025_pb/install/rm_decision_interfaces/include/rm_decision_interfaces/rm_decision_interfaces/msg/detail/to_serial__functions.c
[11.494s] -- Installing: /home/ethereal/rm_2025/rm_decision_2025_pb/install/rm_decision_interfaces/include/rm_decision_interfaces/rm_decision_interfaces/msg/detail/all_robot_hp__functions.h
[11.494s] -- Installing: /home/ethereal/rm_2025/rm_decision_2025_pb/install/rm_decision_interfaces/include/rm_decision_interfaces/rm_decision_interfaces/msg/detail/rfid__type_support.h
[11.494s] -- Installing: /home/ethereal/rm_2025/rm_decision_2025_pb/install/rm_decision_interfaces/include/rm_decision_interfaces/rm_decision_interfaces/msg/detail/receive_serial__type_support.h
[11.495s] -- Installing: /home/ethereal/rm_2025/rm_decision_2025_pb/install/rm_decision_interfaces/include/rm_decision_interfaces/rm_decision_interfaces/msg/detail/robot_status__type_support.h
[11.495s] -- Installing: /home/ethereal/rm_2025/rm_decision_2025_pb/install/rm_decision_interfaces/include/rm_decision_interfaces/rm_decision_interfaces/msg/detail/rfid__functions.h
[11.495s] -- Installing: /home/ethereal/rm_2025/rm_decision_2025_pb/install/rm_decision_interfaces/include/rm_decision_interfaces/rm_decision_interfaces/msg/detail/robot_status__functions.h
[11.495s] -- Installing: /home/ethereal/rm_2025/rm_decision_2025_pb/install/rm_decision_interfaces/include/rm_decision_interfaces/rm_decision_interfaces/msg/detail/friend_location__type_support.h
[11.495s] -- Installing: /home/ethereal/rm_2025/rm_decision_2025_pb/install/rm_decision_interfaces/include/rm_decision_interfaces/rm_decision_interfaces/msg/detail/to_auto_aim__type_support.h
[11.496s] -- Installing: /home/ethereal/rm_2025/rm_decision_2025_pb/install/rm_decision_interfaces/include/rm_decision_interfaces/rm_decision_interfaces/msg/detail/friend_location__functions.c
[11.496s] -- Installing: /home/ethereal/rm_2025/rm_decision_2025_pb/install/rm_decision_interfaces/include/rm_decision_interfaces/rm_decision_interfaces/msg/detail/friend_location__struct.h
[11.496s] -- Installing: /home/ethereal/rm_2025/rm_decision_2025_pb/install/rm_decision_interfaces/include/rm_decision_interfaces/rm_decision_interfaces/msg/detail/friend_location__functions.h
[11.497s] -- Installing: /home/ethereal/rm_2025/rm_decision_2025_pb/install/rm_decision_interfaces/include/rm_decision_interfaces/rm_decision_interfaces/msg/detail/to_auto_aim__struct.h
[11.497s] -- Installing: /home/ethereal/rm_2025/rm_decision_2025_pb/install/rm_decision_interfaces/include/rm_decision_interfaces/rm_decision_interfaces/msg/detail/robot_status__struct.h
[11.497s] -- Installing: /home/ethereal/rm_2025/rm_decision_2025_pb/install/rm_decision_interfaces/include/rm_decision_interfaces/rm_decision_interfaces/msg/detail/all_robot_hp__functions.c
[11.497s] -- Installing: /home/ethereal/rm_2025/rm_decision_2025_pb/install/rm_decision_interfaces/include/rm_decision_interfaces/rm_decision_interfaces/msg/receive_serial.h
[11.497s] -- Installing: /home/ethereal/rm_2025/rm_decision_2025_pb/install/rm_decision_interfaces/include/rm_decision_interfaces/rm_decision_interfaces/msg/robot_status.h
[11.497s] -- Installing: /home/ethereal/rm_2025/rm_decision_2025_pb/install/rm_decision_interfaces/include/rm_decision_interfaces/rm_decision_interfaces/msg/all_robot_hp.h
[11.497s] -- Installing: /home/ethereal/rm_2025/rm_decision_2025_pb/install/rm_decision_interfaces/include/rm_decision_interfaces/rm_decision_interfaces/msg/to_auto_aim.h
[11.497s] -- Installing: /home/ethereal/rm_2025/rm_decision_2025_pb/install/rm_decision_interfaces/include/rm_decision_interfaces/rm_decision_interfaces/msg/armor.h
[11.497s] -- Installing: /home/ethereal/rm_2025/rm_decision_2025_pb/install/rm_decision_interfaces/include/rm_decision_interfaces/rm_decision_interfaces/msg/to_serial.h
[11.497s] -- Installing: /home/ethereal/rm_2025/rm_decision_2025_pb/install/rm_decision_interfaces/include/rm_decision_interfaces/rm_decision_interfaces/msg/rfid.h
[11.498s] -- Installing: /home/ethereal/rm_2025/rm_decision_2025_pb/install/rm_decision_interfaces/include/rm_decision_interfaces/rm_decision_interfaces/msg/rosidl_generator_c__visibility_control.h
[11.500s] -- Installing: /home/ethereal/rm_2025/rm_decision_2025_pb/install/rm_decision_interfaces/share/rm_decision_interfaces/environment/library_path.sh
[11.501s] -- Installing: /home/ethereal/rm_2025/rm_decision_2025_pb/install/rm_decision_interfaces/share/rm_decision_interfaces/environment/library_path.dsv
[11.501s] -- Installing: /home/ethereal/rm_2025/rm_decision_2025_pb/install/rm_decision_interfaces/lib/librm_decision_interfaces__rosidl_generator_c.so
[11.502s] -- Set runtime path of "/home/ethereal/rm_2025/rm_decision_2025_pb/install/rm_decision_interfaces/lib/librm_decision_interfaces__rosidl_generator_c.so" to ""
[11.502s] -- Up-to-date: /home/ethereal/rm_2025/rm_decision_2025_pb/install/rm_decision_interfaces/include/rm_decision_interfaces/rm_decision_interfaces
[11.502s] -- Up-to-date: /home/ethereal/rm_2025/rm_decision_2025_pb/install/rm_decision_interfaces/include/rm_decision_interfaces/rm_decision_interfaces/msg
[11.503s] -- Up-to-date: /home/ethereal/rm_2025/rm_decision_2025_pb/install/rm_decision_interfaces/include/rm_decision_interfaces/rm_decision_interfaces/msg/detail
[11.503s] -- Installing: /home/ethereal/rm_2025/rm_decision_2025_pb/install/rm_decision_interfaces/include/rm_decision_interfaces/rm_decision_interfaces/msg/detail/from_serial__rosidl_typesupport_fastrtps_c.h
[11.504s] -- Installing: /home/ethereal/rm_2025/rm_decision_2025_pb/install/rm_decision_interfaces/include/rm_decision_interfaces/rm_decision_interfaces/msg/detail/armor__rosidl_typesupport_fastrtps_c.h
[11.504s] -- Installing: /home/ethereal/rm_2025/rm_decision_2025_pb/install/rm_decision_interfaces/include/rm_decision_interfaces/rm_decision_interfaces/msg/detail/to_serial__rosidl_typesupport_fastrtps_c.h
[11.504s] -- Installing: /home/ethereal/rm_2025/rm_decision_2025_pb/install/rm_decision_interfaces/include/rm_decision_interfaces/rm_decision_interfaces/msg/detail/friend_location__rosidl_typesupport_fastrtps_c.h
[11.505s] -- Installing: /home/ethereal/rm_2025/rm_decision_2025_pb/install/rm_decision_interfaces/include/rm_decision_interfaces/rm_decision_interfaces/msg/detail/robot_status__rosidl_typesupport_fastrtps_c.h
[11.505s] -- Installing: /home/ethereal/rm_2025/rm_decision_2025_pb/install/rm_decision_interfaces/include/rm_decision_interfaces/rm_decision_interfaces/msg/detail/rfid__rosidl_typesupport_fastrtps_c.h
[11.505s] -- Installing: /home/ethereal/rm_2025/rm_decision_2025_pb/install/rm_decision_interfaces/include/rm_decision_interfaces/rm_decision_interfaces/msg/detail/all_robot_hp__rosidl_typesupport_fastrtps_c.h
[11.506s] -- Installing: /home/ethereal/rm_2025/rm_decision_2025_pb/install/rm_decision_interfaces/include/rm_decision_interfaces/rm_decision_interfaces/msg/detail/to_auto_aim__rosidl_typesupport_fastrtps_c.h
[11.506s] -- Installing: /home/ethereal/rm_2025/rm_decision_2025_pb/install/rm_decision_interfaces/include/rm_decision_interfaces/rm_decision_interfaces/msg/detail/receive_serial__rosidl_typesupport_fastrtps_c.h
[11.506s] -- Installing: /home/ethereal/rm_2025/rm_decision_2025_pb/install/rm_decision_interfaces/include/rm_decision_interfaces/rm_decision_interfaces/msg/rosidl_typesupport_fastrtps_c__visibility_control.h
[11.507s] -- Installing: /home/ethereal/rm_2025/rm_decision_2025_pb/install/rm_decision_interfaces/lib/librm_decision_interfaces__rosidl_typesupport_fastrtps_c.so
[11.508s] -- Set runtime path of "/home/ethereal/rm_2025/rm_decision_2025_pb/install/rm_decision_interfaces/lib/librm_decision_interfaces__rosidl_typesupport_fastrtps_c.so" to ""
[11.508s] -- Up-to-date: /home/ethereal/rm_2025/rm_decision_2025_pb/install/rm_decision_interfaces/include/rm_decision_interfaces/rm_decision_interfaces
[11.509s] -- Up-to-date: /home/ethereal/rm_2025/rm_decision_2025_pb/install/rm_decision_interfaces/include/rm_decision_interfaces/rm_decision_interfaces/msg
[11.509s] -- Installing: /home/ethereal/rm_2025/rm_decision_2025_pb/install/rm_decision_interfaces/include/rm_decision_interfaces/rm_decision_interfaces/msg/to_auto_aim.hpp
[11.509s] -- Installing: /home/ethereal/rm_2025/rm_decision_2025_pb/install/rm_decision_interfaces/include/rm_decision_interfaces/rm_decision_interfaces/msg/to_serial.hpp
[11.510s] -- Installing: /home/ethereal/rm_2025/rm_decision_2025_pb/install/rm_decision_interfaces/include/rm_decision_interfaces/rm_decision_interfaces/msg/rfid.hpp
[11.510s] -- Installing: /home/ethereal/rm_2025/rm_decision_2025_pb/install/rm_decision_interfaces/include/rm_decision_interfaces/rm_decision_interfaces/msg/armor.hpp
[11.510s] -- Up-to-date: /home/ethereal/rm_2025/rm_decision_2025_pb/install/rm_decision_interfaces/include/rm_decision_interfaces/rm_decision_interfaces/msg/detail
[11.511s] -- Installing: /home/ethereal/rm_2025/rm_decision_2025_pb/install/rm_decision_interfaces/include/rm_decision_interfaces/rm_decision_interfaces/msg/detail/rfid__builder.hpp
[11.512s] -- Installing: /home/ethereal/rm_2025/rm_decision_2025_pb/install/rm_decision_interfaces/include/rm_decision_interfaces/rm_decision_interfaces/msg/detail/armor__traits.hpp
[11.513s] -- Installing: /home/ethereal/rm_2025/rm_decision_2025_pb/install/rm_decision_interfaces/include/rm_decision_interfaces/rm_decision_interfaces/msg/detail/to_auto_aim__type_support.hpp
[11.514s] -- Installing: /home/ethereal/rm_2025/rm_decision_2025_pb/install/rm_decision_interfaces/include/rm_decision_interfaces/rm_decision_interfaces/msg/detail/rfid__struct.hpp
[11.515s] -- Installing: /home/ethereal/rm_2025/rm_decision_2025_pb/install/rm_decision_interfaces/include/rm_decision_interfaces/rm_decision_interfaces/msg/detail/robot_status__traits.hpp
[11.515s] -- Installing: /home/ethereal/rm_2025/rm_decision_2025_pb/install/rm_decision_interfaces/include/rm_decision_interfaces/rm_decision_interfaces/msg/detail/to_serial__traits.hpp
[11.516s] -- Installing: /home/ethereal/rm_2025/rm_decision_2025_pb/install/rm_decision_interfaces/include/rm_decision_interfaces/rm_decision_interfaces/msg/detail/to_serial__type_support.hpp
[11.516s] -- Installing: /home/ethereal/rm_2025/rm_decision_2025_pb/install/rm_decision_interfaces/include/rm_decision_interfaces/rm_decision_interfaces/msg/detail/receive_serial__builder.hpp
[11.516s] -- Installing: /home/ethereal/rm_2025/rm_decision_2025_pb/install/rm_decision_interfaces/include/rm_decision_interfaces/rm_decision_interfaces/msg/detail/armor__type_support.hpp
[11.517s] -- Installing: /home/ethereal/rm_2025/rm_decision_2025_pb/install/rm_decision_interfaces/include/rm_decision_interfaces/rm_decision_interfaces/msg/detail/rfid__type_support.hpp
[11.517s] -- Installing: /home/ethereal/rm_2025/rm_decision_2025_pb/install/rm_decision_interfaces/include/rm_decision_interfaces/rm_decision_interfaces/msg/detail/all_robot_hp__struct.hpp
[11.518s] -- Installing: /home/ethereal/rm_2025/rm_decision_2025_pb/install/rm_decision_interfaces/include/rm_decision_interfaces/rm_decision_interfaces/msg/detail/armor__struct.hpp
[11.518s] -- Installing: /home/ethereal/rm_2025/rm_decision_2025_pb/install/rm_decision_interfaces/include/rm_decision_interfaces/rm_decision_interfaces/msg/detail/friend_location__traits.hpp
[11.519s] -- Installing: /home/ethereal/rm_2025/rm_decision_2025_pb/install/rm_decision_interfaces/include/rm_decision_interfaces/rm_decision_interfaces/msg/detail/all_robot_hp__builder.hpp
[11.519s] -- Installing: /home/ethereal/rm_2025/rm_decision_2025_pb/install/rm_decision_interfaces/include/rm_decision_interfaces/rm_decision_interfaces/msg/detail/robot_status__struct.hpp
[11.520s] -- Installing: /home/ethereal/rm_2025/rm_decision_2025_pb/install/rm_decision_interfaces/include/rm_decision_interfaces/rm_decision_interfaces/msg/detail/all_robot_hp__type_support.hpp
[11.521s] -- Installing: /home/ethereal/rm_2025/rm_decision_2025_pb/install/rm_decision_interfaces/include/rm_decision_interfaces/rm_decision_interfaces/msg/detail/friend_location__struct.hpp
[11.521s] -- Installing: /home/ethereal/rm_2025/rm_decision_2025_pb/install/rm_decision_interfaces/include/rm_decision_interfaces/rm_decision_interfaces/msg/detail/to_auto_aim__traits.hpp
[11.521s] -- Installing: /home/ethereal/rm_2025/rm_decision_2025_pb/install/rm_decision_interfaces/include/rm_decision_interfaces/rm_decision_interfaces/msg/detail/to_auto_aim__builder.hpp
[11.522s] -- Installing: /home/ethereal/rm_2025/rm_decision_2025_pb/install/rm_decision_interfaces/include/rm_decision_interfaces/rm_decision_interfaces/msg/detail/receive_serial__type_support.hpp
[11.525s] -- Installing: /home/ethereal/rm_2025/rm_decision_2025_pb/install/rm_decision_interfaces/include/rm_decision_interfaces/rm_decision_interfaces/msg/detail/to_serial__builder.hpp
[11.526s] -- Installing: /home/ethereal/rm_2025/rm_decision_2025_pb/install/rm_decision_interfaces/include/rm_decision_interfaces/rm_decision_interfaces/msg/detail/from_serial__type_support.hpp
[11.527s] -- Installing: /home/ethereal/rm_2025/rm_decision_2025_pb/install/rm_decision_interfaces/include/rm_decision_interfaces/rm_decision_interfaces/msg/detail/armor__builder.hpp
[11.528s] -- Installing: /home/ethereal/rm_2025/rm_decision_2025_pb/install/rm_decision_interfaces/include/rm_decision_interfaces/rm_decision_interfaces/msg/detail/receive_serial__traits.hpp
[11.529s] -- Installing: /home/ethereal/rm_2025/rm_decision_2025_pb/install/rm_decision_interfaces/include/rm_decision_interfaces/rm_decision_interfaces/msg/detail/receive_serial__struct.hpp
[11.530s] -- Installing: /home/ethereal/rm_2025/rm_decision_2025_pb/install/rm_decision_interfaces/include/rm_decision_interfaces/rm_decision_interfaces/msg/detail/from_serial__struct.hpp
[11.531s] -- Installing: /home/ethereal/rm_2025/rm_decision_2025_pb/install/rm_decision_interfaces/include/rm_decision_interfaces/rm_decision_interfaces/msg/detail/robot_status__builder.hpp
[11.532s] -- Installing: /home/ethereal/rm_2025/rm_decision_2025_pb/install/rm_decision_interfaces/include/rm_decision_interfaces/rm_decision_interfaces/msg/detail/from_serial__traits.hpp
[11.532s] -- Installing: /home/ethereal/rm_2025/rm_decision_2025_pb/install/rm_decision_interfaces/include/rm_decision_interfaces/rm_decision_interfaces/msg/detail/rfid__traits.hpp
[11.533s] -- Installing: /home/ethereal/rm_2025/rm_decision_2025_pb/install/rm_decision_interfaces/include/rm_decision_interfaces/rm_decision_interfaces/msg/detail/friend_location__builder.hpp
[11.533s] -- Installing: /home/ethereal/rm_2025/rm_decision_2025_pb/install/rm_decision_interfaces/include/rm_decision_interfaces/rm_decision_interfaces/msg/detail/robot_status__type_support.hpp
[11.534s] -- Installing: /home/ethereal/rm_2025/rm_decision_2025_pb/install/rm_decision_interfaces/include/rm_decision_interfaces/rm_decision_interfaces/msg/detail/all_robot_hp__traits.hpp
[11.534s] -- Installing: /home/ethereal/rm_2025/rm_decision_2025_pb/install/rm_decision_interfaces/include/rm_decision_interfaces/rm_decision_interfaces/msg/detail/to_serial__struct.hpp
[11.535s] -- Installing: /home/ethereal/rm_2025/rm_decision_2025_pb/install/rm_decision_interfaces/include/rm_decision_interfaces/rm_decision_interfaces/msg/detail/friend_location__type_support.hpp
[11.535s] -- Installing: /home/ethereal/rm_2025/rm_decision_2025_pb/install/rm_decision_interfaces/include/rm_decision_interfaces/rm_decision_interfaces/msg/detail/to_auto_aim__struct.hpp
[11.536s] -- Installing: /home/ethereal/rm_2025/rm_decision_2025_pb/install/rm_decision_interfaces/include/rm_decision_interfaces/rm_decision_interfaces/msg/detail/from_serial__builder.hpp
[11.537s] -- Installing: /home/ethereal/rm_2025/rm_decision_2025_pb/install/rm_decision_interfaces/include/rm_decision_interfaces/rm_decision_interfaces/msg/receive_serial.hpp
[11.537s] -- Installing: /home/ethereal/rm_2025/rm_decision_2025_pb/install/rm_decision_interfaces/include/rm_decision_interfaces/rm_decision_interfaces/msg/from_serial.hpp
[11.538s] -- Installing: /home/ethereal/rm_2025/rm_decision_2025_pb/install/rm_decision_interfaces/include/rm_decision_interfaces/rm_decision_interfaces/msg/friend_location.hpp
[11.538s] -- Installing: /home/ethereal/rm_2025/rm_decision_2025_pb/install/rm_decision_interfaces/include/rm_decision_interfaces/rm_decision_interfaces/msg/rosidl_generator_cpp__visibility_control.hpp
[11.539s] -- Installing: /home/ethereal/rm_2025/rm_decision_2025_pb/install/rm_decision_interfaces/include/rm_decision_interfaces/rm_decision_interfaces/msg/robot_status.hpp
[11.539s] -- Installing: /home/ethereal/rm_2025/rm_decision_2025_pb/install/rm_decision_interfaces/include/rm_decision_interfaces/rm_decision_interfaces/msg/all_robot_hp.hpp
[11.539s] -- Up-to-date: /home/ethereal/rm_2025/rm_decision_2025_pb/install/rm_decision_interfaces/include/rm_decision_interfaces/rm_decision_interfaces
[11.540s] -- Up-to-date: /home/ethereal/rm_2025/rm_decision_2025_pb/install/rm_decision_interfaces/include/rm_decision_interfaces/rm_decision_interfaces/msg
[11.540s] -- Up-to-date: /home/ethereal/rm_2025/rm_decision_2025_pb/install/rm_decision_interfaces/include/rm_decision_interfaces/rm_decision_interfaces/msg/detail
[11.540s] -- Installing: /home/ethereal/rm_2025/rm_decision_2025_pb/install/rm_decision_interfaces/include/rm_decision_interfaces/rm_decision_interfaces/msg/detail/armor__rosidl_typesupport_fastrtps_cpp.hpp
[11.541s] -- Installing: /home/ethereal/rm_2025/rm_decision_2025_pb/install/rm_decision_interfaces/include/rm_decision_interfaces/rm_decision_interfaces/msg/detail/robot_status__rosidl_typesupport_fastrtps_cpp.hpp
[11.541s] -- Installing: /home/ethereal/rm_2025/rm_decision_2025_pb/install/rm_decision_interfaces/include/rm_decision_interfaces/rm_decision_interfaces/msg/detail/dds_fastrtps
[11.542s] -- Installing: /home/ethereal/rm_2025/rm_decision_2025_pb/install/rm_decision_interfaces/include/rm_decision_interfaces/rm_decision_interfaces/msg/detail/receive_serial__rosidl_typesupport_fastrtps_cpp.hpp
[11.543s] -- Installing: /home/ethereal/rm_2025/rm_decision_2025_pb/install/rm_decision_interfaces/include/rm_decision_interfaces/rm_decision_interfaces/msg/detail/friend_location__rosidl_typesupport_fastrtps_cpp.hpp
[11.543s] -- Installing: /home/ethereal/rm_2025/rm_decision_2025_pb/install/rm_decision_interfaces/include/rm_decision_interfaces/rm_decision_interfaces/msg/detail/to_auto_aim__rosidl_typesupport_fastrtps_cpp.hpp
[11.544s] -- Installing: /home/ethereal/rm_2025/rm_decision_2025_pb/install/rm_decision_interfaces/include/rm_decision_interfaces/rm_decision_interfaces/msg/detail/to_serial__rosidl_typesupport_fastrtps_cpp.hpp
[11.544s] -- Installing: /home/ethereal/rm_2025/rm_decision_2025_pb/install/rm_decision_interfaces/include/rm_decision_interfaces/rm_decision_interfaces/msg/detail/rfid__rosidl_typesupport_fastrtps_cpp.hpp
[11.546s] -- Installing: /home/ethereal/rm_2025/rm_decision_2025_pb/install/rm_decision_interfaces/include/rm_decision_interfaces/rm_decision_interfaces/msg/detail/all_robot_hp__rosidl_typesupport_fastrtps_cpp.hpp
[11.546s] -- Installing: /home/ethereal/rm_2025/rm_decision_2025_pb/install/rm_decision_interfaces/include/rm_decision_interfaces/rm_decision_interfaces/msg/detail/from_serial__rosidl_typesupport_fastrtps_cpp.hpp
[11.547s] -- Installing: /home/ethereal/rm_2025/rm_decision_2025_pb/install/rm_decision_interfaces/include/rm_decision_interfaces/rm_decision_interfaces/msg/rosidl_typesupport_fastrtps_cpp__visibility_control.h
[11.547s] -- Installing: /home/ethereal/rm_2025/rm_decision_2025_pb/install/rm_decision_interfaces/lib/librm_decision_interfaces__rosidl_typesupport_fastrtps_cpp.so
[11.548s] -- Set runtime path of "/home/ethereal/rm_2025/rm_decision_2025_pb/install/rm_decision_interfaces/lib/librm_decision_interfaces__rosidl_typesupport_fastrtps_cpp.so" to ""
[11.549s] -- Up-to-date: /home/ethereal/rm_2025/rm_decision_2025_pb/install/rm_decision_interfaces/include/rm_decision_interfaces/rm_decision_interfaces
[11.549s] -- Up-to-date: /home/ethereal/rm_2025/rm_decision_2025_pb/install/rm_decision_interfaces/include/rm_decision_interfaces/rm_decision_interfaces/msg
[11.549s] -- Up-to-date: /home/ethereal/rm_2025/rm_decision_2025_pb/install/rm_decision_interfaces/include/rm_decision_interfaces/rm_decision_interfaces/msg/detail
[11.549s] -- Installing: /home/ethereal/rm_2025/rm_decision_2025_pb/install/rm_decision_interfaces/include/rm_decision_interfaces/rm_decision_interfaces/msg/detail/from_serial__type_support.c
[11.550s] -- Installing: /home/ethereal/rm_2025/rm_decision_2025_pb/install/rm_decision_interfaces/include/rm_decision_interfaces/rm_decision_interfaces/msg/detail/friend_location__type_support.c
[11.550s] -- Installing: /home/ethereal/rm_2025/rm_decision_2025_pb/install/rm_decision_interfaces/include/rm_decision_interfaces/rm_decision_interfaces/msg/detail/to_serial__rosidl_typesupport_introspection_c.h
[11.551s] -- Installing: /home/ethereal/rm_2025/rm_decision_2025_pb/install/rm_decision_interfaces/include/rm_decision_interfaces/rm_decision_interfaces/msg/detail/armor__rosidl_typesupport_introspection_c.h
[11.552s] -- Installing: /home/ethereal/rm_2025/rm_decision_2025_pb/install/rm_decision_interfaces/include/rm_decision_interfaces/rm_decision_interfaces/msg/detail/friend_location__rosidl_typesupport_introspection_c.h
[11.552s] -- Installing: /home/ethereal/rm_2025/rm_decision_2025_pb/install/rm_decision_interfaces/include/rm_decision_interfaces/rm_decision_interfaces/msg/detail/all_robot_hp__type_support.c
[11.552s] -- Installing: /home/ethereal/rm_2025/rm_decision_2025_pb/install/rm_decision_interfaces/include/rm_decision_interfaces/rm_decision_interfaces/msg/detail/rfid__rosidl_typesupport_introspection_c.h
[11.553s] -- Installing: /home/ethereal/rm_2025/rm_decision_2025_pb/install/rm_decision_interfaces/include/rm_decision_interfaces/rm_decision_interfaces/msg/detail/armor__type_support.c
[11.553s] -- Installing: /home/ethereal/rm_2025/rm_decision_2025_pb/install/rm_decision_interfaces/include/rm_decision_interfaces/rm_decision_interfaces/msg/detail/receive_serial__rosidl_typesupport_introspection_c.h
[11.554s] -- Installing: /home/ethereal/rm_2025/rm_decision_2025_pb/install/rm_decision_interfaces/include/rm_decision_interfaces/rm_decision_interfaces/msg/detail/to_auto_aim__rosidl_typesupport_introspection_c.h
[11.555s] -- Installing: /home/ethereal/rm_2025/rm_decision_2025_pb/install/rm_decision_interfaces/include/rm_decision_interfaces/rm_decision_interfaces/msg/detail/all_robot_hp__rosidl_typesupport_introspection_c.h
[11.555s] -- Installing: /home/ethereal/rm_2025/rm_decision_2025_pb/install/rm_decision_interfaces/include/rm_decision_interfaces/rm_decision_interfaces/msg/detail/robot_status__type_support.c
[11.556s] -- Installing: /home/ethereal/rm_2025/rm_decision_2025_pb/install/rm_decision_interfaces/include/rm_decision_interfaces/rm_decision_interfaces/msg/detail/to_auto_aim__type_support.c
[11.556s] -- Installing: /home/ethereal/rm_2025/rm_decision_2025_pb/install/rm_decision_interfaces/include/rm_decision_interfaces/rm_decision_interfaces/msg/detail/receive_serial__type_support.c
[11.556s] -- Installing: /home/ethereal/rm_2025/rm_decision_2025_pb/install/rm_decision_interfaces/include/rm_decision_interfaces/rm_decision_interfaces/msg/detail/from_serial__rosidl_typesupport_introspection_c.h
[11.557s] -- Installing: /home/ethereal/rm_2025/rm_decision_2025_pb/install/rm_decision_interfaces/include/rm_decision_interfaces/rm_decision_interfaces/msg/detail/to_serial__type_support.c
[11.558s] -- Installing: /home/ethereal/rm_2025/rm_decision_2025_pb/install/rm_decision_interfaces/include/rm_decision_interfaces/rm_decision_interfaces/msg/detail/robot_status__rosidl_typesupport_introspection_c.h
[11.558s] -- Installing: /home/ethereal/rm_2025/rm_decision_2025_pb/install/rm_decision_interfaces/include/rm_decision_interfaces/rm_decision_interfaces/msg/detail/rfid__type_support.c
[11.560s] -- Installing: /home/ethereal/rm_2025/rm_decision_2025_pb/install/rm_decision_interfaces/include/rm_decision_interfaces/rm_decision_interfaces/msg/rosidl_typesupport_introspection_c__visibility_control.h
[11.561s] -- Installing: /home/ethereal/rm_2025/rm_decision_2025_pb/install/rm_decision_interfaces/lib/librm_decision_interfaces__rosidl_typesupport_introspection_c.so
[11.565s] -- Set runtime path of "/home/ethereal/rm_2025/rm_decision_2025_pb/install/rm_decision_interfaces/lib/librm_decision_interfaces__rosidl_typesupport_introspection_c.so" to ""
[11.565s] -- Installing: /home/ethereal/rm_2025/rm_decision_2025_pb/install/rm_decision_interfaces/lib/librm_decision_interfaces__rosidl_typesupport_c.so
[11.569s] -- Set runtime path of "/home/ethereal/rm_2025/rm_decision_2025_pb/install/rm_decision_interfaces/lib/librm_decision_interfaces__rosidl_typesupport_c.so" to ""
[11.571s] -- Up-to-date: /home/ethereal/rm_2025/rm_decision_2025_pb/install/rm_decision_interfaces/include/rm_decision_interfaces/rm_decision_interfaces
[11.598s] -- Up-to-date: /home/ethereal/rm_2025/rm_decision_2025_pb/install/rm_decision_interfaces/include/rm_decision_interfaces/rm_decision_interfaces/msg
[11.598s] -- Up-to-date: /home/ethereal/rm_2025/rm_decision_2025_pb/install/rm_decision_interfaces/include/rm_decision_interfaces/rm_decision_interfaces/msg/detail
[11.598s] -- Installing: /home/ethereal/rm_2025/rm_decision_2025_pb/install/rm_decision_interfaces/include/rm_decision_interfaces/rm_decision_interfaces/msg/detail/to_auto_aim__type_support.cpp
[11.598s] -- Installing: /home/ethereal/rm_2025/rm_decision_2025_pb/install/rm_decision_interfaces/include/rm_decision_interfaces/rm_decision_interfaces/msg/detail/friend_location__type_support.cpp
[11.598s] -- Installing: /home/ethereal/rm_2025/rm_decision_2025_pb/install/rm_decision_interfaces/include/rm_decision_interfaces/rm_decision_interfaces/msg/detail/armor__rosidl_typesupport_introspection_cpp.hpp
[11.598s] -- Installing: /home/ethereal/rm_2025/rm_decision_2025_pb/install/rm_decision_interfaces/include/rm_decision_interfaces/rm_decision_interfaces/msg/detail/to_auto_aim__rosidl_typesupport_introspection_cpp.hpp
[11.599s] -- Installing: /home/ethereal/rm_2025/rm_decision_2025_pb/install/rm_decision_interfaces/include/rm_decision_interfaces/rm_decision_interfaces/msg/detail/armor__type_support.cpp
[11.599s] -- Installing: /home/ethereal/rm_2025/rm_decision_2025_pb/install/rm_decision_interfaces/include/rm_decision_interfaces/rm_decision_interfaces/msg/detail/friend_location__rosidl_typesupport_introspection_cpp.hpp
[11.599s] -- Installing: /home/ethereal/rm_2025/rm_decision_2025_pb/install/rm_decision_interfaces/include/rm_decision_interfaces/rm_decision_interfaces/msg/detail/robot_status__rosidl_typesupport_introspection_cpp.hpp
[11.599s] -- Installing: /home/ethereal/rm_2025/rm_decision_2025_pb/install/rm_decision_interfaces/include/rm_decision_interfaces/rm_decision_interfaces/msg/detail/from_serial__type_support.cpp
[11.600s] -- Installing: /home/ethereal/rm_2025/rm_decision_2025_pb/install/rm_decision_interfaces/include/rm_decision_interfaces/rm_decision_interfaces/msg/detail/all_robot_hp__rosidl_typesupport_introspection_cpp.hpp
[11.600s] -- Installing: /home/ethereal/rm_2025/rm_decision_2025_pb/install/rm_decision_interfaces/include/rm_decision_interfaces/rm_decision_interfaces/msg/detail/rfid__type_support.cpp
[11.600s] -- Installing: /home/ethereal/rm_2025/rm_decision_2025_pb/install/rm_decision_interfaces/include/rm_decision_interfaces/rm_decision_interfaces/msg/detail/to_serial__type_support.cpp
[11.600s] -- Installing: /home/ethereal/rm_2025/rm_decision_2025_pb/install/rm_decision_interfaces/include/rm_decision_interfaces/rm_decision_interfaces/msg/detail/from_serial__rosidl_typesupport_introspection_cpp.hpp
[11.600s] -- Installing: /home/ethereal/rm_2025/rm_decision_2025_pb/install/rm_decision_interfaces/include/rm_decision_interfaces/rm_decision_interfaces/msg/detail/all_robot_hp__type_support.cpp
[11.600s] -- Installing: /home/ethereal/rm_2025/rm_decision_2025_pb/install/rm_decision_interfaces/include/rm_decision_interfaces/rm_decision_interfaces/msg/detail/robot_status__type_support.cpp
[11.600s] -- Installing: /home/ethereal/rm_2025/rm_decision_2025_pb/install/rm_decision_interfaces/include/rm_decision_interfaces/rm_decision_interfaces/msg/detail/receive_serial__rosidl_typesupport_introspection_cpp.hpp
[11.600s] -- Installing: /home/ethereal/rm_2025/rm_decision_2025_pb/install/rm_decision_interfaces/include/rm_decision_interfaces/rm_decision_interfaces/msg/detail/rfid__rosidl_typesupport_introspection_cpp.hpp
[11.600s] -- Installing: /home/ethereal/rm_2025/rm_decision_2025_pb/install/rm_decision_interfaces/include/rm_decision_interfaces/rm_decision_interfaces/msg/detail/to_serial__rosidl_typesupport_introspection_cpp.hpp
[11.600s] -- Installing: /home/ethereal/rm_2025/rm_decision_2025_pb/install/rm_decision_interfaces/include/rm_decision_interfaces/rm_decision_interfaces/msg/detail/receive_serial__type_support.cpp
[11.600s] -- Installing: /home/ethereal/rm_2025/rm_decision_2025_pb/install/rm_decision_interfaces/lib/librm_decision_interfaces__rosidl_typesupport_introspection_cpp.so
[11.601s] -- Set runtime path of "/home/ethereal/rm_2025/rm_decision_2025_pb/install/rm_decision_interfaces/lib/librm_decision_interfaces__rosidl_typesupport_introspection_cpp.so" to ""
[11.601s] -- Installing: /home/ethereal/rm_2025/rm_decision_2025_pb/install/rm_decision_interfaces/lib/librm_decision_interfaces__rosidl_typesupport_cpp.so
[11.601s] -- Set runtime path of "/home/ethereal/rm_2025/rm_decision_2025_pb/install/rm_decision_interfaces/lib/librm_decision_interfaces__rosidl_typesupport_cpp.so" to ""
[11.601s] -- Installing: /home/ethereal/rm_2025/rm_decision_2025_pb/install/rm_decision_interfaces/share/rm_decision_interfaces/environment/pythonpath.sh
[11.601s] -- Installing: /home/ethereal/rm_2025/rm_decision_2025_pb/install/rm_decision_interfaces/share/rm_decision_interfaces/environment/pythonpath.dsv
[11.602s] -- Installing: /home/ethereal/rm_2025/rm_decision_2025_pb/install/rm_decision_interfaces/local/lib/python3.10/dist-packages/rm_decision_interfaces-0.0.0-py3.10.egg-info
[11.617s] -- Installing: /home/ethereal/rm_2025/rm_decision_2025_pb/install/rm_decision_interfaces/local/lib/python3.10/dist-packages/rm_decision_interfaces-0.0.0-py3.10.egg-info/SOURCES.txt
[11.617s] -- Installing: /home/ethereal/rm_2025/rm_decision_2025_pb/install/rm_decision_interfaces/local/lib/python3.10/dist-packages/rm_decision_interfaces-0.0.0-py3.10.egg-info/top_level.txt
[11.617s] -- Installing: /home/ethereal/rm_2025/rm_decision_2025_pb/install/rm_decision_interfaces/local/lib/python3.10/dist-packages/rm_decision_interfaces-0.0.0-py3.10.egg-info/dependency_links.txt
[11.618s] -- Installing: /home/ethereal/rm_2025/rm_decision_2025_pb/install/rm_decision_interfaces/local/lib/python3.10/dist-packages/rm_decision_interfaces-0.0.0-py3.10.egg-info/PKG-INFO
[11.618s] -- Installing: /home/ethereal/rm_2025/rm_decision_2025_pb/install/rm_decision_interfaces/local/lib/python3.10/dist-packages/rm_decision_interfaces
[11.619s] -- Installing: /home/ethereal/rm_2025/rm_decision_2025_pb/install/rm_decision_interfaces/local/lib/python3.10/dist-packages/rm_decision_interfaces/msg
[11.620s] -- Installing: /home/ethereal/rm_2025/rm_decision_2025_pb/install/rm_decision_interfaces/local/lib/python3.10/dist-packages/rm_decision_interfaces/msg/_friend_location.py
[11.620s] -- Installing: /home/ethereal/rm_2025/rm_decision_2025_pb/install/rm_decision_interfaces/local/lib/python3.10/dist-packages/rm_decision_interfaces/msg/_receive_serial.py
[11.625s] -- Installing: /home/ethereal/rm_2025/rm_decision_2025_pb/install/rm_decision_interfaces/local/lib/python3.10/dist-packages/rm_decision_interfaces/msg/_rfid.py
[11.625s] -- Installing: /home/ethereal/rm_2025/rm_decision_2025_pb/install/rm_decision_interfaces/local/lib/python3.10/dist-packages/rm_decision_interfaces/msg/_armor.py
[11.625s] -- Installing: /home/ethereal/rm_2025/rm_decision_2025_pb/install/rm_decision_interfaces/local/lib/python3.10/dist-packages/rm_decision_interfaces/msg/_to_serial.py
[11.625s] -- Installing: /home/ethereal/rm_2025/rm_decision_2025_pb/install/rm_decision_interfaces/local/lib/python3.10/dist-packages/rm_decision_interfaces/msg/_robot_status.py
[11.626s] -- Installing: /home/ethereal/rm_2025/rm_decision_2025_pb/install/rm_decision_interfaces/local/lib/python3.10/dist-packages/rm_decision_interfaces/msg/_to_serial_s.c
[11.626s] -- Installing: /home/ethereal/rm_2025/rm_decision_2025_pb/install/rm_decision_interfaces/local/lib/python3.10/dist-packages/rm_decision_interfaces/msg/_friend_location_s.c
[11.626s] -- Installing: /home/ethereal/rm_2025/rm_decision_2025_pb/install/rm_decision_interfaces/local/lib/python3.10/dist-packages/rm_decision_interfaces/msg/_from_serial.py
[11.626s] -- Installing: /home/ethereal/rm_2025/rm_decision_2025_pb/install/rm_decision_interfaces/local/lib/python3.10/dist-packages/rm_decision_interfaces/msg/_receive_serial_s.c
[11.626s] -- Installing: /home/ethereal/rm_2025/rm_decision_2025_pb/install/rm_decision_interfaces/local/lib/python3.10/dist-packages/rm_decision_interfaces/msg/_from_serial_s.c
[11.626s] -- Installing: /home/ethereal/rm_2025/rm_decision_2025_pb/install/rm_decision_interfaces/local/lib/python3.10/dist-packages/rm_decision_interfaces/msg/_rfid_s.c
[11.626s] -- Installing: /home/ethereal/rm_2025/rm_decision_2025_pb/install/rm_decision_interfaces/local/lib/python3.10/dist-packages/rm_decision_interfaces/msg/_to_auto_aim_s.c
[11.626s] -- Installing: /home/ethereal/rm_2025/rm_decision_2025_pb/install/rm_decision_interfaces/local/lib/python3.10/dist-packages/rm_decision_interfaces/msg/_all_robot_hp.py
[11.627s] -- Installing: /home/ethereal/rm_2025/rm_decision_2025_pb/install/rm_decision_interfaces/local/lib/python3.10/dist-packages/rm_decision_interfaces/msg/_armor_s.c
[11.627s] -- Installing: /home/ethereal/rm_2025/rm_decision_2025_pb/install/rm_decision_interfaces/local/lib/python3.10/dist-packages/rm_decision_interfaces/msg/_robot_status_s.c
[11.627s] -- Installing: /home/ethereal/rm_2025/rm_decision_2025_pb/install/rm_decision_interfaces/local/lib/python3.10/dist-packages/rm_decision_interfaces/msg/_all_robot_hp_s.c
[11.627s] -- Installing: /home/ethereal/rm_2025/rm_decision_2025_pb/install/rm_decision_interfaces/local/lib/python3.10/dist-packages/rm_decision_interfaces/msg/_to_auto_aim.py
[11.627s] -- Installing: /home/ethereal/rm_2025/rm_decision_2025_pb/install/rm_decision_interfaces/local/lib/python3.10/dist-packages/rm_decision_interfaces/msg/__init__.py
[11.628s] -- Installing: /home/ethereal/rm_2025/rm_decision_2025_pb/install/rm_decision_interfaces/local/lib/python3.10/dist-packages/rm_decision_interfaces/_rm_decision_interfaces_s.ep.rosidl_typesupport_fastrtps_c.c
[11.628s] -- Installing: /home/ethereal/rm_2025/rm_decision_2025_pb/install/rm_decision_interfaces/local/lib/python3.10/dist-packages/rm_decision_interfaces/rm_decision_interfaces_s__rosidl_typesupport_introspection_c.cpython-310-x86_64-linux-gnu.so
[11.628s] -- Installing: /home/ethereal/rm_2025/rm_decision_2025_pb/install/rm_decision_interfaces/local/lib/python3.10/dist-packages/rm_decision_interfaces/_rm_decision_interfaces_s.ep.rosidl_typesupport_c.c
[11.628s] -- Installing: /home/ethereal/rm_2025/rm_decision_2025_pb/install/rm_decision_interfaces/local/lib/python3.10/dist-packages/rm_decision_interfaces/_rm_decision_interfaces_s.ep.rosidl_typesupport_introspection_c.c
[11.629s] -- Installing: /home/ethereal/rm_2025/rm_decision_2025_pb/install/rm_decision_interfaces/local/lib/python3.10/dist-packages/rm_decision_interfaces/rm_decision_interfaces_s__rosidl_typesupport_fastrtps_c.cpython-310-x86_64-linux-gnu.so
[11.630s] -- Installing: /home/ethereal/rm_2025/rm_decision_2025_pb/install/rm_decision_interfaces/local/lib/python3.10/dist-packages/rm_decision_interfaces/librm_decision_interfaces__rosidl_generator_py.so
[11.630s] -- Installing: /home/ethereal/rm_2025/rm_decision_2025_pb/install/rm_decision_interfaces/local/lib/python3.10/dist-packages/rm_decision_interfaces/rm_decision_interfaces_s__rosidl_typesupport_c.cpython-310-x86_64-linux-gnu.so
[11.630s] -- Installing: /home/ethereal/rm_2025/rm_decision_2025_pb/install/rm_decision_interfaces/local/lib/python3.10/dist-packages/rm_decision_interfaces/__init__.py
[11.724s] Listing '/home/ethereal/rm_2025/rm_decision_2025_pb/install/rm_decision_interfaces/local/lib/python3.10/dist-packages/rm_decision_interfaces'...
[11.724s] Compiling '/home/ethereal/rm_2025/rm_decision_2025_pb/install/rm_decision_interfaces/local/lib/python3.10/dist-packages/rm_decision_interfaces/__init__.py'...
[11.724s] Listing '/home/ethereal/rm_2025/rm_decision_2025_pb/install/rm_decision_interfaces/local/lib/python3.10/dist-packages/rm_decision_interfaces/msg'...
[11.724s] Compiling '/home/ethereal/rm_2025/rm_decision_2025_pb/install/rm_decision_interfaces/local/lib/python3.10/dist-packages/rm_decision_interfaces/msg/__init__.py'...
[11.725s] Compiling '/home/ethereal/rm_2025/rm_decision_2025_pb/install/rm_decision_interfaces/local/lib/python3.10/dist-packages/rm_decision_interfaces/msg/_all_robot_hp.py'...
[11.725s] Compiling '/home/ethereal/rm_2025/rm_decision_2025_pb/install/rm_decision_interfaces/local/lib/python3.10/dist-packages/rm_decision_interfaces/msg/_armor.py'...
[11.725s] Compiling '/home/ethereal/rm_2025/rm_decision_2025_pb/install/rm_decision_interfaces/local/lib/python3.10/dist-packages/rm_decision_interfaces/msg/_friend_location.py'...
[11.725s] Compiling '/home/ethereal/rm_2025/rm_decision_2025_pb/install/rm_decision_interfaces/local/lib/python3.10/dist-packages/rm_decision_interfaces/msg/_from_serial.py'...
[11.725s] Compiling '/home/ethereal/rm_2025/rm_decision_2025_pb/install/rm_decision_interfaces/local/lib/python3.10/dist-packages/rm_decision_interfaces/msg/_receive_serial.py'...
[11.725s] Compiling '/home/ethereal/rm_2025/rm_decision_2025_pb/install/rm_decision_interfaces/local/lib/python3.10/dist-packages/rm_decision_interfaces/msg/_rfid.py'...
[11.725s] Compiling '/home/ethereal/rm_2025/rm_decision_2025_pb/install/rm_decision_interfaces/local/lib/python3.10/dist-packages/rm_decision_interfaces/msg/_robot_status.py'...
[11.725s] Compiling '/home/ethereal/rm_2025/rm_decision_2025_pb/install/rm_decision_interfaces/local/lib/python3.10/dist-packages/rm_decision_interfaces/msg/_to_auto_aim.py'...
[11.726s] Compiling '/home/ethereal/rm_2025/rm_decision_2025_pb/install/rm_decision_interfaces/local/lib/python3.10/dist-packages/rm_decision_interfaces/msg/_to_serial.py'...
[11.731s] -- Installing: /home/ethereal/rm_2025/rm_decision_2025_pb/install/rm_decision_interfaces/local/lib/python3.10/dist-packages/rm_decision_interfaces/rm_decision_interfaces_s__rosidl_typesupport_fastrtps_c.cpython-310-x86_64-linux-gnu.so
[11.731s] -- Set runtime path of "/home/ethereal/rm_2025/rm_decision_2025_pb/install/rm_decision_interfaces/local/lib/python3.10/dist-packages/rm_decision_interfaces/rm_decision_interfaces_s__rosidl_typesupport_fastrtps_c.cpython-310-x86_64-linux-gnu.so" to ""
[11.732s] -- Installing: /home/ethereal/rm_2025/rm_decision_2025_pb/install/rm_decision_interfaces/local/lib/python3.10/dist-packages/rm_decision_interfaces/rm_decision_interfaces_s__rosidl_typesupport_introspection_c.cpython-310-x86_64-linux-gnu.so
[11.732s] -- Set runtime path of "/home/ethereal/rm_2025/rm_decision_2025_pb/install/rm_decision_interfaces/local/lib/python3.10/dist-packages/rm_decision_interfaces/rm_decision_interfaces_s__rosidl_typesupport_introspection_c.cpython-310-x86_64-linux-gnu.so" to ""
[11.732s] -- Installing: /home/ethereal/rm_2025/rm_decision_2025_pb/install/rm_decision_interfaces/local/lib/python3.10/dist-packages/rm_decision_interfaces/rm_decision_interfaces_s__rosidl_typesupport_c.cpython-310-x86_64-linux-gnu.so
[11.733s] -- Set runtime path of "/home/ethereal/rm_2025/rm_decision_2025_pb/install/rm_decision_interfaces/local/lib/python3.10/dist-packages/rm_decision_interfaces/rm_decision_interfaces_s__rosidl_typesupport_c.cpython-310-x86_64-linux-gnu.so" to ""
[11.733s] -- Installing: /home/ethereal/rm_2025/rm_decision_2025_pb/install/rm_decision_interfaces/lib/librm_decision_interfaces__rosidl_generator_py.so
[11.734s] -- Set runtime path of "/home/ethereal/rm_2025/rm_decision_2025_pb/install/rm_decision_interfaces/lib/librm_decision_interfaces__rosidl_generator_py.so" to ""
[11.735s] -- Installing: /home/ethereal/rm_2025/rm_decision_2025_pb/install/rm_decision_interfaces/share/rm_decision_interfaces/msg/AllRobotHP.idl
[11.735s] -- Installing: /home/ethereal/rm_2025/rm_decision_2025_pb/install/rm_decision_interfaces/share/rm_decision_interfaces/msg/Armor.idl
[11.735s] -- Installing: /home/ethereal/rm_2025/rm_decision_2025_pb/install/rm_decision_interfaces/share/rm_decision_interfaces/msg/FriendLocation.idl
[11.735s] -- Installing: /home/ethereal/rm_2025/rm_decision_2025_pb/install/rm_decision_interfaces/share/rm_decision_interfaces/msg/RFID.idl
[11.735s] -- Installing: /home/ethereal/rm_2025/rm_decision_2025_pb/install/rm_decision_interfaces/share/rm_decision_interfaces/msg/RobotStatus.idl
[11.736s] -- Installing: /home/ethereal/rm_2025/rm_decision_2025_pb/install/rm_decision_interfaces/share/rm_decision_interfaces/msg/ToSerial.idl
[11.736s] -- Installing: /home/ethereal/rm_2025/rm_decision_2025_pb/install/rm_decision_interfaces/share/rm_decision_interfaces/msg/FromSerial.idl
[11.736s] -- Installing: /home/ethereal/rm_2025/rm_decision_2025_pb/install/rm_decision_interfaces/share/rm_decision_interfaces/msg/ReceiveSerial.idl
[11.736s] -- Installing: /home/ethereal/rm_2025/rm_decision_2025_pb/install/rm_decision_interfaces/share/rm_decision_interfaces/msg/ToAutoAim.idl
[11.736s] -- Installing: /home/ethereal/rm_2025/rm_decision_2025_pb/install/rm_decision_interfaces/share/rm_decision_interfaces/msg/AllRobotHP.msg
[11.737s] -- Installing: /home/ethereal/rm_2025/rm_decision_2025_pb/install/rm_decision_interfaces/share/rm_decision_interfaces/msg/Armor.msg
[11.737s] -- Installing: /home/ethereal/rm_2025/rm_decision_2025_pb/install/rm_decision_interfaces/share/rm_decision_interfaces/msg/FriendLocation.msg
[11.738s] -- Installing: /home/ethereal/rm_2025/rm_decision_2025_pb/install/rm_decision_interfaces/share/rm_decision_interfaces/msg/RFID.msg
[11.739s] -- Installing: /home/ethereal/rm_2025/rm_decision_2025_pb/install/rm_decision_interfaces/share/rm_decision_interfaces/msg/RobotStatus.msg
[11.739s] -- Installing: /home/ethereal/rm_2025/rm_decision_2025_pb/install/rm_decision_interfaces/share/rm_decision_interfaces/msg/ToSerial.msg
[11.739s] -- Installing: /home/ethereal/rm_2025/rm_decision_2025_pb/install/rm_decision_interfaces/share/rm_decision_interfaces/msg/FromSerial.msg
[11.739s] -- Installing: /home/ethereal/rm_2025/rm_decision_2025_pb/install/rm_decision_interfaces/share/rm_decision_interfaces/msg/ReceiveSerial.msg
[11.739s] -- Installing: /home/ethereal/rm_2025/rm_decision_2025_pb/install/rm_decision_interfaces/share/rm_decision_interfaces/msg/ToAutoAim.msg
[11.740s] -- Installing: /home/ethereal/rm_2025/rm_decision_2025_pb/install/rm_decision_interfaces/share/ament_index/resource_index/package_run_dependencies/rm_decision_interfaces
[11.744s] -- Installing: /home/ethereal/rm_2025/rm_decision_2025_pb/install/rm_decision_interfaces/share/ament_index/resource_index/parent_prefix_path/rm_decision_interfaces
[11.745s] -- Installing: /home/ethereal/rm_2025/rm_decision_2025_pb/install/rm_decision_interfaces/share/rm_decision_interfaces/environment/ament_prefix_path.sh
[11.745s] -- Installing: /home/ethereal/rm_2025/rm_decision_2025_pb/install/rm_decision_interfaces/share/rm_decision_interfaces/environment/ament_prefix_path.dsv
[11.746s] -- Installing: /home/ethereal/rm_2025/rm_decision_2025_pb/install/rm_decision_interfaces/share/rm_decision_interfaces/environment/path.sh
[11.746s] -- Installing: /home/ethereal/rm_2025/rm_decision_2025_pb/install/rm_decision_interfaces/share/rm_decision_interfaces/environment/path.dsv
[11.747s] -- Installing: /home/ethereal/rm_2025/rm_decision_2025_pb/install/rm_decision_interfaces/share/rm_decision_interfaces/local_setup.bash
[11.747s] -- Installing: /home/ethereal/rm_2025/rm_decision_2025_pb/install/rm_decision_interfaces/share/rm_decision_interfaces/local_setup.sh
[11.747s] -- Installing: /home/ethereal/rm_2025/rm_decision_2025_pb/install/rm_decision_interfaces/share/rm_decision_interfaces/local_setup.zsh
[11.747s] -- Installing: /home/ethereal/rm_2025/rm_decision_2025_pb/install/rm_decision_interfaces/share/rm_decision_interfaces/local_setup.dsv
[11.747s] -- Installing: /home/ethereal/rm_2025/rm_decision_2025_pb/install/rm_decision_interfaces/share/rm_decision_interfaces/package.dsv
[11.752s] -- Installing: /home/ethereal/rm_2025/rm_decision_2025_pb/install/rm_decision_interfaces/share/ament_index/resource_index/packages/rm_decision_interfaces
[11.753s] -- Installing: /home/ethereal/rm_2025/rm_decision_2025_pb/install/rm_decision_interfaces/share/rm_decision_interfaces/cmake/export_rm_decision_interfaces__rosidl_generator_cExport.cmake
[11.753s] -- Installing: /home/ethereal/rm_2025/rm_decision_2025_pb/install/rm_decision_interfaces/share/rm_decision_interfaces/cmake/export_rm_decision_interfaces__rosidl_generator_cExport-noconfig.cmake
[11.753s] -- Installing: /home/ethereal/rm_2025/rm_decision_2025_pb/install/rm_decision_interfaces/share/rm_decision_interfaces/cmake/export_rm_decision_interfaces__rosidl_typesupport_fastrtps_cExport.cmake
[11.754s] -- Installing: /home/ethereal/rm_2025/rm_decision_2025_pb/install/rm_decision_interfaces/share/rm_decision_interfaces/cmake/export_rm_decision_interfaces__rosidl_typesupport_fastrtps_cExport-noconfig.cmake
[11.754s] -- Installing: /home/ethereal/rm_2025/rm_decision_2025_pb/install/rm_decision_interfaces/share/rm_decision_interfaces/cmake/export_rm_decision_interfaces__rosidl_generator_cppExport.cmake
[11.754s] -- Installing: /home/ethereal/rm_2025/rm_decision_2025_pb/install/rm_decision_interfaces/share/rm_decision_interfaces/cmake/export_rm_decision_interfaces__rosidl_typesupport_fastrtps_cppExport.cmake
[11.754s] -- Installing: /home/ethereal/rm_2025/rm_decision_2025_pb/install/rm_decision_interfaces/share/rm_decision_interfaces/cmake/export_rm_decision_interfaces__rosidl_typesupport_fastrtps_cppExport-noconfig.cmake
[11.755s] -- Installing: /home/ethereal/rm_2025/rm_decision_2025_pb/install/rm_decision_interfaces/share/rm_decision_interfaces/cmake/rm_decision_interfaces__rosidl_typesupport_introspection_cExport.cmake
[11.755s] -- Installing: /home/ethereal/rm_2025/rm_decision_2025_pb/install/rm_decision_interfaces/share/rm_decision_interfaces/cmake/rm_decision_interfaces__rosidl_typesupport_introspection_cExport-noconfig.cmake
[11.755s] -- Installing: /home/ethereal/rm_2025/rm_decision_2025_pb/install/rm_decision_interfaces/share/rm_decision_interfaces/cmake/rm_decision_interfaces__rosidl_typesupport_cExport.cmake
[11.755s] -- Installing: /home/ethereal/rm_2025/rm_decision_2025_pb/install/rm_decision_interfaces/share/rm_decision_interfaces/cmake/rm_decision_interfaces__rosidl_typesupport_cExport-noconfig.cmake
[11.756s] -- Installing: /home/ethereal/rm_2025/rm_decision_2025_pb/install/rm_decision_interfaces/share/rm_decision_interfaces/cmake/rm_decision_interfaces__rosidl_typesupport_introspection_cppExport.cmake
[11.756s] -- Installing: /home/ethereal/rm_2025/rm_decision_2025_pb/install/rm_decision_interfaces/share/rm_decision_interfaces/cmake/rm_decision_interfaces__rosidl_typesupport_introspection_cppExport-noconfig.cmake
[11.757s] -- Installing: /home/ethereal/rm_2025/rm_decision_2025_pb/install/rm_decision_interfaces/share/rm_decision_interfaces/cmake/rm_decision_interfaces__rosidl_typesupport_cppExport.cmake
[11.758s] -- Installing: /home/ethereal/rm_2025/rm_decision_2025_pb/install/rm_decision_interfaces/share/rm_decision_interfaces/cmake/rm_decision_interfaces__rosidl_typesupport_cppExport-noconfig.cmake
[11.759s] -- Installing: /home/ethereal/rm_2025/rm_decision_2025_pb/install/rm_decision_interfaces/share/rm_decision_interfaces/cmake/export_rm_decision_interfaces__rosidl_generator_pyExport.cmake
[11.760s] -- Installing: /home/ethereal/rm_2025/rm_decision_2025_pb/install/rm_decision_interfaces/share/rm_decision_interfaces/cmake/export_rm_decision_interfaces__rosidl_generator_pyExport-noconfig.cmake
[11.761s] -- Installing: /home/ethereal/rm_2025/rm_decision_2025_pb/install/rm_decision_interfaces/share/rm_decision_interfaces/cmake/rosidl_cmake-extras.cmake
[11.762s] -- Installing: /home/ethereal/rm_2025/rm_decision_2025_pb/install/rm_decision_interfaces/share/rm_decision_interfaces/cmake/ament_cmake_export_dependencies-extras.cmake
[11.762s] -- Installing: /home/ethereal/rm_2025/rm_decision_2025_pb/install/rm_decision_interfaces/share/rm_decision_interfaces/cmake/ament_cmake_export_include_directories-extras.cmake
[11.763s] -- Installing: /home/ethereal/rm_2025/rm_decision_2025_pb/install/rm_decision_interfaces/share/rm_decision_interfaces/cmake/ament_cmake_export_libraries-extras.cmake
[11.763s] -- Installing: /home/ethereal/rm_2025/rm_decision_2025_pb/install/rm_decision_interfaces/share/rm_decision_interfaces/cmake/ament_cmake_export_targets-extras.cmake
[11.764s] -- Installing: /home/ethereal/rm_2025/rm_decision_2025_pb/install/rm_decision_interfaces/share/rm_decision_interfaces/cmake/rosidl_cmake_export_typesupport_targets-extras.cmake
[11.764s] -- Installing: /home/ethereal/rm_2025/rm_decision_2025_pb/install/rm_decision_interfaces/share/rm_decision_interfaces/cmake/rosidl_cmake_export_typesupport_libraries-extras.cmake
[11.768s] -- Installing: /home/ethereal/rm_2025/rm_decision_2025_pb/install/rm_decision_interfaces/share/rm_decision_interfaces/cmake/rm_decision_interfacesConfig.cmake
[11.768s] -- Installing: /home/ethereal/rm_2025/rm_decision_2025_pb/install/rm_decision_interfaces/share/rm_decision_interfaces/cmake/rm_decision_interfacesConfig-version.cmake
[11.769s] -- Installing: /home/ethereal/rm_2025/rm_decision_2025_pb/install/rm_decision_interfaces/share/rm_decision_interfaces/package.xml
[11.772s] Invoked command in '/home/ethereal/rm_2025/rm_decision_2025_pb/build/rm_decision_interfaces' returned '0': CMAKE_PREFIX_PATH=/opt/ros/humble PS1=\[\e[1;32m\]\u@\h\[\e[0m\]:\[\e[1;34m\]\w\[\e[0m\]\$ /usr/bin/cmake --install /home/ethereal/rm_2025/rm_decision_2025_pb/build/rm_decision_interfaces
