[0.025s] Invoking command in '/home/ethereal/rm_2025/rm_decision_2025_pb/build/auto_aim_interfaces': CMAKE_PREFIX_PATH=/opt/ros/humble PS1=\[\e[1;32m\]\u@\h\[\e[0m\]:\[\e[1;34m\]\w\[\e[0m\]\$ /usr/bin/cmake /home/ethereal/rm_2025/rm_decision_2025_pb/src/Other Tools/auto_aim_interfaces -DCMAKE_INSTALL_PREFIX=/home/ethereal/rm_2025/rm_decision_2025_pb/install/auto_aim_interfaces
[0.141s] -- The C compiler identification is GNU 11.4.0
[0.194s] -- The CXX compiler identification is GNU 11.4.0
[0.204s] -- Detecting C compiler ABI info
[0.258s] -- Detecting C compiler ABI info - done
[0.264s] -- Check for working C compiler: /usr/bin/cc - skipped
[0.266s] -- Detecting C compile features
[0.266s] -- Detecting C compile features - done
[0.270s] -- Detecting CXX compiler ABI info
[0.336s] -- Detecting CXX compiler ABI info - done
[0.342s] -- Check for working CXX compiler: /usr/bin/c++ - skipped
[0.343s] -- Detecting CXX compile features
[0.344s] -- Detecting CXX compile features - done
[0.347s] -- Found ament_cmake: 1.3.11 (/opt/ros/humble/share/ament_cmake/cmake)
[0.482s] -- Found Python3: /usr/bin/python3 (found version "3.10.12") found components: Interpreter 
[0.590s] -- Found rosidl_default_generators: 1.2.0 (/opt/ros/humble/share/rosidl_default_generators/cmake)
[0.595s] -- Using all available rosidl_typesupport_c: rosidl_typesupport_fastrtps_c;rosidl_typesupport_introspection_c
[0.603s] -- Found rosidl_adapter: 3.1.6 (/opt/ros/humble/share/rosidl_adapter/cmake)
[0.653s] -- Using all available rosidl_typesupport_cpp: rosidl_typesupport_fastrtps_cpp;rosidl_typesupport_introspection_cpp
[0.689s] -- Found geometry_msgs: 4.2.4 (/opt/ros/humble/share/geometry_msgs/cmake)
[1.034s] -- Found ament_cmake_ros: 0.10.0 (/opt/ros/humble/share/ament_cmake_ros/cmake)
[1.252s] -- Using all available rosidl_typesupport_c: rosidl_typesupport_fastrtps_c;rosidl_typesupport_introspection_c
[1.552s] -- Using all available rosidl_typesupport_cpp: rosidl_typesupport_fastrtps_cpp;rosidl_typesupport_introspection_cpp
[1.572s] -- Found PythonInterp: /usr/bin/python3 (found suitable version "3.10.12", minimum required is "3.6") 
[1.574s] -- Found python_cmake_module: 0.10.0 (/opt/ros/humble/share/python_cmake_module/cmake)
[1.600s] -- Found PythonLibs: /usr/lib/x86_64-linux-gnu/libpython3.10.so (found suitable version "3.10.12", minimum required is "3.5") 
[1.600s] -- Using PYTHON_EXECUTABLE: /usr/bin/python3
[1.600s] -- Using PYTHON_INCLUDE_DIRS: /usr/include/python3.10
[1.600s] -- Using PYTHON_LIBRARIES: /usr/lib/x86_64-linux-gnu/libpython3.10.so
[1.621s] -- Found PythonExtra: .so  
[1.683s] -- Configuring done
[1.758s] -- Generating done
[1.779s] -- Build files have been written to: /home/ethereal/rm_2025/rm_decision_2025_pb/build/auto_aim_interfaces
[1.801s] Invoked command in '/home/ethereal/rm_2025/rm_decision_2025_pb/build/auto_aim_interfaces' returned '0': CMAKE_PREFIX_PATH=/opt/ros/humble PS1=\[\e[1;32m\]\u@\h\[\e[0m\]:\[\e[1;34m\]\w\[\e[0m\]\$ /usr/bin/cmake /home/ethereal/rm_2025/rm_decision_2025_pb/src/Other Tools/auto_aim_interfaces -DCMAKE_INSTALL_PREFIX=/home/ethereal/rm_2025/rm_decision_2025_pb/install/auto_aim_interfaces
[1.802s] Invoking command in '/home/ethereal/rm_2025/rm_decision_2025_pb/build/auto_aim_interfaces': CMAKE_PREFIX_PATH=/opt/ros/humble PS1=\[\e[1;32m\]\u@\h\[\e[0m\]:\[\e[1;34m\]\w\[\e[0m\]\$ /usr/bin/cmake --build /home/ethereal/rm_2025/rm_decision_2025_pb/build/auto_aim_interfaces -- -j20 -l20
[1.840s] [  1%] [34m[1mGenerating C code for ROS interfaces[0m
[1.851s] [  1%] [34m[1mGenerating C++ code for ROS interfaces[0m
[1.859s] [  1%] Built target ament_cmake_python_copy_auto_aim_interfaces
[2.254s] running egg_info
[2.256s] creating auto_aim_interfaces.egg-info
[2.257s] writing auto_aim_interfaces.egg-info/PKG-INFO
[2.257s] writing dependency_links to auto_aim_interfaces.egg-info/dependency_links.txt
[2.258s] writing top-level names to auto_aim_interfaces.egg-info/top_level.txt
[2.258s] writing manifest file 'auto_aim_interfaces.egg-info/SOURCES.txt'
[2.262s] reading manifest file 'auto_aim_interfaces.egg-info/SOURCES.txt'
[2.262s] writing manifest file 'auto_aim_interfaces.egg-info/SOURCES.txt'
[2.299s] [  1%] Built target ament_cmake_python_build_auto_aim_interfaces_egg
[3.213s] [  2%] [32mBuilding C object CMakeFiles/auto_aim_interfaces__rosidl_generator_c.dir/rosidl_generator_c/auto_aim_interfaces/msg/detail/target__functions.c.o[0m
[3.213s] [  3%] [32mBuilding C object CMakeFiles/auto_aim_interfaces__rosidl_generator_c.dir/rosidl_generator_c/auto_aim_interfaces/msg/detail/armor__functions.c.o[0m
[3.214s] [  4%] [32mBuilding C object CMakeFiles/auto_aim_interfaces__rosidl_generator_c.dir/rosidl_generator_c/auto_aim_interfaces/msg/detail/debug_lights__functions.c.o[0m
[3.217s] [  5%] [32mBuilding C object CMakeFiles/auto_aim_interfaces__rosidl_generator_c.dir/rosidl_generator_c/auto_aim_interfaces/msg/detail/armors__functions.c.o[0m
[3.222s] [  6%] [32mBuilding C object CMakeFiles/auto_aim_interfaces__rosidl_generator_c.dir/rosidl_generator_c/auto_aim_interfaces/msg/detail/debug_light__functions.c.o[0m
[3.228s] [  7%] [32mBuilding C object CMakeFiles/auto_aim_interfaces__rosidl_generator_c.dir/rosidl_generator_c/auto_aim_interfaces/msg/detail/debug_armors__functions.c.o[0m
[3.229s] [  8%] [32mBuilding C object CMakeFiles/auto_aim_interfaces__rosidl_generator_c.dir/rosidl_generator_c/auto_aim_interfaces/msg/detail/debug_armor__functions.c.o[0m
[3.237s] [  8%] [32mBuilding C object CMakeFiles/auto_aim_interfaces__rosidl_generator_c.dir/rosidl_generator_c/auto_aim_interfaces/msg/detail/tracker_info__functions.c.o[0m
[3.250s] [  9%] [32mBuilding C object CMakeFiles/auto_aim_interfaces__rosidl_generator_c.dir/rosidl_generator_c/auto_aim_interfaces/msg/detail/bias__functions.c.o[0m
[3.253s] [ 10%] [32mBuilding C object CMakeFiles/auto_aim_interfaces__rosidl_generator_c.dir/rosidl_generator_c/auto_aim_interfaces/msg/detail/receive_serial__functions.c.o[0m
[3.256s] [ 11%] [32mBuilding C object CMakeFiles/auto_aim_interfaces__rosidl_generator_c.dir/rosidl_generator_c/auto_aim_interfaces/msg/detail/send_serial__functions.c.o[0m
[3.302s] [ 11%] Built target auto_aim_interfaces__cpp
[3.316s] [ 11%] [34m[1mGenerating C++ type support for eProsima Fast-RTPS[0m
[3.316s] [ 12%] [34m[1mGenerating C++ type support dispatch for ROS interfaces[0m
[3.319s] [ 13%] [34m[1mGenerating C++ introspection for ROS interfaces[0m
[3.341s] [ 14%] [32m[1mLinking C shared library libauto_aim_interfaces__rosidl_generator_c.so[0m
[3.386s] [ 14%] Built target auto_aim_interfaces__rosidl_generator_c
[3.397s] [ 16%] [34m[1mGenerating C type support for eProsima Fast-RTPS[0m
[3.397s] [ 16%] [34m[1mGenerating C type support dispatch for ROS interfaces[0m
[3.397s] [ 17%] [34m[1mGenerating C introspection for ROS interfaces[0m
[4.368s] [ 18%] [32mBuilding CXX object CMakeFiles/auto_aim_interfaces__rosidl_typesupport_cpp.dir/rosidl_typesupport_cpp/auto_aim_interfaces/msg/armor__type_support.cpp.o[0m
[4.408s] [ 19%] [32mBuilding CXX object CMakeFiles/auto_aim_interfaces__rosidl_typesupport_cpp.dir/rosidl_typesupport_cpp/auto_aim_interfaces/msg/armors__type_support.cpp.o[0m
[4.412s] [ 20%] [32mBuilding CXX object CMakeFiles/auto_aim_interfaces__rosidl_typesupport_cpp.dir/rosidl_typesupport_cpp/auto_aim_interfaces/msg/target__type_support.cpp.o[0m
[4.492s] [ 21%] [32mBuilding CXX object CMakeFiles/auto_aim_interfaces__rosidl_typesupport_cpp.dir/rosidl_typesupport_cpp/auto_aim_interfaces/msg/debug_light__type_support.cpp.o[0m
[4.525s] [ 22%] [32mBuilding CXX object CMakeFiles/auto_aim_interfaces__rosidl_typesupport_cpp.dir/rosidl_typesupport_cpp/auto_aim_interfaces/msg/debug_lights__type_support.cpp.o[0m
[4.526s] [ 23%] [32mBuilding CXX object CMakeFiles/auto_aim_interfaces__rosidl_typesupport_c.dir/rosidl_typesupport_c/auto_aim_interfaces/msg/armor__type_support.cpp.o[0m
[4.552s] [ 24%] [32mBuilding CXX object CMakeFiles/auto_aim_interfaces__rosidl_typesupport_c.dir/rosidl_typesupport_c/auto_aim_interfaces/msg/armors__type_support.cpp.o[0m
[4.564s] [ 24%] [32mBuilding CXX object CMakeFiles/auto_aim_interfaces__rosidl_typesupport_c.dir/rosidl_typesupport_c/auto_aim_interfaces/msg/target__type_support.cpp.o[0m
[4.577s] [ 25%] [32mBuilding CXX object CMakeFiles/auto_aim_interfaces__rosidl_typesupport_c.dir/rosidl_typesupport_c/auto_aim_interfaces/msg/debug_light__type_support.cpp.o[0m
[4.655s] [ 26%] [32mBuilding CXX object CMakeFiles/auto_aim_interfaces__rosidl_typesupport_cpp.dir/rosidl_typesupport_cpp/auto_aim_interfaces/msg/debug_armors__type_support.cpp.o[0m
[4.663s] [ 27%] [32mBuilding CXX object CMakeFiles/auto_aim_interfaces__rosidl_typesupport_c.dir/rosidl_typesupport_c/auto_aim_interfaces/msg/debug_armor__type_support.cpp.o[0m
[4.665s] [ 27%] [32mBuilding CXX object CMakeFiles/auto_aim_interfaces__rosidl_typesupport_cpp.dir/rosidl_typesupport_cpp/auto_aim_interfaces/msg/tracker_info__type_support.cpp.o[0m
[4.666s] [ 29%] [32mBuilding CXX object CMakeFiles/auto_aim_interfaces__rosidl_typesupport_cpp.dir/rosidl_typesupport_cpp/auto_aim_interfaces/msg/debug_armor__type_support.cpp.o[0m
[4.666s] [ 29%] [32mBuilding CXX object CMakeFiles/auto_aim_interfaces__rosidl_typesupport_c.dir/rosidl_typesupport_c/auto_aim_interfaces/msg/debug_lights__type_support.cpp.o[0m
[4.682s] [ 30%] [32mBuilding CXX object CMakeFiles/auto_aim_interfaces__rosidl_typesupport_c.dir/rosidl_typesupport_c/auto_aim_interfaces/msg/debug_armors__type_support.cpp.o[0m
[4.754s] [ 31%] [32mBuilding CXX object CMakeFiles/auto_aim_interfaces__rosidl_typesupport_cpp.dir/rosidl_typesupport_cpp/auto_aim_interfaces/msg/send_serial__type_support.cpp.o[0m
[4.755s] [ 32%] [32mBuilding CXX object CMakeFiles/auto_aim_interfaces__rosidl_typesupport_c.dir/rosidl_typesupport_c/auto_aim_interfaces/msg/send_serial__type_support.cpp.o[0m
[4.762s] [ 33%] [32mBuilding CXX object CMakeFiles/auto_aim_interfaces__rosidl_typesupport_c.dir/rosidl_typesupport_c/auto_aim_interfaces/msg/tracker_info__type_support.cpp.o[0m
[4.801s] [ 34%] [32mBuilding CXX object CMakeFiles/auto_aim_interfaces__rosidl_typesupport_cpp.dir/rosidl_typesupport_cpp/auto_aim_interfaces/msg/receive_serial__type_support.cpp.o[0m
[4.874s] [ 35%] [32mBuilding CXX object CMakeFiles/auto_aim_interfaces__rosidl_typesupport_cpp.dir/rosidl_typesupport_cpp/auto_aim_interfaces/msg/bias__type_support.cpp.o[0m
[4.877s] [ 36%] [32mBuilding CXX object CMakeFiles/auto_aim_interfaces__rosidl_typesupport_c.dir/rosidl_typesupport_c/auto_aim_interfaces/msg/receive_serial__type_support.cpp.o[0m
[4.879s] [ 37%] [32mBuilding CXX object CMakeFiles/auto_aim_interfaces__rosidl_typesupport_c.dir/rosidl_typesupport_c/auto_aim_interfaces/msg/bias__type_support.cpp.o[0m
[5.045s] [ 38%] [32m[1mLinking CXX shared library libauto_aim_interfaces__rosidl_typesupport_c.so[0m
[5.048s] [ 38%] [32mBuilding CXX object CMakeFiles/auto_aim_interfaces__rosidl_typesupport_introspection_cpp.dir/rosidl_typesupport_introspection_cpp/auto_aim_interfaces/msg/detail/armors__type_support.cpp.o[0m
[5.050s] [ 39%] [32mBuilding CXX object CMakeFiles/auto_aim_interfaces__rosidl_typesupport_introspection_cpp.dir/rosidl_typesupport_introspection_cpp/auto_aim_interfaces/msg/detail/armor__type_support.cpp.o[0m
[5.090s] [ 40%] [32mBuilding CXX object CMakeFiles/auto_aim_interfaces__rosidl_typesupport_introspection_cpp.dir/rosidl_typesupport_introspection_cpp/auto_aim_interfaces/msg/detail/target__type_support.cpp.o[0m
[5.221s] [ 41%] [32mBuilding CXX object CMakeFiles/auto_aim_interfaces__rosidl_typesupport_introspection_cpp.dir/rosidl_typesupport_introspection_cpp/auto_aim_interfaces/msg/detail/debug_light__type_support.cpp.o[0m
[5.324s] [ 42%] [32mBuilding CXX object CMakeFiles/auto_aim_interfaces__rosidl_typesupport_introspection_cpp.dir/rosidl_typesupport_introspection_cpp/auto_aim_interfaces/msg/detail/debug_lights__type_support.cpp.o[0m
[5.416s] [ 43%] [32mBuilding CXX object CMakeFiles/auto_aim_interfaces__rosidl_typesupport_introspection_cpp.dir/rosidl_typesupport_introspection_cpp/auto_aim_interfaces/msg/detail/debug_armor__type_support.cpp.o[0m
[5.448s] [ 43%] Built target auto_aim_interfaces__rosidl_typesupport_c
[5.463s] [ 44%] [32mBuilding CXX object CMakeFiles/auto_aim_interfaces__rosidl_typesupport_fastrtps_cpp.dir/rosidl_typesupport_fastrtps_cpp/auto_aim_interfaces/msg/detail/dds_fastrtps/armor__type_support.cpp.o[0m
[5.501s] [ 45%] [32mBuilding CXX object CMakeFiles/auto_aim_interfaces__rosidl_typesupport_introspection_cpp.dir/rosidl_typesupport_introspection_cpp/auto_aim_interfaces/msg/detail/debug_armors__type_support.cpp.o[0m
[5.553s] [ 46%] [32mBuilding CXX object CMakeFiles/auto_aim_interfaces__rosidl_typesupport_introspection_cpp.dir/rosidl_typesupport_introspection_cpp/auto_aim_interfaces/msg/detail/tracker_info__type_support.cpp.o[0m
[5.642s] [ 47%] [32mBuilding CXX object CMakeFiles/auto_aim_interfaces__rosidl_typesupport_fastrtps_c.dir/rosidl_typesupport_fastrtps_c/auto_aim_interfaces/msg/detail/armor__type_support_c.cpp.o[0m
[5.652s] [ 49%] [32mBuilding CXX object CMakeFiles/auto_aim_interfaces__rosidl_typesupport_fastrtps_cpp.dir/rosidl_typesupport_fastrtps_cpp/auto_aim_interfaces/msg/detail/dds_fastrtps/armors__type_support.cpp.o[0m
[5.654s] [ 49%] [32mBuilding CXX object CMakeFiles/auto_aim_interfaces__rosidl_typesupport_fastrtps_c.dir/rosidl_typesupport_fastrtps_c/auto_aim_interfaces/msg/detail/armors__type_support_c.cpp.o[0m
[5.687s] [ 50%] [32mBuilding CXX object CMakeFiles/auto_aim_interfaces__rosidl_typesupport_fastrtps_cpp.dir/rosidl_typesupport_fastrtps_cpp/auto_aim_interfaces/msg/detail/dds_fastrtps/target__type_support.cpp.o[0m
[5.728s] [ 51%] [32mBuilding CXX object CMakeFiles/auto_aim_interfaces__rosidl_typesupport_introspection_cpp.dir/rosidl_typesupport_introspection_cpp/auto_aim_interfaces/msg/detail/send_serial__type_support.cpp.o[0m
[5.728s] [ 52%] [32mBuilding C object CMakeFiles/auto_aim_interfaces__rosidl_typesupport_introspection_c.dir/rosidl_typesupport_introspection_c/auto_aim_interfaces/msg/detail/armor__type_support.c.o[0m
[5.837s] [ 53%] [32mBuilding CXX object CMakeFiles/auto_aim_interfaces__rosidl_typesupport_introspection_cpp.dir/rosidl_typesupport_introspection_cpp/auto_aim_interfaces/msg/detail/receive_serial__type_support.cpp.o[0m
[5.922s] [ 54%] [32mBuilding CXX object CMakeFiles/auto_aim_interfaces__rosidl_typesupport_fastrtps_cpp.dir/rosidl_typesupport_fastrtps_cpp/auto_aim_interfaces/msg/detail/dds_fastrtps/debug_light__type_support.cpp.o[0m
[5.950s] [ 55%] [32mBuilding C object CMakeFiles/auto_aim_interfaces__rosidl_typesupport_introspection_c.dir/rosidl_typesupport_introspection_c/auto_aim_interfaces/msg/detail/armors__type_support.c.o[0m
[5.958s] [ 56%] [32mBuilding C object CMakeFiles/auto_aim_interfaces__rosidl_typesupport_introspection_c.dir/rosidl_typesupport_introspection_c/auto_aim_interfaces/msg/detail/target__type_support.c.o[0m
[5.962s] [ 57%] [32mBuilding CXX object CMakeFiles/auto_aim_interfaces__rosidl_typesupport_fastrtps_cpp.dir/rosidl_typesupport_fastrtps_cpp/auto_aim_interfaces/msg/detail/dds_fastrtps/debug_lights__type_support.cpp.o[0m
[6.038s] [ 58%] [32m[1mLinking CXX shared library libauto_aim_interfaces__rosidl_typesupport_cpp.so[0m
[6.152s] [ 59%] [32mBuilding CXX object CMakeFiles/auto_aim_interfaces__rosidl_typesupport_fastrtps_cpp.dir/rosidl_typesupport_fastrtps_cpp/auto_aim_interfaces/msg/detail/dds_fastrtps/debug_armor__type_support.cpp.o[0m
[6.169s] [ 60%] [32mBuilding C object CMakeFiles/auto_aim_interfaces__rosidl_typesupport_introspection_c.dir/rosidl_typesupport_introspection_c/auto_aim_interfaces/msg/detail/debug_light__type_support.c.o[0m
[6.314s] [ 60%] Built target auto_aim_interfaces__rosidl_typesupport_cpp
[6.355s] [ 61%] [32mBuilding CXX object CMakeFiles/auto_aim_interfaces__rosidl_typesupport_introspection_cpp.dir/rosidl_typesupport_introspection_cpp/auto_aim_interfaces/msg/detail/bias__type_support.cpp.o[0m
[6.396s] [ 62%] [32mBuilding C object CMakeFiles/auto_aim_interfaces__rosidl_typesupport_introspection_c.dir/rosidl_typesupport_introspection_c/auto_aim_interfaces/msg/detail/debug_lights__type_support.c.o[0m
[6.596s] [ 63%] [32mBuilding CXX object CMakeFiles/auto_aim_interfaces__rosidl_typesupport_fastrtps_c.dir/rosidl_typesupport_fastrtps_c/auto_aim_interfaces/msg/detail/target__type_support_c.cpp.o[0m
[6.616s] [ 64%] [32mBuilding CXX object CMakeFiles/auto_aim_interfaces__rosidl_typesupport_fastrtps_c.dir/rosidl_typesupport_fastrtps_c/auto_aim_interfaces/msg/detail/debug_light__type_support_c.cpp.o[0m
[6.653s] [ 65%] [32mBuilding CXX object CMakeFiles/auto_aim_interfaces__rosidl_typesupport_fastrtps_cpp.dir/rosidl_typesupport_fastrtps_cpp/auto_aim_interfaces/msg/detail/dds_fastrtps/debug_armors__type_support.cpp.o[0m
[6.655s] [ 66%] [32mBuilding C object CMakeFiles/auto_aim_interfaces__rosidl_typesupport_introspection_c.dir/rosidl_typesupport_introspection_c/auto_aim_interfaces/msg/detail/debug_armor__type_support.c.o[0m
[6.853s] [ 66%] [32mBuilding CXX object CMakeFiles/auto_aim_interfaces__rosidl_typesupport_fastrtps_c.dir/rosidl_typesupport_fastrtps_c/auto_aim_interfaces/msg/detail/debug_lights__type_support_c.cpp.o[0m
[6.867s] [ 66%] [32mBuilding C object CMakeFiles/auto_aim_interfaces__rosidl_typesupport_introspection_c.dir/rosidl_typesupport_introspection_c/auto_aim_interfaces/msg/detail/debug_armors__type_support.c.o[0m
[6.926s] [ 67%] [32mBuilding CXX object CMakeFiles/auto_aim_interfaces__rosidl_typesupport_fastrtps_c.dir/rosidl_typesupport_fastrtps_c/auto_aim_interfaces/msg/detail/debug_armor__type_support_c.cpp.o[0m
[7.089s] [ 68%] [32mBuilding C object CMakeFiles/auto_aim_interfaces__rosidl_typesupport_introspection_c.dir/rosidl_typesupport_introspection_c/auto_aim_interfaces/msg/detail/tracker_info__type_support.c.o[0m
[7.114s] [ 69%] [32mBuilding C object CMakeFiles/auto_aim_interfaces__rosidl_typesupport_introspection_c.dir/rosidl_typesupport_introspection_c/auto_aim_interfaces/msg/detail/send_serial__type_support.c.o[0m
[7.174s] [ 70%] [32mBuilding CXX object CMakeFiles/auto_aim_interfaces__rosidl_typesupport_fastrtps_c.dir/rosidl_typesupport_fastrtps_c/auto_aim_interfaces/msg/detail/debug_armors__type_support_c.cpp.o[0m
[7.282s] [ 71%] [32mBuilding CXX object CMakeFiles/auto_aim_interfaces__rosidl_typesupport_fastrtps_c.dir/rosidl_typesupport_fastrtps_c/auto_aim_interfaces/msg/detail/tracker_info__type_support_c.cpp.o[0m
[7.306s] [ 72%] [32mBuilding C object CMakeFiles/auto_aim_interfaces__rosidl_typesupport_introspection_c.dir/rosidl_typesupport_introspection_c/auto_aim_interfaces/msg/detail/receive_serial__type_support.c.o[0m
[7.323s] [ 73%] [32mBuilding CXX object CMakeFiles/auto_aim_interfaces__rosidl_typesupport_fastrtps_cpp.dir/rosidl_typesupport_fastrtps_cpp/auto_aim_interfaces/msg/detail/dds_fastrtps/tracker_info__type_support.cpp.o[0m
[7.334s] [ 74%] [32mBuilding CXX object CMakeFiles/auto_aim_interfaces__rosidl_typesupport_fastrtps_cpp.dir/rosidl_typesupport_fastrtps_cpp/auto_aim_interfaces/msg/detail/dds_fastrtps/send_serial__type_support.cpp.o[0m
[7.374s] [ 75%] [32mBuilding C object CMakeFiles/auto_aim_interfaces__rosidl_typesupport_introspection_c.dir/rosidl_typesupport_introspection_c/auto_aim_interfaces/msg/detail/bias__type_support.c.o[0m
[7.499s] [ 76%] [32mBuilding CXX object CMakeFiles/auto_aim_interfaces__rosidl_typesupport_fastrtps_cpp.dir/rosidl_typesupport_fastrtps_cpp/auto_aim_interfaces/msg/detail/dds_fastrtps/bias__type_support.cpp.o[0m
[7.506s] [ 76%] [32mBuilding CXX object CMakeFiles/auto_aim_interfaces__rosidl_typesupport_fastrtps_cpp.dir/rosidl_typesupport_fastrtps_cpp/auto_aim_interfaces/msg/detail/dds_fastrtps/receive_serial__type_support.cpp.o[0m
[7.519s] [ 77%] [32m[1mLinking C shared library libauto_aim_interfaces__rosidl_typesupport_introspection_c.so[0m
[7.562s] [ 78%] [32mBuilding CXX object CMakeFiles/auto_aim_interfaces__rosidl_typesupport_fastrtps_c.dir/rosidl_typesupport_fastrtps_c/auto_aim_interfaces/msg/detail/send_serial__type_support_c.cpp.o[0m
[7.592s] [ 79%] [32mBuilding CXX object CMakeFiles/auto_aim_interfaces__rosidl_typesupport_fastrtps_c.dir/rosidl_typesupport_fastrtps_c/auto_aim_interfaces/msg/detail/receive_serial__type_support_c.cpp.o[0m
[7.684s] [ 79%] Built target auto_aim_interfaces__rosidl_typesupport_introspection_c
[7.693s] [ 80%] [32mBuilding CXX object CMakeFiles/auto_aim_interfaces__rosidl_typesupport_fastrtps_c.dir/rosidl_typesupport_fastrtps_c/auto_aim_interfaces/msg/detail/bias__type_support_c.cpp.o[0m
[8.220s] [ 81%] [32m[1mLinking CXX shared library libauto_aim_interfaces__rosidl_typesupport_introspection_cpp.so[0m
[8.411s] [ 81%] Built target auto_aim_interfaces__rosidl_typesupport_introspection_cpp
[8.437s] [ 82%] [32m[1mLinking CXX shared library libauto_aim_interfaces__rosidl_typesupport_fastrtps_cpp.so[0m
[8.464s] [ 83%] [32m[1mLinking CXX shared library libauto_aim_interfaces__rosidl_typesupport_fastrtps_c.so[0m
[8.561s] [ 83%] Built target auto_aim_interfaces__rosidl_typesupport_fastrtps_cpp
[8.572s] [ 83%] Built target auto_aim_interfaces__rosidl_typesupport_fastrtps_c
[8.594s] [ 83%] Built target auto_aim_interfaces
[8.614s] [ 84%] [34m[1mGenerating Python code for ROS interfaces[0m
[10.330s] [ 84%] Built target auto_aim_interfaces__py
[10.358s] [ 85%] [32mBuilding C object CMakeFiles/auto_aim_interfaces__rosidl_generator_py.dir/rosidl_generator_py/auto_aim_interfaces/msg/_armor_s.c.o[0m
[10.384s] [ 86%] [32mBuilding C object CMakeFiles/auto_aim_interfaces__rosidl_generator_py.dir/rosidl_generator_py/auto_aim_interfaces/msg/_debug_light_s.c.o[0m
[10.388s] [ 87%] [32mBuilding C object CMakeFiles/auto_aim_interfaces__rosidl_generator_py.dir/rosidl_generator_py/auto_aim_interfaces/msg/_debug_lights_s.c.o[0m
[10.393s] [ 88%] [32mBuilding C object CMakeFiles/auto_aim_interfaces__rosidl_generator_py.dir/rosidl_generator_py/auto_aim_interfaces/msg/_target_s.c.o[0m
[10.398s] [ 89%] [32mBuilding C object CMakeFiles/auto_aim_interfaces__rosidl_generator_py.dir/rosidl_generator_py/auto_aim_interfaces/msg/_armors_s.c.o[0m
[10.398s] [ 89%] [32mBuilding C object CMakeFiles/auto_aim_interfaces__rosidl_generator_py.dir/rosidl_generator_py/auto_aim_interfaces/msg/_debug_armor_s.c.o[0m
[10.404s] [ 90%] [32mBuilding C object CMakeFiles/auto_aim_interfaces__rosidl_generator_py.dir/rosidl_generator_py/auto_aim_interfaces/msg/_debug_armors_s.c.o[0m
[10.421s] [ 91%] [32mBuilding C object CMakeFiles/auto_aim_interfaces__rosidl_generator_py.dir/rosidl_generator_py/auto_aim_interfaces/msg/_tracker_info_s.c.o[0m
[10.563s] [ 92%] [32mBuilding C object CMakeFiles/auto_aim_interfaces__rosidl_generator_py.dir/rosidl_generator_py/auto_aim_interfaces/msg/_send_serial_s.c.o[0m
[10.606s] [ 93%] [32mBuilding C object CMakeFiles/auto_aim_interfaces__rosidl_generator_py.dir/rosidl_generator_py/auto_aim_interfaces/msg/_receive_serial_s.c.o[0m
[10.619s] [ 94%] [32mBuilding C object CMakeFiles/auto_aim_interfaces__rosidl_generator_py.dir/rosidl_generator_py/auto_aim_interfaces/msg/_bias_s.c.o[0m
[10.941s] [ 95%] [32m[1mLinking C shared library rosidl_generator_py/auto_aim_interfaces/libauto_aim_interfaces__rosidl_generator_py.so[0m
[11.081s] [ 95%] Built target auto_aim_interfaces__rosidl_generator_py
[11.136s] [ 96%] [32mBuilding C object CMakeFiles/auto_aim_interfaces__rosidl_typesupport_introspection_c__pyext.dir/rosidl_generator_py/auto_aim_interfaces/_auto_aim_interfaces_s.ep.rosidl_typesupport_introspection_c.c.o[0m
[11.139s] [ 97%] [32mBuilding C object CMakeFiles/auto_aim_interfaces__rosidl_typesupport_fastrtps_c__pyext.dir/rosidl_generator_py/auto_aim_interfaces/_auto_aim_interfaces_s.ep.rosidl_typesupport_fastrtps_c.c.o[0m
[11.147s] [ 97%] [32mBuilding C object CMakeFiles/auto_aim_interfaces__rosidl_typesupport_c__pyext.dir/rosidl_generator_py/auto_aim_interfaces/_auto_aim_interfaces_s.ep.rosidl_typesupport_c.c.o[0m
[11.363s] [ 98%] [32m[1mLinking C shared library rosidl_generator_py/auto_aim_interfaces/auto_aim_interfaces_s__rosidl_typesupport_c.cpython-310-x86_64-linux-gnu.so[0m
[11.388s] [ 99%] [32m[1mLinking C shared library rosidl_generator_py/auto_aim_interfaces/auto_aim_interfaces_s__rosidl_typesupport_introspection_c.cpython-310-x86_64-linux-gnu.so[0m
[11.430s] [100%] Built target auto_aim_interfaces__rosidl_typesupport_c__pyext
[11.430s] [100%] [32m[1mLinking C shared library rosidl_generator_py/auto_aim_interfaces/auto_aim_interfaces_s__rosidl_typesupport_fastrtps_c.cpython-310-x86_64-linux-gnu.so[0m
[11.497s] [100%] Built target auto_aim_interfaces__rosidl_typesupport_introspection_c__pyext
[11.542s] [100%] Built target auto_aim_interfaces__rosidl_typesupport_fastrtps_c__pyext
[11.567s] Invoked command in '/home/ethereal/rm_2025/rm_decision_2025_pb/build/auto_aim_interfaces' returned '0': CMAKE_PREFIX_PATH=/opt/ros/humble PS1=\[\e[1;32m\]\u@\h\[\e[0m\]:\[\e[1;34m\]\w\[\e[0m\]\$ /usr/bin/cmake --build /home/ethereal/rm_2025/rm_decision_2025_pb/build/auto_aim_interfaces -- -j20 -l20
[11.572s] Invoking command in '/home/ethereal/rm_2025/rm_decision_2025_pb/build/auto_aim_interfaces': CMAKE_PREFIX_PATH=/opt/ros/humble PS1=\[\e[1;32m\]\u@\h\[\e[0m\]:\[\e[1;34m\]\w\[\e[0m\]\$ /usr/bin/cmake --install /home/ethereal/rm_2025/rm_decision_2025_pb/build/auto_aim_interfaces
[11.592s] -- Install configuration: ""
[11.592s] -- Installing: /home/ethereal/rm_2025/rm_decision_2025_pb/install/auto_aim_interfaces/share/ament_index/resource_index/rosidl_interfaces/auto_aim_interfaces
[11.592s] -- Installing: /home/ethereal/rm_2025/rm_decision_2025_pb/install/auto_aim_interfaces/include/auto_aim_interfaces/auto_aim_interfaces
[11.592s] -- Installing: /home/ethereal/rm_2025/rm_decision_2025_pb/install/auto_aim_interfaces/include/auto_aim_interfaces/auto_aim_interfaces/msg
[11.592s] -- Installing: /home/ethereal/rm_2025/rm_decision_2025_pb/install/auto_aim_interfaces/include/auto_aim_interfaces/auto_aim_interfaces/msg/debug_light.h
[11.592s] -- Installing: /home/ethereal/rm_2025/rm_decision_2025_pb/install/auto_aim_interfaces/include/auto_aim_interfaces/auto_aim_interfaces/msg/debug_lights.h
[11.592s] -- Installing: /home/ethereal/rm_2025/rm_decision_2025_pb/install/auto_aim_interfaces/include/auto_aim_interfaces/auto_aim_interfaces/msg/send_serial.h
[11.592s] -- Installing: /home/ethereal/rm_2025/rm_decision_2025_pb/install/auto_aim_interfaces/include/auto_aim_interfaces/auto_aim_interfaces/msg/target.h
[11.592s] -- Installing: /home/ethereal/rm_2025/rm_decision_2025_pb/install/auto_aim_interfaces/include/auto_aim_interfaces/auto_aim_interfaces/msg/bias.h
[11.593s] -- Installing: /home/ethereal/rm_2025/rm_decision_2025_pb/install/auto_aim_interfaces/include/auto_aim_interfaces/auto_aim_interfaces/msg/armors.h
[11.593s] -- Installing: /home/ethereal/rm_2025/rm_decision_2025_pb/install/auto_aim_interfaces/include/auto_aim_interfaces/auto_aim_interfaces/msg/detail
[11.594s] -- Installing: /home/ethereal/rm_2025/rm_decision_2025_pb/install/auto_aim_interfaces/include/auto_aim_interfaces/auto_aim_interfaces/msg/detail/debug_lights__struct.h
[11.595s] -- Installing: /home/ethereal/rm_2025/rm_decision_2025_pb/install/auto_aim_interfaces/include/auto_aim_interfaces/auto_aim_interfaces/msg/detail/debug_armor__functions.c
[11.595s] -- Installing: /home/ethereal/rm_2025/rm_decision_2025_pb/install/auto_aim_interfaces/include/auto_aim_interfaces/auto_aim_interfaces/msg/detail/receive_serial__functions.h
[11.595s] -- Installing: /home/ethereal/rm_2025/rm_decision_2025_pb/install/auto_aim_interfaces/include/auto_aim_interfaces/auto_aim_interfaces/msg/detail/debug_lights__type_support.h
[11.595s] -- Installing: /home/ethereal/rm_2025/rm_decision_2025_pb/install/auto_aim_interfaces/include/auto_aim_interfaces/auto_aim_interfaces/msg/detail/debug_armor__type_support.h
[11.595s] -- Installing: /home/ethereal/rm_2025/rm_decision_2025_pb/install/auto_aim_interfaces/include/auto_aim_interfaces/auto_aim_interfaces/msg/detail/armors__functions.c
[11.596s] -- Installing: /home/ethereal/rm_2025/rm_decision_2025_pb/install/auto_aim_interfaces/include/auto_aim_interfaces/auto_aim_interfaces/msg/detail/armor__struct.h
[11.596s] -- Installing: /home/ethereal/rm_2025/rm_decision_2025_pb/install/auto_aim_interfaces/include/auto_aim_interfaces/auto_aim_interfaces/msg/detail/receive_serial__struct.h
[11.596s] -- Installing: /home/ethereal/rm_2025/rm_decision_2025_pb/install/auto_aim_interfaces/include/auto_aim_interfaces/auto_aim_interfaces/msg/detail/bias__functions.h
[11.596s] -- Installing: /home/ethereal/rm_2025/rm_decision_2025_pb/install/auto_aim_interfaces/include/auto_aim_interfaces/auto_aim_interfaces/msg/detail/debug_armors__functions.h
[11.596s] -- Installing: /home/ethereal/rm_2025/rm_decision_2025_pb/install/auto_aim_interfaces/include/auto_aim_interfaces/auto_aim_interfaces/msg/detail/debug_armors__struct.h
[11.597s] -- Installing: /home/ethereal/rm_2025/rm_decision_2025_pb/install/auto_aim_interfaces/include/auto_aim_interfaces/auto_aim_interfaces/msg/detail/armor__functions.h
[11.597s] -- Installing: /home/ethereal/rm_2025/rm_decision_2025_pb/install/auto_aim_interfaces/include/auto_aim_interfaces/auto_aim_interfaces/msg/detail/target__functions.c
[11.597s] -- Installing: /home/ethereal/rm_2025/rm_decision_2025_pb/install/auto_aim_interfaces/include/auto_aim_interfaces/auto_aim_interfaces/msg/detail/tracker_info__struct.h
[11.597s] -- Installing: /home/ethereal/rm_2025/rm_decision_2025_pb/install/auto_aim_interfaces/include/auto_aim_interfaces/auto_aim_interfaces/msg/detail/debug_light__functions.h
[11.597s] -- Installing: /home/ethereal/rm_2025/rm_decision_2025_pb/install/auto_aim_interfaces/include/auto_aim_interfaces/auto_aim_interfaces/msg/detail/bias__struct.h
[11.597s] -- Installing: /home/ethereal/rm_2025/rm_decision_2025_pb/install/auto_aim_interfaces/include/auto_aim_interfaces/auto_aim_interfaces/msg/detail/armors__struct.h
[11.598s] -- Installing: /home/ethereal/rm_2025/rm_decision_2025_pb/install/auto_aim_interfaces/include/auto_aim_interfaces/auto_aim_interfaces/msg/detail/debug_armor__functions.h
[11.598s] -- Installing: /home/ethereal/rm_2025/rm_decision_2025_pb/install/auto_aim_interfaces/include/auto_aim_interfaces/auto_aim_interfaces/msg/detail/armor__type_support.h
[11.598s] -- Installing: /home/ethereal/rm_2025/rm_decision_2025_pb/install/auto_aim_interfaces/include/auto_aim_interfaces/auto_aim_interfaces/msg/detail/send_serial__struct.h
[11.598s] -- Installing: /home/ethereal/rm_2025/rm_decision_2025_pb/install/auto_aim_interfaces/include/auto_aim_interfaces/auto_aim_interfaces/msg/detail/receive_serial__functions.c
[11.598s] -- Installing: /home/ethereal/rm_2025/rm_decision_2025_pb/install/auto_aim_interfaces/include/auto_aim_interfaces/auto_aim_interfaces/msg/detail/target__functions.h
[11.599s] -- Installing: /home/ethereal/rm_2025/rm_decision_2025_pb/install/auto_aim_interfaces/include/auto_aim_interfaces/auto_aim_interfaces/msg/detail/armor__functions.c
[11.599s] -- Installing: /home/ethereal/rm_2025/rm_decision_2025_pb/install/auto_aim_interfaces/include/auto_aim_interfaces/auto_aim_interfaces/msg/detail/target__struct.h
[11.599s] -- Installing: /home/ethereal/rm_2025/rm_decision_2025_pb/install/auto_aim_interfaces/include/auto_aim_interfaces/auto_aim_interfaces/msg/detail/debug_armor__struct.h
[11.599s] -- Installing: /home/ethereal/rm_2025/rm_decision_2025_pb/install/auto_aim_interfaces/include/auto_aim_interfaces/auto_aim_interfaces/msg/detail/receive_serial__type_support.h
[11.599s] -- Installing: /home/ethereal/rm_2025/rm_decision_2025_pb/install/auto_aim_interfaces/include/auto_aim_interfaces/auto_aim_interfaces/msg/detail/debug_armors__functions.c
[11.600s] -- Installing: /home/ethereal/rm_2025/rm_decision_2025_pb/install/auto_aim_interfaces/include/auto_aim_interfaces/auto_aim_interfaces/msg/detail/tracker_info__type_support.h
[11.600s] -- Installing: /home/ethereal/rm_2025/rm_decision_2025_pb/install/auto_aim_interfaces/include/auto_aim_interfaces/auto_aim_interfaces/msg/detail/armors__type_support.h
[11.600s] -- Installing: /home/ethereal/rm_2025/rm_decision_2025_pb/install/auto_aim_interfaces/include/auto_aim_interfaces/auto_aim_interfaces/msg/detail/send_serial__functions.h
[11.600s] -- Installing: /home/ethereal/rm_2025/rm_decision_2025_pb/install/auto_aim_interfaces/include/auto_aim_interfaces/auto_aim_interfaces/msg/detail/debug_light__type_support.h
[11.601s] -- Installing: /home/ethereal/rm_2025/rm_decision_2025_pb/install/auto_aim_interfaces/include/auto_aim_interfaces/auto_aim_interfaces/msg/detail/bias__functions.c
[11.601s] -- Installing: /home/ethereal/rm_2025/rm_decision_2025_pb/install/auto_aim_interfaces/include/auto_aim_interfaces/auto_aim_interfaces/msg/detail/tracker_info__functions.c
[11.601s] -- Installing: /home/ethereal/rm_2025/rm_decision_2025_pb/install/auto_aim_interfaces/include/auto_aim_interfaces/auto_aim_interfaces/msg/detail/send_serial__type_support.h
[11.602s] -- Installing: /home/ethereal/rm_2025/rm_decision_2025_pb/install/auto_aim_interfaces/include/auto_aim_interfaces/auto_aim_interfaces/msg/detail/send_serial__functions.c
[11.602s] -- Installing: /home/ethereal/rm_2025/rm_decision_2025_pb/install/auto_aim_interfaces/include/auto_aim_interfaces/auto_aim_interfaces/msg/detail/target__type_support.h
[11.602s] -- Installing: /home/ethereal/rm_2025/rm_decision_2025_pb/install/auto_aim_interfaces/include/auto_aim_interfaces/auto_aim_interfaces/msg/detail/armors__functions.h
[11.602s] -- Installing: /home/ethereal/rm_2025/rm_decision_2025_pb/install/auto_aim_interfaces/include/auto_aim_interfaces/auto_aim_interfaces/msg/detail/debug_armors__type_support.h
[11.603s] -- Installing: /home/ethereal/rm_2025/rm_decision_2025_pb/install/auto_aim_interfaces/include/auto_aim_interfaces/auto_aim_interfaces/msg/detail/debug_lights__functions.h
[11.603s] -- Installing: /home/ethereal/rm_2025/rm_decision_2025_pb/install/auto_aim_interfaces/include/auto_aim_interfaces/auto_aim_interfaces/msg/detail/debug_light__struct.h
[11.603s] -- Installing: /home/ethereal/rm_2025/rm_decision_2025_pb/install/auto_aim_interfaces/include/auto_aim_interfaces/auto_aim_interfaces/msg/detail/bias__type_support.h
[11.603s] -- Installing: /home/ethereal/rm_2025/rm_decision_2025_pb/install/auto_aim_interfaces/include/auto_aim_interfaces/auto_aim_interfaces/msg/detail/debug_lights__functions.c
[11.604s] -- Installing: /home/ethereal/rm_2025/rm_decision_2025_pb/install/auto_aim_interfaces/include/auto_aim_interfaces/auto_aim_interfaces/msg/detail/debug_light__functions.c
[11.604s] -- Installing: /home/ethereal/rm_2025/rm_decision_2025_pb/install/auto_aim_interfaces/include/auto_aim_interfaces/auto_aim_interfaces/msg/detail/tracker_info__functions.h
[11.604s] -- Installing: /home/ethereal/rm_2025/rm_decision_2025_pb/install/auto_aim_interfaces/include/auto_aim_interfaces/auto_aim_interfaces/msg/debug_armors.h
[11.604s] -- Installing: /home/ethereal/rm_2025/rm_decision_2025_pb/install/auto_aim_interfaces/include/auto_aim_interfaces/auto_aim_interfaces/msg/tracker_info.h
[11.608s] -- Installing: /home/ethereal/rm_2025/rm_decision_2025_pb/install/auto_aim_interfaces/include/auto_aim_interfaces/auto_aim_interfaces/msg/receive_serial.h
[11.608s] -- Installing: /home/ethereal/rm_2025/rm_decision_2025_pb/install/auto_aim_interfaces/include/auto_aim_interfaces/auto_aim_interfaces/msg/debug_armor.h
[11.608s] -- Installing: /home/ethereal/rm_2025/rm_decision_2025_pb/install/auto_aim_interfaces/include/auto_aim_interfaces/auto_aim_interfaces/msg/armor.h
[11.608s] -- Installing: /home/ethereal/rm_2025/rm_decision_2025_pb/install/auto_aim_interfaces/include/auto_aim_interfaces/auto_aim_interfaces/msg/rosidl_generator_c__visibility_control.h
[11.608s] -- Installing: /home/ethereal/rm_2025/rm_decision_2025_pb/install/auto_aim_interfaces/share/auto_aim_interfaces/environment/library_path.sh
[11.608s] -- Installing: /home/ethereal/rm_2025/rm_decision_2025_pb/install/auto_aim_interfaces/share/auto_aim_interfaces/environment/library_path.dsv
[11.616s] -- Installing: /home/ethereal/rm_2025/rm_decision_2025_pb/install/auto_aim_interfaces/lib/libauto_aim_interfaces__rosidl_generator_c.so
[11.617s] -- Set runtime path of "/home/ethereal/rm_2025/rm_decision_2025_pb/install/auto_aim_interfaces/lib/libauto_aim_interfaces__rosidl_generator_c.so" to ""
[11.617s] -- Up-to-date: /home/ethereal/rm_2025/rm_decision_2025_pb/install/auto_aim_interfaces/include/auto_aim_interfaces/auto_aim_interfaces
[11.617s] -- Up-to-date: /home/ethereal/rm_2025/rm_decision_2025_pb/install/auto_aim_interfaces/include/auto_aim_interfaces/auto_aim_interfaces/msg
[11.617s] -- Up-to-date: /home/ethereal/rm_2025/rm_decision_2025_pb/install/auto_aim_interfaces/include/auto_aim_interfaces/auto_aim_interfaces/msg/detail
[11.617s] -- Installing: /home/ethereal/rm_2025/rm_decision_2025_pb/install/auto_aim_interfaces/include/auto_aim_interfaces/auto_aim_interfaces/msg/detail/tracker_info__rosidl_typesupport_fastrtps_c.h
[11.617s] -- Installing: /home/ethereal/rm_2025/rm_decision_2025_pb/install/auto_aim_interfaces/include/auto_aim_interfaces/auto_aim_interfaces/msg/detail/debug_armors__rosidl_typesupport_fastrtps_c.h
[11.618s] -- Installing: /home/ethereal/rm_2025/rm_decision_2025_pb/install/auto_aim_interfaces/include/auto_aim_interfaces/auto_aim_interfaces/msg/detail/bias__rosidl_typesupport_fastrtps_c.h
[11.619s] -- Installing: /home/ethereal/rm_2025/rm_decision_2025_pb/install/auto_aim_interfaces/include/auto_aim_interfaces/auto_aim_interfaces/msg/detail/armor__rosidl_typesupport_fastrtps_c.h
[11.619s] -- Installing: /home/ethereal/rm_2025/rm_decision_2025_pb/install/auto_aim_interfaces/include/auto_aim_interfaces/auto_aim_interfaces/msg/detail/debug_lights__rosidl_typesupport_fastrtps_c.h
[11.619s] -- Installing: /home/ethereal/rm_2025/rm_decision_2025_pb/install/auto_aim_interfaces/include/auto_aim_interfaces/auto_aim_interfaces/msg/detail/debug_light__rosidl_typesupport_fastrtps_c.h
[11.619s] -- Installing: /home/ethereal/rm_2025/rm_decision_2025_pb/install/auto_aim_interfaces/include/auto_aim_interfaces/auto_aim_interfaces/msg/detail/send_serial__rosidl_typesupport_fastrtps_c.h
[11.619s] -- Installing: /home/ethereal/rm_2025/rm_decision_2025_pb/install/auto_aim_interfaces/include/auto_aim_interfaces/auto_aim_interfaces/msg/detail/armors__rosidl_typesupport_fastrtps_c.h
[11.620s] -- Installing: /home/ethereal/rm_2025/rm_decision_2025_pb/install/auto_aim_interfaces/include/auto_aim_interfaces/auto_aim_interfaces/msg/detail/debug_armor__rosidl_typesupport_fastrtps_c.h
[11.620s] -- Installing: /home/ethereal/rm_2025/rm_decision_2025_pb/install/auto_aim_interfaces/include/auto_aim_interfaces/auto_aim_interfaces/msg/detail/target__rosidl_typesupport_fastrtps_c.h
[11.620s] -- Installing: /home/ethereal/rm_2025/rm_decision_2025_pb/install/auto_aim_interfaces/include/auto_aim_interfaces/auto_aim_interfaces/msg/detail/receive_serial__rosidl_typesupport_fastrtps_c.h
[11.620s] -- Installing: /home/ethereal/rm_2025/rm_decision_2025_pb/install/auto_aim_interfaces/include/auto_aim_interfaces/auto_aim_interfaces/msg/rosidl_typesupport_fastrtps_c__visibility_control.h
[11.620s] -- Installing: /home/ethereal/rm_2025/rm_decision_2025_pb/install/auto_aim_interfaces/lib/libauto_aim_interfaces__rosidl_typesupport_fastrtps_c.so
[11.621s] -- Set runtime path of "/home/ethereal/rm_2025/rm_decision_2025_pb/install/auto_aim_interfaces/lib/libauto_aim_interfaces__rosidl_typesupport_fastrtps_c.so" to ""
[11.621s] -- Up-to-date: /home/ethereal/rm_2025/rm_decision_2025_pb/install/auto_aim_interfaces/include/auto_aim_interfaces/auto_aim_interfaces
[11.621s] -- Up-to-date: /home/ethereal/rm_2025/rm_decision_2025_pb/install/auto_aim_interfaces/include/auto_aim_interfaces/auto_aim_interfaces/msg
[11.621s] -- Up-to-date: /home/ethereal/rm_2025/rm_decision_2025_pb/install/auto_aim_interfaces/include/auto_aim_interfaces/auto_aim_interfaces/msg/detail
[11.621s] -- Installing: /home/ethereal/rm_2025/rm_decision_2025_pb/install/auto_aim_interfaces/include/auto_aim_interfaces/auto_aim_interfaces/msg/detail/tracker_info__type_support.c
[11.621s] -- Installing: /home/ethereal/rm_2025/rm_decision_2025_pb/install/auto_aim_interfaces/include/auto_aim_interfaces/auto_aim_interfaces/msg/detail/debug_light__type_support.c
[11.622s] -- Installing: /home/ethereal/rm_2025/rm_decision_2025_pb/install/auto_aim_interfaces/include/auto_aim_interfaces/auto_aim_interfaces/msg/detail/debug_lights__type_support.c
[11.622s] -- Installing: /home/ethereal/rm_2025/rm_decision_2025_pb/install/auto_aim_interfaces/include/auto_aim_interfaces/auto_aim_interfaces/msg/detail/armor__rosidl_typesupport_introspection_c.h
[11.622s] -- Installing: /home/ethereal/rm_2025/rm_decision_2025_pb/install/auto_aim_interfaces/include/auto_aim_interfaces/auto_aim_interfaces/msg/detail/debug_armors__rosidl_typesupport_introspection_c.h
[11.622s] -- Installing: /home/ethereal/rm_2025/rm_decision_2025_pb/install/auto_aim_interfaces/include/auto_aim_interfaces/auto_aim_interfaces/msg/detail/target__rosidl_typesupport_introspection_c.h
[11.622s] -- Installing: /home/ethereal/rm_2025/rm_decision_2025_pb/install/auto_aim_interfaces/include/auto_aim_interfaces/auto_aim_interfaces/msg/detail/tracker_info__rosidl_typesupport_introspection_c.h
[11.623s] -- Installing: /home/ethereal/rm_2025/rm_decision_2025_pb/install/auto_aim_interfaces/include/auto_aim_interfaces/auto_aim_interfaces/msg/detail/debug_armor__type_support.c
[11.623s] -- Installing: /home/ethereal/rm_2025/rm_decision_2025_pb/install/auto_aim_interfaces/include/auto_aim_interfaces/auto_aim_interfaces/msg/detail/target__type_support.c
[11.624s] -- Installing: /home/ethereal/rm_2025/rm_decision_2025_pb/install/auto_aim_interfaces/include/auto_aim_interfaces/auto_aim_interfaces/msg/detail/armors__rosidl_typesupport_introspection_c.h
[11.624s] -- Installing: /home/ethereal/rm_2025/rm_decision_2025_pb/install/auto_aim_interfaces/include/auto_aim_interfaces/auto_aim_interfaces/msg/detail/armor__type_support.c
[11.624s] -- Installing: /home/ethereal/rm_2025/rm_decision_2025_pb/install/auto_aim_interfaces/include/auto_aim_interfaces/auto_aim_interfaces/msg/detail/debug_lights__rosidl_typesupport_introspection_c.h
[11.624s] -- Installing: /home/ethereal/rm_2025/rm_decision_2025_pb/install/auto_aim_interfaces/include/auto_aim_interfaces/auto_aim_interfaces/msg/detail/receive_serial__rosidl_typesupport_introspection_c.h
[11.625s] -- Installing: /home/ethereal/rm_2025/rm_decision_2025_pb/install/auto_aim_interfaces/include/auto_aim_interfaces/auto_aim_interfaces/msg/detail/debug_light__rosidl_typesupport_introspection_c.h
[11.626s] -- Installing: /home/ethereal/rm_2025/rm_decision_2025_pb/install/auto_aim_interfaces/include/auto_aim_interfaces/auto_aim_interfaces/msg/detail/debug_armors__type_support.c
[11.626s] -- Installing: /home/ethereal/rm_2025/rm_decision_2025_pb/install/auto_aim_interfaces/include/auto_aim_interfaces/auto_aim_interfaces/msg/detail/armors__type_support.c
[11.627s] -- Installing: /home/ethereal/rm_2025/rm_decision_2025_pb/install/auto_aim_interfaces/include/auto_aim_interfaces/auto_aim_interfaces/msg/detail/send_serial__type_support.c
[11.627s] -- Installing: /home/ethereal/rm_2025/rm_decision_2025_pb/install/auto_aim_interfaces/include/auto_aim_interfaces/auto_aim_interfaces/msg/detail/bias__type_support.c
[11.627s] -- Installing: /home/ethereal/rm_2025/rm_decision_2025_pb/install/auto_aim_interfaces/include/auto_aim_interfaces/auto_aim_interfaces/msg/detail/bias__rosidl_typesupport_introspection_c.h
[11.628s] -- Installing: /home/ethereal/rm_2025/rm_decision_2025_pb/install/auto_aim_interfaces/include/auto_aim_interfaces/auto_aim_interfaces/msg/detail/receive_serial__type_support.c
[11.629s] -- Installing: /home/ethereal/rm_2025/rm_decision_2025_pb/install/auto_aim_interfaces/include/auto_aim_interfaces/auto_aim_interfaces/msg/detail/send_serial__rosidl_typesupport_introspection_c.h
[11.629s] -- Installing: /home/ethereal/rm_2025/rm_decision_2025_pb/install/auto_aim_interfaces/include/auto_aim_interfaces/auto_aim_interfaces/msg/detail/debug_armor__rosidl_typesupport_introspection_c.h
[11.629s] -- Installing: /home/ethereal/rm_2025/rm_decision_2025_pb/install/auto_aim_interfaces/include/auto_aim_interfaces/auto_aim_interfaces/msg/rosidl_typesupport_introspection_c__visibility_control.h
[11.629s] -- Installing: /home/ethereal/rm_2025/rm_decision_2025_pb/install/auto_aim_interfaces/lib/libauto_aim_interfaces__rosidl_typesupport_introspection_c.so
[11.630s] -- Set runtime path of "/home/ethereal/rm_2025/rm_decision_2025_pb/install/auto_aim_interfaces/lib/libauto_aim_interfaces__rosidl_typesupport_introspection_c.so" to ""
[11.630s] -- Installing: /home/ethereal/rm_2025/rm_decision_2025_pb/install/auto_aim_interfaces/lib/libauto_aim_interfaces__rosidl_typesupport_c.so
[11.630s] -- Set runtime path of "/home/ethereal/rm_2025/rm_decision_2025_pb/install/auto_aim_interfaces/lib/libauto_aim_interfaces__rosidl_typesupport_c.so" to ""
[11.630s] -- Up-to-date: /home/ethereal/rm_2025/rm_decision_2025_pb/install/auto_aim_interfaces/include/auto_aim_interfaces/auto_aim_interfaces
[11.630s] -- Up-to-date: /home/ethereal/rm_2025/rm_decision_2025_pb/install/auto_aim_interfaces/include/auto_aim_interfaces/auto_aim_interfaces/msg
[11.649s] -- Installing: /home/ethereal/rm_2025/rm_decision_2025_pb/install/auto_aim_interfaces/include/auto_aim_interfaces/auto_aim_interfaces/msg/target.hpp
[11.650s] -- Installing: /home/ethereal/rm_2025/rm_decision_2025_pb/install/auto_aim_interfaces/include/auto_aim_interfaces/auto_aim_interfaces/msg/armor.hpp
[11.650s] -- Installing: /home/ethereal/rm_2025/rm_decision_2025_pb/install/auto_aim_interfaces/include/auto_aim_interfaces/auto_aim_interfaces/msg/debug_armor.hpp
[11.651s] -- Installing: /home/ethereal/rm_2025/rm_decision_2025_pb/install/auto_aim_interfaces/include/auto_aim_interfaces/auto_aim_interfaces/msg/debug_lights.hpp
[11.651s] -- Installing: /home/ethereal/rm_2025/rm_decision_2025_pb/install/auto_aim_interfaces/include/auto_aim_interfaces/auto_aim_interfaces/msg/send_serial.hpp
[11.651s] -- Up-to-date: /home/ethereal/rm_2025/rm_decision_2025_pb/install/auto_aim_interfaces/include/auto_aim_interfaces/auto_aim_interfaces/msg/detail
[11.652s] -- Installing: /home/ethereal/rm_2025/rm_decision_2025_pb/install/auto_aim_interfaces/include/auto_aim_interfaces/auto_aim_interfaces/msg/detail/send_serial__struct.hpp
[11.652s] -- Installing: /home/ethereal/rm_2025/rm_decision_2025_pb/install/auto_aim_interfaces/include/auto_aim_interfaces/auto_aim_interfaces/msg/detail/target__builder.hpp
[11.652s] -- Installing: /home/ethereal/rm_2025/rm_decision_2025_pb/install/auto_aim_interfaces/include/auto_aim_interfaces/auto_aim_interfaces/msg/detail/armor__traits.hpp
[11.653s] -- Installing: /home/ethereal/rm_2025/rm_decision_2025_pb/install/auto_aim_interfaces/include/auto_aim_interfaces/auto_aim_interfaces/msg/detail/debug_lights__struct.hpp
[11.653s] -- Installing: /home/ethereal/rm_2025/rm_decision_2025_pb/install/auto_aim_interfaces/include/auto_aim_interfaces/auto_aim_interfaces/msg/detail/debug_armors__builder.hpp
[11.654s] -- Installing: /home/ethereal/rm_2025/rm_decision_2025_pb/install/auto_aim_interfaces/include/auto_aim_interfaces/auto_aim_interfaces/msg/detail/receive_serial__builder.hpp
[11.654s] -- Installing: /home/ethereal/rm_2025/rm_decision_2025_pb/install/auto_aim_interfaces/include/auto_aim_interfaces/auto_aim_interfaces/msg/detail/armors__type_support.hpp
[11.654s] -- Installing: /home/ethereal/rm_2025/rm_decision_2025_pb/install/auto_aim_interfaces/include/auto_aim_interfaces/auto_aim_interfaces/msg/detail/debug_light__type_support.hpp
[11.655s] -- Installing: /home/ethereal/rm_2025/rm_decision_2025_pb/install/auto_aim_interfaces/include/auto_aim_interfaces/auto_aim_interfaces/msg/detail/armor__type_support.hpp
[11.655s] -- Installing: /home/ethereal/rm_2025/rm_decision_2025_pb/install/auto_aim_interfaces/include/auto_aim_interfaces/auto_aim_interfaces/msg/detail/debug_lights__traits.hpp
[11.656s] -- Installing: /home/ethereal/rm_2025/rm_decision_2025_pb/install/auto_aim_interfaces/include/auto_aim_interfaces/auto_aim_interfaces/msg/detail/debug_armor__struct.hpp
[11.656s] -- Installing: /home/ethereal/rm_2025/rm_decision_2025_pb/install/auto_aim_interfaces/include/auto_aim_interfaces/auto_aim_interfaces/msg/detail/bias__builder.hpp
[11.657s] -- Installing: /home/ethereal/rm_2025/rm_decision_2025_pb/install/auto_aim_interfaces/include/auto_aim_interfaces/auto_aim_interfaces/msg/detail/tracker_info__type_support.hpp
[11.657s] -- Installing: /home/ethereal/rm_2025/rm_decision_2025_pb/install/auto_aim_interfaces/include/auto_aim_interfaces/auto_aim_interfaces/msg/detail/armor__struct.hpp
[11.657s] -- Installing: /home/ethereal/rm_2025/rm_decision_2025_pb/install/auto_aim_interfaces/include/auto_aim_interfaces/auto_aim_interfaces/msg/detail/tracker_info__builder.hpp
[11.659s] -- Installing: /home/ethereal/rm_2025/rm_decision_2025_pb/install/auto_aim_interfaces/include/auto_aim_interfaces/auto_aim_interfaces/msg/detail/armors__struct.hpp
[11.659s] -- Installing: /home/ethereal/rm_2025/rm_decision_2025_pb/install/auto_aim_interfaces/include/auto_aim_interfaces/auto_aim_interfaces/msg/detail/tracker_info__struct.hpp
[11.659s] -- Installing: /home/ethereal/rm_2025/rm_decision_2025_pb/install/auto_aim_interfaces/include/auto_aim_interfaces/auto_aim_interfaces/msg/detail/armors__traits.hpp
[11.660s] -- Installing: /home/ethereal/rm_2025/rm_decision_2025_pb/install/auto_aim_interfaces/include/auto_aim_interfaces/auto_aim_interfaces/msg/detail/target__type_support.hpp
[11.660s] -- Installing: /home/ethereal/rm_2025/rm_decision_2025_pb/install/auto_aim_interfaces/include/auto_aim_interfaces/auto_aim_interfaces/msg/detail/receive_serial__type_support.hpp
[11.661s] -- Installing: /home/ethereal/rm_2025/rm_decision_2025_pb/install/auto_aim_interfaces/include/auto_aim_interfaces/auto_aim_interfaces/msg/detail/send_serial__type_support.hpp
[11.661s] -- Installing: /home/ethereal/rm_2025/rm_decision_2025_pb/install/auto_aim_interfaces/include/auto_aim_interfaces/auto_aim_interfaces/msg/detail/send_serial__builder.hpp
[11.661s] -- Installing: /home/ethereal/rm_2025/rm_decision_2025_pb/install/auto_aim_interfaces/include/auto_aim_interfaces/auto_aim_interfaces/msg/detail/target__traits.hpp
[11.662s] -- Installing: /home/ethereal/rm_2025/rm_decision_2025_pb/install/auto_aim_interfaces/include/auto_aim_interfaces/auto_aim_interfaces/msg/detail/armor__builder.hpp
[11.662s] -- Installing: /home/ethereal/rm_2025/rm_decision_2025_pb/install/auto_aim_interfaces/include/auto_aim_interfaces/auto_aim_interfaces/msg/detail/receive_serial__traits.hpp
[11.663s] -- Installing: /home/ethereal/rm_2025/rm_decision_2025_pb/install/auto_aim_interfaces/include/auto_aim_interfaces/auto_aim_interfaces/msg/detail/receive_serial__struct.hpp
[11.663s] -- Installing: /home/ethereal/rm_2025/rm_decision_2025_pb/install/auto_aim_interfaces/include/auto_aim_interfaces/auto_aim_interfaces/msg/detail/debug_armors__type_support.hpp
[11.664s] -- Installing: /home/ethereal/rm_2025/rm_decision_2025_pb/install/auto_aim_interfaces/include/auto_aim_interfaces/auto_aim_interfaces/msg/detail/debug_lights__type_support.hpp
[11.664s] -- Installing: /home/ethereal/rm_2025/rm_decision_2025_pb/install/auto_aim_interfaces/include/auto_aim_interfaces/auto_aim_interfaces/msg/detail/bias__traits.hpp
[11.665s] -- Installing: /home/ethereal/rm_2025/rm_decision_2025_pb/install/auto_aim_interfaces/include/auto_aim_interfaces/auto_aim_interfaces/msg/detail/debug_armor__type_support.hpp
[11.665s] -- Installing: /home/ethereal/rm_2025/rm_decision_2025_pb/install/auto_aim_interfaces/include/auto_aim_interfaces/auto_aim_interfaces/msg/detail/debug_armors__traits.hpp
[11.665s] -- Installing: /home/ethereal/rm_2025/rm_decision_2025_pb/install/auto_aim_interfaces/include/auto_aim_interfaces/auto_aim_interfaces/msg/detail/armors__builder.hpp
[11.666s] -- Installing: /home/ethereal/rm_2025/rm_decision_2025_pb/install/auto_aim_interfaces/include/auto_aim_interfaces/auto_aim_interfaces/msg/detail/debug_lights__builder.hpp
[11.667s] -- Installing: /home/ethereal/rm_2025/rm_decision_2025_pb/install/auto_aim_interfaces/include/auto_aim_interfaces/auto_aim_interfaces/msg/detail/tracker_info__traits.hpp
[11.667s] -- Installing: /home/ethereal/rm_2025/rm_decision_2025_pb/install/auto_aim_interfaces/include/auto_aim_interfaces/auto_aim_interfaces/msg/detail/send_serial__traits.hpp
[11.669s] -- Installing: /home/ethereal/rm_2025/rm_decision_2025_pb/install/auto_aim_interfaces/include/auto_aim_interfaces/auto_aim_interfaces/msg/detail/debug_light__traits.hpp
[11.671s] -- Installing: /home/ethereal/rm_2025/rm_decision_2025_pb/install/auto_aim_interfaces/include/auto_aim_interfaces/auto_aim_interfaces/msg/detail/debug_armor__traits.hpp
[11.671s] -- Installing: /home/ethereal/rm_2025/rm_decision_2025_pb/install/auto_aim_interfaces/include/auto_aim_interfaces/auto_aim_interfaces/msg/detail/debug_armors__struct.hpp
[11.672s] -- Installing: /home/ethereal/rm_2025/rm_decision_2025_pb/install/auto_aim_interfaces/include/auto_aim_interfaces/auto_aim_interfaces/msg/detail/target__struct.hpp
[11.673s] -- Installing: /home/ethereal/rm_2025/rm_decision_2025_pb/install/auto_aim_interfaces/include/auto_aim_interfaces/auto_aim_interfaces/msg/detail/debug_armor__builder.hpp
[11.675s] -- Installing: /home/ethereal/rm_2025/rm_decision_2025_pb/install/auto_aim_interfaces/include/auto_aim_interfaces/auto_aim_interfaces/msg/detail/bias__type_support.hpp
[11.676s] -- Installing: /home/ethereal/rm_2025/rm_decision_2025_pb/install/auto_aim_interfaces/include/auto_aim_interfaces/auto_aim_interfaces/msg/detail/debug_light__struct.hpp
[11.676s] -- Installing: /home/ethereal/rm_2025/rm_decision_2025_pb/install/auto_aim_interfaces/include/auto_aim_interfaces/auto_aim_interfaces/msg/detail/debug_light__builder.hpp
[11.677s] -- Installing: /home/ethereal/rm_2025/rm_decision_2025_pb/install/auto_aim_interfaces/include/auto_aim_interfaces/auto_aim_interfaces/msg/detail/bias__struct.hpp
[11.677s] -- Installing: /home/ethereal/rm_2025/rm_decision_2025_pb/install/auto_aim_interfaces/include/auto_aim_interfaces/auto_aim_interfaces/msg/debug_armors.hpp
[11.678s] -- Installing: /home/ethereal/rm_2025/rm_decision_2025_pb/install/auto_aim_interfaces/include/auto_aim_interfaces/auto_aim_interfaces/msg/bias.hpp
[11.678s] -- Installing: /home/ethereal/rm_2025/rm_decision_2025_pb/install/auto_aim_interfaces/include/auto_aim_interfaces/auto_aim_interfaces/msg/receive_serial.hpp
[11.678s] -- Installing: /home/ethereal/rm_2025/rm_decision_2025_pb/install/auto_aim_interfaces/include/auto_aim_interfaces/auto_aim_interfaces/msg/debug_light.hpp
[11.679s] -- Installing: /home/ethereal/rm_2025/rm_decision_2025_pb/install/auto_aim_interfaces/include/auto_aim_interfaces/auto_aim_interfaces/msg/rosidl_generator_cpp__visibility_control.hpp
[11.679s] -- Installing: /home/ethereal/rm_2025/rm_decision_2025_pb/install/auto_aim_interfaces/include/auto_aim_interfaces/auto_aim_interfaces/msg/tracker_info.hpp
[11.680s] -- Installing: /home/ethereal/rm_2025/rm_decision_2025_pb/install/auto_aim_interfaces/include/auto_aim_interfaces/auto_aim_interfaces/msg/armors.hpp
[11.681s] -- Up-to-date: /home/ethereal/rm_2025/rm_decision_2025_pb/install/auto_aim_interfaces/include/auto_aim_interfaces/auto_aim_interfaces
[11.681s] -- Up-to-date: /home/ethereal/rm_2025/rm_decision_2025_pb/install/auto_aim_interfaces/include/auto_aim_interfaces/auto_aim_interfaces/msg
[11.681s] -- Up-to-date: /home/ethereal/rm_2025/rm_decision_2025_pb/install/auto_aim_interfaces/include/auto_aim_interfaces/auto_aim_interfaces/msg/detail
[11.681s] -- Installing: /home/ethereal/rm_2025/rm_decision_2025_pb/install/auto_aim_interfaces/include/auto_aim_interfaces/auto_aim_interfaces/msg/detail/armor__rosidl_typesupport_fastrtps_cpp.hpp
[11.682s] -- Installing: /home/ethereal/rm_2025/rm_decision_2025_pb/install/auto_aim_interfaces/include/auto_aim_interfaces/auto_aim_interfaces/msg/detail/tracker_info__rosidl_typesupport_fastrtps_cpp.hpp
[11.683s] -- Installing: /home/ethereal/rm_2025/rm_decision_2025_pb/install/auto_aim_interfaces/include/auto_aim_interfaces/auto_aim_interfaces/msg/detail/armors__rosidl_typesupport_fastrtps_cpp.hpp
[11.684s] -- Installing: /home/ethereal/rm_2025/rm_decision_2025_pb/install/auto_aim_interfaces/include/auto_aim_interfaces/auto_aim_interfaces/msg/detail/debug_light__rosidl_typesupport_fastrtps_cpp.hpp
[11.684s] -- Installing: /home/ethereal/rm_2025/rm_decision_2025_pb/install/auto_aim_interfaces/include/auto_aim_interfaces/auto_aim_interfaces/msg/detail/bias__rosidl_typesupport_fastrtps_cpp.hpp
[11.685s] -- Installing: /home/ethereal/rm_2025/rm_decision_2025_pb/install/auto_aim_interfaces/include/auto_aim_interfaces/auto_aim_interfaces/msg/detail/dds_fastrtps
[11.686s] -- Installing: /home/ethereal/rm_2025/rm_decision_2025_pb/install/auto_aim_interfaces/include/auto_aim_interfaces/auto_aim_interfaces/msg/detail/target__rosidl_typesupport_fastrtps_cpp.hpp
[11.687s] -- Installing: /home/ethereal/rm_2025/rm_decision_2025_pb/install/auto_aim_interfaces/include/auto_aim_interfaces/auto_aim_interfaces/msg/detail/receive_serial__rosidl_typesupport_fastrtps_cpp.hpp
[11.688s] -- Installing: /home/ethereal/rm_2025/rm_decision_2025_pb/install/auto_aim_interfaces/include/auto_aim_interfaces/auto_aim_interfaces/msg/detail/send_serial__rosidl_typesupport_fastrtps_cpp.hpp
[11.688s] -- Installing: /home/ethereal/rm_2025/rm_decision_2025_pb/install/auto_aim_interfaces/include/auto_aim_interfaces/auto_aim_interfaces/msg/detail/debug_armors__rosidl_typesupport_fastrtps_cpp.hpp
[11.689s] -- Installing: /home/ethereal/rm_2025/rm_decision_2025_pb/install/auto_aim_interfaces/include/auto_aim_interfaces/auto_aim_interfaces/msg/detail/debug_lights__rosidl_typesupport_fastrtps_cpp.hpp
[11.689s] -- Installing: /home/ethereal/rm_2025/rm_decision_2025_pb/install/auto_aim_interfaces/include/auto_aim_interfaces/auto_aim_interfaces/msg/detail/debug_armor__rosidl_typesupport_fastrtps_cpp.hpp
[11.689s] -- Installing: /home/ethereal/rm_2025/rm_decision_2025_pb/install/auto_aim_interfaces/include/auto_aim_interfaces/auto_aim_interfaces/msg/rosidl_typesupport_fastrtps_cpp__visibility_control.h
[11.690s] -- Installing: /home/ethereal/rm_2025/rm_decision_2025_pb/install/auto_aim_interfaces/lib/libauto_aim_interfaces__rosidl_typesupport_fastrtps_cpp.so
[11.691s] -- Set runtime path of "/home/ethereal/rm_2025/rm_decision_2025_pb/install/auto_aim_interfaces/lib/libauto_aim_interfaces__rosidl_typesupport_fastrtps_cpp.so" to ""
[11.691s] -- Up-to-date: /home/ethereal/rm_2025/rm_decision_2025_pb/install/auto_aim_interfaces/include/auto_aim_interfaces/auto_aim_interfaces
[11.691s] -- Up-to-date: /home/ethereal/rm_2025/rm_decision_2025_pb/install/auto_aim_interfaces/include/auto_aim_interfaces/auto_aim_interfaces/msg
[11.692s] -- Up-to-date: /home/ethereal/rm_2025/rm_decision_2025_pb/install/auto_aim_interfaces/include/auto_aim_interfaces/auto_aim_interfaces/msg/detail
[11.692s] -- Installing: /home/ethereal/rm_2025/rm_decision_2025_pb/install/auto_aim_interfaces/include/auto_aim_interfaces/auto_aim_interfaces/msg/detail/armor__rosidl_typesupport_introspection_cpp.hpp
[11.692s] -- Installing: /home/ethereal/rm_2025/rm_decision_2025_pb/install/auto_aim_interfaces/include/auto_aim_interfaces/auto_aim_interfaces/msg/detail/debug_lights__type_support.cpp
[11.693s] -- Installing: /home/ethereal/rm_2025/rm_decision_2025_pb/install/auto_aim_interfaces/include/auto_aim_interfaces/auto_aim_interfaces/msg/detail/armor__type_support.cpp
[11.693s] -- Installing: /home/ethereal/rm_2025/rm_decision_2025_pb/install/auto_aim_interfaces/include/auto_aim_interfaces/auto_aim_interfaces/msg/detail/debug_armors__rosidl_typesupport_introspection_cpp.hpp
[11.693s] -- Installing: /home/ethereal/rm_2025/rm_decision_2025_pb/install/auto_aim_interfaces/include/auto_aim_interfaces/auto_aim_interfaces/msg/detail/debug_armors__type_support.cpp
[11.694s] -- Installing: /home/ethereal/rm_2025/rm_decision_2025_pb/install/auto_aim_interfaces/include/auto_aim_interfaces/auto_aim_interfaces/msg/detail/tracker_info__type_support.cpp
[11.694s] -- Installing: /home/ethereal/rm_2025/rm_decision_2025_pb/install/auto_aim_interfaces/include/auto_aim_interfaces/auto_aim_interfaces/msg/detail/target__rosidl_typesupport_introspection_cpp.hpp
[11.694s] -- Installing: /home/ethereal/rm_2025/rm_decision_2025_pb/install/auto_aim_interfaces/include/auto_aim_interfaces/auto_aim_interfaces/msg/detail/tracker_info__rosidl_typesupport_introspection_cpp.hpp
[11.695s] -- Installing: /home/ethereal/rm_2025/rm_decision_2025_pb/install/auto_aim_interfaces/include/auto_aim_interfaces/auto_aim_interfaces/msg/detail/bias__type_support.cpp
[11.695s] -- Installing: /home/ethereal/rm_2025/rm_decision_2025_pb/install/auto_aim_interfaces/include/auto_aim_interfaces/auto_aim_interfaces/msg/detail/armors__rosidl_typesupport_introspection_cpp.hpp
[11.696s] -- Installing: /home/ethereal/rm_2025/rm_decision_2025_pb/install/auto_aim_interfaces/include/auto_aim_interfaces/auto_aim_interfaces/msg/detail/debug_lights__rosidl_typesupport_introspection_cpp.hpp
[11.696s] -- Installing: /home/ethereal/rm_2025/rm_decision_2025_pb/install/auto_aim_interfaces/include/auto_aim_interfaces/auto_aim_interfaces/msg/detail/bias__rosidl_typesupport_introspection_cpp.hpp
[11.697s] -- Installing: /home/ethereal/rm_2025/rm_decision_2025_pb/install/auto_aim_interfaces/include/auto_aim_interfaces/auto_aim_interfaces/msg/detail/armors__type_support.cpp
[11.697s] -- Installing: /home/ethereal/rm_2025/rm_decision_2025_pb/install/auto_aim_interfaces/include/auto_aim_interfaces/auto_aim_interfaces/msg/detail/debug_light__type_support.cpp
[11.697s] -- Installing: /home/ethereal/rm_2025/rm_decision_2025_pb/install/auto_aim_interfaces/include/auto_aim_interfaces/auto_aim_interfaces/msg/detail/debug_light__rosidl_typesupport_introspection_cpp.hpp
[11.698s] -- Installing: /home/ethereal/rm_2025/rm_decision_2025_pb/install/auto_aim_interfaces/include/auto_aim_interfaces/auto_aim_interfaces/msg/detail/receive_serial__rosidl_typesupport_introspection_cpp.hpp
[11.698s] -- Installing: /home/ethereal/rm_2025/rm_decision_2025_pb/install/auto_aim_interfaces/include/auto_aim_interfaces/auto_aim_interfaces/msg/detail/send_serial__type_support.cpp
[11.699s] -- Installing: /home/ethereal/rm_2025/rm_decision_2025_pb/install/auto_aim_interfaces/include/auto_aim_interfaces/auto_aim_interfaces/msg/detail/receive_serial__type_support.cpp
[11.699s] -- Installing: /home/ethereal/rm_2025/rm_decision_2025_pb/install/auto_aim_interfaces/include/auto_aim_interfaces/auto_aim_interfaces/msg/detail/debug_armor__type_support.cpp
[11.700s] -- Installing: /home/ethereal/rm_2025/rm_decision_2025_pb/install/auto_aim_interfaces/include/auto_aim_interfaces/auto_aim_interfaces/msg/detail/send_serial__rosidl_typesupport_introspection_cpp.hpp
[11.700s] -- Installing: /home/ethereal/rm_2025/rm_decision_2025_pb/install/auto_aim_interfaces/include/auto_aim_interfaces/auto_aim_interfaces/msg/detail/target__type_support.cpp
[11.700s] -- Installing: /home/ethereal/rm_2025/rm_decision_2025_pb/install/auto_aim_interfaces/include/auto_aim_interfaces/auto_aim_interfaces/msg/detail/debug_armor__rosidl_typesupport_introspection_cpp.hpp
[11.701s] -- Installing: /home/ethereal/rm_2025/rm_decision_2025_pb/install/auto_aim_interfaces/lib/libauto_aim_interfaces__rosidl_typesupport_introspection_cpp.so
[11.702s] -- Set runtime path of "/home/ethereal/rm_2025/rm_decision_2025_pb/install/auto_aim_interfaces/lib/libauto_aim_interfaces__rosidl_typesupport_introspection_cpp.so" to ""
[11.702s] -- Installing: /home/ethereal/rm_2025/rm_decision_2025_pb/install/auto_aim_interfaces/lib/libauto_aim_interfaces__rosidl_typesupport_cpp.so
[11.703s] -- Set runtime path of "/home/ethereal/rm_2025/rm_decision_2025_pb/install/auto_aim_interfaces/lib/libauto_aim_interfaces__rosidl_typesupport_cpp.so" to ""
[11.703s] -- Installing: /home/ethereal/rm_2025/rm_decision_2025_pb/install/auto_aim_interfaces/share/auto_aim_interfaces/environment/pythonpath.sh
[11.703s] -- Installing: /home/ethereal/rm_2025/rm_decision_2025_pb/install/auto_aim_interfaces/share/auto_aim_interfaces/environment/pythonpath.dsv
[11.704s] -- Installing: /home/ethereal/rm_2025/rm_decision_2025_pb/install/auto_aim_interfaces/local/lib/python3.10/dist-packages/auto_aim_interfaces-0.0.0-py3.10.egg-info
[11.712s] -- Installing: /home/ethereal/rm_2025/rm_decision_2025_pb/install/auto_aim_interfaces/local/lib/python3.10/dist-packages/auto_aim_interfaces-0.0.0-py3.10.egg-info/SOURCES.txt
[11.713s] -- Installing: /home/ethereal/rm_2025/rm_decision_2025_pb/install/auto_aim_interfaces/local/lib/python3.10/dist-packages/auto_aim_interfaces-0.0.0-py3.10.egg-info/top_level.txt
[11.713s] -- Installing: /home/ethereal/rm_2025/rm_decision_2025_pb/install/auto_aim_interfaces/local/lib/python3.10/dist-packages/auto_aim_interfaces-0.0.0-py3.10.egg-info/dependency_links.txt
[11.714s] -- Installing: /home/ethereal/rm_2025/rm_decision_2025_pb/install/auto_aim_interfaces/local/lib/python3.10/dist-packages/auto_aim_interfaces-0.0.0-py3.10.egg-info/PKG-INFO
[11.714s] -- Installing: /home/ethereal/rm_2025/rm_decision_2025_pb/install/auto_aim_interfaces/local/lib/python3.10/dist-packages/auto_aim_interfaces
[11.717s] -- Installing: /home/ethereal/rm_2025/rm_decision_2025_pb/install/auto_aim_interfaces/local/lib/python3.10/dist-packages/auto_aim_interfaces/auto_aim_interfaces_s__rosidl_typesupport_fastrtps_c.cpython-310-x86_64-linux-gnu.so
[11.718s] -- Installing: /home/ethereal/rm_2025/rm_decision_2025_pb/install/auto_aim_interfaces/local/lib/python3.10/dist-packages/auto_aim_interfaces/_auto_aim_interfaces_s.ep.rosidl_typesupport_c.c
[11.718s] -- Installing: /home/ethereal/rm_2025/rm_decision_2025_pb/install/auto_aim_interfaces/local/lib/python3.10/dist-packages/auto_aim_interfaces/msg
[11.718s] -- Installing: /home/ethereal/rm_2025/rm_decision_2025_pb/install/auto_aim_interfaces/local/lib/python3.10/dist-packages/auto_aim_interfaces/msg/_tracker_info.py
[11.718s] -- Installing: /home/ethereal/rm_2025/rm_decision_2025_pb/install/auto_aim_interfaces/local/lib/python3.10/dist-packages/auto_aim_interfaces/msg/_tracker_info_s.c
[11.719s] -- Installing: /home/ethereal/rm_2025/rm_decision_2025_pb/install/auto_aim_interfaces/local/lib/python3.10/dist-packages/auto_aim_interfaces/msg/_receive_serial.py
[11.720s] -- Installing: /home/ethereal/rm_2025/rm_decision_2025_pb/install/auto_aim_interfaces/local/lib/python3.10/dist-packages/auto_aim_interfaces/msg/_armor.py
[11.720s] -- Installing: /home/ethereal/rm_2025/rm_decision_2025_pb/install/auto_aim_interfaces/local/lib/python3.10/dist-packages/auto_aim_interfaces/msg/_debug_armor.py
[11.720s] -- Installing: /home/ethereal/rm_2025/rm_decision_2025_pb/install/auto_aim_interfaces/local/lib/python3.10/dist-packages/auto_aim_interfaces/msg/_bias_s.c
[11.720s] -- Installing: /home/ethereal/rm_2025/rm_decision_2025_pb/install/auto_aim_interfaces/local/lib/python3.10/dist-packages/auto_aim_interfaces/msg/_target_s.c
[11.720s] -- Installing: /home/ethereal/rm_2025/rm_decision_2025_pb/install/auto_aim_interfaces/local/lib/python3.10/dist-packages/auto_aim_interfaces/msg/_armors.py
[11.721s] -- Installing: /home/ethereal/rm_2025/rm_decision_2025_pb/install/auto_aim_interfaces/local/lib/python3.10/dist-packages/auto_aim_interfaces/msg/_target.py
[11.721s] -- Installing: /home/ethereal/rm_2025/rm_decision_2025_pb/install/auto_aim_interfaces/local/lib/python3.10/dist-packages/auto_aim_interfaces/msg/_receive_serial_s.c
[11.721s] -- Installing: /home/ethereal/rm_2025/rm_decision_2025_pb/install/auto_aim_interfaces/local/lib/python3.10/dist-packages/auto_aim_interfaces/msg/_bias.py
[11.721s] -- Installing: /home/ethereal/rm_2025/rm_decision_2025_pb/install/auto_aim_interfaces/local/lib/python3.10/dist-packages/auto_aim_interfaces/msg/_debug_lights_s.c
[11.722s] -- Installing: /home/ethereal/rm_2025/rm_decision_2025_pb/install/auto_aim_interfaces/local/lib/python3.10/dist-packages/auto_aim_interfaces/msg/_debug_armors.py
[11.722s] -- Installing: /home/ethereal/rm_2025/rm_decision_2025_pb/install/auto_aim_interfaces/local/lib/python3.10/dist-packages/auto_aim_interfaces/msg/_debug_armors_s.c
[11.722s] -- Installing: /home/ethereal/rm_2025/rm_decision_2025_pb/install/auto_aim_interfaces/local/lib/python3.10/dist-packages/auto_aim_interfaces/msg/_armor_s.c
[11.722s] -- Installing: /home/ethereal/rm_2025/rm_decision_2025_pb/install/auto_aim_interfaces/local/lib/python3.10/dist-packages/auto_aim_interfaces/msg/_debug_lights.py
[11.722s] -- Installing: /home/ethereal/rm_2025/rm_decision_2025_pb/install/auto_aim_interfaces/local/lib/python3.10/dist-packages/auto_aim_interfaces/msg/_debug_light.py
[11.722s] -- Installing: /home/ethereal/rm_2025/rm_decision_2025_pb/install/auto_aim_interfaces/local/lib/python3.10/dist-packages/auto_aim_interfaces/msg/_debug_light_s.c
[11.722s] -- Installing: /home/ethereal/rm_2025/rm_decision_2025_pb/install/auto_aim_interfaces/local/lib/python3.10/dist-packages/auto_aim_interfaces/msg/_armors_s.c
[11.723s] -- Installing: /home/ethereal/rm_2025/rm_decision_2025_pb/install/auto_aim_interfaces/local/lib/python3.10/dist-packages/auto_aim_interfaces/msg/_debug_armor_s.c
[11.723s] -- Installing: /home/ethereal/rm_2025/rm_decision_2025_pb/install/auto_aim_interfaces/local/lib/python3.10/dist-packages/auto_aim_interfaces/msg/__init__.py
[11.723s] -- Installing: /home/ethereal/rm_2025/rm_decision_2025_pb/install/auto_aim_interfaces/local/lib/python3.10/dist-packages/auto_aim_interfaces/msg/_send_serial.py
[11.723s] -- Installing: /home/ethereal/rm_2025/rm_decision_2025_pb/install/auto_aim_interfaces/local/lib/python3.10/dist-packages/auto_aim_interfaces/msg/_send_serial_s.c
[11.723s] -- Installing: /home/ethereal/rm_2025/rm_decision_2025_pb/install/auto_aim_interfaces/local/lib/python3.10/dist-packages/auto_aim_interfaces/_auto_aim_interfaces_s.ep.rosidl_typesupport_introspection_c.c
[11.723s] -- Installing: /home/ethereal/rm_2025/rm_decision_2025_pb/install/auto_aim_interfaces/local/lib/python3.10/dist-packages/auto_aim_interfaces/auto_aim_interfaces_s__rosidl_typesupport_c.cpython-310-x86_64-linux-gnu.so
[11.723s] -- Installing: /home/ethereal/rm_2025/rm_decision_2025_pb/install/auto_aim_interfaces/local/lib/python3.10/dist-packages/auto_aim_interfaces/_auto_aim_interfaces_s.ep.rosidl_typesupport_fastrtps_c.c
[11.723s] -- Installing: /home/ethereal/rm_2025/rm_decision_2025_pb/install/auto_aim_interfaces/local/lib/python3.10/dist-packages/auto_aim_interfaces/auto_aim_interfaces_s__rosidl_typesupport_introspection_c.cpython-310-x86_64-linux-gnu.so
[11.724s] -- Installing: /home/ethereal/rm_2025/rm_decision_2025_pb/install/auto_aim_interfaces/local/lib/python3.10/dist-packages/auto_aim_interfaces/__init__.py
[11.724s] -- Installing: /home/ethereal/rm_2025/rm_decision_2025_pb/install/auto_aim_interfaces/local/lib/python3.10/dist-packages/auto_aim_interfaces/libauto_aim_interfaces__rosidl_generator_py.so
[11.836s] Listing '/home/ethereal/rm_2025/rm_decision_2025_pb/install/auto_aim_interfaces/local/lib/python3.10/dist-packages/auto_aim_interfaces'...
[11.836s] Compiling '/home/ethereal/rm_2025/rm_decision_2025_pb/install/auto_aim_interfaces/local/lib/python3.10/dist-packages/auto_aim_interfaces/__init__.py'...
[11.836s] Listing '/home/ethereal/rm_2025/rm_decision_2025_pb/install/auto_aim_interfaces/local/lib/python3.10/dist-packages/auto_aim_interfaces/msg'...
[11.836s] Compiling '/home/ethereal/rm_2025/rm_decision_2025_pb/install/auto_aim_interfaces/local/lib/python3.10/dist-packages/auto_aim_interfaces/msg/__init__.py'...
[11.836s] Compiling '/home/ethereal/rm_2025/rm_decision_2025_pb/install/auto_aim_interfaces/local/lib/python3.10/dist-packages/auto_aim_interfaces/msg/_armor.py'...
[11.836s] Compiling '/home/ethereal/rm_2025/rm_decision_2025_pb/install/auto_aim_interfaces/local/lib/python3.10/dist-packages/auto_aim_interfaces/msg/_armors.py'...
[11.836s] Compiling '/home/ethereal/rm_2025/rm_decision_2025_pb/install/auto_aim_interfaces/local/lib/python3.10/dist-packages/auto_aim_interfaces/msg/_bias.py'...
[11.836s] Compiling '/home/ethereal/rm_2025/rm_decision_2025_pb/install/auto_aim_interfaces/local/lib/python3.10/dist-packages/auto_aim_interfaces/msg/_debug_armor.py'...
[11.836s] Compiling '/home/ethereal/rm_2025/rm_decision_2025_pb/install/auto_aim_interfaces/local/lib/python3.10/dist-packages/auto_aim_interfaces/msg/_debug_armors.py'...
[11.836s] Compiling '/home/ethereal/rm_2025/rm_decision_2025_pb/install/auto_aim_interfaces/local/lib/python3.10/dist-packages/auto_aim_interfaces/msg/_debug_light.py'...
[11.836s] Compiling '/home/ethereal/rm_2025/rm_decision_2025_pb/install/auto_aim_interfaces/local/lib/python3.10/dist-packages/auto_aim_interfaces/msg/_debug_lights.py'...
[11.836s] Compiling '/home/ethereal/rm_2025/rm_decision_2025_pb/install/auto_aim_interfaces/local/lib/python3.10/dist-packages/auto_aim_interfaces/msg/_receive_serial.py'...
[11.836s] Compiling '/home/ethereal/rm_2025/rm_decision_2025_pb/install/auto_aim_interfaces/local/lib/python3.10/dist-packages/auto_aim_interfaces/msg/_send_serial.py'...
[11.837s] Compiling '/home/ethereal/rm_2025/rm_decision_2025_pb/install/auto_aim_interfaces/local/lib/python3.10/dist-packages/auto_aim_interfaces/msg/_target.py'...
[11.837s] Compiling '/home/ethereal/rm_2025/rm_decision_2025_pb/install/auto_aim_interfaces/local/lib/python3.10/dist-packages/auto_aim_interfaces/msg/_tracker_info.py'...
[11.845s] -- Installing: /home/ethereal/rm_2025/rm_decision_2025_pb/install/auto_aim_interfaces/local/lib/python3.10/dist-packages/auto_aim_interfaces/auto_aim_interfaces_s__rosidl_typesupport_fastrtps_c.cpython-310-x86_64-linux-gnu.so
[11.845s] -- Set runtime path of "/home/ethereal/rm_2025/rm_decision_2025_pb/install/auto_aim_interfaces/local/lib/python3.10/dist-packages/auto_aim_interfaces/auto_aim_interfaces_s__rosidl_typesupport_fastrtps_c.cpython-310-x86_64-linux-gnu.so" to ""
[11.846s] -- Installing: /home/ethereal/rm_2025/rm_decision_2025_pb/install/auto_aim_interfaces/local/lib/python3.10/dist-packages/auto_aim_interfaces/auto_aim_interfaces_s__rosidl_typesupport_introspection_c.cpython-310-x86_64-linux-gnu.so
[11.846s] -- Set runtime path of "/home/ethereal/rm_2025/rm_decision_2025_pb/install/auto_aim_interfaces/local/lib/python3.10/dist-packages/auto_aim_interfaces/auto_aim_interfaces_s__rosidl_typesupport_introspection_c.cpython-310-x86_64-linux-gnu.so" to ""
[11.846s] -- Installing: /home/ethereal/rm_2025/rm_decision_2025_pb/install/auto_aim_interfaces/local/lib/python3.10/dist-packages/auto_aim_interfaces/auto_aim_interfaces_s__rosidl_typesupport_c.cpython-310-x86_64-linux-gnu.so
[11.847s] -- Set runtime path of "/home/ethereal/rm_2025/rm_decision_2025_pb/install/auto_aim_interfaces/local/lib/python3.10/dist-packages/auto_aim_interfaces/auto_aim_interfaces_s__rosidl_typesupport_c.cpython-310-x86_64-linux-gnu.so" to ""
[11.848s] -- Installing: /home/ethereal/rm_2025/rm_decision_2025_pb/install/auto_aim_interfaces/lib/libauto_aim_interfaces__rosidl_generator_py.so
[11.848s] -- Set runtime path of "/home/ethereal/rm_2025/rm_decision_2025_pb/install/auto_aim_interfaces/lib/libauto_aim_interfaces__rosidl_generator_py.so" to ""
[11.850s] -- Installing: /home/ethereal/rm_2025/rm_decision_2025_pb/install/auto_aim_interfaces/share/auto_aim_interfaces/msg/Armor.idl
[11.851s] -- Installing: /home/ethereal/rm_2025/rm_decision_2025_pb/install/auto_aim_interfaces/share/auto_aim_interfaces/msg/Armors.idl
[11.852s] -- Installing: /home/ethereal/rm_2025/rm_decision_2025_pb/install/auto_aim_interfaces/share/auto_aim_interfaces/msg/Target.idl
[11.852s] -- Installing: /home/ethereal/rm_2025/rm_decision_2025_pb/install/auto_aim_interfaces/share/auto_aim_interfaces/msg/DebugLight.idl
[11.854s] -- Installing: /home/ethereal/rm_2025/rm_decision_2025_pb/install/auto_aim_interfaces/share/auto_aim_interfaces/msg/DebugLights.idl
[11.855s] -- Installing: /home/ethereal/rm_2025/rm_decision_2025_pb/install/auto_aim_interfaces/share/auto_aim_interfaces/msg/DebugArmor.idl
[11.855s] -- Installing: /home/ethereal/rm_2025/rm_decision_2025_pb/install/auto_aim_interfaces/share/auto_aim_interfaces/msg/DebugArmors.idl
[11.855s] -- Installing: /home/ethereal/rm_2025/rm_decision_2025_pb/install/auto_aim_interfaces/share/auto_aim_interfaces/msg/TrackerInfo.idl
[11.856s] -- Installing: /home/ethereal/rm_2025/rm_decision_2025_pb/install/auto_aim_interfaces/share/auto_aim_interfaces/msg/SendSerial.idl
[11.856s] -- Installing: /home/ethereal/rm_2025/rm_decision_2025_pb/install/auto_aim_interfaces/share/auto_aim_interfaces/msg/ReceiveSerial.idl
[11.858s] -- Installing: /home/ethereal/rm_2025/rm_decision_2025_pb/install/auto_aim_interfaces/share/auto_aim_interfaces/msg/Bias.idl
[11.859s] -- Installing: /home/ethereal/rm_2025/rm_decision_2025_pb/install/auto_aim_interfaces/share/auto_aim_interfaces/msg/Armor.msg
[11.860s] -- Installing: /home/ethereal/rm_2025/rm_decision_2025_pb/install/auto_aim_interfaces/share/auto_aim_interfaces/msg/Armors.msg
[11.860s] -- Installing: /home/ethereal/rm_2025/rm_decision_2025_pb/install/auto_aim_interfaces/share/auto_aim_interfaces/msg/Target.msg
[11.863s] -- Installing: /home/ethereal/rm_2025/rm_decision_2025_pb/install/auto_aim_interfaces/share/auto_aim_interfaces/msg/DebugLight.msg
[11.863s] -- Installing: /home/ethereal/rm_2025/rm_decision_2025_pb/install/auto_aim_interfaces/share/auto_aim_interfaces/msg/DebugLights.msg
[11.863s] -- Installing: /home/ethereal/rm_2025/rm_decision_2025_pb/install/auto_aim_interfaces/share/auto_aim_interfaces/msg/DebugArmor.msg
[11.863s] -- Installing: /home/ethereal/rm_2025/rm_decision_2025_pb/install/auto_aim_interfaces/share/auto_aim_interfaces/msg/DebugArmors.msg
[11.864s] -- Installing: /home/ethereal/rm_2025/rm_decision_2025_pb/install/auto_aim_interfaces/share/auto_aim_interfaces/msg/TrackerInfo.msg
[11.864s] -- Installing: /home/ethereal/rm_2025/rm_decision_2025_pb/install/auto_aim_interfaces/share/auto_aim_interfaces/msg/SendSerial.msg
[11.864s] -- Installing: /home/ethereal/rm_2025/rm_decision_2025_pb/install/auto_aim_interfaces/share/auto_aim_interfaces/msg/ReceiveSerial.msg
[11.864s] -- Installing: /home/ethereal/rm_2025/rm_decision_2025_pb/install/auto_aim_interfaces/share/auto_aim_interfaces/msg/Bias.msg
[11.865s] -- Installing: /home/ethereal/rm_2025/rm_decision_2025_pb/install/auto_aim_interfaces/share/ament_index/resource_index/package_run_dependencies/auto_aim_interfaces
[11.866s] -- Installing: /home/ethereal/rm_2025/rm_decision_2025_pb/install/auto_aim_interfaces/share/ament_index/resource_index/parent_prefix_path/auto_aim_interfaces
[11.866s] -- Installing: /home/ethereal/rm_2025/rm_decision_2025_pb/install/auto_aim_interfaces/share/auto_aim_interfaces/environment/ament_prefix_path.sh
[11.867s] -- Installing: /home/ethereal/rm_2025/rm_decision_2025_pb/install/auto_aim_interfaces/share/auto_aim_interfaces/environment/ament_prefix_path.dsv
[11.867s] -- Installing: /home/ethereal/rm_2025/rm_decision_2025_pb/install/auto_aim_interfaces/share/auto_aim_interfaces/environment/path.sh
[11.867s] -- Installing: /home/ethereal/rm_2025/rm_decision_2025_pb/install/auto_aim_interfaces/share/auto_aim_interfaces/environment/path.dsv
[11.867s] -- Installing: /home/ethereal/rm_2025/rm_decision_2025_pb/install/auto_aim_interfaces/share/auto_aim_interfaces/local_setup.bash
[11.885s] -- Installing: /home/ethereal/rm_2025/rm_decision_2025_pb/install/auto_aim_interfaces/share/auto_aim_interfaces/local_setup.sh
[11.885s] -- Installing: /home/ethereal/rm_2025/rm_decision_2025_pb/install/auto_aim_interfaces/share/auto_aim_interfaces/local_setup.zsh
[11.886s] -- Installing: /home/ethereal/rm_2025/rm_decision_2025_pb/install/auto_aim_interfaces/share/auto_aim_interfaces/local_setup.dsv
[11.886s] -- Installing: /home/ethereal/rm_2025/rm_decision_2025_pb/install/auto_aim_interfaces/share/auto_aim_interfaces/package.dsv
[11.886s] -- Installing: /home/ethereal/rm_2025/rm_decision_2025_pb/install/auto_aim_interfaces/share/ament_index/resource_index/packages/auto_aim_interfaces
[11.886s] -- Installing: /home/ethereal/rm_2025/rm_decision_2025_pb/install/auto_aim_interfaces/share/auto_aim_interfaces/cmake/export_auto_aim_interfaces__rosidl_generator_cExport.cmake
[11.886s] -- Installing: /home/ethereal/rm_2025/rm_decision_2025_pb/install/auto_aim_interfaces/share/auto_aim_interfaces/cmake/export_auto_aim_interfaces__rosidl_generator_cExport-noconfig.cmake
[11.886s] -- Installing: /home/ethereal/rm_2025/rm_decision_2025_pb/install/auto_aim_interfaces/share/auto_aim_interfaces/cmake/export_auto_aim_interfaces__rosidl_typesupport_fastrtps_cExport.cmake
[11.887s] -- Installing: /home/ethereal/rm_2025/rm_decision_2025_pb/install/auto_aim_interfaces/share/auto_aim_interfaces/cmake/export_auto_aim_interfaces__rosidl_typesupport_fastrtps_cExport-noconfig.cmake
[11.887s] -- Installing: /home/ethereal/rm_2025/rm_decision_2025_pb/install/auto_aim_interfaces/share/auto_aim_interfaces/cmake/auto_aim_interfaces__rosidl_typesupport_introspection_cExport.cmake
[11.887s] -- Installing: /home/ethereal/rm_2025/rm_decision_2025_pb/install/auto_aim_interfaces/share/auto_aim_interfaces/cmake/auto_aim_interfaces__rosidl_typesupport_introspection_cExport-noconfig.cmake
[11.887s] -- Installing: /home/ethereal/rm_2025/rm_decision_2025_pb/install/auto_aim_interfaces/share/auto_aim_interfaces/cmake/auto_aim_interfaces__rosidl_typesupport_cExport.cmake
[11.887s] -- Installing: /home/ethereal/rm_2025/rm_decision_2025_pb/install/auto_aim_interfaces/share/auto_aim_interfaces/cmake/auto_aim_interfaces__rosidl_typesupport_cExport-noconfig.cmake
[11.887s] -- Installing: /home/ethereal/rm_2025/rm_decision_2025_pb/install/auto_aim_interfaces/share/auto_aim_interfaces/cmake/export_auto_aim_interfaces__rosidl_generator_cppExport.cmake
[11.887s] -- Installing: /home/ethereal/rm_2025/rm_decision_2025_pb/install/auto_aim_interfaces/share/auto_aim_interfaces/cmake/export_auto_aim_interfaces__rosidl_typesupport_fastrtps_cppExport.cmake
[11.888s] -- Installing: /home/ethereal/rm_2025/rm_decision_2025_pb/install/auto_aim_interfaces/share/auto_aim_interfaces/cmake/export_auto_aim_interfaces__rosidl_typesupport_fastrtps_cppExport-noconfig.cmake
[11.888s] -- Installing: /home/ethereal/rm_2025/rm_decision_2025_pb/install/auto_aim_interfaces/share/auto_aim_interfaces/cmake/auto_aim_interfaces__rosidl_typesupport_introspection_cppExport.cmake
[11.888s] -- Installing: /home/ethereal/rm_2025/rm_decision_2025_pb/install/auto_aim_interfaces/share/auto_aim_interfaces/cmake/auto_aim_interfaces__rosidl_typesupport_introspection_cppExport-noconfig.cmake
[11.888s] -- Installing: /home/ethereal/rm_2025/rm_decision_2025_pb/install/auto_aim_interfaces/share/auto_aim_interfaces/cmake/auto_aim_interfaces__rosidl_typesupport_cppExport.cmake
[11.888s] -- Installing: /home/ethereal/rm_2025/rm_decision_2025_pb/install/auto_aim_interfaces/share/auto_aim_interfaces/cmake/auto_aim_interfaces__rosidl_typesupport_cppExport-noconfig.cmake
[11.888s] -- Installing: /home/ethereal/rm_2025/rm_decision_2025_pb/install/auto_aim_interfaces/share/auto_aim_interfaces/cmake/export_auto_aim_interfaces__rosidl_generator_pyExport.cmake
[11.888s] -- Installing: /home/ethereal/rm_2025/rm_decision_2025_pb/install/auto_aim_interfaces/share/auto_aim_interfaces/cmake/export_auto_aim_interfaces__rosidl_generator_pyExport-noconfig.cmake
[11.888s] -- Installing: /home/ethereal/rm_2025/rm_decision_2025_pb/install/auto_aim_interfaces/share/auto_aim_interfaces/cmake/rosidl_cmake-extras.cmake
[11.889s] -- Installing: /home/ethereal/rm_2025/rm_decision_2025_pb/install/auto_aim_interfaces/share/auto_aim_interfaces/cmake/ament_cmake_export_dependencies-extras.cmake
[11.889s] -- Installing: /home/ethereal/rm_2025/rm_decision_2025_pb/install/auto_aim_interfaces/share/auto_aim_interfaces/cmake/ament_cmake_export_include_directories-extras.cmake
[11.889s] -- Installing: /home/ethereal/rm_2025/rm_decision_2025_pb/install/auto_aim_interfaces/share/auto_aim_interfaces/cmake/ament_cmake_export_libraries-extras.cmake
[11.889s] -- Installing: /home/ethereal/rm_2025/rm_decision_2025_pb/install/auto_aim_interfaces/share/auto_aim_interfaces/cmake/ament_cmake_export_targets-extras.cmake
[11.889s] -- Installing: /home/ethereal/rm_2025/rm_decision_2025_pb/install/auto_aim_interfaces/share/auto_aim_interfaces/cmake/rosidl_cmake_export_typesupport_targets-extras.cmake
[11.889s] -- Installing: /home/ethereal/rm_2025/rm_decision_2025_pb/install/auto_aim_interfaces/share/auto_aim_interfaces/cmake/rosidl_cmake_export_typesupport_libraries-extras.cmake
[11.889s] -- Installing: /home/ethereal/rm_2025/rm_decision_2025_pb/install/auto_aim_interfaces/share/auto_aim_interfaces/cmake/auto_aim_interfacesConfig.cmake
[11.889s] -- Installing: /home/ethereal/rm_2025/rm_decision_2025_pb/install/auto_aim_interfaces/share/auto_aim_interfaces/cmake/auto_aim_interfacesConfig-version.cmake
[11.891s] -- Installing: /home/ethereal/rm_2025/rm_decision_2025_pb/install/auto_aim_interfaces/share/auto_aim_interfaces/package.xml
[11.896s] Invoked command in '/home/ethereal/rm_2025/rm_decision_2025_pb/build/auto_aim_interfaces' returned '0': CMAKE_PREFIX_PATH=/opt/ros/humble PS1=\[\e[1;32m\]\u@\h\[\e[0m\]:\[\e[1;34m\]\w\[\e[0m\]\$ /usr/bin/cmake --install /home/ethereal/rm_2025/rm_decision_2025_pb/build/auto_aim_interfaces
