[0.157s] Invoking command in '/home/ethereal/rm_2025/rm_decision_2025_pb/build/terminal_listener': AMENT_PREFIX_PATH=/home/ethereal/rm_2025/rm_decision_2025_pb/install/navigator_interfaces:${AMENT_PREFIX_PATH} CMAKE_PREFIX_PATH=/home/ethereal/rm_2025/rm_decision_2025_pb/install/navigator_interfaces:/opt/ros/humble LD_LIBRARY_PATH=/home/ethereal/rm_2025/rm_decision_2025_pb/install/navigator_interfaces/lib:${LD_LIBRARY_PATH} PS1=\[\e[1;32m\]\u@\h\[\e[0m\]:\[\e[1;34m\]\w\[\e[0m\]\$ PYTHONPATH=/home/ethereal/rm_2025/rm_decision_2025_pb/install/navigator_interfaces/local/lib/python3.10/dist-packages:${PYTHONPATH} /usr/bin/cmake /home/ethereal/rm_2025/rm_decision_2025_pb/src/Other Tools/terminal_listener -DCMAKE_INSTALL_PREFIX=/home/ethereal/rm_2025/rm_decision_2025_pb/install/terminal_listener
[0.497s] -- The C compiler identification is GNU 11.4.0
[0.893s] -- The CXX compiler identification is GNU 11.4.0
[0.932s] -- Detecting C compiler ABI info
[1.348s] -- Detecting C compiler ABI info - done
[1.358s] -- Check for working C compiler: /usr/bin/cc - skipped
[1.359s] -- Detecting C compile features
[1.361s] -- Detecting C compile features - done
[1.393s] -- Detecting CXX compiler ABI info
[1.716s] -- Detecting CXX compiler ABI info - done
[1.726s] -- Check for working CXX compiler: /usr/bin/c++ - skipped
[1.726s] -- Detecting CXX compile features
[1.727s] -- Detecting CXX compile features - done
[1.729s] -- Found ament_cmake: 1.3.11 (/opt/ros/humble/share/ament_cmake/cmake)
[2.101s] -- Found Python3: /usr/bin/python3 (found version "3.10.12") found components: Interpreter 
[2.217s] -- Found rclcpp: 16.0.11 (/opt/ros/humble/share/rclcpp/cmake)
[2.259s] -- Found rosidl_generator_c: 3.1.6 (/opt/ros/humble/share/rosidl_generator_c/cmake)
[2.263s] -- Found rosidl_adapter: 3.1.6 (/opt/ros/humble/share/rosidl_adapter/cmake)
[2.273s] -- Found rosidl_generator_cpp: 3.1.6 (/opt/ros/humble/share/rosidl_generator_cpp/cmake)
[2.285s] -- Using all available rosidl_typesupport_c: rosidl_typesupport_fastrtps_c;rosidl_typesupport_introspection_c
[2.302s] -- Using all available rosidl_typesupport_cpp: rosidl_typesupport_fastrtps_cpp;rosidl_typesupport_introspection_cpp
[2.360s] -- Found rmw_implementation_cmake: 6.1.2 (/opt/ros/humble/share/rmw_implementation_cmake/cmake)
[2.363s] -- Found rmw_fastrtps_cpp: 6.2.7 (/opt/ros/humble/share/rmw_fastrtps_cpp/cmake)
[2.463s] -- Found OpenSSL: /usr/lib/x86_64-linux-gnu/libcrypto.so (found version "3.0.2")  
[2.503s] -- Found FastRTPS: /opt/ros/humble/include  
[2.559s] -- Using RMW implementation 'rmw_fastrtps_cpp' as default
[2.566s] -- Looking for pthread.h
[2.650s] -- Looking for pthread.h - found
[2.650s] -- Performing Test CMAKE_HAVE_LIBC_PTHREAD
[2.732s] -- Performing Test CMAKE_HAVE_LIBC_PTHREAD - Success
[2.734s] -- Found Threads: TRUE  
[2.798s] -- Found geometry_msgs: 4.2.4 (/opt/ros/humble/share/geometry_msgs/cmake)
[2.817s] -- Found navigator_interfaces: 0.0.0 (/home/ethereal/rm_2025/rm_decision_2025_pb/install/navigator_interfaces/share/navigator_interfaces/cmake)
[2.923s] -- Configuring done
[2.940s] -- Generating done
[2.946s] -- Build files have been written to: /home/ethereal/rm_2025/rm_decision_2025_pb/build/terminal_listener
[2.955s] Invoked command in '/home/ethereal/rm_2025/rm_decision_2025_pb/build/terminal_listener' returned '0': AMENT_PREFIX_PATH=/home/ethereal/rm_2025/rm_decision_2025_pb/install/navigator_interfaces:${AMENT_PREFIX_PATH} CMAKE_PREFIX_PATH=/home/ethereal/rm_2025/rm_decision_2025_pb/install/navigator_interfaces:/opt/ros/humble LD_LIBRARY_PATH=/home/ethereal/rm_2025/rm_decision_2025_pb/install/navigator_interfaces/lib:${LD_LIBRARY_PATH} PS1=\[\e[1;32m\]\u@\h\[\e[0m\]:\[\e[1;34m\]\w\[\e[0m\]\$ PYTHONPATH=/home/ethereal/rm_2025/rm_decision_2025_pb/install/navigator_interfaces/local/lib/python3.10/dist-packages:${PYTHONPATH} /usr/bin/cmake /home/ethereal/rm_2025/rm_decision_2025_pb/src/Other Tools/terminal_listener -DCMAKE_INSTALL_PREFIX=/home/ethereal/rm_2025/rm_decision_2025_pb/install/terminal_listener
[2.959s] Invoking command in '/home/ethereal/rm_2025/rm_decision_2025_pb/build/terminal_listener': AMENT_PREFIX_PATH=/home/ethereal/rm_2025/rm_decision_2025_pb/install/navigator_interfaces:${AMENT_PREFIX_PATH} CMAKE_PREFIX_PATH=/home/ethereal/rm_2025/rm_decision_2025_pb/install/navigator_interfaces:/opt/ros/humble LD_LIBRARY_PATH=/home/ethereal/rm_2025/rm_decision_2025_pb/install/navigator_interfaces/lib:${LD_LIBRARY_PATH} PS1=\[\e[1;32m\]\u@\h\[\e[0m\]:\[\e[1;34m\]\w\[\e[0m\]\$ PYTHONPATH=/home/ethereal/rm_2025/rm_decision_2025_pb/install/navigator_interfaces/local/lib/python3.10/dist-packages:${PYTHONPATH} /usr/bin/cmake --build /home/ethereal/rm_2025/rm_decision_2025_pb/build/terminal_listener -- -j20 -l20
[3.008s] [ 50%] [32mBuilding CXX object CMakeFiles/terminal_listener.dir/src/terminal_listener.cpp.o[0m
[8.102s] [100%] [32m[1mLinking CXX executable terminal_listener[0m
[8.253s] [100%] Built target terminal_listener
[8.261s] Invoked command in '/home/ethereal/rm_2025/rm_decision_2025_pb/build/terminal_listener' returned '0': AMENT_PREFIX_PATH=/home/ethereal/rm_2025/rm_decision_2025_pb/install/navigator_interfaces:${AMENT_PREFIX_PATH} CMAKE_PREFIX_PATH=/home/ethereal/rm_2025/rm_decision_2025_pb/install/navigator_interfaces:/opt/ros/humble LD_LIBRARY_PATH=/home/ethereal/rm_2025/rm_decision_2025_pb/install/navigator_interfaces/lib:${LD_LIBRARY_PATH} PS1=\[\e[1;32m\]\u@\h\[\e[0m\]:\[\e[1;34m\]\w\[\e[0m\]\$ PYTHONPATH=/home/ethereal/rm_2025/rm_decision_2025_pb/install/navigator_interfaces/local/lib/python3.10/dist-packages:${PYTHONPATH} /usr/bin/cmake --build /home/ethereal/rm_2025/rm_decision_2025_pb/build/terminal_listener -- -j20 -l20
[8.262s] Invoking command in '/home/ethereal/rm_2025/rm_decision_2025_pb/build/terminal_listener': AMENT_PREFIX_PATH=/home/ethereal/rm_2025/rm_decision_2025_pb/install/navigator_interfaces:${AMENT_PREFIX_PATH} CMAKE_PREFIX_PATH=/home/ethereal/rm_2025/rm_decision_2025_pb/install/navigator_interfaces:/opt/ros/humble LD_LIBRARY_PATH=/home/ethereal/rm_2025/rm_decision_2025_pb/install/navigator_interfaces/lib:${LD_LIBRARY_PATH} PS1=\[\e[1;32m\]\u@\h\[\e[0m\]:\[\e[1;34m\]\w\[\e[0m\]\$ PYTHONPATH=/home/ethereal/rm_2025/rm_decision_2025_pb/install/navigator_interfaces/local/lib/python3.10/dist-packages:${PYTHONPATH} /usr/bin/cmake --install /home/ethereal/rm_2025/rm_decision_2025_pb/build/terminal_listener
[8.267s] -- Install configuration: ""
[8.267s] -- Installing: /home/ethereal/rm_2025/rm_decision_2025_pb/install/terminal_listener/lib/terminal_listener/terminal_listener
[8.268s] -- Set runtime path of "/home/ethereal/rm_2025/rm_decision_2025_pb/install/terminal_listener/lib/terminal_listener/terminal_listener" to ""
[8.269s] -- Installing: /home/ethereal/rm_2025/rm_decision_2025_pb/install/terminal_listener/share/ament_index/resource_index/package_run_dependencies/terminal_listener
[8.270s] -- Installing: /home/ethereal/rm_2025/rm_decision_2025_pb/install/terminal_listener/share/ament_index/resource_index/parent_prefix_path/terminal_listener
[8.270s] -- Installing: /home/ethereal/rm_2025/rm_decision_2025_pb/install/terminal_listener/share/terminal_listener/environment/ament_prefix_path.sh
[8.271s] -- Installing: /home/ethereal/rm_2025/rm_decision_2025_pb/install/terminal_listener/share/terminal_listener/environment/ament_prefix_path.dsv
[8.271s] -- Installing: /home/ethereal/rm_2025/rm_decision_2025_pb/install/terminal_listener/share/terminal_listener/environment/path.sh
[8.271s] -- Installing: /home/ethereal/rm_2025/rm_decision_2025_pb/install/terminal_listener/share/terminal_listener/environment/path.dsv
[8.272s] -- Installing: /home/ethereal/rm_2025/rm_decision_2025_pb/install/terminal_listener/share/terminal_listener/local_setup.bash
[8.272s] -- Installing: /home/ethereal/rm_2025/rm_decision_2025_pb/install/terminal_listener/share/terminal_listener/local_setup.sh
[8.272s] -- Installing: /home/ethereal/rm_2025/rm_decision_2025_pb/install/terminal_listener/share/terminal_listener/local_setup.zsh
[8.272s] -- Installing: /home/ethereal/rm_2025/rm_decision_2025_pb/install/terminal_listener/share/terminal_listener/local_setup.dsv
[8.272s] -- Installing: /home/ethereal/rm_2025/rm_decision_2025_pb/install/terminal_listener/share/terminal_listener/package.dsv
[8.272s] -- Installing: /home/ethereal/rm_2025/rm_decision_2025_pb/install/terminal_listener/share/ament_index/resource_index/packages/terminal_listener
[8.272s] -- Installing: /home/ethereal/rm_2025/rm_decision_2025_pb/install/terminal_listener/share/terminal_listener/cmake/terminal_listenerConfig.cmake
[8.272s] -- Installing: /home/ethereal/rm_2025/rm_decision_2025_pb/install/terminal_listener/share/terminal_listener/cmake/terminal_listenerConfig-version.cmake
[8.273s] -- Installing: /home/ethereal/rm_2025/rm_decision_2025_pb/install/terminal_listener/share/terminal_listener/package.xml
[8.274s] Invoked command in '/home/ethereal/rm_2025/rm_decision_2025_pb/build/terminal_listener' returned '0': AMENT_PREFIX_PATH=/home/ethereal/rm_2025/rm_decision_2025_pb/install/navigator_interfaces:${AMENT_PREFIX_PATH} CMAKE_PREFIX_PATH=/home/ethereal/rm_2025/rm_decision_2025_pb/install/navigator_interfaces:/opt/ros/humble LD_LIBRARY_PATH=/home/ethereal/rm_2025/rm_decision_2025_pb/install/navigator_interfaces/lib:${LD_LIBRARY_PATH} PS1=\[\e[1;32m\]\u@\h\[\e[0m\]:\[\e[1;34m\]\w\[\e[0m\]\$ PYTHONPATH=/home/ethereal/rm_2025/rm_decision_2025_pb/install/navigator_interfaces/local/lib/python3.10/dist-packages:${PYTHONPATH} /usr/bin/cmake --install /home/ethereal/rm_2025/rm_decision_2025_pb/build/terminal_listener
