[0.029s] Invoking command in '/home/ethereal/rm_2025/rm_decision_2025_pb/build/decision_base': AMENT_PREFIX_PATH=/home/ethereal/rm_2025/rm_decision_2025_pb/install/information_widgets:/home/ethereal/rm_2025/rm_decision_2025_pb/install/rm_decision_interfaces:/home/ethereal/rm_2025/rm_decision_2025_pb/install/navigator_interfaces:/home/ethereal/rm_2025/rm_decision_2025_pb/install/iw_interfaces:/home/ethereal/rm_2025/rm_decision_2025_pb/install/auto_aim_interfaces:${AMENT_PREFIX_PATH} CMAKE_PREFIX_PATH=/home/ethereal/rm_2025/rm_decision_2025_pb/install/information_widgets:/home/ethereal/rm_2025/rm_decision_2025_pb/install/rm_decision_interfaces:/home/ethereal/rm_2025/rm_decision_2025_pb/install/navigator_interfaces:/home/ethereal/rm_2025/rm_decision_2025_pb/install/iw_interfaces:/home/ethereal/rm_2025/rm_decision_2025_pb/install/auto_aim_interfaces:/opt/ros/humble LD_LIBRARY_PATH=/home/ethereal/rm_2025/rm_decision_2025_pb/install/information_widgets/lib:/home/ethereal/rm_2025/rm_decision_2025_pb/install/rm_decision_interfaces/lib:/home/ethereal/rm_2025/rm_decision_2025_pb/install/navigator_interfaces/lib:/home/ethereal/rm_2025/rm_decision_2025_pb/install/iw_interfaces/lib:/home/ethereal/rm_2025/rm_decision_2025_pb/install/auto_aim_interfaces/lib:${LD_LIBRARY_PATH} PS1=\[\e[1;32m\]\u@\h\[\e[0m\]:\[\e[1;34m\]\w\[\e[0m\]\$ PYTHONPATH=/home/ethereal/rm_2025/rm_decision_2025_pb/install/rm_decision_interfaces/local/lib/python3.10/dist-packages:/home/ethereal/rm_2025/rm_decision_2025_pb/install/navigator_interfaces/local/lib/python3.10/dist-packages:/home/ethereal/rm_2025/rm_decision_2025_pb/install/iw_interfaces/local/lib/python3.10/dist-packages:/home/ethereal/rm_2025/rm_decision_2025_pb/install/auto_aim_interfaces/local/lib/python3.10/dist-packages:${PYTHONPATH} /usr/bin/cmake /home/ethereal/rm_2025/rm_decision_2025_pb/src/Decision Level/decision_base -DCMAKE_INSTALL_PREFIX=/home/ethereal/rm_2025/rm_decision_2025_pb/install/decision_base
[0.070s] -- The C compiler identification is GNU 11.4.0
[0.109s] -- The CXX compiler identification is GNU 11.4.0
[0.114s] -- Detecting C compiler ABI info
[0.162s] -- Detecting C compiler ABI info - done
[0.166s] -- Check for working C compiler: /usr/bin/cc - skipped
[0.167s] -- Detecting C compile features
[0.167s] -- Detecting C compile features - done
[0.170s] -- Detecting CXX compiler ABI info
[0.231s] -- Detecting CXX compiler ABI info - done
[0.237s] -- Check for working CXX compiler: /usr/bin/c++ - skipped
[0.237s] -- Detecting CXX compile features
[0.237s] -- Detecting CXX compile features - done
[0.240s] -- Found ament_cmake_auto: 1.3.11 (/opt/ros/humble/share/ament_cmake_auto/cmake)
[0.368s] -- Found Python3: /usr/bin/python3 (found version "3.10.12") found components: Interpreter 
[0.540s] -- Found rosidl_generator_c: 3.1.6 (/opt/ros/humble/share/rosidl_generator_c/cmake)
[0.544s] -- Found rosidl_adapter: 3.1.6 (/opt/ros/humble/share/rosidl_adapter/cmake)
[0.550s] -- Found rosidl_generator_cpp: 3.1.6 (/opt/ros/humble/share/rosidl_generator_cpp/cmake)
[0.560s] -- Using all available rosidl_typesupport_c: rosidl_typesupport_fastrtps_c;rosidl_typesupport_introspection_c
[0.571s] -- Using all available rosidl_typesupport_cpp: rosidl_typesupport_fastrtps_cpp;rosidl_typesupport_introspection_cpp
[0.608s] -- Found rmw_implementation_cmake: 6.1.2 (/opt/ros/humble/share/rmw_implementation_cmake/cmake)
[0.610s] -- Found rmw_fastrtps_cpp: 6.2.7 (/opt/ros/humble/share/rmw_fastrtps_cpp/cmake)
[0.680s] -- Found OpenSSL: /usr/lib/x86_64-linux-gnu/libcrypto.so (found version "3.0.2")  
[0.700s] -- Found FastRTPS: /opt/ros/humble/include  
[0.733s] -- Using RMW implementation 'rmw_fastrtps_cpp' as default
[0.740s] -- Looking for pthread.h
[0.791s] -- Looking for pthread.h - found
[0.791s] -- Performing Test CMAKE_HAVE_LIBC_PTHREAD
[0.843s] -- Performing Test CMAKE_HAVE_LIBC_PTHREAD - Success
[0.844s] -- Found Threads: TRUE  
[1.026s] -- Configuring done
[1.048s] -- Generating done
[1.053s] -- Build files have been written to: /home/ethereal/rm_2025/rm_decision_2025_pb/build/decision_base
[1.061s] Invoked command in '/home/ethereal/rm_2025/rm_decision_2025_pb/build/decision_base' returned '0': AMENT_PREFIX_PATH=/home/ethereal/rm_2025/rm_decision_2025_pb/install/information_widgets:/home/ethereal/rm_2025/rm_decision_2025_pb/install/rm_decision_interfaces:/home/ethereal/rm_2025/rm_decision_2025_pb/install/navigator_interfaces:/home/ethereal/rm_2025/rm_decision_2025_pb/install/iw_interfaces:/home/ethereal/rm_2025/rm_decision_2025_pb/install/auto_aim_interfaces:${AMENT_PREFIX_PATH} CMAKE_PREFIX_PATH=/home/ethereal/rm_2025/rm_decision_2025_pb/install/information_widgets:/home/ethereal/rm_2025/rm_decision_2025_pb/install/rm_decision_interfaces:/home/ethereal/rm_2025/rm_decision_2025_pb/install/navigator_interfaces:/home/ethereal/rm_2025/rm_decision_2025_pb/install/iw_interfaces:/home/ethereal/rm_2025/rm_decision_2025_pb/install/auto_aim_interfaces:/opt/ros/humble LD_LIBRARY_PATH=/home/ethereal/rm_2025/rm_decision_2025_pb/install/information_widgets/lib:/home/ethereal/rm_2025/rm_decision_2025_pb/install/rm_decision_interfaces/lib:/home/ethereal/rm_2025/rm_decision_2025_pb/install/navigator_interfaces/lib:/home/ethereal/rm_2025/rm_decision_2025_pb/install/iw_interfaces/lib:/home/ethereal/rm_2025/rm_decision_2025_pb/install/auto_aim_interfaces/lib:${LD_LIBRARY_PATH} PS1=\[\e[1;32m\]\u@\h\[\e[0m\]:\[\e[1;34m\]\w\[\e[0m\]\$ PYTHONPATH=/home/ethereal/rm_2025/rm_decision_2025_pb/install/rm_decision_interfaces/local/lib/python3.10/dist-packages:/home/ethereal/rm_2025/rm_decision_2025_pb/install/navigator_interfaces/local/lib/python3.10/dist-packages:/home/ethereal/rm_2025/rm_decision_2025_pb/install/iw_interfaces/local/lib/python3.10/dist-packages:/home/ethereal/rm_2025/rm_decision_2025_pb/install/auto_aim_interfaces/local/lib/python3.10/dist-packages:${PYTHONPATH} /usr/bin/cmake /home/ethereal/rm_2025/rm_decision_2025_pb/src/Decision Level/decision_base -DCMAKE_INSTALL_PREFIX=/home/ethereal/rm_2025/rm_decision_2025_pb/install/decision_base
[1.063s] Invoking command in '/home/ethereal/rm_2025/rm_decision_2025_pb/build/decision_base': AMENT_PREFIX_PATH=/home/ethereal/rm_2025/rm_decision_2025_pb/install/information_widgets:/home/ethereal/rm_2025/rm_decision_2025_pb/install/rm_decision_interfaces:/home/ethereal/rm_2025/rm_decision_2025_pb/install/navigator_interfaces:/home/ethereal/rm_2025/rm_decision_2025_pb/install/iw_interfaces:/home/ethereal/rm_2025/rm_decision_2025_pb/install/auto_aim_interfaces:${AMENT_PREFIX_PATH} CMAKE_PREFIX_PATH=/home/ethereal/rm_2025/rm_decision_2025_pb/install/information_widgets:/home/ethereal/rm_2025/rm_decision_2025_pb/install/rm_decision_interfaces:/home/ethereal/rm_2025/rm_decision_2025_pb/install/navigator_interfaces:/home/ethereal/rm_2025/rm_decision_2025_pb/install/iw_interfaces:/home/ethereal/rm_2025/rm_decision_2025_pb/install/auto_aim_interfaces:/opt/ros/humble LD_LIBRARY_PATH=/home/ethereal/rm_2025/rm_decision_2025_pb/install/information_widgets/lib:/home/ethereal/rm_2025/rm_decision_2025_pb/install/rm_decision_interfaces/lib:/home/ethereal/rm_2025/rm_decision_2025_pb/install/navigator_interfaces/lib:/home/ethereal/rm_2025/rm_decision_2025_pb/install/iw_interfaces/lib:/home/ethereal/rm_2025/rm_decision_2025_pb/install/auto_aim_interfaces/lib:${LD_LIBRARY_PATH} PS1=\[\e[1;32m\]\u@\h\[\e[0m\]:\[\e[1;34m\]\w\[\e[0m\]\$ PYTHONPATH=/home/ethereal/rm_2025/rm_decision_2025_pb/install/rm_decision_interfaces/local/lib/python3.10/dist-packages:/home/ethereal/rm_2025/rm_decision_2025_pb/install/navigator_interfaces/local/lib/python3.10/dist-packages:/home/ethereal/rm_2025/rm_decision_2025_pb/install/iw_interfaces/local/lib/python3.10/dist-packages:/home/ethereal/rm_2025/rm_decision_2025_pb/install/auto_aim_interfaces/local/lib/python3.10/dist-packages:${PYTHONPATH} /usr/bin/cmake --build /home/ethereal/rm_2025/rm_decision_2025_pb/build/decision_base -- -j20 -l20
[1.098s] [ 50%] [32mBuilding CXX object CMakeFiles/decision_base_lib.dir/src/decision_base.cpp.o[0m
[10.475s] [100%] [32m[1mLinking CXX shared library libdecision_base_lib.so[0m
[10.989s] [100%] Built target decision_base_lib
[10.996s] Invoked command in '/home/ethereal/rm_2025/rm_decision_2025_pb/build/decision_base' returned '0': AMENT_PREFIX_PATH=/home/ethereal/rm_2025/rm_decision_2025_pb/install/information_widgets:/home/ethereal/rm_2025/rm_decision_2025_pb/install/rm_decision_interfaces:/home/ethereal/rm_2025/rm_decision_2025_pb/install/navigator_interfaces:/home/ethereal/rm_2025/rm_decision_2025_pb/install/iw_interfaces:/home/ethereal/rm_2025/rm_decision_2025_pb/install/auto_aim_interfaces:${AMENT_PREFIX_PATH} CMAKE_PREFIX_PATH=/home/ethereal/rm_2025/rm_decision_2025_pb/install/information_widgets:/home/ethereal/rm_2025/rm_decision_2025_pb/install/rm_decision_interfaces:/home/ethereal/rm_2025/rm_decision_2025_pb/install/navigator_interfaces:/home/ethereal/rm_2025/rm_decision_2025_pb/install/iw_interfaces:/home/ethereal/rm_2025/rm_decision_2025_pb/install/auto_aim_interfaces:/opt/ros/humble LD_LIBRARY_PATH=/home/ethereal/rm_2025/rm_decision_2025_pb/install/information_widgets/lib:/home/ethereal/rm_2025/rm_decision_2025_pb/install/rm_decision_interfaces/lib:/home/ethereal/rm_2025/rm_decision_2025_pb/install/navigator_interfaces/lib:/home/ethereal/rm_2025/rm_decision_2025_pb/install/iw_interfaces/lib:/home/ethereal/rm_2025/rm_decision_2025_pb/install/auto_aim_interfaces/lib:${LD_LIBRARY_PATH} PS1=\[\e[1;32m\]\u@\h\[\e[0m\]:\[\e[1;34m\]\w\[\e[0m\]\$ PYTHONPATH=/home/ethereal/rm_2025/rm_decision_2025_pb/install/rm_decision_interfaces/local/lib/python3.10/dist-packages:/home/ethereal/rm_2025/rm_decision_2025_pb/install/navigator_interfaces/local/lib/python3.10/dist-packages:/home/ethereal/rm_2025/rm_decision_2025_pb/install/iw_interfaces/local/lib/python3.10/dist-packages:/home/ethereal/rm_2025/rm_decision_2025_pb/install/auto_aim_interfaces/local/lib/python3.10/dist-packages:${PYTHONPATH} /usr/bin/cmake --build /home/ethereal/rm_2025/rm_decision_2025_pb/build/decision_base -- -j20 -l20
[10.998s] Invoking command in '/home/ethereal/rm_2025/rm_decision_2025_pb/build/decision_base': AMENT_PREFIX_PATH=/home/ethereal/rm_2025/rm_decision_2025_pb/install/information_widgets:/home/ethereal/rm_2025/rm_decision_2025_pb/install/rm_decision_interfaces:/home/ethereal/rm_2025/rm_decision_2025_pb/install/navigator_interfaces:/home/ethereal/rm_2025/rm_decision_2025_pb/install/iw_interfaces:/home/ethereal/rm_2025/rm_decision_2025_pb/install/auto_aim_interfaces:${AMENT_PREFIX_PATH} CMAKE_PREFIX_PATH=/home/ethereal/rm_2025/rm_decision_2025_pb/install/information_widgets:/home/ethereal/rm_2025/rm_decision_2025_pb/install/rm_decision_interfaces:/home/ethereal/rm_2025/rm_decision_2025_pb/install/navigator_interfaces:/home/ethereal/rm_2025/rm_decision_2025_pb/install/iw_interfaces:/home/ethereal/rm_2025/rm_decision_2025_pb/install/auto_aim_interfaces:/opt/ros/humble LD_LIBRARY_PATH=/home/ethereal/rm_2025/rm_decision_2025_pb/install/information_widgets/lib:/home/ethereal/rm_2025/rm_decision_2025_pb/install/rm_decision_interfaces/lib:/home/ethereal/rm_2025/rm_decision_2025_pb/install/navigator_interfaces/lib:/home/ethereal/rm_2025/rm_decision_2025_pb/install/iw_interfaces/lib:/home/ethereal/rm_2025/rm_decision_2025_pb/install/auto_aim_interfaces/lib:${LD_LIBRARY_PATH} PS1=\[\e[1;32m\]\u@\h\[\e[0m\]:\[\e[1;34m\]\w\[\e[0m\]\$ PYTHONPATH=/home/ethereal/rm_2025/rm_decision_2025_pb/install/rm_decision_interfaces/local/lib/python3.10/dist-packages:/home/ethereal/rm_2025/rm_decision_2025_pb/install/navigator_interfaces/local/lib/python3.10/dist-packages:/home/ethereal/rm_2025/rm_decision_2025_pb/install/iw_interfaces/local/lib/python3.10/dist-packages:/home/ethereal/rm_2025/rm_decision_2025_pb/install/auto_aim_interfaces/local/lib/python3.10/dist-packages:${PYTHONPATH} /usr/bin/cmake --install /home/ethereal/rm_2025/rm_decision_2025_pb/build/decision_base
[11.002s] -- Install configuration: ""
[11.002s] -- Installing: /home/ethereal/rm_2025/rm_decision_2025_pb/install/decision_base/include
[11.002s] -- Installing: /home/ethereal/rm_2025/rm_decision_2025_pb/install/decision_base/include/decision_base
[11.002s] -- Installing: /home/ethereal/rm_2025/rm_decision_2025_pb/install/decision_base/include/decision_base/decision_base.hpp
[11.003s] -- Installing: /home/ethereal/rm_2025/rm_decision_2025_pb/install/decision_base/share/decision_base/environment/library_path.sh
[11.003s] -- Installing: /home/ethereal/rm_2025/rm_decision_2025_pb/install/decision_base/share/decision_base/environment/library_path.dsv
[11.004s] -- Installing: /home/ethereal/rm_2025/rm_decision_2025_pb/install/decision_base/lib/libdecision_base_lib.so
[11.011s] -- Set runtime path of "/home/ethereal/rm_2025/rm_decision_2025_pb/install/decision_base/lib/libdecision_base_lib.so" to ""
[11.011s] -- Installing: /home/ethereal/rm_2025/rm_decision_2025_pb/install/decision_base/share/ament_index/resource_index/package_run_dependencies/decision_base
[11.011s] -- Installing: /home/ethereal/rm_2025/rm_decision_2025_pb/install/decision_base/share/ament_index/resource_index/parent_prefix_path/decision_base
[11.011s] -- Installing: /home/ethereal/rm_2025/rm_decision_2025_pb/install/decision_base/share/decision_base/environment/ament_prefix_path.sh
[11.011s] -- Installing: /home/ethereal/rm_2025/rm_decision_2025_pb/install/decision_base/share/decision_base/environment/ament_prefix_path.dsv
[11.012s] -- Installing: /home/ethereal/rm_2025/rm_decision_2025_pb/install/decision_base/share/decision_base/environment/path.sh
[11.012s] -- Installing: /home/ethereal/rm_2025/rm_decision_2025_pb/install/decision_base/share/decision_base/environment/path.dsv
[11.012s] -- Installing: /home/ethereal/rm_2025/rm_decision_2025_pb/install/decision_base/share/decision_base/local_setup.bash
[11.012s] -- Installing: /home/ethereal/rm_2025/rm_decision_2025_pb/install/decision_base/share/decision_base/local_setup.sh
[11.012s] -- Installing: /home/ethereal/rm_2025/rm_decision_2025_pb/install/decision_base/share/decision_base/local_setup.zsh
[11.012s] -- Installing: /home/ethereal/rm_2025/rm_decision_2025_pb/install/decision_base/share/decision_base/local_setup.dsv
[11.013s] -- Installing: /home/ethereal/rm_2025/rm_decision_2025_pb/install/decision_base/share/decision_base/package.dsv
[11.013s] -- Installing: /home/ethereal/rm_2025/rm_decision_2025_pb/install/decision_base/share/ament_index/resource_index/packages/decision_base
[11.013s] -- Installing: /home/ethereal/rm_2025/rm_decision_2025_pb/install/decision_base/share/decision_base/cmake/ament_cmake_export_dependencies-extras.cmake
[11.013s] -- Installing: /home/ethereal/rm_2025/rm_decision_2025_pb/install/decision_base/share/decision_base/cmake/ament_cmake_export_include_directories-extras.cmake
[11.013s] -- Installing: /home/ethereal/rm_2025/rm_decision_2025_pb/install/decision_base/share/decision_base/cmake/ament_cmake_export_libraries-extras.cmake
[11.013s] -- Installing: /home/ethereal/rm_2025/rm_decision_2025_pb/install/decision_base/share/decision_base/cmake/decision_baseConfig.cmake
[11.013s] -- Installing: /home/ethereal/rm_2025/rm_decision_2025_pb/install/decision_base/share/decision_base/cmake/decision_baseConfig-version.cmake
[11.013s] -- Installing: /home/ethereal/rm_2025/rm_decision_2025_pb/install/decision_base/share/decision_base/package.xml
[11.015s] Invoked command in '/home/ethereal/rm_2025/rm_decision_2025_pb/build/decision_base' returned '0': AMENT_PREFIX_PATH=/home/ethereal/rm_2025/rm_decision_2025_pb/install/information_widgets:/home/ethereal/rm_2025/rm_decision_2025_pb/install/rm_decision_interfaces:/home/ethereal/rm_2025/rm_decision_2025_pb/install/navigator_interfaces:/home/ethereal/rm_2025/rm_decision_2025_pb/install/iw_interfaces:/home/ethereal/rm_2025/rm_decision_2025_pb/install/auto_aim_interfaces:${AMENT_PREFIX_PATH} CMAKE_PREFIX_PATH=/home/ethereal/rm_2025/rm_decision_2025_pb/install/information_widgets:/home/ethereal/rm_2025/rm_decision_2025_pb/install/rm_decision_interfaces:/home/ethereal/rm_2025/rm_decision_2025_pb/install/navigator_interfaces:/home/ethereal/rm_2025/rm_decision_2025_pb/install/iw_interfaces:/home/ethereal/rm_2025/rm_decision_2025_pb/install/auto_aim_interfaces:/opt/ros/humble LD_LIBRARY_PATH=/home/ethereal/rm_2025/rm_decision_2025_pb/install/information_widgets/lib:/home/ethereal/rm_2025/rm_decision_2025_pb/install/rm_decision_interfaces/lib:/home/ethereal/rm_2025/rm_decision_2025_pb/install/navigator_interfaces/lib:/home/ethereal/rm_2025/rm_decision_2025_pb/install/iw_interfaces/lib:/home/ethereal/rm_2025/rm_decision_2025_pb/install/auto_aim_interfaces/lib:${LD_LIBRARY_PATH} PS1=\[\e[1;32m\]\u@\h\[\e[0m\]:\[\e[1;34m\]\w\[\e[0m\]\$ PYTHONPATH=/home/ethereal/rm_2025/rm_decision_2025_pb/install/rm_decision_interfaces/local/lib/python3.10/dist-packages:/home/ethereal/rm_2025/rm_decision_2025_pb/install/navigator_interfaces/local/lib/python3.10/dist-packages:/home/ethereal/rm_2025/rm_decision_2025_pb/install/iw_interfaces/local/lib/python3.10/dist-packages:/home/ethereal/rm_2025/rm_decision_2025_pb/install/auto_aim_interfaces/local/lib/python3.10/dist-packages:${PYTHONPATH} /usr/bin/cmake --install /home/ethereal/rm_2025/rm_decision_2025_pb/build/decision_base
