[0.027s] Invoking command in '/home/ethereal/rm_2025/rm_decision_2025_pb/build/navigator_interfaces': CMAKE_PREFIX_PATH=/opt/ros/humble PS1=\[\e[1;32m\]\u@\h\[\e[0m\]:\[\e[1;34m\]\w\[\e[0m\]\$ /usr/bin/cmake /home/ethereal/rm_2025/rm_decision_2025_pb/src/Action Level/navigator_interfaces -DCMAKE_INSTALL_PREFIX=/home/ethereal/rm_2025/rm_decision_2025_pb/install/navigator_interfaces
[0.133s] -- The C compiler identification is GNU 11.4.0
[0.182s] -- The CXX compiler identification is GNU 11.4.0
[0.194s] -- Detecting C compiler ABI info
[0.252s] -- Detecting C compiler ABI info - done
[0.258s] -- Check for working C compiler: /usr/bin/cc - skipped
[0.258s] -- Detecting C compile features
[0.259s] -- Detecting C compile features - done
[0.262s] -- Detecting CXX compiler ABI info
[0.327s] -- Detecting CXX compiler ABI info - done
[0.334s] -- Check for working CXX compiler: /usr/bin/c++ - skipped
[0.334s] -- Detecting CXX compile features
[0.334s] -- Detecting CXX compile features - done
[0.337s] -- Found ament_cmake: 1.3.11 (/opt/ros/humble/share/ament_cmake/cmake)
[0.473s] -- Found Python3: /usr/bin/python3 (found version "3.10.12") found components: Interpreter 
[0.581s] -- Found geometry_msgs: 4.2.4 (/opt/ros/humble/share/geometry_msgs/cmake)
[0.632s] -- Found rosidl_generator_c: 3.1.6 (/opt/ros/humble/share/rosidl_generator_c/cmake)
[0.637s] -- Found rosidl_adapter: 3.1.6 (/opt/ros/humble/share/rosidl_adapter/cmake)
[0.645s] -- Found rosidl_generator_cpp: 3.1.6 (/opt/ros/humble/share/rosidl_generator_cpp/cmake)
[0.661s] -- Using all available rosidl_typesupport_c: rosidl_typesupport_fastrtps_c;rosidl_typesupport_introspection_c
[0.672s] -- Using all available rosidl_typesupport_cpp: rosidl_typesupport_fastrtps_cpp;rosidl_typesupport_introspection_cpp
[0.721s] -- Found rosidl_default_generators: 1.2.0 (/opt/ros/humble/share/rosidl_default_generators/cmake)
[0.951s] -- Found ament_cmake_ros: 0.10.0 (/opt/ros/humble/share/ament_cmake_ros/cmake)
[1.316s] -- Using all available rosidl_typesupport_c: rosidl_typesupport_fastrtps_c;rosidl_typesupport_introspection_c
[1.470s] -- Using all available rosidl_typesupport_cpp: rosidl_typesupport_fastrtps_cpp;rosidl_typesupport_introspection_cpp
[1.495s] -- Found PythonInterp: /usr/bin/python3 (found suitable version "3.10.12", minimum required is "3.6") 
[1.497s] -- Found python_cmake_module: 0.10.0 (/opt/ros/humble/share/python_cmake_module/cmake)
[1.521s] -- Found PythonLibs: /usr/lib/x86_64-linux-gnu/libpython3.10.so (found suitable version "3.10.12", minimum required is "3.5") 
[1.522s] -- Using PYTHON_EXECUTABLE: /usr/bin/python3
[1.522s] -- Using PYTHON_INCLUDE_DIRS: /usr/include/python3.10
[1.522s] -- Using PYTHON_LIBRARIES: /usr/lib/x86_64-linux-gnu/libpython3.10.so
[1.540s] -- Found PythonExtra: .so  
[1.606s] -- Found ament_lint_auto: 0.12.11 (/opt/ros/humble/share/ament_lint_auto/cmake)
[1.639s] -- Added test 'lint_cmake' to check CMake code style
[1.641s] -- Added test 'xmllint' to check XML markup files
[1.644s] -- Configuring done
[1.702s] -- Generating done
[1.714s] -- Build files have been written to: /home/ethereal/rm_2025/rm_decision_2025_pb/build/navigator_interfaces
[1.725s] Invoked command in '/home/ethereal/rm_2025/rm_decision_2025_pb/build/navigator_interfaces' returned '0': CMAKE_PREFIX_PATH=/opt/ros/humble PS1=\[\e[1;32m\]\u@\h\[\e[0m\]:\[\e[1;34m\]\w\[\e[0m\]\$ /usr/bin/cmake /home/ethereal/rm_2025/rm_decision_2025_pb/src/Action Level/navigator_interfaces -DCMAKE_INSTALL_PREFIX=/home/ethereal/rm_2025/rm_decision_2025_pb/install/navigator_interfaces
[1.726s] Invoking command in '/home/ethereal/rm_2025/rm_decision_2025_pb/build/navigator_interfaces': CMAKE_PREFIX_PATH=/opt/ros/humble PS1=\[\e[1;32m\]\u@\h\[\e[0m\]:\[\e[1;34m\]\w\[\e[0m\]\$ /usr/bin/cmake --build /home/ethereal/rm_2025/rm_decision_2025_pb/build/navigator_interfaces -- -j20 -l20
[1.755s] [  3%] [34m[1mGenerating C code for ROS interfaces[0m
[1.762s] [  6%] [34m[1mGenerating C++ code for ROS interfaces[0m
[1.769s] [  6%] Built target ament_cmake_python_copy_navigator_interfaces
[2.138s] running egg_info
[2.139s] creating navigator_interfaces.egg-info
[2.140s] writing navigator_interfaces.egg-info/PKG-INFO
[2.140s] writing dependency_links to navigator_interfaces.egg-info/dependency_links.txt
[2.141s] writing top-level names to navigator_interfaces.egg-info/top_level.txt
[2.141s] writing manifest file 'navigator_interfaces.egg-info/SOURCES.txt'
[2.144s] reading manifest file 'navigator_interfaces.egg-info/SOURCES.txt'
[2.144s] writing manifest file 'navigator_interfaces.egg-info/SOURCES.txt'
[2.167s] [  6%] Built target navigator_interfaces__cpp
[2.177s] [  9%] [34m[1mGenerating C++ type support for eProsima Fast-RTPS[0m
[2.178s] [ 12%] [34m[1mGenerating C++ type support dispatch for ROS interfaces[0m
[2.178s] [ 16%] [34m[1mGenerating C++ introspection for ROS interfaces[0m
[2.186s] [ 16%] Built target ament_cmake_python_build_navigator_interfaces_egg
[2.189s] [ 19%] [32mBuilding C object CMakeFiles/navigator_interfaces__rosidl_generator_c.dir/rosidl_generator_c/navigator_interfaces/msg/detail/navigate__functions.c.o[0m
[2.275s] [ 22%] [32m[1mLinking C shared library libnavigator_interfaces__rosidl_generator_c.so[0m
[2.312s] [ 22%] Built target navigator_interfaces__rosidl_generator_c
[2.323s] [ 29%] [34m[1mGenerating C type support for eProsima Fast-RTPS[0m
[2.323s] [ 29%] [34m[1mGenerating C introspection for ROS interfaces[0m
[2.323s] [ 32%] [34m[1mGenerating C type support dispatch for ROS interfaces[0m
[2.470s] [ 35%] [32mBuilding CXX object CMakeFiles/navigator_interfaces__rosidl_typesupport_cpp.dir/rosidl_typesupport_cpp/navigator_interfaces/msg/navigate__type_support.cpp.o[0m
[2.504s] [ 38%] [32mBuilding CXX object CMakeFiles/navigator_interfaces__rosidl_typesupport_introspection_cpp.dir/rosidl_typesupport_introspection_cpp/navigator_interfaces/msg/detail/navigate__type_support.cpp.o[0m
[2.518s] [ 41%] [32mBuilding CXX object CMakeFiles/navigator_interfaces__rosidl_typesupport_fastrtps_cpp.dir/rosidl_typesupport_fastrtps_cpp/navigator_interfaces/msg/detail/dds_fastrtps/navigate__type_support.cpp.o[0m
[2.635s] [ 45%] [32mBuilding CXX object CMakeFiles/navigator_interfaces__rosidl_typesupport_c.dir/rosidl_typesupport_c/navigator_interfaces/msg/navigate__type_support.cpp.o[0m
[2.642s] [ 48%] [32mBuilding C object CMakeFiles/navigator_interfaces__rosidl_typesupport_introspection_c.dir/rosidl_typesupport_introspection_c/navigator_interfaces/msg/detail/navigate__type_support.c.o[0m
[2.644s] [ 51%] [32mBuilding CXX object CMakeFiles/navigator_interfaces__rosidl_typesupport_fastrtps_c.dir/rosidl_typesupport_fastrtps_c/navigator_interfaces/msg/detail/navigate__type_support_c.cpp.o[0m
[2.677s] [ 54%] [32m[1mLinking CXX shared library libnavigator_interfaces__rosidl_typesupport_c.so[0m
[2.692s] [ 58%] [32m[1mLinking C shared library libnavigator_interfaces__rosidl_typesupport_introspection_c.so[0m
[2.728s] [ 58%] Built target navigator_interfaces__rosidl_typesupport_c
[2.732s] [ 58%] Built target navigator_interfaces__rosidl_typesupport_introspection_c
[2.822s] [ 61%] [32m[1mLinking CXX shared library libnavigator_interfaces__rosidl_typesupport_cpp.so[0m
[2.875s] [ 61%] Built target navigator_interfaces__rosidl_typesupport_cpp
[3.043s] [ 64%] [32m[1mLinking CXX shared library libnavigator_interfaces__rosidl_typesupport_introspection_cpp.so[0m
[3.128s] [ 67%] [32m[1mLinking CXX shared library libnavigator_interfaces__rosidl_typesupport_fastrtps_cpp.so[0m
[3.161s] [ 70%] [32m[1mLinking CXX shared library libnavigator_interfaces__rosidl_typesupport_fastrtps_c.so[0m
[3.173s] [ 70%] Built target navigator_interfaces__rosidl_typesupport_introspection_cpp
[3.261s] [ 70%] Built target navigator_interfaces__rosidl_typesupport_fastrtps_cpp
[3.292s] [ 70%] Built target navigator_interfaces__rosidl_typesupport_fastrtps_c
[3.319s] [ 70%] Built target navigator_interfaces
[3.340s] [ 74%] [34m[1mGenerating Python code for ROS interfaces[0m
[3.892s] [ 74%] Built target navigator_interfaces__py
[3.927s] [ 77%] [32mBuilding C object CMakeFiles/navigator_interfaces__rosidl_generator_py.dir/rosidl_generator_py/navigator_interfaces/msg/_navigate_s.c.o[0m
[4.357s] [ 80%] [32m[1mLinking C shared library rosidl_generator_py/navigator_interfaces/libnavigator_interfaces__rosidl_generator_py.so[0m
[4.636s] [ 80%] Built target navigator_interfaces__rosidl_generator_py
[4.688s] [ 83%] [32mBuilding C object CMakeFiles/navigator_interfaces__rosidl_typesupport_fastrtps_c__pyext.dir/rosidl_generator_py/navigator_interfaces/_navigator_interfaces_s.ep.rosidl_typesupport_fastrtps_c.c.o[0m
[4.781s] [ 87%] [32mBuilding C object CMakeFiles/navigator_interfaces__rosidl_typesupport_introspection_c__pyext.dir/rosidl_generator_py/navigator_interfaces/_navigator_interfaces_s.ep.rosidl_typesupport_introspection_c.c.o[0m
[4.791s] [ 90%] [32mBuilding C object CMakeFiles/navigator_interfaces__rosidl_typesupport_c__pyext.dir/rosidl_generator_py/navigator_interfaces/_navigator_interfaces_s.ep.rosidl_typesupport_c.c.o[0m
[4.992s] [ 93%] [32m[1mLinking C shared library rosidl_generator_py/navigator_interfaces/navigator_interfaces_s__rosidl_typesupport_fastrtps_c.cpython-310-x86_64-linux-gnu.so[0m
[5.271s] [ 96%] [32m[1mLinking C shared library rosidl_generator_py/navigator_interfaces/navigator_interfaces_s__rosidl_typesupport_c.cpython-310-x86_64-linux-gnu.so[0m
[5.278s] [ 96%] Built target navigator_interfaces__rosidl_typesupport_fastrtps_c__pyext
[5.308s] [100%] [32m[1mLinking C shared library rosidl_generator_py/navigator_interfaces/navigator_interfaces_s__rosidl_typesupport_introspection_c.cpython-310-x86_64-linux-gnu.so[0m
[5.563s] [100%] Built target navigator_interfaces__rosidl_typesupport_c__pyext
[5.575s] [100%] Built target navigator_interfaces__rosidl_typesupport_introspection_c__pyext
[5.683s] Invoked command in '/home/ethereal/rm_2025/rm_decision_2025_pb/build/navigator_interfaces' returned '0': CMAKE_PREFIX_PATH=/opt/ros/humble PS1=\[\e[1;32m\]\u@\h\[\e[0m\]:\[\e[1;34m\]\w\[\e[0m\]\$ /usr/bin/cmake --build /home/ethereal/rm_2025/rm_decision_2025_pb/build/navigator_interfaces -- -j20 -l20
[5.717s] Invoking command in '/home/ethereal/rm_2025/rm_decision_2025_pb/build/navigator_interfaces': CMAKE_PREFIX_PATH=/opt/ros/humble PS1=\[\e[1;32m\]\u@\h\[\e[0m\]:\[\e[1;34m\]\w\[\e[0m\]\$ /usr/bin/cmake --install /home/ethereal/rm_2025/rm_decision_2025_pb/build/navigator_interfaces
[5.739s] -- Install configuration: ""
[5.760s] -- Installing: /home/ethereal/rm_2025/rm_decision_2025_pb/install/navigator_interfaces/share/ament_index/resource_index/rosidl_interfaces/navigator_interfaces
[5.761s] -- Installing: /home/ethereal/rm_2025/rm_decision_2025_pb/install/navigator_interfaces/include/navigator_interfaces/navigator_interfaces
[5.764s] -- Installing: /home/ethereal/rm_2025/rm_decision_2025_pb/install/navigator_interfaces/include/navigator_interfaces/navigator_interfaces/msg
[5.765s] -- Installing: /home/ethereal/rm_2025/rm_decision_2025_pb/install/navigator_interfaces/include/navigator_interfaces/navigator_interfaces/msg/detail
[5.767s] -- Installing: /home/ethereal/rm_2025/rm_decision_2025_pb/install/navigator_interfaces/include/navigator_interfaces/navigator_interfaces/msg/detail/navigate__type_support.h
[5.768s] -- Installing: /home/ethereal/rm_2025/rm_decision_2025_pb/install/navigator_interfaces/include/navigator_interfaces/navigator_interfaces/msg/detail/navigate__functions.c
[5.768s] -- Installing: /home/ethereal/rm_2025/rm_decision_2025_pb/install/navigator_interfaces/include/navigator_interfaces/navigator_interfaces/msg/detail/navigate__functions.h
[5.768s] -- Installing: /home/ethereal/rm_2025/rm_decision_2025_pb/install/navigator_interfaces/include/navigator_interfaces/navigator_interfaces/msg/detail/navigate__struct.h
[5.768s] -- Installing: /home/ethereal/rm_2025/rm_decision_2025_pb/install/navigator_interfaces/include/navigator_interfaces/navigator_interfaces/msg/navigate.h
[5.768s] -- Installing: /home/ethereal/rm_2025/rm_decision_2025_pb/install/navigator_interfaces/include/navigator_interfaces/navigator_interfaces/msg/rosidl_generator_c__visibility_control.h
[5.770s] -- Installing: /home/ethereal/rm_2025/rm_decision_2025_pb/install/navigator_interfaces/share/navigator_interfaces/environment/library_path.sh
[5.771s] -- Installing: /home/ethereal/rm_2025/rm_decision_2025_pb/install/navigator_interfaces/share/navigator_interfaces/environment/library_path.dsv
[5.772s] -- Installing: /home/ethereal/rm_2025/rm_decision_2025_pb/install/navigator_interfaces/lib/libnavigator_interfaces__rosidl_generator_c.so
[5.773s] -- Set runtime path of "/home/ethereal/rm_2025/rm_decision_2025_pb/install/navigator_interfaces/lib/libnavigator_interfaces__rosidl_generator_c.so" to ""
[5.774s] -- Up-to-date: /home/ethereal/rm_2025/rm_decision_2025_pb/install/navigator_interfaces/include/navigator_interfaces/navigator_interfaces
[5.775s] -- Up-to-date: /home/ethereal/rm_2025/rm_decision_2025_pb/install/navigator_interfaces/include/navigator_interfaces/navigator_interfaces/msg
[5.776s] -- Up-to-date: /home/ethereal/rm_2025/rm_decision_2025_pb/install/navigator_interfaces/include/navigator_interfaces/navigator_interfaces/msg/detail
[5.778s] -- Installing: /home/ethereal/rm_2025/rm_decision_2025_pb/install/navigator_interfaces/include/navigator_interfaces/navigator_interfaces/msg/detail/navigate__rosidl_typesupport_fastrtps_c.h
[5.778s] -- Installing: /home/ethereal/rm_2025/rm_decision_2025_pb/install/navigator_interfaces/include/navigator_interfaces/navigator_interfaces/msg/rosidl_typesupport_fastrtps_c__visibility_control.h
[5.778s] -- Installing: /home/ethereal/rm_2025/rm_decision_2025_pb/install/navigator_interfaces/lib/libnavigator_interfaces__rosidl_typesupport_fastrtps_c.so
[5.778s] -- Set runtime path of "/home/ethereal/rm_2025/rm_decision_2025_pb/install/navigator_interfaces/lib/libnavigator_interfaces__rosidl_typesupport_fastrtps_c.so" to ""
[5.779s] -- Up-to-date: /home/ethereal/rm_2025/rm_decision_2025_pb/install/navigator_interfaces/include/navigator_interfaces/navigator_interfaces
[5.779s] -- Up-to-date: /home/ethereal/rm_2025/rm_decision_2025_pb/install/navigator_interfaces/include/navigator_interfaces/navigator_interfaces/msg
[5.780s] -- Installing: /home/ethereal/rm_2025/rm_decision_2025_pb/install/navigator_interfaces/include/navigator_interfaces/navigator_interfaces/msg/navigate.hpp
[5.780s] -- Up-to-date: /home/ethereal/rm_2025/rm_decision_2025_pb/install/navigator_interfaces/include/navigator_interfaces/navigator_interfaces/msg/detail
[5.780s] -- Installing: /home/ethereal/rm_2025/rm_decision_2025_pb/install/navigator_interfaces/include/navigator_interfaces/navigator_interfaces/msg/detail/navigate__traits.hpp
[5.781s] -- Installing: /home/ethereal/rm_2025/rm_decision_2025_pb/install/navigator_interfaces/include/navigator_interfaces/navigator_interfaces/msg/detail/navigate__builder.hpp
[5.781s] -- Installing: /home/ethereal/rm_2025/rm_decision_2025_pb/install/navigator_interfaces/include/navigator_interfaces/navigator_interfaces/msg/detail/navigate__struct.hpp
[5.781s] -- Installing: /home/ethereal/rm_2025/rm_decision_2025_pb/install/navigator_interfaces/include/navigator_interfaces/navigator_interfaces/msg/detail/navigate__type_support.hpp
[5.781s] -- Installing: /home/ethereal/rm_2025/rm_decision_2025_pb/install/navigator_interfaces/include/navigator_interfaces/navigator_interfaces/msg/rosidl_generator_cpp__visibility_control.hpp
[5.781s] -- Up-to-date: /home/ethereal/rm_2025/rm_decision_2025_pb/install/navigator_interfaces/include/navigator_interfaces/navigator_interfaces
[5.781s] -- Up-to-date: /home/ethereal/rm_2025/rm_decision_2025_pb/install/navigator_interfaces/include/navigator_interfaces/navigator_interfaces/msg
[5.781s] -- Up-to-date: /home/ethereal/rm_2025/rm_decision_2025_pb/install/navigator_interfaces/include/navigator_interfaces/navigator_interfaces/msg/detail
[5.781s] -- Installing: /home/ethereal/rm_2025/rm_decision_2025_pb/install/navigator_interfaces/include/navigator_interfaces/navigator_interfaces/msg/detail/dds_fastrtps
[5.786s] -- Installing: /home/ethereal/rm_2025/rm_decision_2025_pb/install/navigator_interfaces/include/navigator_interfaces/navigator_interfaces/msg/detail/navigate__rosidl_typesupport_fastrtps_cpp.hpp
[5.786s] -- Installing: /home/ethereal/rm_2025/rm_decision_2025_pb/install/navigator_interfaces/include/navigator_interfaces/navigator_interfaces/msg/rosidl_typesupport_fastrtps_cpp__visibility_control.h
[5.786s] -- Installing: /home/ethereal/rm_2025/rm_decision_2025_pb/install/navigator_interfaces/lib/libnavigator_interfaces__rosidl_typesupport_fastrtps_cpp.so
[5.787s] -- Set runtime path of "/home/ethereal/rm_2025/rm_decision_2025_pb/install/navigator_interfaces/lib/libnavigator_interfaces__rosidl_typesupport_fastrtps_cpp.so" to ""
[5.787s] -- Up-to-date: /home/ethereal/rm_2025/rm_decision_2025_pb/install/navigator_interfaces/include/navigator_interfaces/navigator_interfaces
[5.787s] -- Up-to-date: /home/ethereal/rm_2025/rm_decision_2025_pb/install/navigator_interfaces/include/navigator_interfaces/navigator_interfaces/msg
[5.787s] -- Up-to-date: /home/ethereal/rm_2025/rm_decision_2025_pb/install/navigator_interfaces/include/navigator_interfaces/navigator_interfaces/msg/detail
[5.788s] -- Installing: /home/ethereal/rm_2025/rm_decision_2025_pb/install/navigator_interfaces/include/navigator_interfaces/navigator_interfaces/msg/detail/navigate__type_support.c
[5.788s] -- Installing: /home/ethereal/rm_2025/rm_decision_2025_pb/install/navigator_interfaces/include/navigator_interfaces/navigator_interfaces/msg/detail/navigate__rosidl_typesupport_introspection_c.h
[5.788s] -- Installing: /home/ethereal/rm_2025/rm_decision_2025_pb/install/navigator_interfaces/include/navigator_interfaces/navigator_interfaces/msg/rosidl_typesupport_introspection_c__visibility_control.h
[5.788s] -- Installing: /home/ethereal/rm_2025/rm_decision_2025_pb/install/navigator_interfaces/lib/libnavigator_interfaces__rosidl_typesupport_introspection_c.so
[5.789s] -- Set runtime path of "/home/ethereal/rm_2025/rm_decision_2025_pb/install/navigator_interfaces/lib/libnavigator_interfaces__rosidl_typesupport_introspection_c.so" to ""
[5.790s] -- Installing: /home/ethereal/rm_2025/rm_decision_2025_pb/install/navigator_interfaces/lib/libnavigator_interfaces__rosidl_typesupport_c.so
[5.791s] -- Set runtime path of "/home/ethereal/rm_2025/rm_decision_2025_pb/install/navigator_interfaces/lib/libnavigator_interfaces__rosidl_typesupport_c.so" to ""
[5.793s] -- Up-to-date: /home/ethereal/rm_2025/rm_decision_2025_pb/install/navigator_interfaces/include/navigator_interfaces/navigator_interfaces
[5.793s] -- Up-to-date: /home/ethereal/rm_2025/rm_decision_2025_pb/install/navigator_interfaces/include/navigator_interfaces/navigator_interfaces/msg
[5.794s] -- Up-to-date: /home/ethereal/rm_2025/rm_decision_2025_pb/install/navigator_interfaces/include/navigator_interfaces/navigator_interfaces/msg/detail
[5.794s] -- Installing: /home/ethereal/rm_2025/rm_decision_2025_pb/install/navigator_interfaces/include/navigator_interfaces/navigator_interfaces/msg/detail/navigate__rosidl_typesupport_introspection_cpp.hpp
[5.794s] -- Installing: /home/ethereal/rm_2025/rm_decision_2025_pb/install/navigator_interfaces/include/navigator_interfaces/navigator_interfaces/msg/detail/navigate__type_support.cpp
[5.794s] -- Installing: /home/ethereal/rm_2025/rm_decision_2025_pb/install/navigator_interfaces/lib/libnavigator_interfaces__rosidl_typesupport_introspection_cpp.so
[5.795s] -- Set runtime path of "/home/ethereal/rm_2025/rm_decision_2025_pb/install/navigator_interfaces/lib/libnavigator_interfaces__rosidl_typesupport_introspection_cpp.so" to ""
[5.796s] -- Installing: /home/ethereal/rm_2025/rm_decision_2025_pb/install/navigator_interfaces/lib/libnavigator_interfaces__rosidl_typesupport_cpp.so
[5.797s] -- Set runtime path of "/home/ethereal/rm_2025/rm_decision_2025_pb/install/navigator_interfaces/lib/libnavigator_interfaces__rosidl_typesupport_cpp.so" to ""
[5.798s] -- Installing: /home/ethereal/rm_2025/rm_decision_2025_pb/install/navigator_interfaces/share/navigator_interfaces/environment/pythonpath.sh
[5.799s] -- Installing: /home/ethereal/rm_2025/rm_decision_2025_pb/install/navigator_interfaces/share/navigator_interfaces/environment/pythonpath.dsv
[5.799s] -- Installing: /home/ethereal/rm_2025/rm_decision_2025_pb/install/navigator_interfaces/local/lib/python3.10/dist-packages/navigator_interfaces-0.0.0-py3.10.egg-info
[5.827s] -- Installing: /home/ethereal/rm_2025/rm_decision_2025_pb/install/navigator_interfaces/local/lib/python3.10/dist-packages/navigator_interfaces-0.0.0-py3.10.egg-info/SOURCES.txt
[5.828s] -- Installing: /home/ethereal/rm_2025/rm_decision_2025_pb/install/navigator_interfaces/local/lib/python3.10/dist-packages/navigator_interfaces-0.0.0-py3.10.egg-info/top_level.txt
[5.828s] -- Installing: /home/ethereal/rm_2025/rm_decision_2025_pb/install/navigator_interfaces/local/lib/python3.10/dist-packages/navigator_interfaces-0.0.0-py3.10.egg-info/dependency_links.txt
[5.828s] -- Installing: /home/ethereal/rm_2025/rm_decision_2025_pb/install/navigator_interfaces/local/lib/python3.10/dist-packages/navigator_interfaces-0.0.0-py3.10.egg-info/PKG-INFO
[5.828s] -- Installing: /home/ethereal/rm_2025/rm_decision_2025_pb/install/navigator_interfaces/local/lib/python3.10/dist-packages/navigator_interfaces
[5.828s] -- Installing: /home/ethereal/rm_2025/rm_decision_2025_pb/install/navigator_interfaces/local/lib/python3.10/dist-packages/navigator_interfaces/_navigator_interfaces_s.ep.rosidl_typesupport_fastrtps_c.c
[5.829s] -- Installing: /home/ethereal/rm_2025/rm_decision_2025_pb/install/navigator_interfaces/local/lib/python3.10/dist-packages/navigator_interfaces/libnavigator_interfaces__rosidl_generator_py.so
[5.829s] -- Installing: /home/ethereal/rm_2025/rm_decision_2025_pb/install/navigator_interfaces/local/lib/python3.10/dist-packages/navigator_interfaces/msg
[5.829s] -- Installing: /home/ethereal/rm_2025/rm_decision_2025_pb/install/navigator_interfaces/local/lib/python3.10/dist-packages/navigator_interfaces/msg/_navigate.py
[5.829s] -- Installing: /home/ethereal/rm_2025/rm_decision_2025_pb/install/navigator_interfaces/local/lib/python3.10/dist-packages/navigator_interfaces/msg/_navigate_s.c
[5.830s] -- Installing: /home/ethereal/rm_2025/rm_decision_2025_pb/install/navigator_interfaces/local/lib/python3.10/dist-packages/navigator_interfaces/msg/__init__.py
[5.831s] -- Installing: /home/ethereal/rm_2025/rm_decision_2025_pb/install/navigator_interfaces/local/lib/python3.10/dist-packages/navigator_interfaces/navigator_interfaces_s__rosidl_typesupport_fastrtps_c.cpython-310-x86_64-linux-gnu.so
[5.831s] -- Installing: /home/ethereal/rm_2025/rm_decision_2025_pb/install/navigator_interfaces/local/lib/python3.10/dist-packages/navigator_interfaces/navigator_interfaces_s__rosidl_typesupport_introspection_c.cpython-310-x86_64-linux-gnu.so
[5.831s] -- Installing: /home/ethereal/rm_2025/rm_decision_2025_pb/install/navigator_interfaces/local/lib/python3.10/dist-packages/navigator_interfaces/navigator_interfaces_s__rosidl_typesupport_c.cpython-310-x86_64-linux-gnu.so
[5.832s] -- Installing: /home/ethereal/rm_2025/rm_decision_2025_pb/install/navigator_interfaces/local/lib/python3.10/dist-packages/navigator_interfaces/_navigator_interfaces_s.ep.rosidl_typesupport_c.c
[5.832s] -- Installing: /home/ethereal/rm_2025/rm_decision_2025_pb/install/navigator_interfaces/local/lib/python3.10/dist-packages/navigator_interfaces/__init__.py
[5.832s] -- Installing: /home/ethereal/rm_2025/rm_decision_2025_pb/install/navigator_interfaces/local/lib/python3.10/dist-packages/navigator_interfaces/_navigator_interfaces_s.ep.rosidl_typesupport_introspection_c.c
[6.216s] Listing '/home/ethereal/rm_2025/rm_decision_2025_pb/install/navigator_interfaces/local/lib/python3.10/dist-packages/navigator_interfaces'...
[6.216s] Compiling '/home/ethereal/rm_2025/rm_decision_2025_pb/install/navigator_interfaces/local/lib/python3.10/dist-packages/navigator_interfaces/__init__.py'...
[6.216s] Listing '/home/ethereal/rm_2025/rm_decision_2025_pb/install/navigator_interfaces/local/lib/python3.10/dist-packages/navigator_interfaces/msg'...
[6.217s] Compiling '/home/ethereal/rm_2025/rm_decision_2025_pb/install/navigator_interfaces/local/lib/python3.10/dist-packages/navigator_interfaces/msg/__init__.py'...
[6.217s] Compiling '/home/ethereal/rm_2025/rm_decision_2025_pb/install/navigator_interfaces/local/lib/python3.10/dist-packages/navigator_interfaces/msg/_navigate.py'...
[6.224s] -- Installing: /home/ethereal/rm_2025/rm_decision_2025_pb/install/navigator_interfaces/local/lib/python3.10/dist-packages/navigator_interfaces/navigator_interfaces_s__rosidl_typesupport_fastrtps_c.cpython-310-x86_64-linux-gnu.so
[6.224s] -- Set runtime path of "/home/ethereal/rm_2025/rm_decision_2025_pb/install/navigator_interfaces/local/lib/python3.10/dist-packages/navigator_interfaces/navigator_interfaces_s__rosidl_typesupport_fastrtps_c.cpython-310-x86_64-linux-gnu.so" to ""
[6.224s] -- Installing: /home/ethereal/rm_2025/rm_decision_2025_pb/install/navigator_interfaces/local/lib/python3.10/dist-packages/navigator_interfaces/navigator_interfaces_s__rosidl_typesupport_introspection_c.cpython-310-x86_64-linux-gnu.so
[6.225s] -- Set runtime path of "/home/ethereal/rm_2025/rm_decision_2025_pb/install/navigator_interfaces/local/lib/python3.10/dist-packages/navigator_interfaces/navigator_interfaces_s__rosidl_typesupport_introspection_c.cpython-310-x86_64-linux-gnu.so" to ""
[6.225s] -- Installing: /home/ethereal/rm_2025/rm_decision_2025_pb/install/navigator_interfaces/local/lib/python3.10/dist-packages/navigator_interfaces/navigator_interfaces_s__rosidl_typesupport_c.cpython-310-x86_64-linux-gnu.so
[6.226s] -- Set runtime path of "/home/ethereal/rm_2025/rm_decision_2025_pb/install/navigator_interfaces/local/lib/python3.10/dist-packages/navigator_interfaces/navigator_interfaces_s__rosidl_typesupport_c.cpython-310-x86_64-linux-gnu.so" to ""
[6.226s] -- Installing: /home/ethereal/rm_2025/rm_decision_2025_pb/install/navigator_interfaces/lib/libnavigator_interfaces__rosidl_generator_py.so
[6.226s] -- Set runtime path of "/home/ethereal/rm_2025/rm_decision_2025_pb/install/navigator_interfaces/lib/libnavigator_interfaces__rosidl_generator_py.so" to ""
[6.228s] -- Installing: /home/ethereal/rm_2025/rm_decision_2025_pb/install/navigator_interfaces/share/navigator_interfaces/msg/Navigate.idl
[6.228s] -- Installing: /home/ethereal/rm_2025/rm_decision_2025_pb/install/navigator_interfaces/share/navigator_interfaces/msg/Navigate.msg
[6.228s] -- Installing: /home/ethereal/rm_2025/rm_decision_2025_pb/install/navigator_interfaces/share/ament_index/resource_index/package_run_dependencies/navigator_interfaces
[6.229s] -- Installing: /home/ethereal/rm_2025/rm_decision_2025_pb/install/navigator_interfaces/share/ament_index/resource_index/parent_prefix_path/navigator_interfaces
[6.231s] -- Installing: /home/ethereal/rm_2025/rm_decision_2025_pb/install/navigator_interfaces/share/navigator_interfaces/environment/ament_prefix_path.sh
[6.231s] -- Installing: /home/ethereal/rm_2025/rm_decision_2025_pb/install/navigator_interfaces/share/navigator_interfaces/environment/ament_prefix_path.dsv
[6.232s] -- Installing: /home/ethereal/rm_2025/rm_decision_2025_pb/install/navigator_interfaces/share/navigator_interfaces/environment/path.sh
[6.232s] -- Installing: /home/ethereal/rm_2025/rm_decision_2025_pb/install/navigator_interfaces/share/navigator_interfaces/environment/path.dsv
[6.232s] -- Installing: /home/ethereal/rm_2025/rm_decision_2025_pb/install/navigator_interfaces/share/navigator_interfaces/local_setup.bash
[6.232s] -- Installing: /home/ethereal/rm_2025/rm_decision_2025_pb/install/navigator_interfaces/share/navigator_interfaces/local_setup.sh
[6.233s] -- Installing: /home/ethereal/rm_2025/rm_decision_2025_pb/install/navigator_interfaces/share/navigator_interfaces/local_setup.zsh
[6.234s] -- Installing: /home/ethereal/rm_2025/rm_decision_2025_pb/install/navigator_interfaces/share/navigator_interfaces/local_setup.dsv
[6.234s] -- Installing: /home/ethereal/rm_2025/rm_decision_2025_pb/install/navigator_interfaces/share/navigator_interfaces/package.dsv
[6.236s] -- Installing: /home/ethereal/rm_2025/rm_decision_2025_pb/install/navigator_interfaces/share/ament_index/resource_index/packages/navigator_interfaces
[6.246s] -- Installing: /home/ethereal/rm_2025/rm_decision_2025_pb/install/navigator_interfaces/share/navigator_interfaces/cmake/export_navigator_interfaces__rosidl_generator_cExport.cmake
[6.248s] -- Installing: /home/ethereal/rm_2025/rm_decision_2025_pb/install/navigator_interfaces/share/navigator_interfaces/cmake/export_navigator_interfaces__rosidl_generator_cExport-noconfig.cmake
[6.249s] -- Installing: /home/ethereal/rm_2025/rm_decision_2025_pb/install/navigator_interfaces/share/navigator_interfaces/cmake/export_navigator_interfaces__rosidl_typesupport_fastrtps_cExport.cmake
[6.249s] -- Installing: /home/ethereal/rm_2025/rm_decision_2025_pb/install/navigator_interfaces/share/navigator_interfaces/cmake/export_navigator_interfaces__rosidl_typesupport_fastrtps_cExport-noconfig.cmake
[6.249s] -- Installing: /home/ethereal/rm_2025/rm_decision_2025_pb/install/navigator_interfaces/share/navigator_interfaces/cmake/export_navigator_interfaces__rosidl_generator_cppExport.cmake
[6.250s] -- Installing: /home/ethereal/rm_2025/rm_decision_2025_pb/install/navigator_interfaces/share/navigator_interfaces/cmake/export_navigator_interfaces__rosidl_typesupport_fastrtps_cppExport.cmake
[6.251s] -- Installing: /home/ethereal/rm_2025/rm_decision_2025_pb/install/navigator_interfaces/share/navigator_interfaces/cmake/export_navigator_interfaces__rosidl_typesupport_fastrtps_cppExport-noconfig.cmake
[6.252s] -- Installing: /home/ethereal/rm_2025/rm_decision_2025_pb/install/navigator_interfaces/share/navigator_interfaces/cmake/navigator_interfaces__rosidl_typesupport_introspection_cExport.cmake
[6.252s] -- Installing: /home/ethereal/rm_2025/rm_decision_2025_pb/install/navigator_interfaces/share/navigator_interfaces/cmake/navigator_interfaces__rosidl_typesupport_introspection_cExport-noconfig.cmake
[6.252s] -- Installing: /home/ethereal/rm_2025/rm_decision_2025_pb/install/navigator_interfaces/share/navigator_interfaces/cmake/navigator_interfaces__rosidl_typesupport_cExport.cmake
[6.253s] -- Installing: /home/ethereal/rm_2025/rm_decision_2025_pb/install/navigator_interfaces/share/navigator_interfaces/cmake/navigator_interfaces__rosidl_typesupport_cExport-noconfig.cmake
[6.253s] -- Installing: /home/ethereal/rm_2025/rm_decision_2025_pb/install/navigator_interfaces/share/navigator_interfaces/cmake/navigator_interfaces__rosidl_typesupport_introspection_cppExport.cmake
[6.253s] -- Installing: /home/ethereal/rm_2025/rm_decision_2025_pb/install/navigator_interfaces/share/navigator_interfaces/cmake/navigator_interfaces__rosidl_typesupport_introspection_cppExport-noconfig.cmake
[6.254s] -- Installing: /home/ethereal/rm_2025/rm_decision_2025_pb/install/navigator_interfaces/share/navigator_interfaces/cmake/navigator_interfaces__rosidl_typesupport_cppExport.cmake
[6.254s] -- Installing: /home/ethereal/rm_2025/rm_decision_2025_pb/install/navigator_interfaces/share/navigator_interfaces/cmake/navigator_interfaces__rosidl_typesupport_cppExport-noconfig.cmake
[6.254s] -- Installing: /home/ethereal/rm_2025/rm_decision_2025_pb/install/navigator_interfaces/share/navigator_interfaces/cmake/export_navigator_interfaces__rosidl_generator_pyExport.cmake
[6.255s] -- Installing: /home/ethereal/rm_2025/rm_decision_2025_pb/install/navigator_interfaces/share/navigator_interfaces/cmake/export_navigator_interfaces__rosidl_generator_pyExport-noconfig.cmake
[6.255s] -- Installing: /home/ethereal/rm_2025/rm_decision_2025_pb/install/navigator_interfaces/share/navigator_interfaces/cmake/rosidl_cmake-extras.cmake
[6.255s] -- Installing: /home/ethereal/rm_2025/rm_decision_2025_pb/install/navigator_interfaces/share/navigator_interfaces/cmake/ament_cmake_export_dependencies-extras.cmake
[6.255s] -- Installing: /home/ethereal/rm_2025/rm_decision_2025_pb/install/navigator_interfaces/share/navigator_interfaces/cmake/ament_cmake_export_include_directories-extras.cmake
[6.276s] -- Installing: /home/ethereal/rm_2025/rm_decision_2025_pb/install/navigator_interfaces/share/navigator_interfaces/cmake/ament_cmake_export_libraries-extras.cmake
[6.284s] -- Installing: /home/ethereal/rm_2025/rm_decision_2025_pb/install/navigator_interfaces/share/navigator_interfaces/cmake/ament_cmake_export_targets-extras.cmake
[6.285s] -- Installing: /home/ethereal/rm_2025/rm_decision_2025_pb/install/navigator_interfaces/share/navigator_interfaces/cmake/rosidl_cmake_export_typesupport_targets-extras.cmake
[6.285s] -- Installing: /home/ethereal/rm_2025/rm_decision_2025_pb/install/navigator_interfaces/share/navigator_interfaces/cmake/rosidl_cmake_export_typesupport_libraries-extras.cmake
[6.285s] -- Installing: /home/ethereal/rm_2025/rm_decision_2025_pb/install/navigator_interfaces/share/navigator_interfaces/cmake/navigator_interfacesConfig.cmake
[6.285s] -- Installing: /home/ethereal/rm_2025/rm_decision_2025_pb/install/navigator_interfaces/share/navigator_interfaces/cmake/navigator_interfacesConfig-version.cmake
[6.286s] -- Installing: /home/ethereal/rm_2025/rm_decision_2025_pb/install/navigator_interfaces/share/navigator_interfaces/package.xml
[6.292s] Invoked command in '/home/ethereal/rm_2025/rm_decision_2025_pb/build/navigator_interfaces' returned '0': CMAKE_PREFIX_PATH=/opt/ros/humble PS1=\[\e[1;32m\]\u@\h\[\e[0m\]:\[\e[1;34m\]\w\[\e[0m\]\$ /usr/bin/cmake --install /home/ethereal/rm_2025/rm_decision_2025_pb/build/navigator_interfaces
