[0.027s] Invoking command in '/home/ethereal/rm_2025/rm_decision_2025_pb/build/pb_rm_interfaces': CMAKE_PREFIX_PATH=/opt/ros/humble PS1=\[\e[1;32m\]\u@\h\[\e[0m\]:\[\e[1;34m\]\w\[\e[0m\]\$ /usr/bin/cmake /home/ethereal/rm_2025/rm_decision_2025_pb/src/Other Tools/pb_rm_interfaces -DCMAKE_INSTALL_PREFIX=/home/ethereal/rm_2025/rm_decision_2025_pb/install/pb_rm_interfaces
[0.128s] -- The C compiler identification is GNU 11.4.0
[0.180s] -- The CXX compiler identification is GNU 11.4.0
[0.192s] -- Detecting C compiler ABI info
[0.246s] -- Detecting C compiler ABI info - done
[0.253s] -- Check for working C compiler: /usr/bin/cc - skipped
[0.253s] -- Detecting C compile features
[0.254s] -- Detecting C compile features - done
[0.258s] -- Detecting CXX compiler ABI info
[0.320s] -- Detecting CXX compiler ABI info - done
[0.325s] -- Check for working CXX compiler: /usr/bin/c++ - skipped
[0.325s] -- Detecting CXX compile features
[0.326s] -- Detecting CXX compile features - done
[0.335s] -- Found ament_cmake: 1.3.11 (/opt/ros/humble/share/ament_cmake/cmake)
[0.469s] -- Found Python3: /usr/bin/python3 (found version "3.10.12") found components: Interpreter 
[0.578s] -- Found rosidl_default_generators: 1.2.0 (/opt/ros/humble/share/rosidl_default_generators/cmake)
[0.582s] -- Using all available rosidl_typesupport_c: rosidl_typesupport_fastrtps_c;rosidl_typesupport_introspection_c
[0.590s] -- Found rosidl_adapter: 3.1.6 (/opt/ros/humble/share/rosidl_adapter/cmake)
[0.641s] -- Using all available rosidl_typesupport_cpp: rosidl_typesupport_fastrtps_cpp;rosidl_typesupport_introspection_cpp
[0.677s] -- Found geometry_msgs: 4.2.4 (/opt/ros/humble/share/geometry_msgs/cmake)
[1.021s] -- Found ament_cmake_ros: 0.10.0 (/opt/ros/humble/share/ament_cmake_ros/cmake)
[1.237s] -- Using all available rosidl_typesupport_c: rosidl_typesupport_fastrtps_c;rosidl_typesupport_introspection_c
[1.547s] -- Using all available rosidl_typesupport_cpp: rosidl_typesupport_fastrtps_cpp;rosidl_typesupport_introspection_cpp
[1.569s] -- Found PythonInterp: /usr/bin/python3 (found suitable version "3.10.12", minimum required is "3.6") 
[1.570s] -- Found python_cmake_module: 0.10.0 (/opt/ros/humble/share/python_cmake_module/cmake)
[1.594s] -- Found PythonLibs: /usr/lib/x86_64-linux-gnu/libpython3.10.so (found suitable version "3.10.12", minimum required is "3.5") 
[1.595s] -- Using PYTHON_EXECUTABLE: /usr/bin/python3
[1.595s] -- Using PYTHON_INCLUDE_DIRS: /usr/include/python3.10
[1.595s] -- Using PYTHON_LIBRARIES: /usr/lib/x86_64-linux-gnu/libpython3.10.so
[1.615s] -- Found PythonExtra: .so  
[1.676s] -- Configuring done
[1.752s] -- Generating done
[1.767s] -- Build files have been written to: /home/ethereal/rm_2025/rm_decision_2025_pb/build/pb_rm_interfaces
[1.779s] Invoked command in '/home/ethereal/rm_2025/rm_decision_2025_pb/build/pb_rm_interfaces' returned '0': CMAKE_PREFIX_PATH=/opt/ros/humble PS1=\[\e[1;32m\]\u@\h\[\e[0m\]:\[\e[1;34m\]\w\[\e[0m\]\$ /usr/bin/cmake /home/ethereal/rm_2025/rm_decision_2025_pb/src/Other Tools/pb_rm_interfaces -DCMAKE_INSTALL_PREFIX=/home/ethereal/rm_2025/rm_decision_2025_pb/install/pb_rm_interfaces
[1.783s] Invoking command in '/home/ethereal/rm_2025/rm_decision_2025_pb/build/pb_rm_interfaces': CMAKE_PREFIX_PATH=/opt/ros/humble PS1=\[\e[1;32m\]\u@\h\[\e[0m\]:\[\e[1;34m\]\w\[\e[0m\]\$ /usr/bin/cmake --build /home/ethereal/rm_2025/rm_decision_2025_pb/build/pb_rm_interfaces -- -j20 -l20
[1.823s] [  1%] [34m[1mGenerating C code for ROS interfaces[0m
[1.836s] [  1%] [34m[1mGenerating C++ code for ROS interfaces[0m
[1.844s] [  1%] Built target ament_cmake_python_copy_pb_rm_interfaces
[2.218s] running egg_info
[2.223s] creating pb_rm_interfaces.egg-info
[2.223s] writing pb_rm_interfaces.egg-info/PKG-INFO
[2.223s] writing dependency_links to pb_rm_interfaces.egg-info/dependency_links.txt
[2.223s] writing top-level names to pb_rm_interfaces.egg-info/top_level.txt
[2.223s] writing manifest file 'pb_rm_interfaces.egg-info/SOURCES.txt'
[2.225s] reading manifest file 'pb_rm_interfaces.egg-info/SOURCES.txt'
[2.226s] writing manifest file 'pb_rm_interfaces.egg-info/SOURCES.txt'
[2.261s] [  1%] Built target ament_cmake_python_build_pb_rm_interfaces_egg
[7.842s] [  1%] Built target pb_rm_interfaces__cpp
[7.897s] [  1%] [34m[1mGenerating C++ type support for eProsima Fast-RTPS[0m
[7.903s] [  2%] [34m[1mGenerating C++ type support dispatch for ROS interfaces[0m
[7.905s] [  3%] [34m[1mGenerating C++ introspection for ROS interfaces[0m
[8.005s] [  5%] [32mBuilding C object CMakeFiles/pb_rm_interfaces__rosidl_generator_c.dir/rosidl_generator_c/pb_rm_interfaces/msg/detail/event_data__functions.c.o[0m
[8.014s] [  6%] [32mBuilding C object CMakeFiles/pb_rm_interfaces__rosidl_generator_c.dir/rosidl_generator_c/pb_rm_interfaces/msg/detail/game_robot_hp__functions.c.o[0m
[8.023s] [  6%] [32mBuilding C object CMakeFiles/pb_rm_interfaces__rosidl_generator_c.dir/rosidl_generator_c/pb_rm_interfaces/msg/detail/buff__functions.c.o[0m
[8.074s] [  7%] [32mBuilding C object CMakeFiles/pb_rm_interfaces__rosidl_generator_c.dir/rosidl_generator_c/pb_rm_interfaces/msg/detail/game_status__functions.c.o[0m
[8.176s] [  8%] [32mBuilding C object CMakeFiles/pb_rm_interfaces__rosidl_generator_c.dir/rosidl_generator_c/pb_rm_interfaces/msg/detail/robot_status__functions.c.o[0m
[8.183s] [  9%] [32mBuilding C object CMakeFiles/pb_rm_interfaces__rosidl_generator_c.dir/rosidl_generator_c/pb_rm_interfaces/msg/detail/ground_robot_position__functions.c.o[0m
[8.189s] [  9%] [32mBuilding C object CMakeFiles/pb_rm_interfaces__rosidl_generator_c.dir/rosidl_generator_c/pb_rm_interfaces/msg/detail/gimbal__functions.c.o[0m
[8.197s] [ 10%] [32mBuilding C object CMakeFiles/pb_rm_interfaces__rosidl_generator_c.dir/rosidl_generator_c/pb_rm_interfaces/msg/detail/gimbal_cmd__functions.c.o[0m
[8.200s] [ 11%] [32mBuilding C object CMakeFiles/pb_rm_interfaces__rosidl_generator_c.dir/rosidl_generator_c/pb_rm_interfaces/msg/detail/rfid_status__functions.c.o[0m
[8.259s] [ 12%] [32mBuilding C object CMakeFiles/pb_rm_interfaces__rosidl_generator_c.dir/rosidl_generator_c/pb_rm_interfaces/msg/detail/robot_state_info__functions.c.o[0m
[8.280s] [ 13%] [32mBuilding C object CMakeFiles/pb_rm_interfaces__rosidl_generator_c.dir/rosidl_generator_c/pb_rm_interfaces/msg/detail/models__functions.c.o[0m
[8.394s] [ 14%] [32m[1mLinking C shared library libpb_rm_interfaces__rosidl_generator_c.so[0m
[8.436s] [ 14%] Built target pb_rm_interfaces__rosidl_generator_c
[8.447s] [ 15%] [34m[1mGenerating C type support for eProsima Fast-RTPS[0m
[8.449s] [ 17%] [34m[1mGenerating C type support dispatch for ROS interfaces[0m
[8.449s] [ 17%] [34m[1mGenerating C introspection for ROS interfaces[0m
[10.322s] [ 19%] [32mBuilding CXX object CMakeFiles/pb_rm_interfaces__rosidl_typesupport_cpp.dir/rosidl_typesupport_cpp/pb_rm_interfaces/msg/buff__type_support.cpp.o[0m
[10.322s] [ 19%] [32mBuilding CXX object CMakeFiles/pb_rm_interfaces__rosidl_typesupport_cpp.dir/rosidl_typesupport_cpp/pb_rm_interfaces/msg/game_robot_hp__type_support.cpp.o[0m
[10.323s] [ 20%] [32mBuilding CXX object CMakeFiles/pb_rm_interfaces__rosidl_typesupport_cpp.dir/rosidl_typesupport_cpp/pb_rm_interfaces/msg/ground_robot_position__type_support.cpp.o[0m
[10.324s] [ 21%] [32mBuilding CXX object CMakeFiles/pb_rm_interfaces__rosidl_typesupport_cpp.dir/rosidl_typesupport_cpp/pb_rm_interfaces/msg/game_status__type_support.cpp.o[0m
[10.324s] [ 22%] [32mBuilding CXX object CMakeFiles/pb_rm_interfaces__rosidl_typesupport_cpp.dir/rosidl_typesupport_cpp/pb_rm_interfaces/msg/rfid_status__type_support.cpp.o[0m
[10.325s] [ 23%] [32mBuilding CXX object CMakeFiles/pb_rm_interfaces__rosidl_typesupport_cpp.dir/rosidl_typesupport_cpp/pb_rm_interfaces/msg/event_data__type_support.cpp.o[0m
[10.327s] [ 23%] [32mBuilding CXX object CMakeFiles/pb_rm_interfaces__rosidl_typesupport_cpp.dir/rosidl_typesupport_cpp/pb_rm_interfaces/msg/gimbal__type_support.cpp.o[0m
[10.329s] [ 24%] [32mBuilding CXX object CMakeFiles/pb_rm_interfaces__rosidl_typesupport_cpp.dir/rosidl_typesupport_cpp/pb_rm_interfaces/msg/robot_status__type_support.cpp.o[0m
[10.330s] [ 25%] [32mBuilding CXX object CMakeFiles/pb_rm_interfaces__rosidl_typesupport_cpp.dir/rosidl_typesupport_cpp/pb_rm_interfaces/msg/models__type_support.cpp.o[0m
[10.331s] [ 26%] [32mBuilding CXX object CMakeFiles/pb_rm_interfaces__rosidl_typesupport_cpp.dir/rosidl_typesupport_cpp/pb_rm_interfaces/msg/gimbal_cmd__type_support.cpp.o[0m
[10.334s] [ 27%] [32mBuilding CXX object CMakeFiles/pb_rm_interfaces__rosidl_typesupport_cpp.dir/rosidl_typesupport_cpp/pb_rm_interfaces/msg/robot_state_info__type_support.cpp.o[0m
[10.757s] [ 28%] [32mBuilding CXX object CMakeFiles/pb_rm_interfaces__rosidl_typesupport_introspection_cpp.dir/rosidl_typesupport_introspection_cpp/pb_rm_interfaces/msg/detail/event_data__type_support.cpp.o[0m
[10.757s] [ 28%] [32mBuilding CXX object CMakeFiles/pb_rm_interfaces__rosidl_typesupport_introspection_cpp.dir/rosidl_typesupport_introspection_cpp/pb_rm_interfaces/msg/detail/buff__type_support.cpp.o[0m
[10.757s] [ 29%] [32mBuilding CXX object CMakeFiles/pb_rm_interfaces__rosidl_typesupport_introspection_cpp.dir/rosidl_typesupport_introspection_cpp/pb_rm_interfaces/msg/detail/game_robot_hp__type_support.cpp.o[0m
[10.782s] [ 30%] [32mBuilding CXX object CMakeFiles/pb_rm_interfaces__rosidl_typesupport_introspection_cpp.dir/rosidl_typesupport_introspection_cpp/pb_rm_interfaces/msg/detail/game_status__type_support.cpp.o[0m
[10.826s] [ 31%] [32mBuilding CXX object CMakeFiles/pb_rm_interfaces__rosidl_typesupport_introspection_cpp.dir/rosidl_typesupport_introspection_cpp/pb_rm_interfaces/msg/detail/ground_robot_position__type_support.cpp.o[0m
[10.856s] [ 32%] [32mBuilding CXX object CMakeFiles/pb_rm_interfaces__rosidl_typesupport_introspection_cpp.dir/rosidl_typesupport_introspection_cpp/pb_rm_interfaces/msg/detail/rfid_status__type_support.cpp.o[0m
[10.881s] [ 33%] [32mBuilding CXX object CMakeFiles/pb_rm_interfaces__rosidl_typesupport_introspection_cpp.dir/rosidl_typesupport_introspection_cpp/pb_rm_interfaces/msg/detail/robot_status__type_support.cpp.o[0m
[10.905s] [ 34%] [32mBuilding CXX object CMakeFiles/pb_rm_interfaces__rosidl_typesupport_introspection_cpp.dir/rosidl_typesupport_introspection_cpp/pb_rm_interfaces/msg/detail/gimbal__type_support.cpp.o[0m
[10.921s] [ 35%] [32mBuilding CXX object CMakeFiles/pb_rm_interfaces__rosidl_typesupport_introspection_cpp.dir/rosidl_typesupport_introspection_cpp/pb_rm_interfaces/msg/detail/gimbal_cmd__type_support.cpp.o[0m
[10.946s] [ 36%] [32mBuilding CXX object CMakeFiles/pb_rm_interfaces__rosidl_typesupport_introspection_cpp.dir/rosidl_typesupport_introspection_cpp/pb_rm_interfaces/msg/detail/models__type_support.cpp.o[0m
[11.017s] [ 38%] [32mBuilding CXX object CMakeFiles/pb_rm_interfaces__rosidl_typesupport_introspection_cpp.dir/rosidl_typesupport_introspection_cpp/pb_rm_interfaces/msg/detail/robot_state_info__type_support.cpp.o[0m
[11.019s] [ 38%] [32mBuilding CXX object CMakeFiles/pb_rm_interfaces__rosidl_typesupport_c.dir/rosidl_typesupport_c/pb_rm_interfaces/msg/buff__type_support.cpp.o[0m
[11.036s] [ 39%] [32mBuilding CXX object CMakeFiles/pb_rm_interfaces__rosidl_typesupport_c.dir/rosidl_typesupport_c/pb_rm_interfaces/msg/event_data__type_support.cpp.o[0m
[11.069s] [ 39%] [32mBuilding CXX object CMakeFiles/pb_rm_interfaces__rosidl_typesupport_c.dir/rosidl_typesupport_c/pb_rm_interfaces/msg/game_robot_hp__type_support.cpp.o[0m
[11.075s] [ 40%] [32mBuilding CXX object CMakeFiles/pb_rm_interfaces__rosidl_typesupport_c.dir/rosidl_typesupport_c/pb_rm_interfaces/msg/ground_robot_position__type_support.cpp.o[0m
[11.076s] [ 42%] [32mBuilding CXX object CMakeFiles/pb_rm_interfaces__rosidl_typesupport_c.dir/rosidl_typesupport_c/pb_rm_interfaces/msg/game_status__type_support.cpp.o[0m
[11.076s] [ 42%] [32mBuilding CXX object CMakeFiles/pb_rm_interfaces__rosidl_typesupport_fastrtps_cpp.dir/rosidl_typesupport_fastrtps_cpp/pb_rm_interfaces/msg/detail/dds_fastrtps/buff__type_support.cpp.o[0m
[11.147s] [ 43%] [32m[1mLinking CXX shared library libpb_rm_interfaces__rosidl_typesupport_cpp.so[0m
[11.150s] [ 44%] [32mBuilding CXX object CMakeFiles/pb_rm_interfaces__rosidl_typesupport_c.dir/rosidl_typesupport_c/pb_rm_interfaces/msg/rfid_status__type_support.cpp.o[0m
[11.153s] [ 45%] [32mBuilding CXX object CMakeFiles/pb_rm_interfaces__rosidl_typesupport_c.dir/rosidl_typesupport_c/pb_rm_interfaces/msg/robot_status__type_support.cpp.o[0m
[11.207s] [ 46%] [32mBuilding CXX object CMakeFiles/pb_rm_interfaces__rosidl_typesupport_fastrtps_cpp.dir/rosidl_typesupport_fastrtps_cpp/pb_rm_interfaces/msg/detail/dds_fastrtps/event_data__type_support.cpp.o[0m
[11.216s] [ 47%] [32mBuilding CXX object CMakeFiles/pb_rm_interfaces__rosidl_typesupport_c.dir/rosidl_typesupport_c/pb_rm_interfaces/msg/gimbal_cmd__type_support.cpp.o[0m
[11.217s] [ 48%] [32mBuilding CXX object CMakeFiles/pb_rm_interfaces__rosidl_typesupport_c.dir/rosidl_typesupport_c/pb_rm_interfaces/msg/gimbal__type_support.cpp.o[0m
[11.300s] [ 49%] [32mBuilding CXX object CMakeFiles/pb_rm_interfaces__rosidl_typesupport_c.dir/rosidl_typesupport_c/pb_rm_interfaces/msg/robot_state_info__type_support.cpp.o[0m
[11.303s] [ 50%] [32mBuilding CXX object CMakeFiles/pb_rm_interfaces__rosidl_typesupport_c.dir/rosidl_typesupport_c/pb_rm_interfaces/msg/models__type_support.cpp.o[0m
[11.330s] [ 51%] [32mBuilding CXX object CMakeFiles/pb_rm_interfaces__rosidl_typesupport_fastrtps_cpp.dir/rosidl_typesupport_fastrtps_cpp/pb_rm_interfaces/msg/detail/dds_fastrtps/game_robot_hp__type_support.cpp.o[0m
[11.350s] [ 52%] [32mBuilding CXX object CMakeFiles/pb_rm_interfaces__rosidl_typesupport_fastrtps_cpp.dir/rosidl_typesupport_fastrtps_cpp/pb_rm_interfaces/msg/detail/dds_fastrtps/game_status__type_support.cpp.o[0m
[11.408s] [ 53%] [32mBuilding CXX object CMakeFiles/pb_rm_interfaces__rosidl_typesupport_fastrtps_cpp.dir/rosidl_typesupport_fastrtps_cpp/pb_rm_interfaces/msg/detail/dds_fastrtps/ground_robot_position__type_support.cpp.o[0m
[11.409s] [ 53%] Built target pb_rm_interfaces__rosidl_typesupport_cpp
[11.438s] [ 54%] [32m[1mLinking CXX shared library libpb_rm_interfaces__rosidl_typesupport_c.so[0m
[11.451s] [ 55%] [32mBuilding CXX object CMakeFiles/pb_rm_interfaces__rosidl_typesupport_fastrtps_cpp.dir/rosidl_typesupport_fastrtps_cpp/pb_rm_interfaces/msg/detail/dds_fastrtps/rfid_status__type_support.cpp.o[0m
[11.493s] [ 56%] [32mBuilding CXX object CMakeFiles/pb_rm_interfaces__rosidl_typesupport_fastrtps_cpp.dir/rosidl_typesupport_fastrtps_cpp/pb_rm_interfaces/msg/detail/dds_fastrtps/robot_status__type_support.cpp.o[0m
[11.509s] [ 57%] [32mBuilding CXX object CMakeFiles/pb_rm_interfaces__rosidl_typesupport_fastrtps_cpp.dir/rosidl_typesupport_fastrtps_cpp/pb_rm_interfaces/msg/detail/dds_fastrtps/gimbal__type_support.cpp.o[0m
[11.525s] [ 58%] [32mBuilding CXX object CMakeFiles/pb_rm_interfaces__rosidl_typesupport_fastrtps_cpp.dir/rosidl_typesupport_fastrtps_cpp/pb_rm_interfaces/msg/detail/dds_fastrtps/gimbal_cmd__type_support.cpp.o[0m
[11.531s] [ 59%] [32mBuilding C object CMakeFiles/pb_rm_interfaces__rosidl_typesupport_introspection_c.dir/rosidl_typesupport_introspection_c/pb_rm_interfaces/msg/detail/buff__type_support.c.o[0m
[11.539s] [ 60%] [32mBuilding C object CMakeFiles/pb_rm_interfaces__rosidl_typesupport_introspection_c.dir/rosidl_typesupport_introspection_c/pb_rm_interfaces/msg/detail/event_data__type_support.c.o[0m
[11.540s] [ 61%] [32mBuilding C object CMakeFiles/pb_rm_interfaces__rosidl_typesupport_introspection_c.dir/rosidl_typesupport_introspection_c/pb_rm_interfaces/msg/detail/game_robot_hp__type_support.c.o[0m
[11.552s] [ 61%] [32mBuilding CXX object CMakeFiles/pb_rm_interfaces__rosidl_typesupport_fastrtps_cpp.dir/rosidl_typesupport_fastrtps_cpp/pb_rm_interfaces/msg/detail/dds_fastrtps/models__type_support.cpp.o[0m
[11.560s] [ 62%] [32mBuilding CXX object CMakeFiles/pb_rm_interfaces__rosidl_typesupport_fastrtps_cpp.dir/rosidl_typesupport_fastrtps_cpp/pb_rm_interfaces/msg/detail/dds_fastrtps/robot_state_info__type_support.cpp.o[0m
[11.564s] [ 62%] Built target pb_rm_interfaces__rosidl_typesupport_c
[11.579s] [ 63%] [32mBuilding CXX object CMakeFiles/pb_rm_interfaces__rosidl_typesupport_fastrtps_c.dir/rosidl_typesupport_fastrtps_c/pb_rm_interfaces/msg/detail/buff__type_support_c.cpp.o[0m
[11.588s] [ 64%] [32mBuilding C object CMakeFiles/pb_rm_interfaces__rosidl_typesupport_introspection_c.dir/rosidl_typesupport_introspection_c/pb_rm_interfaces/msg/detail/game_status__type_support.c.o[0m
[11.604s] [ 65%] [32mBuilding CXX object CMakeFiles/pb_rm_interfaces__rosidl_typesupport_fastrtps_c.dir/rosidl_typesupport_fastrtps_c/pb_rm_interfaces/msg/detail/event_data__type_support_c.cpp.o[0m
[11.620s] [ 66%] [32mBuilding C object CMakeFiles/pb_rm_interfaces__rosidl_typesupport_introspection_c.dir/rosidl_typesupport_introspection_c/pb_rm_interfaces/msg/detail/ground_robot_position__type_support.c.o[0m
[11.625s] [ 67%] [32mBuilding C object CMakeFiles/pb_rm_interfaces__rosidl_typesupport_introspection_c.dir/rosidl_typesupport_introspection_c/pb_rm_interfaces/msg/detail/rfid_status__type_support.c.o[0m
[11.672s] [ 68%] [32mBuilding CXX object CMakeFiles/pb_rm_interfaces__rosidl_typesupport_fastrtps_c.dir/rosidl_typesupport_fastrtps_c/pb_rm_interfaces/msg/detail/game_robot_hp__type_support_c.cpp.o[0m
[11.695s] [ 69%] [32mBuilding CXX object CMakeFiles/pb_rm_interfaces__rosidl_typesupport_fastrtps_c.dir/rosidl_typesupport_fastrtps_c/pb_rm_interfaces/msg/detail/game_status__type_support_c.cpp.o[0m
[11.696s] [ 69%] [32mBuilding C object CMakeFiles/pb_rm_interfaces__rosidl_typesupport_introspection_c.dir/rosidl_typesupport_introspection_c/pb_rm_interfaces/msg/detail/robot_status__type_support.c.o[0m
[11.708s] [ 70%] [32mBuilding C object CMakeFiles/pb_rm_interfaces__rosidl_typesupport_introspection_c.dir/rosidl_typesupport_introspection_c/pb_rm_interfaces/msg/detail/gimbal__type_support.c.o[0m
[11.746s] [ 71%] [32mBuilding C object CMakeFiles/pb_rm_interfaces__rosidl_typesupport_introspection_c.dir/rosidl_typesupport_introspection_c/pb_rm_interfaces/msg/detail/gimbal_cmd__type_support.c.o[0m
[11.779s] [ 71%] [32mBuilding CXX object CMakeFiles/pb_rm_interfaces__rosidl_typesupport_fastrtps_c.dir/rosidl_typesupport_fastrtps_c/pb_rm_interfaces/msg/detail/ground_robot_position__type_support_c.cpp.o[0m
[11.792s] [ 72%] [32m[1mLinking CXX shared library libpb_rm_interfaces__rosidl_typesupport_introspection_cpp.so[0m
[11.803s] [ 73%] [32mBuilding CXX object CMakeFiles/pb_rm_interfaces__rosidl_typesupport_fastrtps_c.dir/rosidl_typesupport_fastrtps_c/pb_rm_interfaces/msg/detail/rfid_status__type_support_c.cpp.o[0m
[11.804s] [ 74%] [32mBuilding CXX object CMakeFiles/pb_rm_interfaces__rosidl_typesupport_fastrtps_c.dir/rosidl_typesupport_fastrtps_c/pb_rm_interfaces/msg/detail/robot_status__type_support_c.cpp.o[0m
[11.813s] [ 75%] [32mBuilding C object CMakeFiles/pb_rm_interfaces__rosidl_typesupport_introspection_c.dir/rosidl_typesupport_introspection_c/pb_rm_interfaces/msg/detail/models__type_support.c.o[0m
[11.818s] [ 76%] [32mBuilding C object CMakeFiles/pb_rm_interfaces__rosidl_typesupport_introspection_c.dir/rosidl_typesupport_introspection_c/pb_rm_interfaces/msg/detail/robot_state_info__type_support.c.o[0m
[11.875s] [ 77%] [32mBuilding CXX object CMakeFiles/pb_rm_interfaces__rosidl_typesupport_fastrtps_c.dir/rosidl_typesupport_fastrtps_c/pb_rm_interfaces/msg/detail/gimbal__type_support_c.cpp.o[0m
[11.929s] [ 77%] Built target pb_rm_interfaces__rosidl_typesupport_introspection_cpp
[11.935s] [ 78%] [32mBuilding CXX object CMakeFiles/pb_rm_interfaces__rosidl_typesupport_fastrtps_c.dir/rosidl_typesupport_fastrtps_c/pb_rm_interfaces/msg/detail/gimbal_cmd__type_support_c.cpp.o[0m
[11.983s] [ 79%] [32mBuilding CXX object CMakeFiles/pb_rm_interfaces__rosidl_typesupport_fastrtps_c.dir/rosidl_typesupport_fastrtps_c/pb_rm_interfaces/msg/detail/models__type_support_c.cpp.o[0m
[11.990s] [ 80%] [32m[1mLinking C shared library libpb_rm_interfaces__rosidl_typesupport_introspection_c.so[0m
[12.028s] [ 81%] [32mBuilding CXX object CMakeFiles/pb_rm_interfaces__rosidl_typesupport_fastrtps_c.dir/rosidl_typesupport_fastrtps_c/pb_rm_interfaces/msg/detail/robot_state_info__type_support_c.cpp.o[0m
[12.089s] [ 81%] Built target pb_rm_interfaces__rosidl_typesupport_introspection_c
[12.371s] [ 82%] [32m[1mLinking CXX shared library libpb_rm_interfaces__rosidl_typesupport_fastrtps_cpp.so[0m
[12.436s] [ 83%] [32m[1mLinking CXX shared library libpb_rm_interfaces__rosidl_typesupport_fastrtps_c.so[0m
[12.436s] [ 83%] Built target pb_rm_interfaces__rosidl_typesupport_fastrtps_cpp
[12.491s] [ 83%] Built target pb_rm_interfaces__rosidl_typesupport_fastrtps_c
[12.504s] [ 83%] Built target pb_rm_interfaces
[12.516s] [ 84%] [34m[1mGenerating Python code for ROS interfaces[0m
[16.006s] [ 84%] Built target pb_rm_interfaces__py
[16.019s] [ 86%] [32mBuilding C object CMakeFiles/pb_rm_interfaces__rosidl_generator_py.dir/rosidl_generator_py/pb_rm_interfaces/msg/_buff_s.c.o[0m
[16.019s] [ 86%] [32mBuilding C object CMakeFiles/pb_rm_interfaces__rosidl_generator_py.dir/rosidl_generator_py/pb_rm_interfaces/msg/_event_data_s.c.o[0m
[16.019s] [ 87%] [32mBuilding C object CMakeFiles/pb_rm_interfaces__rosidl_generator_py.dir/rosidl_generator_py/pb_rm_interfaces/msg/_game_robot_hp_s.c.o[0m
[16.020s] [ 88%] [32mBuilding C object CMakeFiles/pb_rm_interfaces__rosidl_generator_py.dir/rosidl_generator_py/pb_rm_interfaces/msg/_game_status_s.c.o[0m
[16.020s] [ 88%] [32mBuilding C object CMakeFiles/pb_rm_interfaces__rosidl_generator_py.dir/rosidl_generator_py/pb_rm_interfaces/msg/_rfid_status_s.c.o[0m
[16.022s] [ 89%] [32mBuilding C object CMakeFiles/pb_rm_interfaces__rosidl_generator_py.dir/rosidl_generator_py/pb_rm_interfaces/msg/_ground_robot_position_s.c.o[0m
[16.023s] [ 91%] [32mBuilding C object CMakeFiles/pb_rm_interfaces__rosidl_generator_py.dir/rosidl_generator_py/pb_rm_interfaces/msg/_gimbal_s.c.o[0m
[16.023s] [ 91%] [32mBuilding C object CMakeFiles/pb_rm_interfaces__rosidl_generator_py.dir/rosidl_generator_py/pb_rm_interfaces/msg/_robot_state_info_s.c.o[0m
[16.024s] [ 92%] [32mBuilding C object CMakeFiles/pb_rm_interfaces__rosidl_generator_py.dir/rosidl_generator_py/pb_rm_interfaces/msg/_robot_status_s.c.o[0m
[16.025s] [ 93%] [32mBuilding C object CMakeFiles/pb_rm_interfaces__rosidl_generator_py.dir/rosidl_generator_py/pb_rm_interfaces/msg/_gimbal_cmd_s.c.o[0m
[16.025s] [ 94%] [32mBuilding C object CMakeFiles/pb_rm_interfaces__rosidl_generator_py.dir/rosidl_generator_py/pb_rm_interfaces/msg/_models_s.c.o[0m
[16.160s] [ 95%] [32m[1mLinking C shared library rosidl_generator_py/pb_rm_interfaces/libpb_rm_interfaces__rosidl_generator_py.so[0m
[16.195s] [ 95%] Built target pb_rm_interfaces__rosidl_generator_py
[16.208s] [ 96%] [32mBuilding C object CMakeFiles/pb_rm_interfaces__rosidl_typesupport_fastrtps_c__pyext.dir/rosidl_generator_py/pb_rm_interfaces/_pb_rm_interfaces_s.ep.rosidl_typesupport_fastrtps_c.c.o[0m
[16.208s] [ 97%] [32mBuilding C object CMakeFiles/pb_rm_interfaces__rosidl_typesupport_c__pyext.dir/rosidl_generator_py/pb_rm_interfaces/_pb_rm_interfaces_s.ep.rosidl_typesupport_c.c.o[0m
[16.208s] [ 97%] [32mBuilding C object CMakeFiles/pb_rm_interfaces__rosidl_typesupport_introspection_c__pyext.dir/rosidl_generator_py/pb_rm_interfaces/_pb_rm_interfaces_s.ep.rosidl_typesupport_introspection_c.c.o[0m
[16.314s] [ 99%] [32m[1mLinking C shared library rosidl_generator_py/pb_rm_interfaces/pb_rm_interfaces_s__rosidl_typesupport_fastrtps_c.cpython-310-x86_64-linux-gnu.so[0m
[16.314s] [ 99%] [32m[1mLinking C shared library rosidl_generator_py/pb_rm_interfaces/pb_rm_interfaces_s__rosidl_typesupport_c.cpython-310-x86_64-linux-gnu.so[0m
[16.315s] [100%] [32m[1mLinking C shared library rosidl_generator_py/pb_rm_interfaces/pb_rm_interfaces_s__rosidl_typesupport_introspection_c.cpython-310-x86_64-linux-gnu.so[0m
[16.342s] [100%] Built target pb_rm_interfaces__rosidl_typesupport_introspection_c__pyext
[16.342s] [100%] Built target pb_rm_interfaces__rosidl_typesupport_c__pyext
[16.342s] [100%] Built target pb_rm_interfaces__rosidl_typesupport_fastrtps_c__pyext
[16.351s] Invoked command in '/home/ethereal/rm_2025/rm_decision_2025_pb/build/pb_rm_interfaces' returned '0': CMAKE_PREFIX_PATH=/opt/ros/humble PS1=\[\e[1;32m\]\u@\h\[\e[0m\]:\[\e[1;34m\]\w\[\e[0m\]\$ /usr/bin/cmake --build /home/ethereal/rm_2025/rm_decision_2025_pb/build/pb_rm_interfaces -- -j20 -l20
[16.353s] Invoking command in '/home/ethereal/rm_2025/rm_decision_2025_pb/build/pb_rm_interfaces': CMAKE_PREFIX_PATH=/opt/ros/humble PS1=\[\e[1;32m\]\u@\h\[\e[0m\]:\[\e[1;34m\]\w\[\e[0m\]\$ /usr/bin/cmake --install /home/ethereal/rm_2025/rm_decision_2025_pb/build/pb_rm_interfaces
[16.358s] -- Install configuration: ""
[16.359s] -- Installing: /home/ethereal/rm_2025/rm_decision_2025_pb/install/pb_rm_interfaces/share/ament_index/resource_index/rosidl_interfaces/pb_rm_interfaces
[16.359s] -- Installing: /home/ethereal/rm_2025/rm_decision_2025_pb/install/pb_rm_interfaces/include/pb_rm_interfaces/pb_rm_interfaces
[16.359s] -- Installing: /home/ethereal/rm_2025/rm_decision_2025_pb/install/pb_rm_interfaces/include/pb_rm_interfaces/pb_rm_interfaces/msg
[16.359s] -- Installing: /home/ethereal/rm_2025/rm_decision_2025_pb/install/pb_rm_interfaces/include/pb_rm_interfaces/pb_rm_interfaces/msg/models.h
[16.359s] -- Installing: /home/ethereal/rm_2025/rm_decision_2025_pb/install/pb_rm_interfaces/include/pb_rm_interfaces/pb_rm_interfaces/msg/gimbal.h
[16.360s] -- Installing: /home/ethereal/rm_2025/rm_decision_2025_pb/install/pb_rm_interfaces/include/pb_rm_interfaces/pb_rm_interfaces/msg/game_robot_hp.h
[16.360s] -- Installing: /home/ethereal/rm_2025/rm_decision_2025_pb/install/pb_rm_interfaces/include/pb_rm_interfaces/pb_rm_interfaces/msg/game_status.h
[16.360s] -- Installing: /home/ethereal/rm_2025/rm_decision_2025_pb/install/pb_rm_interfaces/include/pb_rm_interfaces/pb_rm_interfaces/msg/detail
[16.360s] -- Installing: /home/ethereal/rm_2025/rm_decision_2025_pb/install/pb_rm_interfaces/include/pb_rm_interfaces/pb_rm_interfaces/msg/detail/robot_state_info__functions.c
[16.360s] -- Installing: /home/ethereal/rm_2025/rm_decision_2025_pb/install/pb_rm_interfaces/include/pb_rm_interfaces/pb_rm_interfaces/msg/detail/game_status__functions.h
[16.361s] -- Installing: /home/ethereal/rm_2025/rm_decision_2025_pb/install/pb_rm_interfaces/include/pb_rm_interfaces/pb_rm_interfaces/msg/detail/robot_state_info__struct.h
[16.361s] -- Installing: /home/ethereal/rm_2025/rm_decision_2025_pb/install/pb_rm_interfaces/include/pb_rm_interfaces/pb_rm_interfaces/msg/detail/game_status__type_support.h
[16.361s] -- Installing: /home/ethereal/rm_2025/rm_decision_2025_pb/install/pb_rm_interfaces/include/pb_rm_interfaces/pb_rm_interfaces/msg/detail/game_robot_hp__struct.h
[16.361s] -- Installing: /home/ethereal/rm_2025/rm_decision_2025_pb/install/pb_rm_interfaces/include/pb_rm_interfaces/pb_rm_interfaces/msg/detail/game_robot_hp__functions.c
[16.361s] -- Installing: /home/ethereal/rm_2025/rm_decision_2025_pb/install/pb_rm_interfaces/include/pb_rm_interfaces/pb_rm_interfaces/msg/detail/robot_state_info__functions.h
[16.361s] -- Installing: /home/ethereal/rm_2025/rm_decision_2025_pb/install/pb_rm_interfaces/include/pb_rm_interfaces/pb_rm_interfaces/msg/detail/models__functions.h
[16.361s] -- Installing: /home/ethereal/rm_2025/rm_decision_2025_pb/install/pb_rm_interfaces/include/pb_rm_interfaces/pb_rm_interfaces/msg/detail/models__struct.h
[16.362s] -- Installing: /home/ethereal/rm_2025/rm_decision_2025_pb/install/pb_rm_interfaces/include/pb_rm_interfaces/pb_rm_interfaces/msg/detail/ground_robot_position__struct.h
[16.362s] -- Installing: /home/ethereal/rm_2025/rm_decision_2025_pb/install/pb_rm_interfaces/include/pb_rm_interfaces/pb_rm_interfaces/msg/detail/rfid_status__functions.h
[16.362s] -- Installing: /home/ethereal/rm_2025/rm_decision_2025_pb/install/pb_rm_interfaces/include/pb_rm_interfaces/pb_rm_interfaces/msg/detail/ground_robot_position__functions.h
[16.362s] -- Installing: /home/ethereal/rm_2025/rm_decision_2025_pb/install/pb_rm_interfaces/include/pb_rm_interfaces/pb_rm_interfaces/msg/detail/buff__functions.c
[16.362s] -- Installing: /home/ethereal/rm_2025/rm_decision_2025_pb/install/pb_rm_interfaces/include/pb_rm_interfaces/pb_rm_interfaces/msg/detail/rfid_status__struct.h
[16.362s] -- Installing: /home/ethereal/rm_2025/rm_decision_2025_pb/install/pb_rm_interfaces/include/pb_rm_interfaces/pb_rm_interfaces/msg/detail/gimbal__functions.h
[16.363s] -- Installing: /home/ethereal/rm_2025/rm_decision_2025_pb/install/pb_rm_interfaces/include/pb_rm_interfaces/pb_rm_interfaces/msg/detail/models__functions.c
[16.363s] -- Installing: /home/ethereal/rm_2025/rm_decision_2025_pb/install/pb_rm_interfaces/include/pb_rm_interfaces/pb_rm_interfaces/msg/detail/buff__functions.h
[16.363s] -- Installing: /home/ethereal/rm_2025/rm_decision_2025_pb/install/pb_rm_interfaces/include/pb_rm_interfaces/pb_rm_interfaces/msg/detail/gimbal__functions.c
[16.363s] -- Installing: /home/ethereal/rm_2025/rm_decision_2025_pb/install/pb_rm_interfaces/include/pb_rm_interfaces/pb_rm_interfaces/msg/detail/robot_status__functions.c
[16.363s] -- Installing: /home/ethereal/rm_2025/rm_decision_2025_pb/install/pb_rm_interfaces/include/pb_rm_interfaces/pb_rm_interfaces/msg/detail/gimbal_cmd__struct.h
[16.363s] -- Installing: /home/ethereal/rm_2025/rm_decision_2025_pb/install/pb_rm_interfaces/include/pb_rm_interfaces/pb_rm_interfaces/msg/detail/event_data__functions.c
[16.363s] -- Installing: /home/ethereal/rm_2025/rm_decision_2025_pb/install/pb_rm_interfaces/include/pb_rm_interfaces/pb_rm_interfaces/msg/detail/models__type_support.h
[16.363s] -- Installing: /home/ethereal/rm_2025/rm_decision_2025_pb/install/pb_rm_interfaces/include/pb_rm_interfaces/pb_rm_interfaces/msg/detail/ground_robot_position__type_support.h
[16.363s] -- Installing: /home/ethereal/rm_2025/rm_decision_2025_pb/install/pb_rm_interfaces/include/pb_rm_interfaces/pb_rm_interfaces/msg/detail/rfid_status__type_support.h
[16.364s] -- Installing: /home/ethereal/rm_2025/rm_decision_2025_pb/install/pb_rm_interfaces/include/pb_rm_interfaces/pb_rm_interfaces/msg/detail/gimbal__struct.h
[16.364s] -- Installing: /home/ethereal/rm_2025/rm_decision_2025_pb/install/pb_rm_interfaces/include/pb_rm_interfaces/pb_rm_interfaces/msg/detail/robot_status__type_support.h
[16.364s] -- Installing: /home/ethereal/rm_2025/rm_decision_2025_pb/install/pb_rm_interfaces/include/pb_rm_interfaces/pb_rm_interfaces/msg/detail/event_data__type_support.h
[16.364s] -- Installing: /home/ethereal/rm_2025/rm_decision_2025_pb/install/pb_rm_interfaces/include/pb_rm_interfaces/pb_rm_interfaces/msg/detail/game_status__struct.h
[16.364s] -- Installing: /home/ethereal/rm_2025/rm_decision_2025_pb/install/pb_rm_interfaces/include/pb_rm_interfaces/pb_rm_interfaces/msg/detail/robot_status__functions.h
[16.364s] -- Installing: /home/ethereal/rm_2025/rm_decision_2025_pb/install/pb_rm_interfaces/include/pb_rm_interfaces/pb_rm_interfaces/msg/detail/game_robot_hp__functions.h
[16.364s] -- Installing: /home/ethereal/rm_2025/rm_decision_2025_pb/install/pb_rm_interfaces/include/pb_rm_interfaces/pb_rm_interfaces/msg/detail/buff__struct.h
[16.365s] -- Installing: /home/ethereal/rm_2025/rm_decision_2025_pb/install/pb_rm_interfaces/include/pb_rm_interfaces/pb_rm_interfaces/msg/detail/buff__type_support.h
[16.365s] -- Installing: /home/ethereal/rm_2025/rm_decision_2025_pb/install/pb_rm_interfaces/include/pb_rm_interfaces/pb_rm_interfaces/msg/detail/game_status__functions.c
[16.365s] -- Installing: /home/ethereal/rm_2025/rm_decision_2025_pb/install/pb_rm_interfaces/include/pb_rm_interfaces/pb_rm_interfaces/msg/detail/ground_robot_position__functions.c
[16.365s] -- Installing: /home/ethereal/rm_2025/rm_decision_2025_pb/install/pb_rm_interfaces/include/pb_rm_interfaces/pb_rm_interfaces/msg/detail/robot_state_info__type_support.h
[16.365s] -- Installing: /home/ethereal/rm_2025/rm_decision_2025_pb/install/pb_rm_interfaces/include/pb_rm_interfaces/pb_rm_interfaces/msg/detail/gimbal_cmd__type_support.h
[16.365s] -- Installing: /home/ethereal/rm_2025/rm_decision_2025_pb/install/pb_rm_interfaces/include/pb_rm_interfaces/pb_rm_interfaces/msg/detail/gimbal_cmd__functions.h
[16.365s] -- Installing: /home/ethereal/rm_2025/rm_decision_2025_pb/install/pb_rm_interfaces/include/pb_rm_interfaces/pb_rm_interfaces/msg/detail/rfid_status__functions.c
[16.365s] -- Installing: /home/ethereal/rm_2025/rm_decision_2025_pb/install/pb_rm_interfaces/include/pb_rm_interfaces/pb_rm_interfaces/msg/detail/robot_status__struct.h
[16.366s] -- Installing: /home/ethereal/rm_2025/rm_decision_2025_pb/install/pb_rm_interfaces/include/pb_rm_interfaces/pb_rm_interfaces/msg/detail/gimbal_cmd__functions.c
[16.366s] -- Installing: /home/ethereal/rm_2025/rm_decision_2025_pb/install/pb_rm_interfaces/include/pb_rm_interfaces/pb_rm_interfaces/msg/detail/gimbal__type_support.h
[16.366s] -- Installing: /home/ethereal/rm_2025/rm_decision_2025_pb/install/pb_rm_interfaces/include/pb_rm_interfaces/pb_rm_interfaces/msg/detail/event_data__struct.h
[16.366s] -- Installing: /home/ethereal/rm_2025/rm_decision_2025_pb/install/pb_rm_interfaces/include/pb_rm_interfaces/pb_rm_interfaces/msg/detail/event_data__functions.h
[16.366s] -- Installing: /home/ethereal/rm_2025/rm_decision_2025_pb/install/pb_rm_interfaces/include/pb_rm_interfaces/pb_rm_interfaces/msg/detail/game_robot_hp__type_support.h
[16.366s] -- Installing: /home/ethereal/rm_2025/rm_decision_2025_pb/install/pb_rm_interfaces/include/pb_rm_interfaces/pb_rm_interfaces/msg/rfid_status.h
[16.366s] -- Installing: /home/ethereal/rm_2025/rm_decision_2025_pb/install/pb_rm_interfaces/include/pb_rm_interfaces/pb_rm_interfaces/msg/gimbal_cmd.h
[16.366s] -- Installing: /home/ethereal/rm_2025/rm_decision_2025_pb/install/pb_rm_interfaces/include/pb_rm_interfaces/pb_rm_interfaces/msg/robot_status.h
[16.366s] -- Installing: /home/ethereal/rm_2025/rm_decision_2025_pb/install/pb_rm_interfaces/include/pb_rm_interfaces/pb_rm_interfaces/msg/ground_robot_position.h
[16.366s] -- Installing: /home/ethereal/rm_2025/rm_decision_2025_pb/install/pb_rm_interfaces/include/pb_rm_interfaces/pb_rm_interfaces/msg/event_data.h
[16.367s] -- Installing: /home/ethereal/rm_2025/rm_decision_2025_pb/install/pb_rm_interfaces/include/pb_rm_interfaces/pb_rm_interfaces/msg/robot_state_info.h
[16.367s] -- Installing: /home/ethereal/rm_2025/rm_decision_2025_pb/install/pb_rm_interfaces/include/pb_rm_interfaces/pb_rm_interfaces/msg/rosidl_generator_c__visibility_control.h
[16.367s] -- Installing: /home/ethereal/rm_2025/rm_decision_2025_pb/install/pb_rm_interfaces/include/pb_rm_interfaces/pb_rm_interfaces/msg/buff.h
[16.367s] -- Installing: /home/ethereal/rm_2025/rm_decision_2025_pb/install/pb_rm_interfaces/share/pb_rm_interfaces/environment/library_path.sh
[16.367s] -- Installing: /home/ethereal/rm_2025/rm_decision_2025_pb/install/pb_rm_interfaces/share/pb_rm_interfaces/environment/library_path.dsv
[16.367s] -- Installing: /home/ethereal/rm_2025/rm_decision_2025_pb/install/pb_rm_interfaces/lib/libpb_rm_interfaces__rosidl_generator_c.so
[16.367s] -- Set runtime path of "/home/ethereal/rm_2025/rm_decision_2025_pb/install/pb_rm_interfaces/lib/libpb_rm_interfaces__rosidl_generator_c.so" to ""
[16.368s] -- Up-to-date: /home/ethereal/rm_2025/rm_decision_2025_pb/install/pb_rm_interfaces/include/pb_rm_interfaces/pb_rm_interfaces
[16.368s] -- Up-to-date: /home/ethereal/rm_2025/rm_decision_2025_pb/install/pb_rm_interfaces/include/pb_rm_interfaces/pb_rm_interfaces/msg
[16.368s] -- Up-to-date: /home/ethereal/rm_2025/rm_decision_2025_pb/install/pb_rm_interfaces/include/pb_rm_interfaces/pb_rm_interfaces/msg/detail
[16.368s] -- Installing: /home/ethereal/rm_2025/rm_decision_2025_pb/install/pb_rm_interfaces/include/pb_rm_interfaces/pb_rm_interfaces/msg/detail/buff__rosidl_typesupport_fastrtps_c.h
[16.368s] -- Installing: /home/ethereal/rm_2025/rm_decision_2025_pb/install/pb_rm_interfaces/include/pb_rm_interfaces/pb_rm_interfaces/msg/detail/event_data__rosidl_typesupport_fastrtps_c.h
[16.368s] -- Installing: /home/ethereal/rm_2025/rm_decision_2025_pb/install/pb_rm_interfaces/include/pb_rm_interfaces/pb_rm_interfaces/msg/detail/robot_state_info__rosidl_typesupport_fastrtps_c.h
[16.369s] -- Installing: /home/ethereal/rm_2025/rm_decision_2025_pb/install/pb_rm_interfaces/include/pb_rm_interfaces/pb_rm_interfaces/msg/detail/game_status__rosidl_typesupport_fastrtps_c.h
[16.369s] -- Installing: /home/ethereal/rm_2025/rm_decision_2025_pb/install/pb_rm_interfaces/include/pb_rm_interfaces/pb_rm_interfaces/msg/detail/models__rosidl_typesupport_fastrtps_c.h
[16.369s] -- Installing: /home/ethereal/rm_2025/rm_decision_2025_pb/install/pb_rm_interfaces/include/pb_rm_interfaces/pb_rm_interfaces/msg/detail/gimbal__rosidl_typesupport_fastrtps_c.h
[16.369s] -- Installing: /home/ethereal/rm_2025/rm_decision_2025_pb/install/pb_rm_interfaces/include/pb_rm_interfaces/pb_rm_interfaces/msg/detail/ground_robot_position__rosidl_typesupport_fastrtps_c.h
[16.369s] -- Installing: /home/ethereal/rm_2025/rm_decision_2025_pb/install/pb_rm_interfaces/include/pb_rm_interfaces/pb_rm_interfaces/msg/detail/rfid_status__rosidl_typesupport_fastrtps_c.h
[16.369s] -- Installing: /home/ethereal/rm_2025/rm_decision_2025_pb/install/pb_rm_interfaces/include/pb_rm_interfaces/pb_rm_interfaces/msg/detail/robot_status__rosidl_typesupport_fastrtps_c.h
[16.370s] -- Installing: /home/ethereal/rm_2025/rm_decision_2025_pb/install/pb_rm_interfaces/include/pb_rm_interfaces/pb_rm_interfaces/msg/detail/game_robot_hp__rosidl_typesupport_fastrtps_c.h
[16.370s] -- Installing: /home/ethereal/rm_2025/rm_decision_2025_pb/install/pb_rm_interfaces/include/pb_rm_interfaces/pb_rm_interfaces/msg/detail/gimbal_cmd__rosidl_typesupport_fastrtps_c.h
[16.370s] -- Installing: /home/ethereal/rm_2025/rm_decision_2025_pb/install/pb_rm_interfaces/include/pb_rm_interfaces/pb_rm_interfaces/msg/rosidl_typesupport_fastrtps_c__visibility_control.h
[16.370s] -- Installing: /home/ethereal/rm_2025/rm_decision_2025_pb/install/pb_rm_interfaces/lib/libpb_rm_interfaces__rosidl_typesupport_fastrtps_c.so
[16.370s] -- Set runtime path of "/home/ethereal/rm_2025/rm_decision_2025_pb/install/pb_rm_interfaces/lib/libpb_rm_interfaces__rosidl_typesupport_fastrtps_c.so" to ""
[16.370s] -- Up-to-date: /home/ethereal/rm_2025/rm_decision_2025_pb/install/pb_rm_interfaces/include/pb_rm_interfaces/pb_rm_interfaces
[16.370s] -- Up-to-date: /home/ethereal/rm_2025/rm_decision_2025_pb/install/pb_rm_interfaces/include/pb_rm_interfaces/pb_rm_interfaces/msg
[16.370s] -- Up-to-date: /home/ethereal/rm_2025/rm_decision_2025_pb/install/pb_rm_interfaces/include/pb_rm_interfaces/pb_rm_interfaces/msg/detail
[16.371s] -- Installing: /home/ethereal/rm_2025/rm_decision_2025_pb/install/pb_rm_interfaces/include/pb_rm_interfaces/pb_rm_interfaces/msg/detail/game_robot_hp__type_support.c
[16.371s] -- Installing: /home/ethereal/rm_2025/rm_decision_2025_pb/install/pb_rm_interfaces/include/pb_rm_interfaces/pb_rm_interfaces/msg/detail/robot_state_info__rosidl_typesupport_introspection_c.h
[16.371s] -- Installing: /home/ethereal/rm_2025/rm_decision_2025_pb/install/pb_rm_interfaces/include/pb_rm_interfaces/pb_rm_interfaces/msg/detail/event_data__rosidl_typesupport_introspection_c.h
[16.371s] -- Installing: /home/ethereal/rm_2025/rm_decision_2025_pb/install/pb_rm_interfaces/include/pb_rm_interfaces/pb_rm_interfaces/msg/detail/event_data__type_support.c
[16.371s] -- Installing: /home/ethereal/rm_2025/rm_decision_2025_pb/install/pb_rm_interfaces/include/pb_rm_interfaces/pb_rm_interfaces/msg/detail/ground_robot_position__type_support.c
[16.371s] -- Installing: /home/ethereal/rm_2025/rm_decision_2025_pb/install/pb_rm_interfaces/include/pb_rm_interfaces/pb_rm_interfaces/msg/detail/rfid_status__type_support.c
[16.372s] -- Installing: /home/ethereal/rm_2025/rm_decision_2025_pb/install/pb_rm_interfaces/include/pb_rm_interfaces/pb_rm_interfaces/msg/detail/game_robot_hp__rosidl_typesupport_introspection_c.h
[16.372s] -- Installing: /home/ethereal/rm_2025/rm_decision_2025_pb/install/pb_rm_interfaces/include/pb_rm_interfaces/pb_rm_interfaces/msg/detail/buff__rosidl_typesupport_introspection_c.h
[16.372s] -- Installing: /home/ethereal/rm_2025/rm_decision_2025_pb/install/pb_rm_interfaces/include/pb_rm_interfaces/pb_rm_interfaces/msg/detail/ground_robot_position__rosidl_typesupport_introspection_c.h
[16.372s] -- Installing: /home/ethereal/rm_2025/rm_decision_2025_pb/install/pb_rm_interfaces/include/pb_rm_interfaces/pb_rm_interfaces/msg/detail/models__rosidl_typesupport_introspection_c.h
[16.372s] -- Installing: /home/ethereal/rm_2025/rm_decision_2025_pb/install/pb_rm_interfaces/include/pb_rm_interfaces/pb_rm_interfaces/msg/detail/buff__type_support.c
[16.372s] -- Installing: /home/ethereal/rm_2025/rm_decision_2025_pb/install/pb_rm_interfaces/include/pb_rm_interfaces/pb_rm_interfaces/msg/detail/rfid_status__rosidl_typesupport_introspection_c.h
[16.373s] -- Installing: /home/ethereal/rm_2025/rm_decision_2025_pb/install/pb_rm_interfaces/include/pb_rm_interfaces/pb_rm_interfaces/msg/detail/game_status__rosidl_typesupport_introspection_c.h
[16.373s] -- Installing: /home/ethereal/rm_2025/rm_decision_2025_pb/install/pb_rm_interfaces/include/pb_rm_interfaces/pb_rm_interfaces/msg/detail/robot_status__type_support.c
[16.373s] -- Installing: /home/ethereal/rm_2025/rm_decision_2025_pb/install/pb_rm_interfaces/include/pb_rm_interfaces/pb_rm_interfaces/msg/detail/robot_state_info__type_support.c
[16.373s] -- Installing: /home/ethereal/rm_2025/rm_decision_2025_pb/install/pb_rm_interfaces/include/pb_rm_interfaces/pb_rm_interfaces/msg/detail/gimbal__type_support.c
[16.373s] -- Installing: /home/ethereal/rm_2025/rm_decision_2025_pb/install/pb_rm_interfaces/include/pb_rm_interfaces/pb_rm_interfaces/msg/detail/models__type_support.c
[16.373s] -- Installing: /home/ethereal/rm_2025/rm_decision_2025_pb/install/pb_rm_interfaces/include/pb_rm_interfaces/pb_rm_interfaces/msg/detail/gimbal_cmd__type_support.c
[16.373s] -- Installing: /home/ethereal/rm_2025/rm_decision_2025_pb/install/pb_rm_interfaces/include/pb_rm_interfaces/pb_rm_interfaces/msg/detail/gimbal__rosidl_typesupport_introspection_c.h
[16.373s] -- Installing: /home/ethereal/rm_2025/rm_decision_2025_pb/install/pb_rm_interfaces/include/pb_rm_interfaces/pb_rm_interfaces/msg/detail/game_status__type_support.c
[16.373s] -- Installing: /home/ethereal/rm_2025/rm_decision_2025_pb/install/pb_rm_interfaces/include/pb_rm_interfaces/pb_rm_interfaces/msg/detail/robot_status__rosidl_typesupport_introspection_c.h
[16.374s] -- Installing: /home/ethereal/rm_2025/rm_decision_2025_pb/install/pb_rm_interfaces/include/pb_rm_interfaces/pb_rm_interfaces/msg/detail/gimbal_cmd__rosidl_typesupport_introspection_c.h
[16.374s] -- Installing: /home/ethereal/rm_2025/rm_decision_2025_pb/install/pb_rm_interfaces/include/pb_rm_interfaces/pb_rm_interfaces/msg/rosidl_typesupport_introspection_c__visibility_control.h
[16.374s] -- Installing: /home/ethereal/rm_2025/rm_decision_2025_pb/install/pb_rm_interfaces/lib/libpb_rm_interfaces__rosidl_typesupport_introspection_c.so
[16.374s] -- Set runtime path of "/home/ethereal/rm_2025/rm_decision_2025_pb/install/pb_rm_interfaces/lib/libpb_rm_interfaces__rosidl_typesupport_introspection_c.so" to ""
[16.374s] -- Installing: /home/ethereal/rm_2025/rm_decision_2025_pb/install/pb_rm_interfaces/lib/libpb_rm_interfaces__rosidl_typesupport_c.so
[16.374s] -- Set runtime path of "/home/ethereal/rm_2025/rm_decision_2025_pb/install/pb_rm_interfaces/lib/libpb_rm_interfaces__rosidl_typesupport_c.so" to ""
[16.374s] -- Up-to-date: /home/ethereal/rm_2025/rm_decision_2025_pb/install/pb_rm_interfaces/include/pb_rm_interfaces/pb_rm_interfaces
[16.374s] -- Up-to-date: /home/ethereal/rm_2025/rm_decision_2025_pb/install/pb_rm_interfaces/include/pb_rm_interfaces/pb_rm_interfaces/msg
[16.375s] -- Installing: /home/ethereal/rm_2025/rm_decision_2025_pb/install/pb_rm_interfaces/include/pb_rm_interfaces/pb_rm_interfaces/msg/game_robot_hp.hpp
[16.375s] -- Installing: /home/ethereal/rm_2025/rm_decision_2025_pb/install/pb_rm_interfaces/include/pb_rm_interfaces/pb_rm_interfaces/msg/rfid_status.hpp
[16.375s] -- Installing: /home/ethereal/rm_2025/rm_decision_2025_pb/install/pb_rm_interfaces/include/pb_rm_interfaces/pb_rm_interfaces/msg/game_status.hpp
[16.375s] -- Installing: /home/ethereal/rm_2025/rm_decision_2025_pb/install/pb_rm_interfaces/include/pb_rm_interfaces/pb_rm_interfaces/msg/buff.hpp
[16.375s] -- Installing: /home/ethereal/rm_2025/rm_decision_2025_pb/install/pb_rm_interfaces/include/pb_rm_interfaces/pb_rm_interfaces/msg/event_data.hpp
[16.375s] -- Installing: /home/ethereal/rm_2025/rm_decision_2025_pb/install/pb_rm_interfaces/include/pb_rm_interfaces/pb_rm_interfaces/msg/gimbal_cmd.hpp
[16.375s] -- Up-to-date: /home/ethereal/rm_2025/rm_decision_2025_pb/install/pb_rm_interfaces/include/pb_rm_interfaces/pb_rm_interfaces/msg/detail
[16.375s] -- Installing: /home/ethereal/rm_2025/rm_decision_2025_pb/install/pb_rm_interfaces/include/pb_rm_interfaces/pb_rm_interfaces/msg/detail/game_status__traits.hpp
[16.376s] -- Installing: /home/ethereal/rm_2025/rm_decision_2025_pb/install/pb_rm_interfaces/include/pb_rm_interfaces/pb_rm_interfaces/msg/detail/robot_state_info__struct.hpp
[16.376s] -- Installing: /home/ethereal/rm_2025/rm_decision_2025_pb/install/pb_rm_interfaces/include/pb_rm_interfaces/pb_rm_interfaces/msg/detail/ground_robot_position__struct.hpp
[16.376s] -- Installing: /home/ethereal/rm_2025/rm_decision_2025_pb/install/pb_rm_interfaces/include/pb_rm_interfaces/pb_rm_interfaces/msg/detail/event_data__type_support.hpp
[16.376s] -- Installing: /home/ethereal/rm_2025/rm_decision_2025_pb/install/pb_rm_interfaces/include/pb_rm_interfaces/pb_rm_interfaces/msg/detail/rfid_status__builder.hpp
[16.376s] -- Installing: /home/ethereal/rm_2025/rm_decision_2025_pb/install/pb_rm_interfaces/include/pb_rm_interfaces/pb_rm_interfaces/msg/detail/models__builder.hpp
[16.376s] -- Installing: /home/ethereal/rm_2025/rm_decision_2025_pb/install/pb_rm_interfaces/include/pb_rm_interfaces/pb_rm_interfaces/msg/detail/gimbal_cmd__type_support.hpp
[16.376s] -- Installing: /home/ethereal/rm_2025/rm_decision_2025_pb/install/pb_rm_interfaces/include/pb_rm_interfaces/pb_rm_interfaces/msg/detail/robot_state_info__type_support.hpp
[16.376s] -- Installing: /home/ethereal/rm_2025/rm_decision_2025_pb/install/pb_rm_interfaces/include/pb_rm_interfaces/pb_rm_interfaces/msg/detail/robot_status__traits.hpp
[16.376s] -- Installing: /home/ethereal/rm_2025/rm_decision_2025_pb/install/pb_rm_interfaces/include/pb_rm_interfaces/pb_rm_interfaces/msg/detail/game_robot_hp__type_support.hpp
[16.377s] -- Installing: /home/ethereal/rm_2025/rm_decision_2025_pb/install/pb_rm_interfaces/include/pb_rm_interfaces/pb_rm_interfaces/msg/detail/models__struct.hpp
[16.377s] -- Installing: /home/ethereal/rm_2025/rm_decision_2025_pb/install/pb_rm_interfaces/include/pb_rm_interfaces/pb_rm_interfaces/msg/detail/models__type_support.hpp
[16.377s] -- Installing: /home/ethereal/rm_2025/rm_decision_2025_pb/install/pb_rm_interfaces/include/pb_rm_interfaces/pb_rm_interfaces/msg/detail/robot_state_info__traits.hpp
[16.377s] -- Installing: /home/ethereal/rm_2025/rm_decision_2025_pb/install/pb_rm_interfaces/include/pb_rm_interfaces/pb_rm_interfaces/msg/detail/game_robot_hp__builder.hpp
[16.377s] -- Installing: /home/ethereal/rm_2025/rm_decision_2025_pb/install/pb_rm_interfaces/include/pb_rm_interfaces/pb_rm_interfaces/msg/detail/gimbal_cmd__struct.hpp
[16.377s] -- Installing: /home/ethereal/rm_2025/rm_decision_2025_pb/install/pb_rm_interfaces/include/pb_rm_interfaces/pb_rm_interfaces/msg/detail/game_status__builder.hpp
[16.378s] -- Installing: /home/ethereal/rm_2025/rm_decision_2025_pb/install/pb_rm_interfaces/include/pb_rm_interfaces/pb_rm_interfaces/msg/detail/event_data__builder.hpp
[16.378s] -- Installing: /home/ethereal/rm_2025/rm_decision_2025_pb/install/pb_rm_interfaces/include/pb_rm_interfaces/pb_rm_interfaces/msg/detail/buff__builder.hpp
[16.378s] -- Installing: /home/ethereal/rm_2025/rm_decision_2025_pb/install/pb_rm_interfaces/include/pb_rm_interfaces/pb_rm_interfaces/msg/detail/rfid_status__type_support.hpp
[16.378s] -- Installing: /home/ethereal/rm_2025/rm_decision_2025_pb/install/pb_rm_interfaces/include/pb_rm_interfaces/pb_rm_interfaces/msg/detail/game_robot_hp__traits.hpp
[16.378s] -- Installing: /home/ethereal/rm_2025/rm_decision_2025_pb/install/pb_rm_interfaces/include/pb_rm_interfaces/pb_rm_interfaces/msg/detail/buff__type_support.hpp
[16.378s] -- Installing: /home/ethereal/rm_2025/rm_decision_2025_pb/install/pb_rm_interfaces/include/pb_rm_interfaces/pb_rm_interfaces/msg/detail/robot_status__struct.hpp
[16.378s] -- Installing: /home/ethereal/rm_2025/rm_decision_2025_pb/install/pb_rm_interfaces/include/pb_rm_interfaces/pb_rm_interfaces/msg/detail/buff__traits.hpp
[16.378s] -- Installing: /home/ethereal/rm_2025/rm_decision_2025_pb/install/pb_rm_interfaces/include/pb_rm_interfaces/pb_rm_interfaces/msg/detail/rfid_status__struct.hpp
[16.379s] -- Installing: /home/ethereal/rm_2025/rm_decision_2025_pb/install/pb_rm_interfaces/include/pb_rm_interfaces/pb_rm_interfaces/msg/detail/gimbal_cmd__traits.hpp
[16.379s] -- Installing: /home/ethereal/rm_2025/rm_decision_2025_pb/install/pb_rm_interfaces/include/pb_rm_interfaces/pb_rm_interfaces/msg/detail/ground_robot_position__builder.hpp
[16.379s] -- Installing: /home/ethereal/rm_2025/rm_decision_2025_pb/install/pb_rm_interfaces/include/pb_rm_interfaces/pb_rm_interfaces/msg/detail/gimbal__struct.hpp
[16.379s] -- Installing: /home/ethereal/rm_2025/rm_decision_2025_pb/install/pb_rm_interfaces/include/pb_rm_interfaces/pb_rm_interfaces/msg/detail/ground_robot_position__type_support.hpp
[16.379s] -- Installing: /home/ethereal/rm_2025/rm_decision_2025_pb/install/pb_rm_interfaces/include/pb_rm_interfaces/pb_rm_interfaces/msg/detail/event_data__struct.hpp
[16.379s] -- Installing: /home/ethereal/rm_2025/rm_decision_2025_pb/install/pb_rm_interfaces/include/pb_rm_interfaces/pb_rm_interfaces/msg/detail/game_status__struct.hpp
[16.379s] -- Installing: /home/ethereal/rm_2025/rm_decision_2025_pb/install/pb_rm_interfaces/include/pb_rm_interfaces/pb_rm_interfaces/msg/detail/robot_status__builder.hpp
[16.379s] -- Installing: /home/ethereal/rm_2025/rm_decision_2025_pb/install/pb_rm_interfaces/include/pb_rm_interfaces/pb_rm_interfaces/msg/detail/ground_robot_position__traits.hpp
[16.379s] -- Installing: /home/ethereal/rm_2025/rm_decision_2025_pb/install/pb_rm_interfaces/include/pb_rm_interfaces/pb_rm_interfaces/msg/detail/gimbal__type_support.hpp
[16.379s] -- Installing: /home/ethereal/rm_2025/rm_decision_2025_pb/install/pb_rm_interfaces/include/pb_rm_interfaces/pb_rm_interfaces/msg/detail/gimbal__builder.hpp
[16.379s] -- Installing: /home/ethereal/rm_2025/rm_decision_2025_pb/install/pb_rm_interfaces/include/pb_rm_interfaces/pb_rm_interfaces/msg/detail/buff__struct.hpp
[16.380s] -- Installing: /home/ethereal/rm_2025/rm_decision_2025_pb/install/pb_rm_interfaces/include/pb_rm_interfaces/pb_rm_interfaces/msg/detail/gimbal_cmd__builder.hpp
[16.380s] -- Installing: /home/ethereal/rm_2025/rm_decision_2025_pb/install/pb_rm_interfaces/include/pb_rm_interfaces/pb_rm_interfaces/msg/detail/gimbal__traits.hpp
[16.380s] -- Installing: /home/ethereal/rm_2025/rm_decision_2025_pb/install/pb_rm_interfaces/include/pb_rm_interfaces/pb_rm_interfaces/msg/detail/game_robot_hp__struct.hpp
[16.380s] -- Installing: /home/ethereal/rm_2025/rm_decision_2025_pb/install/pb_rm_interfaces/include/pb_rm_interfaces/pb_rm_interfaces/msg/detail/robot_status__type_support.hpp
[16.380s] -- Installing: /home/ethereal/rm_2025/rm_decision_2025_pb/install/pb_rm_interfaces/include/pb_rm_interfaces/pb_rm_interfaces/msg/detail/rfid_status__traits.hpp
[16.380s] -- Installing: /home/ethereal/rm_2025/rm_decision_2025_pb/install/pb_rm_interfaces/include/pb_rm_interfaces/pb_rm_interfaces/msg/detail/event_data__traits.hpp
[16.381s] -- Installing: /home/ethereal/rm_2025/rm_decision_2025_pb/install/pb_rm_interfaces/include/pb_rm_interfaces/pb_rm_interfaces/msg/detail/models__traits.hpp
[16.381s] -- Installing: /home/ethereal/rm_2025/rm_decision_2025_pb/install/pb_rm_interfaces/include/pb_rm_interfaces/pb_rm_interfaces/msg/detail/game_status__type_support.hpp
[16.381s] -- Installing: /home/ethereal/rm_2025/rm_decision_2025_pb/install/pb_rm_interfaces/include/pb_rm_interfaces/pb_rm_interfaces/msg/detail/robot_state_info__builder.hpp
[16.381s] -- Installing: /home/ethereal/rm_2025/rm_decision_2025_pb/install/pb_rm_interfaces/include/pb_rm_interfaces/pb_rm_interfaces/msg/models.hpp
[16.381s] -- Installing: /home/ethereal/rm_2025/rm_decision_2025_pb/install/pb_rm_interfaces/include/pb_rm_interfaces/pb_rm_interfaces/msg/robot_state_info.hpp
[16.382s] -- Installing: /home/ethereal/rm_2025/rm_decision_2025_pb/install/pb_rm_interfaces/include/pb_rm_interfaces/pb_rm_interfaces/msg/ground_robot_position.hpp
[16.382s] -- Installing: /home/ethereal/rm_2025/rm_decision_2025_pb/install/pb_rm_interfaces/include/pb_rm_interfaces/pb_rm_interfaces/msg/rosidl_generator_cpp__visibility_control.hpp
[16.382s] -- Installing: /home/ethereal/rm_2025/rm_decision_2025_pb/install/pb_rm_interfaces/include/pb_rm_interfaces/pb_rm_interfaces/msg/robot_status.hpp
[16.382s] -- Installing: /home/ethereal/rm_2025/rm_decision_2025_pb/install/pb_rm_interfaces/include/pb_rm_interfaces/pb_rm_interfaces/msg/gimbal.hpp
[16.382s] -- Up-to-date: /home/ethereal/rm_2025/rm_decision_2025_pb/install/pb_rm_interfaces/include/pb_rm_interfaces/pb_rm_interfaces
[16.382s] -- Up-to-date: /home/ethereal/rm_2025/rm_decision_2025_pb/install/pb_rm_interfaces/include/pb_rm_interfaces/pb_rm_interfaces/msg
[16.382s] -- Up-to-date: /home/ethereal/rm_2025/rm_decision_2025_pb/install/pb_rm_interfaces/include/pb_rm_interfaces/pb_rm_interfaces/msg/detail
[16.382s] -- Installing: /home/ethereal/rm_2025/rm_decision_2025_pb/install/pb_rm_interfaces/include/pb_rm_interfaces/pb_rm_interfaces/msg/detail/buff__rosidl_typesupport_fastrtps_cpp.hpp
[16.383s] -- Installing: /home/ethereal/rm_2025/rm_decision_2025_pb/install/pb_rm_interfaces/include/pb_rm_interfaces/pb_rm_interfaces/msg/detail/game_status__rosidl_typesupport_fastrtps_cpp.hpp
[16.383s] -- Installing: /home/ethereal/rm_2025/rm_decision_2025_pb/install/pb_rm_interfaces/include/pb_rm_interfaces/pb_rm_interfaces/msg/detail/models__rosidl_typesupport_fastrtps_cpp.hpp
[16.383s] -- Installing: /home/ethereal/rm_2025/rm_decision_2025_pb/install/pb_rm_interfaces/include/pb_rm_interfaces/pb_rm_interfaces/msg/detail/robot_state_info__rosidl_typesupport_fastrtps_cpp.hpp
[16.383s] -- Installing: /home/ethereal/rm_2025/rm_decision_2025_pb/install/pb_rm_interfaces/include/pb_rm_interfaces/pb_rm_interfaces/msg/detail/rfid_status__rosidl_typesupport_fastrtps_cpp.hpp
[16.383s] -- Installing: /home/ethereal/rm_2025/rm_decision_2025_pb/install/pb_rm_interfaces/include/pb_rm_interfaces/pb_rm_interfaces/msg/detail/robot_status__rosidl_typesupport_fastrtps_cpp.hpp
[16.383s] -- Installing: /home/ethereal/rm_2025/rm_decision_2025_pb/install/pb_rm_interfaces/include/pb_rm_interfaces/pb_rm_interfaces/msg/detail/ground_robot_position__rosidl_typesupport_fastrtps_cpp.hpp
[16.383s] -- Installing: /home/ethereal/rm_2025/rm_decision_2025_pb/install/pb_rm_interfaces/include/pb_rm_interfaces/pb_rm_interfaces/msg/detail/dds_fastrtps
[16.383s] -- Installing: /home/ethereal/rm_2025/rm_decision_2025_pb/install/pb_rm_interfaces/include/pb_rm_interfaces/pb_rm_interfaces/msg/detail/gimbal_cmd__rosidl_typesupport_fastrtps_cpp.hpp
[16.384s] -- Installing: /home/ethereal/rm_2025/rm_decision_2025_pb/install/pb_rm_interfaces/include/pb_rm_interfaces/pb_rm_interfaces/msg/detail/gimbal__rosidl_typesupport_fastrtps_cpp.hpp
[16.384s] -- Installing: /home/ethereal/rm_2025/rm_decision_2025_pb/install/pb_rm_interfaces/include/pb_rm_interfaces/pb_rm_interfaces/msg/detail/game_robot_hp__rosidl_typesupport_fastrtps_cpp.hpp
[16.384s] -- Installing: /home/ethereal/rm_2025/rm_decision_2025_pb/install/pb_rm_interfaces/include/pb_rm_interfaces/pb_rm_interfaces/msg/detail/event_data__rosidl_typesupport_fastrtps_cpp.hpp
[16.384s] -- Installing: /home/ethereal/rm_2025/rm_decision_2025_pb/install/pb_rm_interfaces/include/pb_rm_interfaces/pb_rm_interfaces/msg/rosidl_typesupport_fastrtps_cpp__visibility_control.h
[16.384s] -- Installing: /home/ethereal/rm_2025/rm_decision_2025_pb/install/pb_rm_interfaces/lib/libpb_rm_interfaces__rosidl_typesupport_fastrtps_cpp.so
[16.384s] -- Set runtime path of "/home/ethereal/rm_2025/rm_decision_2025_pb/install/pb_rm_interfaces/lib/libpb_rm_interfaces__rosidl_typesupport_fastrtps_cpp.so" to ""
[16.384s] -- Up-to-date: /home/ethereal/rm_2025/rm_decision_2025_pb/install/pb_rm_interfaces/include/pb_rm_interfaces/pb_rm_interfaces
[16.384s] -- Up-to-date: /home/ethereal/rm_2025/rm_decision_2025_pb/install/pb_rm_interfaces/include/pb_rm_interfaces/pb_rm_interfaces/msg
[16.384s] -- Up-to-date: /home/ethereal/rm_2025/rm_decision_2025_pb/install/pb_rm_interfaces/include/pb_rm_interfaces/pb_rm_interfaces/msg/detail
[16.385s] -- Installing: /home/ethereal/rm_2025/rm_decision_2025_pb/install/pb_rm_interfaces/include/pb_rm_interfaces/pb_rm_interfaces/msg/detail/game_status__rosidl_typesupport_introspection_cpp.hpp
[16.385s] -- Installing: /home/ethereal/rm_2025/rm_decision_2025_pb/install/pb_rm_interfaces/include/pb_rm_interfaces/pb_rm_interfaces/msg/detail/gimbal__type_support.cpp
[16.385s] -- Installing: /home/ethereal/rm_2025/rm_decision_2025_pb/install/pb_rm_interfaces/include/pb_rm_interfaces/pb_rm_interfaces/msg/detail/rfid_status__type_support.cpp
[16.385s] -- Installing: /home/ethereal/rm_2025/rm_decision_2025_pb/install/pb_rm_interfaces/include/pb_rm_interfaces/pb_rm_interfaces/msg/detail/ground_robot_position__type_support.cpp
[16.385s] -- Installing: /home/ethereal/rm_2025/rm_decision_2025_pb/install/pb_rm_interfaces/include/pb_rm_interfaces/pb_rm_interfaces/msg/detail/game_status__type_support.cpp
[16.385s] -- Installing: /home/ethereal/rm_2025/rm_decision_2025_pb/install/pb_rm_interfaces/include/pb_rm_interfaces/pb_rm_interfaces/msg/detail/event_data__rosidl_typesupport_introspection_cpp.hpp
[16.385s] -- Installing: /home/ethereal/rm_2025/rm_decision_2025_pb/install/pb_rm_interfaces/include/pb_rm_interfaces/pb_rm_interfaces/msg/detail/robot_status__rosidl_typesupport_introspection_cpp.hpp
[16.385s] -- Installing: /home/ethereal/rm_2025/rm_decision_2025_pb/install/pb_rm_interfaces/include/pb_rm_interfaces/pb_rm_interfaces/msg/detail/buff__rosidl_typesupport_introspection_cpp.hpp
[16.386s] -- Installing: /home/ethereal/rm_2025/rm_decision_2025_pb/install/pb_rm_interfaces/include/pb_rm_interfaces/pb_rm_interfaces/msg/detail/gimbal_cmd__type_support.cpp
[16.386s] -- Installing: /home/ethereal/rm_2025/rm_decision_2025_pb/install/pb_rm_interfaces/include/pb_rm_interfaces/pb_rm_interfaces/msg/detail/rfid_status__rosidl_typesupport_introspection_cpp.hpp
[16.386s] -- Installing: /home/ethereal/rm_2025/rm_decision_2025_pb/install/pb_rm_interfaces/include/pb_rm_interfaces/pb_rm_interfaces/msg/detail/buff__type_support.cpp
[16.386s] -- Installing: /home/ethereal/rm_2025/rm_decision_2025_pb/install/pb_rm_interfaces/include/pb_rm_interfaces/pb_rm_interfaces/msg/detail/robot_state_info__type_support.cpp
[16.386s] -- Installing: /home/ethereal/rm_2025/rm_decision_2025_pb/install/pb_rm_interfaces/include/pb_rm_interfaces/pb_rm_interfaces/msg/detail/event_data__type_support.cpp
[16.386s] -- Installing: /home/ethereal/rm_2025/rm_decision_2025_pb/install/pb_rm_interfaces/include/pb_rm_interfaces/pb_rm_interfaces/msg/detail/models__rosidl_typesupport_introspection_cpp.hpp
[16.386s] -- Installing: /home/ethereal/rm_2025/rm_decision_2025_pb/install/pb_rm_interfaces/include/pb_rm_interfaces/pb_rm_interfaces/msg/detail/gimbal__rosidl_typesupport_introspection_cpp.hpp
[16.386s] -- Installing: /home/ethereal/rm_2025/rm_decision_2025_pb/install/pb_rm_interfaces/include/pb_rm_interfaces/pb_rm_interfaces/msg/detail/robot_status__type_support.cpp
[16.386s] -- Installing: /home/ethereal/rm_2025/rm_decision_2025_pb/install/pb_rm_interfaces/include/pb_rm_interfaces/pb_rm_interfaces/msg/detail/models__type_support.cpp
[16.386s] -- Installing: /home/ethereal/rm_2025/rm_decision_2025_pb/install/pb_rm_interfaces/include/pb_rm_interfaces/pb_rm_interfaces/msg/detail/gimbal_cmd__rosidl_typesupport_introspection_cpp.hpp
[16.386s] -- Installing: /home/ethereal/rm_2025/rm_decision_2025_pb/install/pb_rm_interfaces/include/pb_rm_interfaces/pb_rm_interfaces/msg/detail/game_robot_hp__rosidl_typesupport_introspection_cpp.hpp
[16.386s] -- Installing: /home/ethereal/rm_2025/rm_decision_2025_pb/install/pb_rm_interfaces/include/pb_rm_interfaces/pb_rm_interfaces/msg/detail/robot_state_info__rosidl_typesupport_introspection_cpp.hpp
[16.387s] -- Installing: /home/ethereal/rm_2025/rm_decision_2025_pb/install/pb_rm_interfaces/include/pb_rm_interfaces/pb_rm_interfaces/msg/detail/game_robot_hp__type_support.cpp
[16.387s] -- Installing: /home/ethereal/rm_2025/rm_decision_2025_pb/install/pb_rm_interfaces/include/pb_rm_interfaces/pb_rm_interfaces/msg/detail/ground_robot_position__rosidl_typesupport_introspection_cpp.hpp
[16.387s] -- Installing: /home/ethereal/rm_2025/rm_decision_2025_pb/install/pb_rm_interfaces/lib/libpb_rm_interfaces__rosidl_typesupport_introspection_cpp.so
[16.387s] -- Set runtime path of "/home/ethereal/rm_2025/rm_decision_2025_pb/install/pb_rm_interfaces/lib/libpb_rm_interfaces__rosidl_typesupport_introspection_cpp.so" to ""
[16.387s] -- Installing: /home/ethereal/rm_2025/rm_decision_2025_pb/install/pb_rm_interfaces/lib/libpb_rm_interfaces__rosidl_typesupport_cpp.so
[16.387s] -- Set runtime path of "/home/ethereal/rm_2025/rm_decision_2025_pb/install/pb_rm_interfaces/lib/libpb_rm_interfaces__rosidl_typesupport_cpp.so" to ""
[16.387s] -- Installing: /home/ethereal/rm_2025/rm_decision_2025_pb/install/pb_rm_interfaces/share/pb_rm_interfaces/environment/pythonpath.sh
[16.387s] -- Installing: /home/ethereal/rm_2025/rm_decision_2025_pb/install/pb_rm_interfaces/share/pb_rm_interfaces/environment/pythonpath.dsv
[16.387s] -- Installing: /home/ethereal/rm_2025/rm_decision_2025_pb/install/pb_rm_interfaces/local/lib/python3.10/dist-packages/pb_rm_interfaces-1.0.0-py3.10.egg-info
[16.387s] -- Installing: /home/ethereal/rm_2025/rm_decision_2025_pb/install/pb_rm_interfaces/local/lib/python3.10/dist-packages/pb_rm_interfaces-1.0.0-py3.10.egg-info/SOURCES.txt
[16.387s] -- Installing: /home/ethereal/rm_2025/rm_decision_2025_pb/install/pb_rm_interfaces/local/lib/python3.10/dist-packages/pb_rm_interfaces-1.0.0-py3.10.egg-info/top_level.txt
[16.388s] -- Installing: /home/ethereal/rm_2025/rm_decision_2025_pb/install/pb_rm_interfaces/local/lib/python3.10/dist-packages/pb_rm_interfaces-1.0.0-py3.10.egg-info/dependency_links.txt
[16.388s] -- Installing: /home/ethereal/rm_2025/rm_decision_2025_pb/install/pb_rm_interfaces/local/lib/python3.10/dist-packages/pb_rm_interfaces-1.0.0-py3.10.egg-info/PKG-INFO
[16.388s] -- Installing: /home/ethereal/rm_2025/rm_decision_2025_pb/install/pb_rm_interfaces/local/lib/python3.10/dist-packages/pb_rm_interfaces
[16.388s] -- Installing: /home/ethereal/rm_2025/rm_decision_2025_pb/install/pb_rm_interfaces/local/lib/python3.10/dist-packages/pb_rm_interfaces/_pb_rm_interfaces_s.ep.rosidl_typesupport_introspection_c.c
[16.388s] -- Installing: /home/ethereal/rm_2025/rm_decision_2025_pb/install/pb_rm_interfaces/local/lib/python3.10/dist-packages/pb_rm_interfaces/msg
[16.388s] -- Installing: /home/ethereal/rm_2025/rm_decision_2025_pb/install/pb_rm_interfaces/local/lib/python3.10/dist-packages/pb_rm_interfaces/msg/_gimbal.py
[16.389s] -- Installing: /home/ethereal/rm_2025/rm_decision_2025_pb/install/pb_rm_interfaces/local/lib/python3.10/dist-packages/pb_rm_interfaces/msg/_game_status_s.c
[16.389s] -- Installing: /home/ethereal/rm_2025/rm_decision_2025_pb/install/pb_rm_interfaces/local/lib/python3.10/dist-packages/pb_rm_interfaces/msg/_rfid_status_s.c
[16.389s] -- Installing: /home/ethereal/rm_2025/rm_decision_2025_pb/install/pb_rm_interfaces/local/lib/python3.10/dist-packages/pb_rm_interfaces/msg/_rfid_status.py
[16.389s] -- Installing: /home/ethereal/rm_2025/rm_decision_2025_pb/install/pb_rm_interfaces/local/lib/python3.10/dist-packages/pb_rm_interfaces/msg/_game_robot_hp.py
[16.389s] -- Installing: /home/ethereal/rm_2025/rm_decision_2025_pb/install/pb_rm_interfaces/local/lib/python3.10/dist-packages/pb_rm_interfaces/msg/_event_data_s.c
[16.389s] -- Installing: /home/ethereal/rm_2025/rm_decision_2025_pb/install/pb_rm_interfaces/local/lib/python3.10/dist-packages/pb_rm_interfaces/msg/_robot_status.py
[16.389s] -- Installing: /home/ethereal/rm_2025/rm_decision_2025_pb/install/pb_rm_interfaces/local/lib/python3.10/dist-packages/pb_rm_interfaces/msg/_models_s.c
[16.389s] -- Installing: /home/ethereal/rm_2025/rm_decision_2025_pb/install/pb_rm_interfaces/local/lib/python3.10/dist-packages/pb_rm_interfaces/msg/_models.py
[16.390s] -- Installing: /home/ethereal/rm_2025/rm_decision_2025_pb/install/pb_rm_interfaces/local/lib/python3.10/dist-packages/pb_rm_interfaces/msg/_gimbal_s.c
[16.390s] -- Installing: /home/ethereal/rm_2025/rm_decision_2025_pb/install/pb_rm_interfaces/local/lib/python3.10/dist-packages/pb_rm_interfaces/msg/_buff_s.c
[16.390s] -- Installing: /home/ethereal/rm_2025/rm_decision_2025_pb/install/pb_rm_interfaces/local/lib/python3.10/dist-packages/pb_rm_interfaces/msg/_game_status.py
[16.390s] -- Installing: /home/ethereal/rm_2025/rm_decision_2025_pb/install/pb_rm_interfaces/local/lib/python3.10/dist-packages/pb_rm_interfaces/msg/_buff.py
[16.390s] -- Installing: /home/ethereal/rm_2025/rm_decision_2025_pb/install/pb_rm_interfaces/local/lib/python3.10/dist-packages/pb_rm_interfaces/msg/_gimbal_cmd.py
[16.390s] -- Installing: /home/ethereal/rm_2025/rm_decision_2025_pb/install/pb_rm_interfaces/local/lib/python3.10/dist-packages/pb_rm_interfaces/msg/_ground_robot_position_s.c
[16.390s] -- Installing: /home/ethereal/rm_2025/rm_decision_2025_pb/install/pb_rm_interfaces/local/lib/python3.10/dist-packages/pb_rm_interfaces/msg/_robot_status_s.c
[16.390s] -- Installing: /home/ethereal/rm_2025/rm_decision_2025_pb/install/pb_rm_interfaces/local/lib/python3.10/dist-packages/pb_rm_interfaces/msg/_robot_state_info.py
[16.390s] -- Installing: /home/ethereal/rm_2025/rm_decision_2025_pb/install/pb_rm_interfaces/local/lib/python3.10/dist-packages/pb_rm_interfaces/msg/_game_robot_hp_s.c
[16.390s] -- Installing: /home/ethereal/rm_2025/rm_decision_2025_pb/install/pb_rm_interfaces/local/lib/python3.10/dist-packages/pb_rm_interfaces/msg/_event_data.py
[16.390s] -- Installing: /home/ethereal/rm_2025/rm_decision_2025_pb/install/pb_rm_interfaces/local/lib/python3.10/dist-packages/pb_rm_interfaces/msg/_robot_state_info_s.c
[16.390s] -- Installing: /home/ethereal/rm_2025/rm_decision_2025_pb/install/pb_rm_interfaces/local/lib/python3.10/dist-packages/pb_rm_interfaces/msg/_gimbal_cmd_s.c
[16.390s] -- Installing: /home/ethereal/rm_2025/rm_decision_2025_pb/install/pb_rm_interfaces/local/lib/python3.10/dist-packages/pb_rm_interfaces/msg/_ground_robot_position.py
[16.390s] -- Installing: /home/ethereal/rm_2025/rm_decision_2025_pb/install/pb_rm_interfaces/local/lib/python3.10/dist-packages/pb_rm_interfaces/msg/__init__.py
[16.390s] -- Installing: /home/ethereal/rm_2025/rm_decision_2025_pb/install/pb_rm_interfaces/local/lib/python3.10/dist-packages/pb_rm_interfaces/_pb_rm_interfaces_s.ep.rosidl_typesupport_fastrtps_c.c
[16.390s] -- Installing: /home/ethereal/rm_2025/rm_decision_2025_pb/install/pb_rm_interfaces/local/lib/python3.10/dist-packages/pb_rm_interfaces/pb_rm_interfaces_s__rosidl_typesupport_introspection_c.cpython-310-x86_64-linux-gnu.so
[16.390s] -- Installing: /home/ethereal/rm_2025/rm_decision_2025_pb/install/pb_rm_interfaces/local/lib/python3.10/dist-packages/pb_rm_interfaces/pb_rm_interfaces_s__rosidl_typesupport_fastrtps_c.cpython-310-x86_64-linux-gnu.so
[16.390s] -- Installing: /home/ethereal/rm_2025/rm_decision_2025_pb/install/pb_rm_interfaces/local/lib/python3.10/dist-packages/pb_rm_interfaces/pb_rm_interfaces_s__rosidl_typesupport_c.cpython-310-x86_64-linux-gnu.so
[16.390s] -- Installing: /home/ethereal/rm_2025/rm_decision_2025_pb/install/pb_rm_interfaces/local/lib/python3.10/dist-packages/pb_rm_interfaces/_pb_rm_interfaces_s.ep.rosidl_typesupport_c.c
[16.391s] -- Installing: /home/ethereal/rm_2025/rm_decision_2025_pb/install/pb_rm_interfaces/local/lib/python3.10/dist-packages/pb_rm_interfaces/libpb_rm_interfaces__rosidl_generator_py.so
[16.391s] -- Installing: /home/ethereal/rm_2025/rm_decision_2025_pb/install/pb_rm_interfaces/local/lib/python3.10/dist-packages/pb_rm_interfaces/__init__.py
[16.429s] Listing '/home/ethereal/rm_2025/rm_decision_2025_pb/install/pb_rm_interfaces/local/lib/python3.10/dist-packages/pb_rm_interfaces'...
[16.429s] Compiling '/home/ethereal/rm_2025/rm_decision_2025_pb/install/pb_rm_interfaces/local/lib/python3.10/dist-packages/pb_rm_interfaces/__init__.py'...
[16.429s] Listing '/home/ethereal/rm_2025/rm_decision_2025_pb/install/pb_rm_interfaces/local/lib/python3.10/dist-packages/pb_rm_interfaces/msg'...
[16.429s] Compiling '/home/ethereal/rm_2025/rm_decision_2025_pb/install/pb_rm_interfaces/local/lib/python3.10/dist-packages/pb_rm_interfaces/msg/__init__.py'...
[16.429s] Compiling '/home/ethereal/rm_2025/rm_decision_2025_pb/install/pb_rm_interfaces/local/lib/python3.10/dist-packages/pb_rm_interfaces/msg/_buff.py'...
[16.429s] Compiling '/home/ethereal/rm_2025/rm_decision_2025_pb/install/pb_rm_interfaces/local/lib/python3.10/dist-packages/pb_rm_interfaces/msg/_event_data.py'...
[16.429s] Compiling '/home/ethereal/rm_2025/rm_decision_2025_pb/install/pb_rm_interfaces/local/lib/python3.10/dist-packages/pb_rm_interfaces/msg/_game_robot_hp.py'...
[16.429s] Compiling '/home/ethereal/rm_2025/rm_decision_2025_pb/install/pb_rm_interfaces/local/lib/python3.10/dist-packages/pb_rm_interfaces/msg/_game_status.py'...
[16.429s] Compiling '/home/ethereal/rm_2025/rm_decision_2025_pb/install/pb_rm_interfaces/local/lib/python3.10/dist-packages/pb_rm_interfaces/msg/_gimbal.py'...
[16.429s] Compiling '/home/ethereal/rm_2025/rm_decision_2025_pb/install/pb_rm_interfaces/local/lib/python3.10/dist-packages/pb_rm_interfaces/msg/_gimbal_cmd.py'...
[16.429s] Compiling '/home/ethereal/rm_2025/rm_decision_2025_pb/install/pb_rm_interfaces/local/lib/python3.10/dist-packages/pb_rm_interfaces/msg/_ground_robot_position.py'...
[16.429s] Compiling '/home/ethereal/rm_2025/rm_decision_2025_pb/install/pb_rm_interfaces/local/lib/python3.10/dist-packages/pb_rm_interfaces/msg/_models.py'...
[16.429s] Compiling '/home/ethereal/rm_2025/rm_decision_2025_pb/install/pb_rm_interfaces/local/lib/python3.10/dist-packages/pb_rm_interfaces/msg/_rfid_status.py'...
[16.429s] Compiling '/home/ethereal/rm_2025/rm_decision_2025_pb/install/pb_rm_interfaces/local/lib/python3.10/dist-packages/pb_rm_interfaces/msg/_robot_state_info.py'...
[16.429s] Compiling '/home/ethereal/rm_2025/rm_decision_2025_pb/install/pb_rm_interfaces/local/lib/python3.10/dist-packages/pb_rm_interfaces/msg/_robot_status.py'...
[16.434s] -- Installing: /home/ethereal/rm_2025/rm_decision_2025_pb/install/pb_rm_interfaces/local/lib/python3.10/dist-packages/pb_rm_interfaces/pb_rm_interfaces_s__rosidl_typesupport_fastrtps_c.cpython-310-x86_64-linux-gnu.so
[16.434s] -- Set runtime path of "/home/ethereal/rm_2025/rm_decision_2025_pb/install/pb_rm_interfaces/local/lib/python3.10/dist-packages/pb_rm_interfaces/pb_rm_interfaces_s__rosidl_typesupport_fastrtps_c.cpython-310-x86_64-linux-gnu.so" to ""
[16.434s] -- Installing: /home/ethereal/rm_2025/rm_decision_2025_pb/install/pb_rm_interfaces/local/lib/python3.10/dist-packages/pb_rm_interfaces/pb_rm_interfaces_s__rosidl_typesupport_introspection_c.cpython-310-x86_64-linux-gnu.so
[16.435s] -- Set runtime path of "/home/ethereal/rm_2025/rm_decision_2025_pb/install/pb_rm_interfaces/local/lib/python3.10/dist-packages/pb_rm_interfaces/pb_rm_interfaces_s__rosidl_typesupport_introspection_c.cpython-310-x86_64-linux-gnu.so" to ""
[16.435s] -- Installing: /home/ethereal/rm_2025/rm_decision_2025_pb/install/pb_rm_interfaces/local/lib/python3.10/dist-packages/pb_rm_interfaces/pb_rm_interfaces_s__rosidl_typesupport_c.cpython-310-x86_64-linux-gnu.so
[16.435s] -- Set runtime path of "/home/ethereal/rm_2025/rm_decision_2025_pb/install/pb_rm_interfaces/local/lib/python3.10/dist-packages/pb_rm_interfaces/pb_rm_interfaces_s__rosidl_typesupport_c.cpython-310-x86_64-linux-gnu.so" to ""
[16.435s] -- Installing: /home/ethereal/rm_2025/rm_decision_2025_pb/install/pb_rm_interfaces/lib/libpb_rm_interfaces__rosidl_generator_py.so
[16.435s] -- Set runtime path of "/home/ethereal/rm_2025/rm_decision_2025_pb/install/pb_rm_interfaces/lib/libpb_rm_interfaces__rosidl_generator_py.so" to ""
[16.435s] -- Installing: /home/ethereal/rm_2025/rm_decision_2025_pb/install/pb_rm_interfaces/share/pb_rm_interfaces/msg/Buff.idl
[16.436s] -- Installing: /home/ethereal/rm_2025/rm_decision_2025_pb/install/pb_rm_interfaces/share/pb_rm_interfaces/msg/EventData.idl
[16.436s] -- Installing: /home/ethereal/rm_2025/rm_decision_2025_pb/install/pb_rm_interfaces/share/pb_rm_interfaces/msg/GameRobotHP.idl
[16.436s] -- Installing: /home/ethereal/rm_2025/rm_decision_2025_pb/install/pb_rm_interfaces/share/pb_rm_interfaces/msg/GameStatus.idl
[16.436s] -- Installing: /home/ethereal/rm_2025/rm_decision_2025_pb/install/pb_rm_interfaces/share/pb_rm_interfaces/msg/GroundRobotPosition.idl
[16.436s] -- Installing: /home/ethereal/rm_2025/rm_decision_2025_pb/install/pb_rm_interfaces/share/pb_rm_interfaces/msg/RfidStatus.idl
[16.436s] -- Installing: /home/ethereal/rm_2025/rm_decision_2025_pb/install/pb_rm_interfaces/share/pb_rm_interfaces/msg/RobotStatus.idl
[16.436s] -- Installing: /home/ethereal/rm_2025/rm_decision_2025_pb/install/pb_rm_interfaces/share/pb_rm_interfaces/msg/Gimbal.idl
[16.436s] -- Installing: /home/ethereal/rm_2025/rm_decision_2025_pb/install/pb_rm_interfaces/share/pb_rm_interfaces/msg/GimbalCmd.idl
[16.436s] -- Installing: /home/ethereal/rm_2025/rm_decision_2025_pb/install/pb_rm_interfaces/share/pb_rm_interfaces/msg/Models.idl
[16.437s] -- Installing: /home/ethereal/rm_2025/rm_decision_2025_pb/install/pb_rm_interfaces/share/pb_rm_interfaces/msg/RobotStateInfo.idl
[16.437s] -- Installing: /home/ethereal/rm_2025/rm_decision_2025_pb/install/pb_rm_interfaces/share/pb_rm_interfaces/referee/Buff.msg
[16.437s] -- Installing: /home/ethereal/rm_2025/rm_decision_2025_pb/install/pb_rm_interfaces/share/pb_rm_interfaces/referee/EventData.msg
[16.437s] -- Installing: /home/ethereal/rm_2025/rm_decision_2025_pb/install/pb_rm_interfaces/share/pb_rm_interfaces/referee/GameRobotHP.msg
[16.437s] -- Installing: /home/ethereal/rm_2025/rm_decision_2025_pb/install/pb_rm_interfaces/share/pb_rm_interfaces/referee/GameStatus.msg
[16.437s] -- Installing: /home/ethereal/rm_2025/rm_decision_2025_pb/install/pb_rm_interfaces/share/pb_rm_interfaces/referee/GroundRobotPosition.msg
[16.437s] -- Installing: /home/ethereal/rm_2025/rm_decision_2025_pb/install/pb_rm_interfaces/share/pb_rm_interfaces/referee/RfidStatus.msg
[16.437s] -- Installing: /home/ethereal/rm_2025/rm_decision_2025_pb/install/pb_rm_interfaces/share/pb_rm_interfaces/referee/RobotStatus.msg
[16.437s] -- Installing: /home/ethereal/rm_2025/rm_decision_2025_pb/install/pb_rm_interfaces/share/pb_rm_interfaces/msg/Gimbal.msg
[16.438s] -- Installing: /home/ethereal/rm_2025/rm_decision_2025_pb/install/pb_rm_interfaces/share/pb_rm_interfaces/msg/GimbalCmd.msg
[16.438s] -- Installing: /home/ethereal/rm_2025/rm_decision_2025_pb/install/pb_rm_interfaces/share/pb_rm_interfaces/msg/Models.msg
[16.438s] -- Installing: /home/ethereal/rm_2025/rm_decision_2025_pb/install/pb_rm_interfaces/share/pb_rm_interfaces/msg/RobotStateInfo.msg
[16.438s] -- Installing: /home/ethereal/rm_2025/rm_decision_2025_pb/install/pb_rm_interfaces/share/ament_index/resource_index/package_run_dependencies/pb_rm_interfaces
[16.439s] -- Installing: /home/ethereal/rm_2025/rm_decision_2025_pb/install/pb_rm_interfaces/share/ament_index/resource_index/parent_prefix_path/pb_rm_interfaces
[16.439s] -- Installing: /home/ethereal/rm_2025/rm_decision_2025_pb/install/pb_rm_interfaces/share/pb_rm_interfaces/environment/ament_prefix_path.sh
[16.439s] -- Installing: /home/ethereal/rm_2025/rm_decision_2025_pb/install/pb_rm_interfaces/share/pb_rm_interfaces/environment/ament_prefix_path.dsv
[16.439s] -- Installing: /home/ethereal/rm_2025/rm_decision_2025_pb/install/pb_rm_interfaces/share/pb_rm_interfaces/environment/path.sh
[16.440s] -- Installing: /home/ethereal/rm_2025/rm_decision_2025_pb/install/pb_rm_interfaces/share/pb_rm_interfaces/environment/path.dsv
[16.440s] -- Installing: /home/ethereal/rm_2025/rm_decision_2025_pb/install/pb_rm_interfaces/share/pb_rm_interfaces/local_setup.bash
[16.440s] -- Installing: /home/ethereal/rm_2025/rm_decision_2025_pb/install/pb_rm_interfaces/share/pb_rm_interfaces/local_setup.sh
[16.440s] -- Installing: /home/ethereal/rm_2025/rm_decision_2025_pb/install/pb_rm_interfaces/share/pb_rm_interfaces/local_setup.zsh
[16.440s] -- Installing: /home/ethereal/rm_2025/rm_decision_2025_pb/install/pb_rm_interfaces/share/pb_rm_interfaces/local_setup.dsv
[16.440s] -- Installing: /home/ethereal/rm_2025/rm_decision_2025_pb/install/pb_rm_interfaces/share/pb_rm_interfaces/package.dsv
[16.441s] -- Installing: /home/ethereal/rm_2025/rm_decision_2025_pb/install/pb_rm_interfaces/share/ament_index/resource_index/packages/pb_rm_interfaces
[16.441s] -- Installing: /home/ethereal/rm_2025/rm_decision_2025_pb/install/pb_rm_interfaces/share/pb_rm_interfaces/cmake/export_pb_rm_interfaces__rosidl_generator_cExport.cmake
[16.441s] -- Installing: /home/ethereal/rm_2025/rm_decision_2025_pb/install/pb_rm_interfaces/share/pb_rm_interfaces/cmake/export_pb_rm_interfaces__rosidl_generator_cExport-noconfig.cmake
[16.441s] -- Installing: /home/ethereal/rm_2025/rm_decision_2025_pb/install/pb_rm_interfaces/share/pb_rm_interfaces/cmake/export_pb_rm_interfaces__rosidl_typesupport_fastrtps_cExport.cmake
[16.441s] -- Installing: /home/ethereal/rm_2025/rm_decision_2025_pb/install/pb_rm_interfaces/share/pb_rm_interfaces/cmake/export_pb_rm_interfaces__rosidl_typesupport_fastrtps_cExport-noconfig.cmake
[16.442s] -- Installing: /home/ethereal/rm_2025/rm_decision_2025_pb/install/pb_rm_interfaces/share/pb_rm_interfaces/cmake/pb_rm_interfaces__rosidl_typesupport_introspection_cExport.cmake
[16.442s] -- Installing: /home/ethereal/rm_2025/rm_decision_2025_pb/install/pb_rm_interfaces/share/pb_rm_interfaces/cmake/pb_rm_interfaces__rosidl_typesupport_introspection_cExport-noconfig.cmake
[16.442s] -- Installing: /home/ethereal/rm_2025/rm_decision_2025_pb/install/pb_rm_interfaces/share/pb_rm_interfaces/cmake/pb_rm_interfaces__rosidl_typesupport_cExport.cmake
[16.442s] -- Installing: /home/ethereal/rm_2025/rm_decision_2025_pb/install/pb_rm_interfaces/share/pb_rm_interfaces/cmake/pb_rm_interfaces__rosidl_typesupport_cExport-noconfig.cmake
[16.442s] -- Installing: /home/ethereal/rm_2025/rm_decision_2025_pb/install/pb_rm_interfaces/share/pb_rm_interfaces/cmake/export_pb_rm_interfaces__rosidl_generator_cppExport.cmake
[16.442s] -- Installing: /home/ethereal/rm_2025/rm_decision_2025_pb/install/pb_rm_interfaces/share/pb_rm_interfaces/cmake/export_pb_rm_interfaces__rosidl_typesupport_fastrtps_cppExport.cmake
[16.443s] -- Installing: /home/ethereal/rm_2025/rm_decision_2025_pb/install/pb_rm_interfaces/share/pb_rm_interfaces/cmake/export_pb_rm_interfaces__rosidl_typesupport_fastrtps_cppExport-noconfig.cmake
[16.445s] -- Installing: /home/ethereal/rm_2025/rm_decision_2025_pb/install/pb_rm_interfaces/share/pb_rm_interfaces/cmake/pb_rm_interfaces__rosidl_typesupport_introspection_cppExport.cmake
[16.445s] -- Installing: /home/ethereal/rm_2025/rm_decision_2025_pb/install/pb_rm_interfaces/share/pb_rm_interfaces/cmake/pb_rm_interfaces__rosidl_typesupport_introspection_cppExport-noconfig.cmake
[16.446s] -- Installing: /home/ethereal/rm_2025/rm_decision_2025_pb/install/pb_rm_interfaces/share/pb_rm_interfaces/cmake/pb_rm_interfaces__rosidl_typesupport_cppExport.cmake
[16.446s] -- Installing: /home/ethereal/rm_2025/rm_decision_2025_pb/install/pb_rm_interfaces/share/pb_rm_interfaces/cmake/pb_rm_interfaces__rosidl_typesupport_cppExport-noconfig.cmake
[16.446s] -- Installing: /home/ethereal/rm_2025/rm_decision_2025_pb/install/pb_rm_interfaces/share/pb_rm_interfaces/cmake/export_pb_rm_interfaces__rosidl_generator_pyExport.cmake
[16.446s] -- Installing: /home/ethereal/rm_2025/rm_decision_2025_pb/install/pb_rm_interfaces/share/pb_rm_interfaces/cmake/export_pb_rm_interfaces__rosidl_generator_pyExport-noconfig.cmake
[16.446s] -- Installing: /home/ethereal/rm_2025/rm_decision_2025_pb/install/pb_rm_interfaces/share/pb_rm_interfaces/cmake/rosidl_cmake-extras.cmake
[16.446s] -- Installing: /home/ethereal/rm_2025/rm_decision_2025_pb/install/pb_rm_interfaces/share/pb_rm_interfaces/cmake/ament_cmake_export_dependencies-extras.cmake
[16.446s] -- Installing: /home/ethereal/rm_2025/rm_decision_2025_pb/install/pb_rm_interfaces/share/pb_rm_interfaces/cmake/ament_cmake_export_include_directories-extras.cmake
[16.446s] -- Installing: /home/ethereal/rm_2025/rm_decision_2025_pb/install/pb_rm_interfaces/share/pb_rm_interfaces/cmake/ament_cmake_export_libraries-extras.cmake
[16.446s] -- Installing: /home/ethereal/rm_2025/rm_decision_2025_pb/install/pb_rm_interfaces/share/pb_rm_interfaces/cmake/ament_cmake_export_targets-extras.cmake
[16.447s] -- Installing: /home/ethereal/rm_2025/rm_decision_2025_pb/install/pb_rm_interfaces/share/pb_rm_interfaces/cmake/rosidl_cmake_export_typesupport_targets-extras.cmake
[16.447s] -- Installing: /home/ethereal/rm_2025/rm_decision_2025_pb/install/pb_rm_interfaces/share/pb_rm_interfaces/cmake/rosidl_cmake_export_typesupport_libraries-extras.cmake
[16.447s] -- Installing: /home/ethereal/rm_2025/rm_decision_2025_pb/install/pb_rm_interfaces/share/pb_rm_interfaces/cmake/pb_rm_interfacesConfig.cmake
[16.447s] -- Installing: /home/ethereal/rm_2025/rm_decision_2025_pb/install/pb_rm_interfaces/share/pb_rm_interfaces/cmake/pb_rm_interfacesConfig-version.cmake
[16.447s] -- Installing: /home/ethereal/rm_2025/rm_decision_2025_pb/install/pb_rm_interfaces/share/pb_rm_interfaces/package.xml
[16.470s] Invoked command in '/home/ethereal/rm_2025/rm_decision_2025_pb/build/pb_rm_interfaces' returned '0': CMAKE_PREFIX_PATH=/opt/ros/humble PS1=\[\e[1;32m\]\u@\h\[\e[0m\]:\[\e[1;34m\]\w\[\e[0m\]\$ /usr/bin/cmake --install /home/ethereal/rm_2025/rm_decision_2025_pb/build/pb_rm_interfaces
