-- The C compiler identification is GNU 11.4.0
-- The CXX compiler identification is GNU 11.4.0
-- Detecting C compiler ABI info
-- Detecting C compiler ABI info - done
-- Check for working C compiler: /usr/bin/cc - skipped
-- Detecting C compile features
-- Detecting C compile features - done
-- Detecting CXX compiler ABI info
-- Detecting CXX compiler ABI info - done
-- Check for working CXX compiler: /usr/bin/c++ - skipped
-- Detecting CXX compile features
-- Detecting CXX compile features - done
-- Found ament_cmake_auto: 1.3.11 (/opt/ros/humble/share/ament_cmake_auto/cmake)
-- Found Python3: /usr/bin/python3 (found version "3.10.12") found components: Interpreter 
-- Configuring done
-- Generating done
-- Build files have been written to: /home/ethereal/rm_2025/rm_decision_2025_pb/build/rm_decision_macros
[ 50%] [32mBuilding CXX object CMakeFiles/rm_decision_macros.dir/src/decision_node_regist_macro.cpp.o[0m
[100%] [32m[1mLinking CXX shared library librm_decision_macros.so[0m
[100%] Built target rm_decision_macros
-- Install configuration: ""
-- Installing: /home/ethereal/rm_2025/rm_decision_2025_pb/install/rm_decision_macros/include
-- Installing: /home/ethereal/rm_2025/rm_decision_2025_pb/install/rm_decision_macros/include/rm_decision_macros
-- Installing: /home/ethereal/rm_2025/rm_decision_2025_pb/install/rm_decision_macros/include/rm_decision_macros/decision_node_regist_macro.hpp
-- Installing: /home/ethereal/rm_2025/rm_decision_2025_pb/install/rm_decision_macros/share/rm_decision_macros/environment/library_path.sh
-- Installing: /home/ethereal/rm_2025/rm_decision_2025_pb/install/rm_decision_macros/share/rm_decision_macros/environment/library_path.dsv
-- Installing: /home/ethereal/rm_2025/rm_decision_2025_pb/install/rm_decision_macros/lib/librm_decision_macros.so
-- Installing: /home/ethereal/rm_2025/rm_decision_2025_pb/install/rm_decision_macros/share/ament_index/resource_index/package_run_dependencies/rm_decision_macros
-- Installing: /home/ethereal/rm_2025/rm_decision_2025_pb/install/rm_decision_macros/share/ament_index/resource_index/parent_prefix_path/rm_decision_macros
-- Installing: /home/ethereal/rm_2025/rm_decision_2025_pb/install/rm_decision_macros/share/rm_decision_macros/environment/ament_prefix_path.sh
-- Installing: /home/ethereal/rm_2025/rm_decision_2025_pb/install/rm_decision_macros/share/rm_decision_macros/environment/ament_prefix_path.dsv
-- Installing: /home/ethereal/rm_2025/rm_decision_2025_pb/install/rm_decision_macros/share/rm_decision_macros/environment/path.sh
-- Installing: /home/ethereal/rm_2025/rm_decision_2025_pb/install/rm_decision_macros/share/rm_decision_macros/environment/path.dsv
-- Installing: /home/ethereal/rm_2025/rm_decision_2025_pb/install/rm_decision_macros/share/rm_decision_macros/local_setup.bash
-- Installing: /home/ethereal/rm_2025/rm_decision_2025_pb/install/rm_decision_macros/share/rm_decision_macros/local_setup.sh
-- Installing: /home/ethereal/rm_2025/rm_decision_2025_pb/install/rm_decision_macros/share/rm_decision_macros/local_setup.zsh
-- Installing: /home/ethereal/rm_2025/rm_decision_2025_pb/install/rm_decision_macros/share/rm_decision_macros/local_setup.dsv
-- Installing: /home/ethereal/rm_2025/rm_decision_2025_pb/install/rm_decision_macros/share/rm_decision_macros/package.dsv
-- Installing: /home/ethereal/rm_2025/rm_decision_2025_pb/install/rm_decision_macros/share/ament_index/resource_index/packages/rm_decision_macros
-- Installing: /home/ethereal/rm_2025/rm_decision_2025_pb/install/rm_decision_macros/share/rm_decision_macros/cmake/ament_cmake_export_include_directories-extras.cmake
-- Installing: /home/ethereal/rm_2025/rm_decision_2025_pb/install/rm_decision_macros/share/rm_decision_macros/cmake/ament_cmake_export_libraries-extras.cmake
-- Installing: /home/ethereal/rm_2025/rm_decision_2025_pb/install/rm_decision_macros/share/rm_decision_macros/cmake/rm_decision_macrosConfig.cmake
-- Installing: /home/ethereal/rm_2025/rm_decision_2025_pb/install/rm_decision_macros/share/rm_decision_macros/cmake/rm_decision_macrosConfig-version.cmake
-- Installing: /home/ethereal/rm_2025/rm_decision_2025_pb/install/rm_decision_macros/share/rm_decision_macros/package.xml
