[0.030s] Invoking command in '/home/ethereal/rm_2025/rm_decision_2025_pb/build/rm_decision_macros': CMAKE_PREFIX_PATH=/opt/ros/humble PS1=\[\e[1;32m\]\u@\h\[\e[0m\]:\[\e[1;34m\]\w\[\e[0m\]\$ /usr/bin/cmake /home/ethereal/rm_2025/rm_decision_2025_pb/src/Other Tools/rm_decision_macros -DCMAKE_INSTALL_PREFIX=/home/ethereal/rm_2025/rm_decision_2025_pb/install/rm_decision_macros
[0.124s] -- The C compiler identification is GNU 11.4.0
[0.176s] -- The CXX compiler identification is GNU 11.4.0
[0.188s] -- Detecting C compiler ABI info
[0.244s] -- Detecting C compiler ABI info - done
[0.250s] -- Check for working C compiler: /usr/bin/cc - skipped
[0.251s] -- Detecting C compile features
[0.252s] -- Detecting C compile features - done
[0.255s] -- Detecting CXX compiler ABI info
[0.320s] -- Detecting CXX compiler ABI info - done
[0.329s] -- Check for working CXX compiler: /usr/bin/c++ - skipped
[0.330s] -- Detecting CXX compile features
[0.330s] -- Detecting CXX compile features - done
[0.333s] -- Found ament_cmake_auto: 1.3.11 (/opt/ros/humble/share/ament_cmake_auto/cmake)
[0.465s] -- Found Python3: /usr/bin/python3 (found version "3.10.12") found components: Interpreter 
[0.634s] -- Configuring done
[0.642s] -- Generating done
[0.644s] -- Build files have been written to: /home/ethereal/rm_2025/rm_decision_2025_pb/build/rm_decision_macros
[0.649s] Invoked command in '/home/ethereal/rm_2025/rm_decision_2025_pb/build/rm_decision_macros' returned '0': CMAKE_PREFIX_PATH=/opt/ros/humble PS1=\[\e[1;32m\]\u@\h\[\e[0m\]:\[\e[1;34m\]\w\[\e[0m\]\$ /usr/bin/cmake /home/ethereal/rm_2025/rm_decision_2025_pb/src/Other Tools/rm_decision_macros -DCMAKE_INSTALL_PREFIX=/home/ethereal/rm_2025/rm_decision_2025_pb/install/rm_decision_macros
[0.651s] Invoking command in '/home/ethereal/rm_2025/rm_decision_2025_pb/build/rm_decision_macros': CMAKE_PREFIX_PATH=/opt/ros/humble PS1=\[\e[1;32m\]\u@\h\[\e[0m\]:\[\e[1;34m\]\w\[\e[0m\]\$ /usr/bin/cmake --build /home/ethereal/rm_2025/rm_decision_2025_pb/build/rm_decision_macros -- -j20 -l20
[0.681s] [ 50%] [32mBuilding CXX object CMakeFiles/rm_decision_macros.dir/src/decision_node_regist_macro.cpp.o[0m
[0.698s] [100%] [32m[1mLinking CXX shared library librm_decision_macros.so[0m
[0.735s] [100%] Built target rm_decision_macros
[0.743s] Invoked command in '/home/ethereal/rm_2025/rm_decision_2025_pb/build/rm_decision_macros' returned '0': CMAKE_PREFIX_PATH=/opt/ros/humble PS1=\[\e[1;32m\]\u@\h\[\e[0m\]:\[\e[1;34m\]\w\[\e[0m\]\$ /usr/bin/cmake --build /home/ethereal/rm_2025/rm_decision_2025_pb/build/rm_decision_macros -- -j20 -l20
[0.751s] Invoking command in '/home/ethereal/rm_2025/rm_decision_2025_pb/build/rm_decision_macros': CMAKE_PREFIX_PATH=/opt/ros/humble PS1=\[\e[1;32m\]\u@\h\[\e[0m\]:\[\e[1;34m\]\w\[\e[0m\]\$ /usr/bin/cmake --install /home/ethereal/rm_2025/rm_decision_2025_pb/build/rm_decision_macros
[0.756s] -- Install configuration: ""
[0.756s] -- Installing: /home/ethereal/rm_2025/rm_decision_2025_pb/install/rm_decision_macros/include
[0.757s] -- Installing: /home/ethereal/rm_2025/rm_decision_2025_pb/install/rm_decision_macros/include/rm_decision_macros
[0.757s] -- Installing: /home/ethereal/rm_2025/rm_decision_2025_pb/install/rm_decision_macros/include/rm_decision_macros/decision_node_regist_macro.hpp
[0.759s] -- Installing: /home/ethereal/rm_2025/rm_decision_2025_pb/install/rm_decision_macros/share/rm_decision_macros/environment/library_path.sh
[0.759s] -- Installing: /home/ethereal/rm_2025/rm_decision_2025_pb/install/rm_decision_macros/share/rm_decision_macros/environment/library_path.dsv
[0.760s] -- Installing: /home/ethereal/rm_2025/rm_decision_2025_pb/install/rm_decision_macros/lib/librm_decision_macros.so
[0.761s] -- Installing: /home/ethereal/rm_2025/rm_decision_2025_pb/install/rm_decision_macros/share/ament_index/resource_index/package_run_dependencies/rm_decision_macros
[0.762s] -- Installing: /home/ethereal/rm_2025/rm_decision_2025_pb/install/rm_decision_macros/share/ament_index/resource_index/parent_prefix_path/rm_decision_macros
[0.762s] -- Installing: /home/ethereal/rm_2025/rm_decision_2025_pb/install/rm_decision_macros/share/rm_decision_macros/environment/ament_prefix_path.sh
[0.763s] -- Installing: /home/ethereal/rm_2025/rm_decision_2025_pb/install/rm_decision_macros/share/rm_decision_macros/environment/ament_prefix_path.dsv
[0.763s] -- Installing: /home/ethereal/rm_2025/rm_decision_2025_pb/install/rm_decision_macros/share/rm_decision_macros/environment/path.sh
[0.763s] -- Installing: /home/ethereal/rm_2025/rm_decision_2025_pb/install/rm_decision_macros/share/rm_decision_macros/environment/path.dsv
[0.763s] -- Installing: /home/ethereal/rm_2025/rm_decision_2025_pb/install/rm_decision_macros/share/rm_decision_macros/local_setup.bash
[0.763s] -- Installing: /home/ethereal/rm_2025/rm_decision_2025_pb/install/rm_decision_macros/share/rm_decision_macros/local_setup.sh
[0.763s] -- Installing: /home/ethereal/rm_2025/rm_decision_2025_pb/install/rm_decision_macros/share/rm_decision_macros/local_setup.zsh
[0.763s] -- Installing: /home/ethereal/rm_2025/rm_decision_2025_pb/install/rm_decision_macros/share/rm_decision_macros/local_setup.dsv
[0.763s] -- Installing: /home/ethereal/rm_2025/rm_decision_2025_pb/install/rm_decision_macros/share/rm_decision_macros/package.dsv
[0.763s] -- Installing: /home/ethereal/rm_2025/rm_decision_2025_pb/install/rm_decision_macros/share/ament_index/resource_index/packages/rm_decision_macros
[0.764s] -- Installing: /home/ethereal/rm_2025/rm_decision_2025_pb/install/rm_decision_macros/share/rm_decision_macros/cmake/ament_cmake_export_include_directories-extras.cmake
[0.765s] -- Installing: /home/ethereal/rm_2025/rm_decision_2025_pb/install/rm_decision_macros/share/rm_decision_macros/cmake/ament_cmake_export_libraries-extras.cmake
[0.765s] -- Installing: /home/ethereal/rm_2025/rm_decision_2025_pb/install/rm_decision_macros/share/rm_decision_macros/cmake/rm_decision_macrosConfig.cmake
[0.765s] -- Installing: /home/ethereal/rm_2025/rm_decision_2025_pb/install/rm_decision_macros/share/rm_decision_macros/cmake/rm_decision_macrosConfig-version.cmake
[0.765s] -- Installing: /home/ethereal/rm_2025/rm_decision_2025_pb/install/rm_decision_macros/share/rm_decision_macros/package.xml
[0.767s] Invoked command in '/home/ethereal/rm_2025/rm_decision_2025_pb/build/rm_decision_macros' returned '0': CMAKE_PREFIX_PATH=/opt/ros/humble PS1=\[\e[1;32m\]\u@\h\[\e[0m\]:\[\e[1;34m\]\w\[\e[0m\]\$ /usr/bin/cmake --install /home/ethereal/rm_2025/rm_decision_2025_pb/build/rm_decision_macros
