[0.031s] Invoking command in '/home/ethereal/rm_2025/rm_decision_2025_pb/build/sensing_base': AMENT_PREFIX_PATH=/home/ethereal/rm_2025/rm_decision_2025_pb/install/information_widgets:/home/ethereal/rm_2025/rm_decision_2025_pb/install/rm_decision_interfaces:/home/ethereal/rm_2025/rm_decision_2025_pb/install/iw_interfaces:/home/ethereal/rm_2025/rm_decision_2025_pb/install/auto_aim_interfaces:${AMENT_PREFIX_PATH} CMAKE_PREFIX_PATH=/home/ethereal/rm_2025/rm_decision_2025_pb/install/information_widgets:/home/ethereal/rm_2025/rm_decision_2025_pb/install/rm_decision_interfaces:/home/ethereal/rm_2025/rm_decision_2025_pb/install/iw_interfaces:/home/ethereal/rm_2025/rm_decision_2025_pb/install/auto_aim_interfaces:/opt/ros/humble LD_LIBRARY_PATH=/home/ethereal/rm_2025/rm_decision_2025_pb/install/information_widgets/lib:/home/ethereal/rm_2025/rm_decision_2025_pb/install/rm_decision_interfaces/lib:/home/ethereal/rm_2025/rm_decision_2025_pb/install/iw_interfaces/lib:/home/ethereal/rm_2025/rm_decision_2025_pb/install/auto_aim_interfaces/lib:${LD_LIBRARY_PATH} PS1=\[\e[1;32m\]\u@\h\[\e[0m\]:\[\e[1;34m\]\w\[\e[0m\]\$ PYTHONPATH=/home/ethereal/rm_2025/rm_decision_2025_pb/install/rm_decision_interfaces/local/lib/python3.10/dist-packages:/home/ethereal/rm_2025/rm_decision_2025_pb/install/iw_interfaces/local/lib/python3.10/dist-packages:/home/ethereal/rm_2025/rm_decision_2025_pb/install/auto_aim_interfaces/local/lib/python3.10/dist-packages:${PYTHONPATH} /usr/bin/cmake /home/ethereal/rm_2025/rm_decision_2025_pb/src/State Level/sensing_base -DCMAKE_INSTALL_PREFIX=/home/ethereal/rm_2025/rm_decision_2025_pb/install/sensing_base
[0.065s] -- The C compiler identification is GNU 11.4.0
[0.103s] -- The CXX compiler identification is GNU 11.4.0
[0.108s] -- Detecting C compiler ABI info
[0.156s] -- Detecting C compiler ABI info - done
[0.161s] -- Check for working C compiler: /usr/bin/cc - skipped
[0.161s] -- Detecting C compile features
[0.161s] -- Detecting C compile features - done
[0.164s] -- Detecting CXX compiler ABI info
[0.228s] -- Detecting CXX compiler ABI info - done
[0.234s] -- Check for working CXX compiler: /usr/bin/c++ - skipped
[0.234s] -- Detecting CXX compile features
[0.234s] -- Detecting CXX compile features - done
[0.237s] -- Found ament_cmake_auto: 1.3.11 (/opt/ros/humble/share/ament_cmake_auto/cmake)
[0.359s] -- Found Python3: /usr/bin/python3 (found version "3.10.12") found components: Interpreter 
[0.529s] -- Found rosidl_generator_c: 3.1.6 (/opt/ros/humble/share/rosidl_generator_c/cmake)
[0.533s] -- Found rosidl_adapter: 3.1.6 (/opt/ros/humble/share/rosidl_adapter/cmake)
[0.539s] -- Found rosidl_generator_cpp: 3.1.6 (/opt/ros/humble/share/rosidl_generator_cpp/cmake)
[0.548s] -- Using all available rosidl_typesupport_c: rosidl_typesupport_fastrtps_c;rosidl_typesupport_introspection_c
[0.560s] -- Using all available rosidl_typesupport_cpp: rosidl_typesupport_fastrtps_cpp;rosidl_typesupport_introspection_cpp
[0.592s] -- Found rmw_implementation_cmake: 6.1.2 (/opt/ros/humble/share/rmw_implementation_cmake/cmake)
[0.594s] -- Found rmw_fastrtps_cpp: 6.2.7 (/opt/ros/humble/share/rmw_fastrtps_cpp/cmake)
[0.661s] -- Found OpenSSL: /usr/lib/x86_64-linux-gnu/libcrypto.so (found version "3.0.2")  
[0.682s] -- Found FastRTPS: /opt/ros/humble/include  
[0.716s] -- Using RMW implementation 'rmw_fastrtps_cpp' as default
[0.723s] -- Looking for pthread.h
[0.773s] -- Looking for pthread.h - found
[0.773s] -- Performing Test CMAKE_HAVE_LIBC_PTHREAD
[0.823s] -- Performing Test CMAKE_HAVE_LIBC_PTHREAD - Success
[0.824s] -- Found Threads: TRUE  
[0.991s] -- Configuring done
[1.016s] -- Generating done
[1.021s] -- Build files have been written to: /home/ethereal/rm_2025/rm_decision_2025_pb/build/sensing_base
[1.029s] Invoked command in '/home/ethereal/rm_2025/rm_decision_2025_pb/build/sensing_base' returned '0': AMENT_PREFIX_PATH=/home/ethereal/rm_2025/rm_decision_2025_pb/install/information_widgets:/home/ethereal/rm_2025/rm_decision_2025_pb/install/rm_decision_interfaces:/home/ethereal/rm_2025/rm_decision_2025_pb/install/iw_interfaces:/home/ethereal/rm_2025/rm_decision_2025_pb/install/auto_aim_interfaces:${AMENT_PREFIX_PATH} CMAKE_PREFIX_PATH=/home/ethereal/rm_2025/rm_decision_2025_pb/install/information_widgets:/home/ethereal/rm_2025/rm_decision_2025_pb/install/rm_decision_interfaces:/home/ethereal/rm_2025/rm_decision_2025_pb/install/iw_interfaces:/home/ethereal/rm_2025/rm_decision_2025_pb/install/auto_aim_interfaces:/opt/ros/humble LD_LIBRARY_PATH=/home/ethereal/rm_2025/rm_decision_2025_pb/install/information_widgets/lib:/home/ethereal/rm_2025/rm_decision_2025_pb/install/rm_decision_interfaces/lib:/home/ethereal/rm_2025/rm_decision_2025_pb/install/iw_interfaces/lib:/home/ethereal/rm_2025/rm_decision_2025_pb/install/auto_aim_interfaces/lib:${LD_LIBRARY_PATH} PS1=\[\e[1;32m\]\u@\h\[\e[0m\]:\[\e[1;34m\]\w\[\e[0m\]\$ PYTHONPATH=/home/ethereal/rm_2025/rm_decision_2025_pb/install/rm_decision_interfaces/local/lib/python3.10/dist-packages:/home/ethereal/rm_2025/rm_decision_2025_pb/install/iw_interfaces/local/lib/python3.10/dist-packages:/home/ethereal/rm_2025/rm_decision_2025_pb/install/auto_aim_interfaces/local/lib/python3.10/dist-packages:${PYTHONPATH} /usr/bin/cmake /home/ethereal/rm_2025/rm_decision_2025_pb/src/State Level/sensing_base -DCMAKE_INSTALL_PREFIX=/home/ethereal/rm_2025/rm_decision_2025_pb/install/sensing_base
[1.031s] Invoking command in '/home/ethereal/rm_2025/rm_decision_2025_pb/build/sensing_base': AMENT_PREFIX_PATH=/home/ethereal/rm_2025/rm_decision_2025_pb/install/information_widgets:/home/ethereal/rm_2025/rm_decision_2025_pb/install/rm_decision_interfaces:/home/ethereal/rm_2025/rm_decision_2025_pb/install/iw_interfaces:/home/ethereal/rm_2025/rm_decision_2025_pb/install/auto_aim_interfaces:${AMENT_PREFIX_PATH} CMAKE_PREFIX_PATH=/home/ethereal/rm_2025/rm_decision_2025_pb/install/information_widgets:/home/ethereal/rm_2025/rm_decision_2025_pb/install/rm_decision_interfaces:/home/ethereal/rm_2025/rm_decision_2025_pb/install/iw_interfaces:/home/ethereal/rm_2025/rm_decision_2025_pb/install/auto_aim_interfaces:/opt/ros/humble LD_LIBRARY_PATH=/home/ethereal/rm_2025/rm_decision_2025_pb/install/information_widgets/lib:/home/ethereal/rm_2025/rm_decision_2025_pb/install/rm_decision_interfaces/lib:/home/ethereal/rm_2025/rm_decision_2025_pb/install/iw_interfaces/lib:/home/ethereal/rm_2025/rm_decision_2025_pb/install/auto_aim_interfaces/lib:${LD_LIBRARY_PATH} PS1=\[\e[1;32m\]\u@\h\[\e[0m\]:\[\e[1;34m\]\w\[\e[0m\]\$ PYTHONPATH=/home/ethereal/rm_2025/rm_decision_2025_pb/install/rm_decision_interfaces/local/lib/python3.10/dist-packages:/home/ethereal/rm_2025/rm_decision_2025_pb/install/iw_interfaces/local/lib/python3.10/dist-packages:/home/ethereal/rm_2025/rm_decision_2025_pb/install/auto_aim_interfaces/local/lib/python3.10/dist-packages:${PYTHONPATH} /usr/bin/cmake --build /home/ethereal/rm_2025/rm_decision_2025_pb/build/sensing_base -- -j20 -l20
[1.064s] [ 50%] [32mBuilding CXX object CMakeFiles/sensing_base_lib.dir/src/sensing_base.cpp.o[0m
[8.736s] [100%] [32m[1mLinking CXX shared library libsensing_base_lib.so[0m
[9.173s] [100%] Built target sensing_base_lib
[9.180s] Invoked command in '/home/ethereal/rm_2025/rm_decision_2025_pb/build/sensing_base' returned '0': AMENT_PREFIX_PATH=/home/ethereal/rm_2025/rm_decision_2025_pb/install/information_widgets:/home/ethereal/rm_2025/rm_decision_2025_pb/install/rm_decision_interfaces:/home/ethereal/rm_2025/rm_decision_2025_pb/install/iw_interfaces:/home/ethereal/rm_2025/rm_decision_2025_pb/install/auto_aim_interfaces:${AMENT_PREFIX_PATH} CMAKE_PREFIX_PATH=/home/ethereal/rm_2025/rm_decision_2025_pb/install/information_widgets:/home/ethereal/rm_2025/rm_decision_2025_pb/install/rm_decision_interfaces:/home/ethereal/rm_2025/rm_decision_2025_pb/install/iw_interfaces:/home/ethereal/rm_2025/rm_decision_2025_pb/install/auto_aim_interfaces:/opt/ros/humble LD_LIBRARY_PATH=/home/ethereal/rm_2025/rm_decision_2025_pb/install/information_widgets/lib:/home/ethereal/rm_2025/rm_decision_2025_pb/install/rm_decision_interfaces/lib:/home/ethereal/rm_2025/rm_decision_2025_pb/install/iw_interfaces/lib:/home/ethereal/rm_2025/rm_decision_2025_pb/install/auto_aim_interfaces/lib:${LD_LIBRARY_PATH} PS1=\[\e[1;32m\]\u@\h\[\e[0m\]:\[\e[1;34m\]\w\[\e[0m\]\$ PYTHONPATH=/home/ethereal/rm_2025/rm_decision_2025_pb/install/rm_decision_interfaces/local/lib/python3.10/dist-packages:/home/ethereal/rm_2025/rm_decision_2025_pb/install/iw_interfaces/local/lib/python3.10/dist-packages:/home/ethereal/rm_2025/rm_decision_2025_pb/install/auto_aim_interfaces/local/lib/python3.10/dist-packages:${PYTHONPATH} /usr/bin/cmake --build /home/ethereal/rm_2025/rm_decision_2025_pb/build/sensing_base -- -j20 -l20
[9.182s] Invoking command in '/home/ethereal/rm_2025/rm_decision_2025_pb/build/sensing_base': AMENT_PREFIX_PATH=/home/ethereal/rm_2025/rm_decision_2025_pb/install/information_widgets:/home/ethereal/rm_2025/rm_decision_2025_pb/install/rm_decision_interfaces:/home/ethereal/rm_2025/rm_decision_2025_pb/install/iw_interfaces:/home/ethereal/rm_2025/rm_decision_2025_pb/install/auto_aim_interfaces:${AMENT_PREFIX_PATH} CMAKE_PREFIX_PATH=/home/ethereal/rm_2025/rm_decision_2025_pb/install/information_widgets:/home/ethereal/rm_2025/rm_decision_2025_pb/install/rm_decision_interfaces:/home/ethereal/rm_2025/rm_decision_2025_pb/install/iw_interfaces:/home/ethereal/rm_2025/rm_decision_2025_pb/install/auto_aim_interfaces:/opt/ros/humble LD_LIBRARY_PATH=/home/ethereal/rm_2025/rm_decision_2025_pb/install/information_widgets/lib:/home/ethereal/rm_2025/rm_decision_2025_pb/install/rm_decision_interfaces/lib:/home/ethereal/rm_2025/rm_decision_2025_pb/install/iw_interfaces/lib:/home/ethereal/rm_2025/rm_decision_2025_pb/install/auto_aim_interfaces/lib:${LD_LIBRARY_PATH} PS1=\[\e[1;32m\]\u@\h\[\e[0m\]:\[\e[1;34m\]\w\[\e[0m\]\$ PYTHONPATH=/home/ethereal/rm_2025/rm_decision_2025_pb/install/rm_decision_interfaces/local/lib/python3.10/dist-packages:/home/ethereal/rm_2025/rm_decision_2025_pb/install/iw_interfaces/local/lib/python3.10/dist-packages:/home/ethereal/rm_2025/rm_decision_2025_pb/install/auto_aim_interfaces/local/lib/python3.10/dist-packages:${PYTHONPATH} /usr/bin/cmake --install /home/ethereal/rm_2025/rm_decision_2025_pb/build/sensing_base
[9.186s] -- Install configuration: ""
[9.187s] -- Installing: /home/ethereal/rm_2025/rm_decision_2025_pb/install/sensing_base/include
[9.187s] -- Installing: /home/ethereal/rm_2025/rm_decision_2025_pb/install/sensing_base/include/sensing_base
[9.187s] -- Installing: /home/ethereal/rm_2025/rm_decision_2025_pb/install/sensing_base/include/sensing_base/sensing_base.hpp
[9.187s] -- Installing: /home/ethereal/rm_2025/rm_decision_2025_pb/install/sensing_base/share/sensing_base/environment/library_path.sh
[9.188s] -- Installing: /home/ethereal/rm_2025/rm_decision_2025_pb/install/sensing_base/share/sensing_base/environment/library_path.dsv
[9.188s] -- Installing: /home/ethereal/rm_2025/rm_decision_2025_pb/install/sensing_base/lib/libsensing_base_lib.so
[9.193s] -- Set runtime path of "/home/ethereal/rm_2025/rm_decision_2025_pb/install/sensing_base/lib/libsensing_base_lib.so" to ""
[9.193s] -- Installing: /home/ethereal/rm_2025/rm_decision_2025_pb/install/sensing_base/share/ament_index/resource_index/package_run_dependencies/sensing_base
[9.193s] -- Installing: /home/ethereal/rm_2025/rm_decision_2025_pb/install/sensing_base/share/ament_index/resource_index/parent_prefix_path/sensing_base
[9.193s] -- Installing: /home/ethereal/rm_2025/rm_decision_2025_pb/install/sensing_base/share/sensing_base/environment/ament_prefix_path.sh
[9.194s] -- Installing: /home/ethereal/rm_2025/rm_decision_2025_pb/install/sensing_base/share/sensing_base/environment/ament_prefix_path.dsv
[9.194s] -- Installing: /home/ethereal/rm_2025/rm_decision_2025_pb/install/sensing_base/share/sensing_base/environment/path.sh
[9.194s] -- Installing: /home/ethereal/rm_2025/rm_decision_2025_pb/install/sensing_base/share/sensing_base/environment/path.dsv
[9.194s] -- Installing: /home/ethereal/rm_2025/rm_decision_2025_pb/install/sensing_base/share/sensing_base/local_setup.bash
[9.195s] -- Installing: /home/ethereal/rm_2025/rm_decision_2025_pb/install/sensing_base/share/sensing_base/local_setup.sh
[9.195s] -- Installing: /home/ethereal/rm_2025/rm_decision_2025_pb/install/sensing_base/share/sensing_base/local_setup.zsh
[9.195s] -- Installing: /home/ethereal/rm_2025/rm_decision_2025_pb/install/sensing_base/share/sensing_base/local_setup.dsv
[9.195s] -- Installing: /home/ethereal/rm_2025/rm_decision_2025_pb/install/sensing_base/share/sensing_base/package.dsv
[9.195s] -- Installing: /home/ethereal/rm_2025/rm_decision_2025_pb/install/sensing_base/share/ament_index/resource_index/packages/sensing_base
[9.195s] -- Installing: /home/ethereal/rm_2025/rm_decision_2025_pb/install/sensing_base/share/sensing_base/cmake/ament_cmake_export_dependencies-extras.cmake
[9.196s] -- Installing: /home/ethereal/rm_2025/rm_decision_2025_pb/install/sensing_base/share/sensing_base/cmake/ament_cmake_export_include_directories-extras.cmake
[9.196s] -- Installing: /home/ethereal/rm_2025/rm_decision_2025_pb/install/sensing_base/share/sensing_base/cmake/ament_cmake_export_libraries-extras.cmake
[9.197s] -- Installing: /home/ethereal/rm_2025/rm_decision_2025_pb/install/sensing_base/share/sensing_base/cmake/sensing_baseConfig.cmake
[9.197s] -- Installing: /home/ethereal/rm_2025/rm_decision_2025_pb/install/sensing_base/share/sensing_base/cmake/sensing_baseConfig-version.cmake
[9.197s] -- Installing: /home/ethereal/rm_2025/rm_decision_2025_pb/install/sensing_base/share/sensing_base/package.xml
[9.198s] Invoked command in '/home/ethereal/rm_2025/rm_decision_2025_pb/build/sensing_base' returned '0': AMENT_PREFIX_PATH=/home/ethereal/rm_2025/rm_decision_2025_pb/install/information_widgets:/home/ethereal/rm_2025/rm_decision_2025_pb/install/rm_decision_interfaces:/home/ethereal/rm_2025/rm_decision_2025_pb/install/iw_interfaces:/home/ethereal/rm_2025/rm_decision_2025_pb/install/auto_aim_interfaces:${AMENT_PREFIX_PATH} CMAKE_PREFIX_PATH=/home/ethereal/rm_2025/rm_decision_2025_pb/install/information_widgets:/home/ethereal/rm_2025/rm_decision_2025_pb/install/rm_decision_interfaces:/home/ethereal/rm_2025/rm_decision_2025_pb/install/iw_interfaces:/home/ethereal/rm_2025/rm_decision_2025_pb/install/auto_aim_interfaces:/opt/ros/humble LD_LIBRARY_PATH=/home/ethereal/rm_2025/rm_decision_2025_pb/install/information_widgets/lib:/home/ethereal/rm_2025/rm_decision_2025_pb/install/rm_decision_interfaces/lib:/home/ethereal/rm_2025/rm_decision_2025_pb/install/iw_interfaces/lib:/home/ethereal/rm_2025/rm_decision_2025_pb/install/auto_aim_interfaces/lib:${LD_LIBRARY_PATH} PS1=\[\e[1;32m\]\u@\h\[\e[0m\]:\[\e[1;34m\]\w\[\e[0m\]\$ PYTHONPATH=/home/ethereal/rm_2025/rm_decision_2025_pb/install/rm_decision_interfaces/local/lib/python3.10/dist-packages:/home/ethereal/rm_2025/rm_decision_2025_pb/install/iw_interfaces/local/lib/python3.10/dist-packages:/home/ethereal/rm_2025/rm_decision_2025_pb/install/auto_aim_interfaces/local/lib/python3.10/dist-packages:${PYTHONPATH} /usr/bin/cmake --install /home/ethereal/rm_2025/rm_decision_2025_pb/build/sensing_base
