-- The C compiler identification is GNU 11.4.0
-- The CXX compiler identification is GNU 11.4.0
-- Detecting C compiler ABI info
-- Detecting C compiler ABI info - done
-- Check for working C compiler: /usr/bin/cc - skipped
-- Detecting C compile features
-- Detecting C compile features - done
-- Detecting CXX compiler ABI info
-- Detecting CXX compiler ABI info - done
-- Check for working CXX compiler: /usr/bin/c++ - skipped
-- Detecting CXX compile features
-- Detecting CXX compile features - done
-- Found ament_cmake: 1.3.11 (/opt/ros/humble/share/ament_cmake/cmake)
-- Found Python3: /usr/bin/python3 (found version "3.10.12") found components: Interpreter 
-- Found rclcpp: 16.0.11 (/opt/ros/humble/share/rclcpp/cmake)
-- Found rosidl_generator_c: 3.1.6 (/opt/ros/humble/share/rosidl_generator_c/cmake)
-- Found rosidl_adapter: 3.1.6 (/opt/ros/humble/share/rosidl_adapter/cmake)
-- Found rosidl_generator_cpp: 3.1.6 (/opt/ros/humble/share/rosidl_generator_cpp/cmake)
-- Using all available rosidl_typesupport_c: rosidl_typesupport_fastrtps_c;rosidl_typesupport_introspection_c
-- Using all available rosidl_typesupport_cpp: rosidl_typesupport_fastrtps_cpp;rosidl_typesupport_introspection_cpp
-- Found rmw_implementation_cmake: 6.1.2 (/opt/ros/humble/share/rmw_implementation_cmake/cmake)
-- Found rmw_fastrtps_cpp: 6.2.7 (/opt/ros/humble/share/rmw_fastrtps_cpp/cmake)
-- Found OpenSSL: /usr/lib/x86_64-linux-gnu/libcrypto.so (found version "3.0.2")  
-- Found FastRTPS: /opt/ros/humble/include  
-- Using RMW implementation 'rmw_fastrtps_cpp' as default
-- Looking for pthread.h
-- Looking for pthread.h - found
-- Performing Test CMAKE_HAVE_LIBC_PTHREAD
-- Performing Test CMAKE_HAVE_LIBC_PTHREAD - Success
-- Found Threads: TRUE  
-- Found geometry_msgs: 4.2.4 (/opt/ros/humble/share/geometry_msgs/cmake)
-- Found rosidl_default_generators: 1.2.0 (/opt/ros/humble/share/rosidl_default_generators/cmake)
-- Found ament_cmake_ros: 0.10.0 (/opt/ros/humble/share/ament_cmake_ros/cmake)
-- Using all available rosidl_typesupport_c: rosidl_typesupport_fastrtps_c;rosidl_typesupport_introspection_c
-- Using all available rosidl_typesupport_cpp: rosidl_typesupport_fastrtps_cpp;rosidl_typesupport_introspection_cpp
-- Found PythonInterp: /usr/bin/python3 (found suitable version "3.10.12", minimum required is "3.6") 
-- Found python_cmake_module: 0.10.0 (/opt/ros/humble/share/python_cmake_module/cmake)
-- Found PythonLibs: /usr/lib/x86_64-linux-gnu/libpython3.10.so (found suitable version "3.10.12", minimum required is "3.5") 
-- Using PYTHON_EXECUTABLE: /usr/bin/python3
-- Using PYTHON_INCLUDE_DIRS: /usr/include/python3.10
-- Using PYTHON_LIBRARIES: /usr/lib/x86_64-linux-gnu/libpython3.10.so
-- Found PythonExtra: .so  
-- Found ament_lint_auto: 0.12.11 (/opt/ros/humble/share/ament_lint_auto/cmake)
-- Added test 'lint_cmake' to check CMake code style
-- Added test 'xmllint' to check XML markup files
-- Configuring done
-- Generating done
-- Build files have been written to: /home/ethereal/rm_2025/rm_decision_2025_pb/build/iw_interfaces
[  1%] [34m[1mGenerating C code for ROS interfaces[0m
[  2%] [34m[1mGenerating C++ code for ROS interfaces[0m
[  2%] Built target ament_cmake_python_copy_iw_interfaces
running egg_info
creating iw_interfaces.egg-info
writing iw_interfaces.egg-info/PKG-INFO
writing dependency_links to iw_interfaces.egg-info/dependency_links.txt
writing top-level names to iw_interfaces.egg-info/top_level.txt
writing manifest file 'iw_interfaces.egg-info/SOURCES.txt'
reading manifest file 'iw_interfaces.egg-info/SOURCES.txt'
writing manifest file 'iw_interfaces.egg-info/SOURCES.txt'
[  2%] Built target ament_cmake_python_build_iw_interfaces_egg
[  3%] [32mBuilding C object CMakeFiles/iw_interfaces__rosidl_generator_c.dir/rosidl_generator_c/iw_interfaces/msg/detail/chessboard__functions.c.o[0m
[  5%] [32mBuilding C object CMakeFiles/iw_interfaces__rosidl_generator_c.dir/rosidl_generator_c/iw_interfaces/msg/detail/robot__functions.c.o[0m
[  6%] [32mBuilding C object CMakeFiles/iw_interfaces__rosidl_generator_c.dir/rosidl_generator_c/iw_interfaces/msg/detail/area__functions.c.o[0m
[  7%] [32mBuilding C object CMakeFiles/iw_interfaces__rosidl_generator_c.dir/rosidl_generator_c/iw_interfaces/msg/detail/plane_coordinate__functions.c.o[0m
[  7%] Built target iw_interfaces__cpp
[  8%] [32mBuilding C object CMakeFiles/iw_interfaces__rosidl_generator_c.dir/rosidl_generator_c/iw_interfaces/msg/detail/architecture__functions.c.o[0m
[ 10%] [32mBuilding C object CMakeFiles/iw_interfaces__rosidl_generator_c.dir/rosidl_generator_c/iw_interfaces/msg/detail/terrain__functions.c.o[0m
[ 11%] [34m[1mGenerating C++ type support for eProsima Fast-RTPS[0m
[ 12%] [34m[1mGenerating C++ type support dispatch for ROS interfaces[0m
[ 13%] [34m[1mGenerating C++ introspection for ROS interfaces[0m
[ 15%] [32mBuilding C object CMakeFiles/iw_interfaces__rosidl_generator_c.dir/rosidl_generator_c/iw_interfaces/msg/detail/prism__functions.c.o[0m
[ 16%] [32m[1mLinking C shared library libiw_interfaces__rosidl_generator_c.so[0m
[ 16%] Built target iw_interfaces__rosidl_generator_c
[ 17%] [34m[1mGenerating C type support for eProsima Fast-RTPS[0m
[ 18%] [34m[1mGenerating C introspection for ROS interfaces[0m
[ 20%] [34m[1mGenerating C type support dispatch for ROS interfaces[0m
[ 21%] [32mBuilding CXX object CMakeFiles/iw_interfaces__rosidl_typesupport_cpp.dir/rosidl_typesupport_cpp/iw_interfaces/msg/chessboard__type_support.cpp.o[0m
[ 22%] [32mBuilding CXX object CMakeFiles/iw_interfaces__rosidl_typesupport_cpp.dir/rosidl_typesupport_cpp/iw_interfaces/msg/robot__type_support.cpp.o[0m
[ 24%] [32mBuilding CXX object CMakeFiles/iw_interfaces__rosidl_typesupport_cpp.dir/rosidl_typesupport_cpp/iw_interfaces/msg/plane_coordinate__type_support.cpp.o[0m
[ 25%] [32mBuilding CXX object CMakeFiles/iw_interfaces__rosidl_typesupport_cpp.dir/rosidl_typesupport_cpp/iw_interfaces/msg/area__type_support.cpp.o[0m
[ 26%] [32mBuilding CXX object CMakeFiles/iw_interfaces__rosidl_typesupport_cpp.dir/rosidl_typesupport_cpp/iw_interfaces/msg/terrain__type_support.cpp.o[0m
[ 27%] [32mBuilding CXX object CMakeFiles/iw_interfaces__rosidl_typesupport_cpp.dir/rosidl_typesupport_cpp/iw_interfaces/msg/architecture__type_support.cpp.o[0m
[ 29%] [32mBuilding CXX object CMakeFiles/iw_interfaces__rosidl_typesupport_cpp.dir/rosidl_typesupport_cpp/iw_interfaces/msg/prism__type_support.cpp.o[0m
[ 31%] [32mBuilding CXX object CMakeFiles/iw_interfaces__rosidl_typesupport_fastrtps_cpp.dir/rosidl_typesupport_fastrtps_cpp/iw_interfaces/msg/detail/dds_fastrtps/plane_coordinate__type_support.cpp.o[0m
[ 32%] [32mBuilding CXX object CMakeFiles/iw_interfaces__rosidl_typesupport_fastrtps_cpp.dir/rosidl_typesupport_fastrtps_cpp/iw_interfaces/msg/detail/dds_fastrtps/robot__type_support.cpp.o[0m
[ 32%] [32mBuilding CXX object CMakeFiles/iw_interfaces__rosidl_typesupport_fastrtps_cpp.dir/rosidl_typesupport_fastrtps_cpp/iw_interfaces/msg/detail/dds_fastrtps/chessboard__type_support.cpp.o[0m
[ 35%] [32mBuilding CXX object CMakeFiles/iw_interfaces__rosidl_typesupport_fastrtps_cpp.dir/rosidl_typesupport_fastrtps_cpp/iw_interfaces/msg/detail/dds_fastrtps/terrain__type_support.cpp.o[0m
[ 35%] [32mBuilding CXX object CMakeFiles/iw_interfaces__rosidl_typesupport_fastrtps_cpp.dir/rosidl_typesupport_fastrtps_cpp/iw_interfaces/msg/detail/dds_fastrtps/area__type_support.cpp.o[0m
[ 36%] [32mBuilding CXX object CMakeFiles/iw_interfaces__rosidl_typesupport_introspection_cpp.dir/rosidl_typesupport_introspection_cpp/iw_interfaces/msg/detail/chessboard__type_support.cpp.o[0m
[ 37%] [32mBuilding CXX object CMakeFiles/iw_interfaces__rosidl_typesupport_introspection_cpp.dir/rosidl_typesupport_introspection_cpp/iw_interfaces/msg/detail/robot__type_support.cpp.o[0m
[ 39%] [32mBuilding CXX object CMakeFiles/iw_interfaces__rosidl_typesupport_fastrtps_cpp.dir/rosidl_typesupport_fastrtps_cpp/iw_interfaces/msg/detail/dds_fastrtps/architecture__type_support.cpp.o[0m
[ 40%] [32mBuilding CXX object CMakeFiles/iw_interfaces__rosidl_typesupport_introspection_cpp.dir/rosidl_typesupport_introspection_cpp/iw_interfaces/msg/detail/plane_coordinate__type_support.cpp.o[0m
[ 41%] [32mBuilding CXX object CMakeFiles/iw_interfaces__rosidl_typesupport_fastrtps_cpp.dir/rosidl_typesupport_fastrtps_cpp/iw_interfaces/msg/detail/dds_fastrtps/prism__type_support.cpp.o[0m
[ 43%] [32mBuilding CXX object CMakeFiles/iw_interfaces__rosidl_typesupport_introspection_cpp.dir/rosidl_typesupport_introspection_cpp/iw_interfaces/msg/detail/area__type_support.cpp.o[0m
[ 44%] [32mBuilding CXX object CMakeFiles/iw_interfaces__rosidl_typesupport_introspection_cpp.dir/rosidl_typesupport_introspection_cpp/iw_interfaces/msg/detail/terrain__type_support.cpp.o[0m
[ 45%] [32mBuilding CXX object CMakeFiles/iw_interfaces__rosidl_typesupport_introspection_cpp.dir/rosidl_typesupport_introspection_cpp/iw_interfaces/msg/detail/architecture__type_support.cpp.o[0m
[ 46%] [32mBuilding CXX object CMakeFiles/iw_interfaces__rosidl_typesupport_c.dir/rosidl_typesupport_c/iw_interfaces/msg/chessboard__type_support.cpp.o[0m
[ 48%] [32mBuilding CXX object CMakeFiles/iw_interfaces__rosidl_typesupport_introspection_cpp.dir/rosidl_typesupport_introspection_cpp/iw_interfaces/msg/detail/prism__type_support.cpp.o[0m
[ 49%] [32mBuilding CXX object CMakeFiles/iw_interfaces__rosidl_typesupport_c.dir/rosidl_typesupport_c/iw_interfaces/msg/robot__type_support.cpp.o[0m
[ 50%] [32mBuilding CXX object CMakeFiles/iw_interfaces__rosidl_typesupport_c.dir/rosidl_typesupport_c/iw_interfaces/msg/plane_coordinate__type_support.cpp.o[0m
[ 51%] [32mBuilding CXX object CMakeFiles/iw_interfaces__rosidl_typesupport_c.dir/rosidl_typesupport_c/iw_interfaces/msg/area__type_support.cpp.o[0m
[ 53%] [32mBuilding CXX object CMakeFiles/iw_interfaces__rosidl_typesupport_c.dir/rosidl_typesupport_c/iw_interfaces/msg/terrain__type_support.cpp.o[0m
[ 54%] [32mBuilding CXX object CMakeFiles/iw_interfaces__rosidl_typesupport_c.dir/rosidl_typesupport_c/iw_interfaces/msg/architecture__type_support.cpp.o[0m
[ 55%] [32mBuilding CXX object CMakeFiles/iw_interfaces__rosidl_typesupport_c.dir/rosidl_typesupport_c/iw_interfaces/msg/prism__type_support.cpp.o[0m
[ 56%] [32m[1mLinking CXX shared library libiw_interfaces__rosidl_typesupport_cpp.so[0m
[ 58%] [32mBuilding CXX object CMakeFiles/iw_interfaces__rosidl_typesupport_fastrtps_c.dir/rosidl_typesupport_fastrtps_c/iw_interfaces/msg/detail/chessboard__type_support_c.cpp.o[0m
[ 59%] [32mBuilding C object CMakeFiles/iw_interfaces__rosidl_typesupport_introspection_c.dir/rosidl_typesupport_introspection_c/iw_interfaces/msg/detail/chessboard__type_support.c.o[0m
[ 60%] [32mBuilding C object CMakeFiles/iw_interfaces__rosidl_typesupport_introspection_c.dir/rosidl_typesupport_introspection_c/iw_interfaces/msg/detail/robot__type_support.c.o[0m
[ 62%] [32mBuilding CXX object CMakeFiles/iw_interfaces__rosidl_typesupport_fastrtps_c.dir/rosidl_typesupport_fastrtps_c/iw_interfaces/msg/detail/robot__type_support_c.cpp.o[0m
[ 63%] [32mBuilding C object CMakeFiles/iw_interfaces__rosidl_typesupport_introspection_c.dir/rosidl_typesupport_introspection_c/iw_interfaces/msg/detail/plane_coordinate__type_support.c.o[0m
[ 64%] [32m[1mLinking CXX shared library libiw_interfaces__rosidl_typesupport_c.so[0m
[ 65%] [32mBuilding CXX object CMakeFiles/iw_interfaces__rosidl_typesupport_fastrtps_c.dir/rosidl_typesupport_fastrtps_c/iw_interfaces/msg/detail/plane_coordinate__type_support_c.cpp.o[0m
[ 65%] Built target iw_interfaces__rosidl_typesupport_cpp
[ 67%] [32mBuilding C object CMakeFiles/iw_interfaces__rosidl_typesupport_introspection_c.dir/rosidl_typesupport_introspection_c/iw_interfaces/msg/detail/area__type_support.c.o[0m
[ 68%] [32mBuilding C object CMakeFiles/iw_interfaces__rosidl_typesupport_introspection_c.dir/rosidl_typesupport_introspection_c/iw_interfaces/msg/detail/terrain__type_support.c.o[0m
[ 69%] [32mBuilding C object CMakeFiles/iw_interfaces__rosidl_typesupport_introspection_c.dir/rosidl_typesupport_introspection_c/iw_interfaces/msg/detail/architecture__type_support.c.o[0m
[ 69%] Built target iw_interfaces__rosidl_typesupport_c
[ 70%] [32mBuilding C object CMakeFiles/iw_interfaces__rosidl_typesupport_introspection_c.dir/rosidl_typesupport_introspection_c/iw_interfaces/msg/detail/prism__type_support.c.o[0m
[ 72%] [32mBuilding CXX object CMakeFiles/iw_interfaces__rosidl_typesupport_fastrtps_c.dir/rosidl_typesupport_fastrtps_c/iw_interfaces/msg/detail/terrain__type_support_c.cpp.o[0m
[ 73%] [32mBuilding CXX object CMakeFiles/iw_interfaces__rosidl_typesupport_fastrtps_c.dir/rosidl_typesupport_fastrtps_c/iw_interfaces/msg/detail/area__type_support_c.cpp.o[0m
[ 74%] [32mBuilding CXX object CMakeFiles/iw_interfaces__rosidl_typesupport_fastrtps_c.dir/rosidl_typesupport_fastrtps_c/iw_interfaces/msg/detail/architecture__type_support_c.cpp.o[0m
[ 75%] [32mBuilding CXX object CMakeFiles/iw_interfaces__rosidl_typesupport_fastrtps_c.dir/rosidl_typesupport_fastrtps_c/iw_interfaces/msg/detail/prism__type_support_c.cpp.o[0m
[ 77%] [32m[1mLinking C shared library libiw_interfaces__rosidl_typesupport_introspection_c.so[0m
[ 77%] Built target iw_interfaces__rosidl_typesupport_introspection_c
[ 78%] [32m[1mLinking CXX shared library libiw_interfaces__rosidl_typesupport_fastrtps_cpp.so[0m
[ 79%] [32m[1mLinking CXX shared library libiw_interfaces__rosidl_typesupport_fastrtps_c.so[0m
[ 81%] [32m[1mLinking CXX shared library libiw_interfaces__rosidl_typesupport_introspection_cpp.so[0m
[ 81%] Built target iw_interfaces__rosidl_typesupport_fastrtps_cpp
[ 81%] Built target iw_interfaces__rosidl_typesupport_fastrtps_c
[ 81%] Built target iw_interfaces__rosidl_typesupport_introspection_cpp
[ 81%] Built target iw_interfaces
[ 82%] [34m[1mGenerating Python code for ROS interfaces[0m
[ 82%] Built target iw_interfaces__py
[ 83%] [32mBuilding C object CMakeFiles/iw_interfaces__rosidl_generator_py.dir/rosidl_generator_py/iw_interfaces/msg/_chessboard_s.c.o[0m
[ 84%] [32mBuilding C object CMakeFiles/iw_interfaces__rosidl_generator_py.dir/rosidl_generator_py/iw_interfaces/msg/_plane_coordinate_s.c.o[0m
[ 86%] [32mBuilding C object CMakeFiles/iw_interfaces__rosidl_generator_py.dir/rosidl_generator_py/iw_interfaces/msg/_robot_s.c.o[0m
[ 87%] [32mBuilding C object CMakeFiles/iw_interfaces__rosidl_generator_py.dir/rosidl_generator_py/iw_interfaces/msg/_terrain_s.c.o[0m
[ 88%] [32mBuilding C object CMakeFiles/iw_interfaces__rosidl_generator_py.dir/rosidl_generator_py/iw_interfaces/msg/_area_s.c.o[0m
[ 89%] [32mBuilding C object CMakeFiles/iw_interfaces__rosidl_generator_py.dir/rosidl_generator_py/iw_interfaces/msg/_prism_s.c.o[0m
[ 91%] [32mBuilding C object CMakeFiles/iw_interfaces__rosidl_generator_py.dir/rosidl_generator_py/iw_interfaces/msg/_architecture_s.c.o[0m
[ 92%] [32m[1mLinking C shared library rosidl_generator_py/iw_interfaces/libiw_interfaces__rosidl_generator_py.so[0m
[ 92%] Built target iw_interfaces__rosidl_generator_py
[ 93%] [32mBuilding C object CMakeFiles/iw_interfaces__rosidl_typesupport_fastrtps_c__pyext.dir/rosidl_generator_py/iw_interfaces/_iw_interfaces_s.ep.rosidl_typesupport_fastrtps_c.c.o[0m
[ 94%] [32mBuilding C object CMakeFiles/iw_interfaces__rosidl_typesupport_c__pyext.dir/rosidl_generator_py/iw_interfaces/_iw_interfaces_s.ep.rosidl_typesupport_c.c.o[0m
[ 96%] [32mBuilding C object CMakeFiles/iw_interfaces__rosidl_typesupport_introspection_c__pyext.dir/rosidl_generator_py/iw_interfaces/_iw_interfaces_s.ep.rosidl_typesupport_introspection_c.c.o[0m
[ 97%] [32m[1mLinking C shared library rosidl_generator_py/iw_interfaces/iw_interfaces_s__rosidl_typesupport_c.cpython-310-x86_64-linux-gnu.so[0m
[ 98%] [32m[1mLinking C shared library rosidl_generator_py/iw_interfaces/iw_interfaces_s__rosidl_typesupport_introspection_c.cpython-310-x86_64-linux-gnu.so[0m
[100%] [32m[1mLinking C shared library rosidl_generator_py/iw_interfaces/iw_interfaces_s__rosidl_typesupport_fastrtps_c.cpython-310-x86_64-linux-gnu.so[0m
[100%] Built target iw_interfaces__rosidl_typesupport_c__pyext
[100%] Built target iw_interfaces__rosidl_typesupport_introspection_c__pyext
[100%] Built target iw_interfaces__rosidl_typesupport_fastrtps_c__pyext
-- Install configuration: ""
-- Installing: /home/ethereal/rm_2025/rm_decision_2025_pb/install/iw_interfaces/share/ament_index/resource_index/rosidl_interfaces/iw_interfaces
-- Installing: /home/ethereal/rm_2025/rm_decision_2025_pb/install/iw_interfaces/include/iw_interfaces/iw_interfaces
-- Installing: /home/ethereal/rm_2025/rm_decision_2025_pb/install/iw_interfaces/include/iw_interfaces/iw_interfaces/msg
-- Installing: /home/ethereal/rm_2025/rm_decision_2025_pb/install/iw_interfaces/include/iw_interfaces/iw_interfaces/msg/architecture.h
-- Installing: /home/ethereal/rm_2025/rm_decision_2025_pb/install/iw_interfaces/include/iw_interfaces/iw_interfaces/msg/chessboard.h
-- Installing: /home/ethereal/rm_2025/rm_decision_2025_pb/install/iw_interfaces/include/iw_interfaces/iw_interfaces/msg/prism.h
-- Installing: /home/ethereal/rm_2025/rm_decision_2025_pb/install/iw_interfaces/include/iw_interfaces/iw_interfaces/msg/detail
-- Installing: /home/ethereal/rm_2025/rm_decision_2025_pb/install/iw_interfaces/include/iw_interfaces/iw_interfaces/msg/detail/robot__type_support.h
-- Installing: /home/ethereal/rm_2025/rm_decision_2025_pb/install/iw_interfaces/include/iw_interfaces/iw_interfaces/msg/detail/prism__type_support.h
-- Installing: /home/ethereal/rm_2025/rm_decision_2025_pb/install/iw_interfaces/include/iw_interfaces/iw_interfaces/msg/detail/architecture__struct.h
-- Installing: /home/ethereal/rm_2025/rm_decision_2025_pb/install/iw_interfaces/include/iw_interfaces/iw_interfaces/msg/detail/plane_coordinate__type_support.h
-- Installing: /home/ethereal/rm_2025/rm_decision_2025_pb/install/iw_interfaces/include/iw_interfaces/iw_interfaces/msg/detail/area__type_support.h
-- Installing: /home/ethereal/rm_2025/rm_decision_2025_pb/install/iw_interfaces/include/iw_interfaces/iw_interfaces/msg/detail/plane_coordinate__functions.h
-- Installing: /home/ethereal/rm_2025/rm_decision_2025_pb/install/iw_interfaces/include/iw_interfaces/iw_interfaces/msg/detail/architecture__functions.h
-- Installing: /home/ethereal/rm_2025/rm_decision_2025_pb/install/iw_interfaces/include/iw_interfaces/iw_interfaces/msg/detail/chessboard__functions.h
-- Installing: /home/ethereal/rm_2025/rm_decision_2025_pb/install/iw_interfaces/include/iw_interfaces/iw_interfaces/msg/detail/prism__functions.c
-- Installing: /home/ethereal/rm_2025/rm_decision_2025_pb/install/iw_interfaces/include/iw_interfaces/iw_interfaces/msg/detail/robot__functions.h
-- Installing: /home/ethereal/rm_2025/rm_decision_2025_pb/install/iw_interfaces/include/iw_interfaces/iw_interfaces/msg/detail/terrain__functions.c
-- Installing: /home/ethereal/rm_2025/rm_decision_2025_pb/install/iw_interfaces/include/iw_interfaces/iw_interfaces/msg/detail/chessboard__functions.c
-- Installing: /home/ethereal/rm_2025/rm_decision_2025_pb/install/iw_interfaces/include/iw_interfaces/iw_interfaces/msg/detail/terrain__struct.h
-- Installing: /home/ethereal/rm_2025/rm_decision_2025_pb/install/iw_interfaces/include/iw_interfaces/iw_interfaces/msg/detail/area__struct.h
-- Installing: /home/ethereal/rm_2025/rm_decision_2025_pb/install/iw_interfaces/include/iw_interfaces/iw_interfaces/msg/detail/area__functions.h
-- Installing: /home/ethereal/rm_2025/rm_decision_2025_pb/install/iw_interfaces/include/iw_interfaces/iw_interfaces/msg/detail/plane_coordinate__functions.c
-- Installing: /home/ethereal/rm_2025/rm_decision_2025_pb/install/iw_interfaces/include/iw_interfaces/iw_interfaces/msg/detail/terrain__functions.h
-- Installing: /home/ethereal/rm_2025/rm_decision_2025_pb/install/iw_interfaces/include/iw_interfaces/iw_interfaces/msg/detail/robot__struct.h
-- Installing: /home/ethereal/rm_2025/rm_decision_2025_pb/install/iw_interfaces/include/iw_interfaces/iw_interfaces/msg/detail/architecture__type_support.h
-- Installing: /home/ethereal/rm_2025/rm_decision_2025_pb/install/iw_interfaces/include/iw_interfaces/iw_interfaces/msg/detail/architecture__functions.c
-- Installing: /home/ethereal/rm_2025/rm_decision_2025_pb/install/iw_interfaces/include/iw_interfaces/iw_interfaces/msg/detail/terrain__type_support.h
-- Installing: /home/ethereal/rm_2025/rm_decision_2025_pb/install/iw_interfaces/include/iw_interfaces/iw_interfaces/msg/detail/chessboard__struct.h
-- Installing: /home/ethereal/rm_2025/rm_decision_2025_pb/install/iw_interfaces/include/iw_interfaces/iw_interfaces/msg/detail/prism__struct.h
-- Installing: /home/ethereal/rm_2025/rm_decision_2025_pb/install/iw_interfaces/include/iw_interfaces/iw_interfaces/msg/detail/prism__functions.h
-- Installing: /home/ethereal/rm_2025/rm_decision_2025_pb/install/iw_interfaces/include/iw_interfaces/iw_interfaces/msg/detail/area__functions.c
-- Installing: /home/ethereal/rm_2025/rm_decision_2025_pb/install/iw_interfaces/include/iw_interfaces/iw_interfaces/msg/detail/plane_coordinate__struct.h
-- Installing: /home/ethereal/rm_2025/rm_decision_2025_pb/install/iw_interfaces/include/iw_interfaces/iw_interfaces/msg/detail/chessboard__type_support.h
-- Installing: /home/ethereal/rm_2025/rm_decision_2025_pb/install/iw_interfaces/include/iw_interfaces/iw_interfaces/msg/detail/robot__functions.c
-- Installing: /home/ethereal/rm_2025/rm_decision_2025_pb/install/iw_interfaces/include/iw_interfaces/iw_interfaces/msg/terrain.h
-- Installing: /home/ethereal/rm_2025/rm_decision_2025_pb/install/iw_interfaces/include/iw_interfaces/iw_interfaces/msg/robot.h
-- Installing: /home/ethereal/rm_2025/rm_decision_2025_pb/install/iw_interfaces/include/iw_interfaces/iw_interfaces/msg/area.h
-- Installing: /home/ethereal/rm_2025/rm_decision_2025_pb/install/iw_interfaces/include/iw_interfaces/iw_interfaces/msg/plane_coordinate.h
-- Installing: /home/ethereal/rm_2025/rm_decision_2025_pb/install/iw_interfaces/include/iw_interfaces/iw_interfaces/msg/rosidl_generator_c__visibility_control.h
-- Installing: /home/ethereal/rm_2025/rm_decision_2025_pb/install/iw_interfaces/share/iw_interfaces/environment/library_path.sh
-- Installing: /home/ethereal/rm_2025/rm_decision_2025_pb/install/iw_interfaces/share/iw_interfaces/environment/library_path.dsv
-- Installing: /home/ethereal/rm_2025/rm_decision_2025_pb/install/iw_interfaces/lib/libiw_interfaces__rosidl_generator_c.so
-- Set runtime path of "/home/ethereal/rm_2025/rm_decision_2025_pb/install/iw_interfaces/lib/libiw_interfaces__rosidl_generator_c.so" to ""
-- Up-to-date: /home/ethereal/rm_2025/rm_decision_2025_pb/install/iw_interfaces/include/iw_interfaces/iw_interfaces
-- Up-to-date: /home/ethereal/rm_2025/rm_decision_2025_pb/install/iw_interfaces/include/iw_interfaces/iw_interfaces/msg
-- Up-to-date: /home/ethereal/rm_2025/rm_decision_2025_pb/install/iw_interfaces/include/iw_interfaces/iw_interfaces/msg/detail
-- Installing: /home/ethereal/rm_2025/rm_decision_2025_pb/install/iw_interfaces/include/iw_interfaces/iw_interfaces/msg/detail/robot__rosidl_typesupport_fastrtps_c.h
-- Installing: /home/ethereal/rm_2025/rm_decision_2025_pb/install/iw_interfaces/include/iw_interfaces/iw_interfaces/msg/detail/terrain__rosidl_typesupport_fastrtps_c.h
-- Installing: /home/ethereal/rm_2025/rm_decision_2025_pb/install/iw_interfaces/include/iw_interfaces/iw_interfaces/msg/detail/chessboard__rosidl_typesupport_fastrtps_c.h
-- Installing: /home/ethereal/rm_2025/rm_decision_2025_pb/install/iw_interfaces/include/iw_interfaces/iw_interfaces/msg/detail/area__rosidl_typesupport_fastrtps_c.h
-- Installing: /home/ethereal/rm_2025/rm_decision_2025_pb/install/iw_interfaces/include/iw_interfaces/iw_interfaces/msg/detail/plane_coordinate__rosidl_typesupport_fastrtps_c.h
-- Installing: /home/ethereal/rm_2025/rm_decision_2025_pb/install/iw_interfaces/include/iw_interfaces/iw_interfaces/msg/detail/architecture__rosidl_typesupport_fastrtps_c.h
-- Installing: /home/ethereal/rm_2025/rm_decision_2025_pb/install/iw_interfaces/include/iw_interfaces/iw_interfaces/msg/detail/prism__rosidl_typesupport_fastrtps_c.h
-- Installing: /home/ethereal/rm_2025/rm_decision_2025_pb/install/iw_interfaces/include/iw_interfaces/iw_interfaces/msg/rosidl_typesupport_fastrtps_c__visibility_control.h
-- Installing: /home/ethereal/rm_2025/rm_decision_2025_pb/install/iw_interfaces/lib/libiw_interfaces__rosidl_typesupport_fastrtps_c.so
-- Set runtime path of "/home/ethereal/rm_2025/rm_decision_2025_pb/install/iw_interfaces/lib/libiw_interfaces__rosidl_typesupport_fastrtps_c.so" to ""
-- Up-to-date: /home/ethereal/rm_2025/rm_decision_2025_pb/install/iw_interfaces/include/iw_interfaces/iw_interfaces
-- Up-to-date: /home/ethereal/rm_2025/rm_decision_2025_pb/install/iw_interfaces/include/iw_interfaces/iw_interfaces/msg
-- Installing: /home/ethereal/rm_2025/rm_decision_2025_pb/install/iw_interfaces/include/iw_interfaces/iw_interfaces/msg/architecture.hpp
-- Installing: /home/ethereal/rm_2025/rm_decision_2025_pb/install/iw_interfaces/include/iw_interfaces/iw_interfaces/msg/chessboard.hpp
-- Installing: /home/ethereal/rm_2025/rm_decision_2025_pb/install/iw_interfaces/include/iw_interfaces/iw_interfaces/msg/plane_coordinate.hpp
-- Up-to-date: /home/ethereal/rm_2025/rm_decision_2025_pb/install/iw_interfaces/include/iw_interfaces/iw_interfaces/msg/detail
-- Installing: /home/ethereal/rm_2025/rm_decision_2025_pb/install/iw_interfaces/include/iw_interfaces/iw_interfaces/msg/detail/architecture__struct.hpp
-- Installing: /home/ethereal/rm_2025/rm_decision_2025_pb/install/iw_interfaces/include/iw_interfaces/iw_interfaces/msg/detail/prism__builder.hpp
-- Installing: /home/ethereal/rm_2025/rm_decision_2025_pb/install/iw_interfaces/include/iw_interfaces/iw_interfaces/msg/detail/area__traits.hpp
-- Installing: /home/ethereal/rm_2025/rm_decision_2025_pb/install/iw_interfaces/include/iw_interfaces/iw_interfaces/msg/detail/plane_coordinate__builder.hpp
-- Installing: /home/ethereal/rm_2025/rm_decision_2025_pb/install/iw_interfaces/include/iw_interfaces/iw_interfaces/msg/detail/area__type_support.hpp
-- Installing: /home/ethereal/rm_2025/rm_decision_2025_pb/install/iw_interfaces/include/iw_interfaces/iw_interfaces/msg/detail/prism__type_support.hpp
-- Installing: /home/ethereal/rm_2025/rm_decision_2025_pb/install/iw_interfaces/include/iw_interfaces/iw_interfaces/msg/detail/robot__type_support.hpp
-- Installing: /home/ethereal/rm_2025/rm_decision_2025_pb/install/iw_interfaces/include/iw_interfaces/iw_interfaces/msg/detail/architecture__builder.hpp
-- Installing: /home/ethereal/rm_2025/rm_decision_2025_pb/install/iw_interfaces/include/iw_interfaces/iw_interfaces/msg/detail/terrain__builder.hpp
-- Installing: /home/ethereal/rm_2025/rm_decision_2025_pb/install/iw_interfaces/include/iw_interfaces/iw_interfaces/msg/detail/architecture__type_support.hpp
-- Installing: /home/ethereal/rm_2025/rm_decision_2025_pb/install/iw_interfaces/include/iw_interfaces/iw_interfaces/msg/detail/plane_coordinate__type_support.hpp
-- Installing: /home/ethereal/rm_2025/rm_decision_2025_pb/install/iw_interfaces/include/iw_interfaces/iw_interfaces/msg/detail/architecture__traits.hpp
-- Installing: /home/ethereal/rm_2025/rm_decision_2025_pb/install/iw_interfaces/include/iw_interfaces/iw_interfaces/msg/detail/chessboard__traits.hpp
-- Installing: /home/ethereal/rm_2025/rm_decision_2025_pb/install/iw_interfaces/include/iw_interfaces/iw_interfaces/msg/detail/plane_coordinate__struct.hpp
-- Installing: /home/ethereal/rm_2025/rm_decision_2025_pb/install/iw_interfaces/include/iw_interfaces/iw_interfaces/msg/detail/chessboard__type_support.hpp
-- Installing: /home/ethereal/rm_2025/rm_decision_2025_pb/install/iw_interfaces/include/iw_interfaces/iw_interfaces/msg/detail/area__builder.hpp
-- Installing: /home/ethereal/rm_2025/rm_decision_2025_pb/install/iw_interfaces/include/iw_interfaces/iw_interfaces/msg/detail/robot__struct.hpp
-- Installing: /home/ethereal/rm_2025/rm_decision_2025_pb/install/iw_interfaces/include/iw_interfaces/iw_interfaces/msg/detail/chessboard__struct.hpp
-- Installing: /home/ethereal/rm_2025/rm_decision_2025_pb/install/iw_interfaces/include/iw_interfaces/iw_interfaces/msg/detail/chessboard__builder.hpp
-- Installing: /home/ethereal/rm_2025/rm_decision_2025_pb/install/iw_interfaces/include/iw_interfaces/iw_interfaces/msg/detail/prism__struct.hpp
-- Installing: /home/ethereal/rm_2025/rm_decision_2025_pb/install/iw_interfaces/include/iw_interfaces/iw_interfaces/msg/detail/plane_coordinate__traits.hpp
-- Installing: /home/ethereal/rm_2025/rm_decision_2025_pb/install/iw_interfaces/include/iw_interfaces/iw_interfaces/msg/detail/terrain__type_support.hpp
-- Installing: /home/ethereal/rm_2025/rm_decision_2025_pb/install/iw_interfaces/include/iw_interfaces/iw_interfaces/msg/detail/terrain__traits.hpp
-- Installing: /home/ethereal/rm_2025/rm_decision_2025_pb/install/iw_interfaces/include/iw_interfaces/iw_interfaces/msg/detail/robot__builder.hpp
-- Installing: /home/ethereal/rm_2025/rm_decision_2025_pb/install/iw_interfaces/include/iw_interfaces/iw_interfaces/msg/detail/area__struct.hpp
-- Installing: /home/ethereal/rm_2025/rm_decision_2025_pb/install/iw_interfaces/include/iw_interfaces/iw_interfaces/msg/detail/robot__traits.hpp
-- Installing: /home/ethereal/rm_2025/rm_decision_2025_pb/install/iw_interfaces/include/iw_interfaces/iw_interfaces/msg/detail/prism__traits.hpp
-- Installing: /home/ethereal/rm_2025/rm_decision_2025_pb/install/iw_interfaces/include/iw_interfaces/iw_interfaces/msg/detail/terrain__struct.hpp
-- Installing: /home/ethereal/rm_2025/rm_decision_2025_pb/install/iw_interfaces/include/iw_interfaces/iw_interfaces/msg/area.hpp
-- Installing: /home/ethereal/rm_2025/rm_decision_2025_pb/install/iw_interfaces/include/iw_interfaces/iw_interfaces/msg/prism.hpp
-- Installing: /home/ethereal/rm_2025/rm_decision_2025_pb/install/iw_interfaces/include/iw_interfaces/iw_interfaces/msg/rosidl_generator_cpp__visibility_control.hpp
-- Installing: /home/ethereal/rm_2025/rm_decision_2025_pb/install/iw_interfaces/include/iw_interfaces/iw_interfaces/msg/robot.hpp
-- Installing: /home/ethereal/rm_2025/rm_decision_2025_pb/install/iw_interfaces/include/iw_interfaces/iw_interfaces/msg/terrain.hpp
-- Up-to-date: /home/ethereal/rm_2025/rm_decision_2025_pb/install/iw_interfaces/include/iw_interfaces/iw_interfaces
-- Up-to-date: /home/ethereal/rm_2025/rm_decision_2025_pb/install/iw_interfaces/include/iw_interfaces/iw_interfaces/msg
-- Up-to-date: /home/ethereal/rm_2025/rm_decision_2025_pb/install/iw_interfaces/include/iw_interfaces/iw_interfaces/msg/detail
-- Installing: /home/ethereal/rm_2025/rm_decision_2025_pb/install/iw_interfaces/include/iw_interfaces/iw_interfaces/msg/detail/chessboard__rosidl_typesupport_fastrtps_cpp.hpp
-- Installing: /home/ethereal/rm_2025/rm_decision_2025_pb/install/iw_interfaces/include/iw_interfaces/iw_interfaces/msg/detail/prism__rosidl_typesupport_fastrtps_cpp.hpp
-- Installing: /home/ethereal/rm_2025/rm_decision_2025_pb/install/iw_interfaces/include/iw_interfaces/iw_interfaces/msg/detail/terrain__rosidl_typesupport_fastrtps_cpp.hpp
-- Installing: /home/ethereal/rm_2025/rm_decision_2025_pb/install/iw_interfaces/include/iw_interfaces/iw_interfaces/msg/detail/plane_coordinate__rosidl_typesupport_fastrtps_cpp.hpp
-- Installing: /home/ethereal/rm_2025/rm_decision_2025_pb/install/iw_interfaces/include/iw_interfaces/iw_interfaces/msg/detail/dds_fastrtps
-- Installing: /home/ethereal/rm_2025/rm_decision_2025_pb/install/iw_interfaces/include/iw_interfaces/iw_interfaces/msg/detail/area__rosidl_typesupport_fastrtps_cpp.hpp
-- Installing: /home/ethereal/rm_2025/rm_decision_2025_pb/install/iw_interfaces/include/iw_interfaces/iw_interfaces/msg/detail/robot__rosidl_typesupport_fastrtps_cpp.hpp
-- Installing: /home/ethereal/rm_2025/rm_decision_2025_pb/install/iw_interfaces/include/iw_interfaces/iw_interfaces/msg/detail/architecture__rosidl_typesupport_fastrtps_cpp.hpp
-- Installing: /home/ethereal/rm_2025/rm_decision_2025_pb/install/iw_interfaces/include/iw_interfaces/iw_interfaces/msg/rosidl_typesupport_fastrtps_cpp__visibility_control.h
-- Installing: /home/ethereal/rm_2025/rm_decision_2025_pb/install/iw_interfaces/lib/libiw_interfaces__rosidl_typesupport_fastrtps_cpp.so
-- Set runtime path of "/home/ethereal/rm_2025/rm_decision_2025_pb/install/iw_interfaces/lib/libiw_interfaces__rosidl_typesupport_fastrtps_cpp.so" to ""
-- Up-to-date: /home/ethereal/rm_2025/rm_decision_2025_pb/install/iw_interfaces/include/iw_interfaces/iw_interfaces
-- Up-to-date: /home/ethereal/rm_2025/rm_decision_2025_pb/install/iw_interfaces/include/iw_interfaces/iw_interfaces/msg
-- Up-to-date: /home/ethereal/rm_2025/rm_decision_2025_pb/install/iw_interfaces/include/iw_interfaces/iw_interfaces/msg/detail
-- Installing: /home/ethereal/rm_2025/rm_decision_2025_pb/install/iw_interfaces/include/iw_interfaces/iw_interfaces/msg/detail/chessboard__type_support.c
-- Installing: /home/ethereal/rm_2025/rm_decision_2025_pb/install/iw_interfaces/include/iw_interfaces/iw_interfaces/msg/detail/architecture__rosidl_typesupport_introspection_c.h
-- Installing: /home/ethereal/rm_2025/rm_decision_2025_pb/install/iw_interfaces/include/iw_interfaces/iw_interfaces/msg/detail/plane_coordinate__rosidl_typesupport_introspection_c.h
-- Installing: /home/ethereal/rm_2025/rm_decision_2025_pb/install/iw_interfaces/include/iw_interfaces/iw_interfaces/msg/detail/area__type_support.c
-- Installing: /home/ethereal/rm_2025/rm_decision_2025_pb/install/iw_interfaces/include/iw_interfaces/iw_interfaces/msg/detail/chessboard__rosidl_typesupport_introspection_c.h
-- Installing: /home/ethereal/rm_2025/rm_decision_2025_pb/install/iw_interfaces/include/iw_interfaces/iw_interfaces/msg/detail/prism__rosidl_typesupport_introspection_c.h
-- Installing: /home/ethereal/rm_2025/rm_decision_2025_pb/install/iw_interfaces/include/iw_interfaces/iw_interfaces/msg/detail/robot__type_support.c
-- Installing: /home/ethereal/rm_2025/rm_decision_2025_pb/install/iw_interfaces/include/iw_interfaces/iw_interfaces/msg/detail/terrain__type_support.c
-- Installing: /home/ethereal/rm_2025/rm_decision_2025_pb/install/iw_interfaces/include/iw_interfaces/iw_interfaces/msg/detail/architecture__type_support.c
-- Installing: /home/ethereal/rm_2025/rm_decision_2025_pb/install/iw_interfaces/include/iw_interfaces/iw_interfaces/msg/detail/terrain__rosidl_typesupport_introspection_c.h
-- Installing: /home/ethereal/rm_2025/rm_decision_2025_pb/install/iw_interfaces/include/iw_interfaces/iw_interfaces/msg/detail/prism__type_support.c
-- Installing: /home/ethereal/rm_2025/rm_decision_2025_pb/install/iw_interfaces/include/iw_interfaces/iw_interfaces/msg/detail/area__rosidl_typesupport_introspection_c.h
-- Installing: /home/ethereal/rm_2025/rm_decision_2025_pb/install/iw_interfaces/include/iw_interfaces/iw_interfaces/msg/detail/plane_coordinate__type_support.c
-- Installing: /home/ethereal/rm_2025/rm_decision_2025_pb/install/iw_interfaces/include/iw_interfaces/iw_interfaces/msg/detail/robot__rosidl_typesupport_introspection_c.h
-- Installing: /home/ethereal/rm_2025/rm_decision_2025_pb/install/iw_interfaces/include/iw_interfaces/iw_interfaces/msg/rosidl_typesupport_introspection_c__visibility_control.h
-- Installing: /home/ethereal/rm_2025/rm_decision_2025_pb/install/iw_interfaces/lib/libiw_interfaces__rosidl_typesupport_introspection_c.so
-- Set runtime path of "/home/ethereal/rm_2025/rm_decision_2025_pb/install/iw_interfaces/lib/libiw_interfaces__rosidl_typesupport_introspection_c.so" to ""
-- Installing: /home/ethereal/rm_2025/rm_decision_2025_pb/install/iw_interfaces/lib/libiw_interfaces__rosidl_typesupport_c.so
-- Set runtime path of "/home/ethereal/rm_2025/rm_decision_2025_pb/install/iw_interfaces/lib/libiw_interfaces__rosidl_typesupport_c.so" to ""
-- Up-to-date: /home/ethereal/rm_2025/rm_decision_2025_pb/install/iw_interfaces/include/iw_interfaces/iw_interfaces
-- Up-to-date: /home/ethereal/rm_2025/rm_decision_2025_pb/install/iw_interfaces/include/iw_interfaces/iw_interfaces/msg
-- Up-to-date: /home/ethereal/rm_2025/rm_decision_2025_pb/install/iw_interfaces/include/iw_interfaces/iw_interfaces/msg/detail
-- Installing: /home/ethereal/rm_2025/rm_decision_2025_pb/install/iw_interfaces/include/iw_interfaces/iw_interfaces/msg/detail/architecture__rosidl_typesupport_introspection_cpp.hpp
-- Installing: /home/ethereal/rm_2025/rm_decision_2025_pb/install/iw_interfaces/include/iw_interfaces/iw_interfaces/msg/detail/prism__rosidl_typesupport_introspection_cpp.hpp
-- Installing: /home/ethereal/rm_2025/rm_decision_2025_pb/install/iw_interfaces/include/iw_interfaces/iw_interfaces/msg/detail/plane_coordinate__rosidl_typesupport_introspection_cpp.hpp
-- Installing: /home/ethereal/rm_2025/rm_decision_2025_pb/install/iw_interfaces/include/iw_interfaces/iw_interfaces/msg/detail/plane_coordinate__type_support.cpp
-- Installing: /home/ethereal/rm_2025/rm_decision_2025_pb/install/iw_interfaces/include/iw_interfaces/iw_interfaces/msg/detail/robot__type_support.cpp
-- Installing: /home/ethereal/rm_2025/rm_decision_2025_pb/install/iw_interfaces/include/iw_interfaces/iw_interfaces/msg/detail/architecture__type_support.cpp
-- Installing: /home/ethereal/rm_2025/rm_decision_2025_pb/install/iw_interfaces/include/iw_interfaces/iw_interfaces/msg/detail/robot__rosidl_typesupport_introspection_cpp.hpp
-- Installing: /home/ethereal/rm_2025/rm_decision_2025_pb/install/iw_interfaces/include/iw_interfaces/iw_interfaces/msg/detail/chessboard__rosidl_typesupport_introspection_cpp.hpp
-- Installing: /home/ethereal/rm_2025/rm_decision_2025_pb/install/iw_interfaces/include/iw_interfaces/iw_interfaces/msg/detail/area__rosidl_typesupport_introspection_cpp.hpp
-- Installing: /home/ethereal/rm_2025/rm_decision_2025_pb/install/iw_interfaces/include/iw_interfaces/iw_interfaces/msg/detail/prism__type_support.cpp
-- Installing: /home/ethereal/rm_2025/rm_decision_2025_pb/install/iw_interfaces/include/iw_interfaces/iw_interfaces/msg/detail/area__type_support.cpp
-- Installing: /home/ethereal/rm_2025/rm_decision_2025_pb/install/iw_interfaces/include/iw_interfaces/iw_interfaces/msg/detail/terrain__type_support.cpp
-- Installing: /home/ethereal/rm_2025/rm_decision_2025_pb/install/iw_interfaces/include/iw_interfaces/iw_interfaces/msg/detail/terrain__rosidl_typesupport_introspection_cpp.hpp
-- Installing: /home/ethereal/rm_2025/rm_decision_2025_pb/install/iw_interfaces/include/iw_interfaces/iw_interfaces/msg/detail/chessboard__type_support.cpp
-- Installing: /home/ethereal/rm_2025/rm_decision_2025_pb/install/iw_interfaces/lib/libiw_interfaces__rosidl_typesupport_introspection_cpp.so
-- Set runtime path of "/home/ethereal/rm_2025/rm_decision_2025_pb/install/iw_interfaces/lib/libiw_interfaces__rosidl_typesupport_introspection_cpp.so" to ""
-- Installing: /home/ethereal/rm_2025/rm_decision_2025_pb/install/iw_interfaces/lib/libiw_interfaces__rosidl_typesupport_cpp.so
-- Set runtime path of "/home/ethereal/rm_2025/rm_decision_2025_pb/install/iw_interfaces/lib/libiw_interfaces__rosidl_typesupport_cpp.so" to ""
-- Installing: /home/ethereal/rm_2025/rm_decision_2025_pb/install/iw_interfaces/share/iw_interfaces/environment/pythonpath.sh
-- Installing: /home/ethereal/rm_2025/rm_decision_2025_pb/install/iw_interfaces/share/iw_interfaces/environment/pythonpath.dsv
-- Installing: /home/ethereal/rm_2025/rm_decision_2025_pb/install/iw_interfaces/local/lib/python3.10/dist-packages/iw_interfaces-0.0.0-py3.10.egg-info
-- Installing: /home/ethereal/rm_2025/rm_decision_2025_pb/install/iw_interfaces/local/lib/python3.10/dist-packages/iw_interfaces-0.0.0-py3.10.egg-info/SOURCES.txt
-- Installing: /home/ethereal/rm_2025/rm_decision_2025_pb/install/iw_interfaces/local/lib/python3.10/dist-packages/iw_interfaces-0.0.0-py3.10.egg-info/top_level.txt
-- Installing: /home/ethereal/rm_2025/rm_decision_2025_pb/install/iw_interfaces/local/lib/python3.10/dist-packages/iw_interfaces-0.0.0-py3.10.egg-info/dependency_links.txt
-- Installing: /home/ethereal/rm_2025/rm_decision_2025_pb/install/iw_interfaces/local/lib/python3.10/dist-packages/iw_interfaces-0.0.0-py3.10.egg-info/PKG-INFO
-- Installing: /home/ethereal/rm_2025/rm_decision_2025_pb/install/iw_interfaces/local/lib/python3.10/dist-packages/iw_interfaces
-- Installing: /home/ethereal/rm_2025/rm_decision_2025_pb/install/iw_interfaces/local/lib/python3.10/dist-packages/iw_interfaces/msg
-- Installing: /home/ethereal/rm_2025/rm_decision_2025_pb/install/iw_interfaces/local/lib/python3.10/dist-packages/iw_interfaces/msg/_plane_coordinate.py
-- Installing: /home/ethereal/rm_2025/rm_decision_2025_pb/install/iw_interfaces/local/lib/python3.10/dist-packages/iw_interfaces/msg/_plane_coordinate_s.c
-- Installing: /home/ethereal/rm_2025/rm_decision_2025_pb/install/iw_interfaces/local/lib/python3.10/dist-packages/iw_interfaces/msg/_prism.py
-- Installing: /home/ethereal/rm_2025/rm_decision_2025_pb/install/iw_interfaces/local/lib/python3.10/dist-packages/iw_interfaces/msg/_chessboard_s.c
-- Installing: /home/ethereal/rm_2025/rm_decision_2025_pb/install/iw_interfaces/local/lib/python3.10/dist-packages/iw_interfaces/msg/_terrain.py
-- Installing: /home/ethereal/rm_2025/rm_decision_2025_pb/install/iw_interfaces/local/lib/python3.10/dist-packages/iw_interfaces/msg/_area_s.c
-- Installing: /home/ethereal/rm_2025/rm_decision_2025_pb/install/iw_interfaces/local/lib/python3.10/dist-packages/iw_interfaces/msg/_robot_s.c
-- Installing: /home/ethereal/rm_2025/rm_decision_2025_pb/install/iw_interfaces/local/lib/python3.10/dist-packages/iw_interfaces/msg/_chessboard.py
-- Installing: /home/ethereal/rm_2025/rm_decision_2025_pb/install/iw_interfaces/local/lib/python3.10/dist-packages/iw_interfaces/msg/_terrain_s.c
-- Installing: /home/ethereal/rm_2025/rm_decision_2025_pb/install/iw_interfaces/local/lib/python3.10/dist-packages/iw_interfaces/msg/_architecture.py
-- Installing: /home/ethereal/rm_2025/rm_decision_2025_pb/install/iw_interfaces/local/lib/python3.10/dist-packages/iw_interfaces/msg/_robot.py
-- Installing: /home/ethereal/rm_2025/rm_decision_2025_pb/install/iw_interfaces/local/lib/python3.10/dist-packages/iw_interfaces/msg/_area.py
-- Installing: /home/ethereal/rm_2025/rm_decision_2025_pb/install/iw_interfaces/local/lib/python3.10/dist-packages/iw_interfaces/msg/_prism_s.c
-- Installing: /home/ethereal/rm_2025/rm_decision_2025_pb/install/iw_interfaces/local/lib/python3.10/dist-packages/iw_interfaces/msg/_architecture_s.c
-- Installing: /home/ethereal/rm_2025/rm_decision_2025_pb/install/iw_interfaces/local/lib/python3.10/dist-packages/iw_interfaces/msg/__init__.py
-- Installing: /home/ethereal/rm_2025/rm_decision_2025_pb/install/iw_interfaces/local/lib/python3.10/dist-packages/iw_interfaces/iw_interfaces_s__rosidl_typesupport_fastrtps_c.cpython-310-x86_64-linux-gnu.so
-- Installing: /home/ethereal/rm_2025/rm_decision_2025_pb/install/iw_interfaces/local/lib/python3.10/dist-packages/iw_interfaces/libiw_interfaces__rosidl_generator_py.so
-- Installing: /home/ethereal/rm_2025/rm_decision_2025_pb/install/iw_interfaces/local/lib/python3.10/dist-packages/iw_interfaces/_iw_interfaces_s.ep.rosidl_typesupport_fastrtps_c.c
-- Installing: /home/ethereal/rm_2025/rm_decision_2025_pb/install/iw_interfaces/local/lib/python3.10/dist-packages/iw_interfaces/_iw_interfaces_s.ep.rosidl_typesupport_c.c
-- Installing: /home/ethereal/rm_2025/rm_decision_2025_pb/install/iw_interfaces/local/lib/python3.10/dist-packages/iw_interfaces/iw_interfaces_s__rosidl_typesupport_introspection_c.cpython-310-x86_64-linux-gnu.so
-- Installing: /home/ethereal/rm_2025/rm_decision_2025_pb/install/iw_interfaces/local/lib/python3.10/dist-packages/iw_interfaces/iw_interfaces_s__rosidl_typesupport_c.cpython-310-x86_64-linux-gnu.so
-- Installing: /home/ethereal/rm_2025/rm_decision_2025_pb/install/iw_interfaces/local/lib/python3.10/dist-packages/iw_interfaces/_iw_interfaces_s.ep.rosidl_typesupport_introspection_c.c
-- Installing: /home/ethereal/rm_2025/rm_decision_2025_pb/install/iw_interfaces/local/lib/python3.10/dist-packages/iw_interfaces/__init__.py
Listing '/home/ethereal/rm_2025/rm_decision_2025_pb/install/iw_interfaces/local/lib/python3.10/dist-packages/iw_interfaces'...
Compiling '/home/ethereal/rm_2025/rm_decision_2025_pb/install/iw_interfaces/local/lib/python3.10/dist-packages/iw_interfaces/__init__.py'...
Listing '/home/ethereal/rm_2025/rm_decision_2025_pb/install/iw_interfaces/local/lib/python3.10/dist-packages/iw_interfaces/msg'...
Compiling '/home/ethereal/rm_2025/rm_decision_2025_pb/install/iw_interfaces/local/lib/python3.10/dist-packages/iw_interfaces/msg/__init__.py'...
Compiling '/home/ethereal/rm_2025/rm_decision_2025_pb/install/iw_interfaces/local/lib/python3.10/dist-packages/iw_interfaces/msg/_architecture.py'...
Compiling '/home/ethereal/rm_2025/rm_decision_2025_pb/install/iw_interfaces/local/lib/python3.10/dist-packages/iw_interfaces/msg/_area.py'...
Compiling '/home/ethereal/rm_2025/rm_decision_2025_pb/install/iw_interfaces/local/lib/python3.10/dist-packages/iw_interfaces/msg/_chessboard.py'...
Compiling '/home/ethereal/rm_2025/rm_decision_2025_pb/install/iw_interfaces/local/lib/python3.10/dist-packages/iw_interfaces/msg/_plane_coordinate.py'...
Compiling '/home/ethereal/rm_2025/rm_decision_2025_pb/install/iw_interfaces/local/lib/python3.10/dist-packages/iw_interfaces/msg/_prism.py'...
Compiling '/home/ethereal/rm_2025/rm_decision_2025_pb/install/iw_interfaces/local/lib/python3.10/dist-packages/iw_interfaces/msg/_robot.py'...
Compiling '/home/ethereal/rm_2025/rm_decision_2025_pb/install/iw_interfaces/local/lib/python3.10/dist-packages/iw_interfaces/msg/_terrain.py'...
-- Installing: /home/ethereal/rm_2025/rm_decision_2025_pb/install/iw_interfaces/local/lib/python3.10/dist-packages/iw_interfaces/iw_interfaces_s__rosidl_typesupport_fastrtps_c.cpython-310-x86_64-linux-gnu.so
-- Set runtime path of "/home/ethereal/rm_2025/rm_decision_2025_pb/install/iw_interfaces/local/lib/python3.10/dist-packages/iw_interfaces/iw_interfaces_s__rosidl_typesupport_fastrtps_c.cpython-310-x86_64-linux-gnu.so" to ""
-- Installing: /home/ethereal/rm_2025/rm_decision_2025_pb/install/iw_interfaces/local/lib/python3.10/dist-packages/iw_interfaces/iw_interfaces_s__rosidl_typesupport_introspection_c.cpython-310-x86_64-linux-gnu.so
-- Set runtime path of "/home/ethereal/rm_2025/rm_decision_2025_pb/install/iw_interfaces/local/lib/python3.10/dist-packages/iw_interfaces/iw_interfaces_s__rosidl_typesupport_introspection_c.cpython-310-x86_64-linux-gnu.so" to ""
-- Installing: /home/ethereal/rm_2025/rm_decision_2025_pb/install/iw_interfaces/local/lib/python3.10/dist-packages/iw_interfaces/iw_interfaces_s__rosidl_typesupport_c.cpython-310-x86_64-linux-gnu.so
-- Set runtime path of "/home/ethereal/rm_2025/rm_decision_2025_pb/install/iw_interfaces/local/lib/python3.10/dist-packages/iw_interfaces/iw_interfaces_s__rosidl_typesupport_c.cpython-310-x86_64-linux-gnu.so" to ""
-- Installing: /home/ethereal/rm_2025/rm_decision_2025_pb/install/iw_interfaces/lib/libiw_interfaces__rosidl_generator_py.so
-- Set runtime path of "/home/ethereal/rm_2025/rm_decision_2025_pb/install/iw_interfaces/lib/libiw_interfaces__rosidl_generator_py.so" to ""
-- Installing: /home/ethereal/rm_2025/rm_decision_2025_pb/install/iw_interfaces/share/iw_interfaces/msg/Chessboard.idl
-- Installing: /home/ethereal/rm_2025/rm_decision_2025_pb/install/iw_interfaces/share/iw_interfaces/msg/Robot.idl
-- Installing: /home/ethereal/rm_2025/rm_decision_2025_pb/install/iw_interfaces/share/iw_interfaces/msg/PlaneCoordinate.idl
-- Installing: /home/ethereal/rm_2025/rm_decision_2025_pb/install/iw_interfaces/share/iw_interfaces/msg/Area.idl
-- Installing: /home/ethereal/rm_2025/rm_decision_2025_pb/install/iw_interfaces/share/iw_interfaces/msg/Terrain.idl
-- Installing: /home/ethereal/rm_2025/rm_decision_2025_pb/install/iw_interfaces/share/iw_interfaces/msg/Architecture.idl
-- Installing: /home/ethereal/rm_2025/rm_decision_2025_pb/install/iw_interfaces/share/iw_interfaces/msg/Prism.idl
-- Installing: /home/ethereal/rm_2025/rm_decision_2025_pb/install/iw_interfaces/share/iw_interfaces/msg/Chessboard.msg
-- Installing: /home/ethereal/rm_2025/rm_decision_2025_pb/install/iw_interfaces/share/iw_interfaces/msg/Robot.msg
-- Installing: /home/ethereal/rm_2025/rm_decision_2025_pb/install/iw_interfaces/share/iw_interfaces/msg/PlaneCoordinate.msg
-- Installing: /home/ethereal/rm_2025/rm_decision_2025_pb/install/iw_interfaces/share/iw_interfaces/msg/Area.msg
-- Installing: /home/ethereal/rm_2025/rm_decision_2025_pb/install/iw_interfaces/share/iw_interfaces/msg/Terrain.msg
-- Installing: /home/ethereal/rm_2025/rm_decision_2025_pb/install/iw_interfaces/share/iw_interfaces/msg/Architecture.msg
-- Installing: /home/ethereal/rm_2025/rm_decision_2025_pb/install/iw_interfaces/share/iw_interfaces/msg/Prism.msg
-- Installing: /home/ethereal/rm_2025/rm_decision_2025_pb/install/iw_interfaces/share/ament_index/resource_index/package_run_dependencies/iw_interfaces
-- Installing: /home/ethereal/rm_2025/rm_decision_2025_pb/install/iw_interfaces/share/ament_index/resource_index/parent_prefix_path/iw_interfaces
-- Installing: /home/ethereal/rm_2025/rm_decision_2025_pb/install/iw_interfaces/share/iw_interfaces/environment/ament_prefix_path.sh
-- Installing: /home/ethereal/rm_2025/rm_decision_2025_pb/install/iw_interfaces/share/iw_interfaces/environment/ament_prefix_path.dsv
-- Installing: /home/ethereal/rm_2025/rm_decision_2025_pb/install/iw_interfaces/share/iw_interfaces/environment/path.sh
-- Installing: /home/ethereal/rm_2025/rm_decision_2025_pb/install/iw_interfaces/share/iw_interfaces/environment/path.dsv
-- Installing: /home/ethereal/rm_2025/rm_decision_2025_pb/install/iw_interfaces/share/iw_interfaces/local_setup.bash
-- Installing: /home/ethereal/rm_2025/rm_decision_2025_pb/install/iw_interfaces/share/iw_interfaces/local_setup.sh
-- Installing: /home/ethereal/rm_2025/rm_decision_2025_pb/install/iw_interfaces/share/iw_interfaces/local_setup.zsh
-- Installing: /home/ethereal/rm_2025/rm_decision_2025_pb/install/iw_interfaces/share/iw_interfaces/local_setup.dsv
-- Installing: /home/ethereal/rm_2025/rm_decision_2025_pb/install/iw_interfaces/share/iw_interfaces/package.dsv
-- Installing: /home/ethereal/rm_2025/rm_decision_2025_pb/install/iw_interfaces/share/ament_index/resource_index/packages/iw_interfaces
-- Installing: /home/ethereal/rm_2025/rm_decision_2025_pb/install/iw_interfaces/share/iw_interfaces/cmake/export_iw_interfaces__rosidl_generator_cExport.cmake
-- Installing: /home/ethereal/rm_2025/rm_decision_2025_pb/install/iw_interfaces/share/iw_interfaces/cmake/export_iw_interfaces__rosidl_generator_cExport-noconfig.cmake
-- Installing: /home/ethereal/rm_2025/rm_decision_2025_pb/install/iw_interfaces/share/iw_interfaces/cmake/export_iw_interfaces__rosidl_typesupport_fastrtps_cExport.cmake
-- Installing: /home/ethereal/rm_2025/rm_decision_2025_pb/install/iw_interfaces/share/iw_interfaces/cmake/export_iw_interfaces__rosidl_typesupport_fastrtps_cExport-noconfig.cmake
-- Installing: /home/ethereal/rm_2025/rm_decision_2025_pb/install/iw_interfaces/share/iw_interfaces/cmake/export_iw_interfaces__rosidl_generator_cppExport.cmake
-- Installing: /home/ethereal/rm_2025/rm_decision_2025_pb/install/iw_interfaces/share/iw_interfaces/cmake/export_iw_interfaces__rosidl_typesupport_fastrtps_cppExport.cmake
-- Installing: /home/ethereal/rm_2025/rm_decision_2025_pb/install/iw_interfaces/share/iw_interfaces/cmake/export_iw_interfaces__rosidl_typesupport_fastrtps_cppExport-noconfig.cmake
-- Installing: /home/ethereal/rm_2025/rm_decision_2025_pb/install/iw_interfaces/share/iw_interfaces/cmake/iw_interfaces__rosidl_typesupport_introspection_cExport.cmake
-- Installing: /home/ethereal/rm_2025/rm_decision_2025_pb/install/iw_interfaces/share/iw_interfaces/cmake/iw_interfaces__rosidl_typesupport_introspection_cExport-noconfig.cmake
-- Installing: /home/ethereal/rm_2025/rm_decision_2025_pb/install/iw_interfaces/share/iw_interfaces/cmake/iw_interfaces__rosidl_typesupport_cExport.cmake
-- Installing: /home/ethereal/rm_2025/rm_decision_2025_pb/install/iw_interfaces/share/iw_interfaces/cmake/iw_interfaces__rosidl_typesupport_cExport-noconfig.cmake
-- Installing: /home/ethereal/rm_2025/rm_decision_2025_pb/install/iw_interfaces/share/iw_interfaces/cmake/iw_interfaces__rosidl_typesupport_introspection_cppExport.cmake
-- Installing: /home/ethereal/rm_2025/rm_decision_2025_pb/install/iw_interfaces/share/iw_interfaces/cmake/iw_interfaces__rosidl_typesupport_introspection_cppExport-noconfig.cmake
-- Installing: /home/ethereal/rm_2025/rm_decision_2025_pb/install/iw_interfaces/share/iw_interfaces/cmake/iw_interfaces__rosidl_typesupport_cppExport.cmake
-- Installing: /home/ethereal/rm_2025/rm_decision_2025_pb/install/iw_interfaces/share/iw_interfaces/cmake/iw_interfaces__rosidl_typesupport_cppExport-noconfig.cmake
-- Installing: /home/ethereal/rm_2025/rm_decision_2025_pb/install/iw_interfaces/share/iw_interfaces/cmake/export_iw_interfaces__rosidl_generator_pyExport.cmake
-- Installing: /home/ethereal/rm_2025/rm_decision_2025_pb/install/iw_interfaces/share/iw_interfaces/cmake/export_iw_interfaces__rosidl_generator_pyExport-noconfig.cmake
-- Installing: /home/ethereal/rm_2025/rm_decision_2025_pb/install/iw_interfaces/share/iw_interfaces/cmake/rosidl_cmake-extras.cmake
-- Installing: /home/ethereal/rm_2025/rm_decision_2025_pb/install/iw_interfaces/share/iw_interfaces/cmake/ament_cmake_export_dependencies-extras.cmake
-- Installing: /home/ethereal/rm_2025/rm_decision_2025_pb/install/iw_interfaces/share/iw_interfaces/cmake/ament_cmake_export_include_directories-extras.cmake
-- Installing: /home/ethereal/rm_2025/rm_decision_2025_pb/install/iw_interfaces/share/iw_interfaces/cmake/ament_cmake_export_libraries-extras.cmake
-- Installing: /home/ethereal/rm_2025/rm_decision_2025_pb/install/iw_interfaces/share/iw_interfaces/cmake/ament_cmake_export_targets-extras.cmake
-- Installing: /home/ethereal/rm_2025/rm_decision_2025_pb/install/iw_interfaces/share/iw_interfaces/cmake/rosidl_cmake_export_typesupport_targets-extras.cmake
-- Installing: /home/ethereal/rm_2025/rm_decision_2025_pb/install/iw_interfaces/share/iw_interfaces/cmake/rosidl_cmake_export_typesupport_libraries-extras.cmake
-- Installing: /home/ethereal/rm_2025/rm_decision_2025_pb/install/iw_interfaces/share/iw_interfaces/cmake/iw_interfacesConfig.cmake
-- Installing: /home/ethereal/rm_2025/rm_decision_2025_pb/install/iw_interfaces/share/iw_interfaces/cmake/iw_interfacesConfig-version.cmake
-- Installing: /home/ethereal/rm_2025/rm_decision_2025_pb/install/iw_interfaces/share/iw_interfaces/package.xml
