[0.026s] Invoking command in '/home/ethereal/rm_2025/rm_decision_2025_pb/build/iw_interfaces': CMAKE_PREFIX_PATH=/opt/ros/humble PS1=\[\e[1;32m\]\u@\h\[\e[0m\]:\[\e[1;34m\]\w\[\e[0m\]\$ /usr/bin/cmake /home/ethereal/rm_2025/rm_decision_2025_pb/src/State Level/iw_interfaces -DCMAKE_INSTALL_PREFIX=/home/ethereal/rm_2025/rm_decision_2025_pb/install/iw_interfaces
[0.137s] -- The C compiler identification is GNU 11.4.0
[0.189s] -- The CXX compiler identification is GNU 11.4.0
[0.200s] -- Detecting C compiler ABI info
[0.254s] -- Detecting C compiler ABI info - done
[0.259s] -- Check for working C compiler: /usr/bin/cc - skipped
[0.261s] -- Detecting C compile features
[0.262s] -- Detecting C compile features - done
[0.265s] -- Detecting CXX compiler ABI info
[0.328s] -- Detecting CXX compiler ABI info - done
[0.337s] -- Check for working CXX compiler: /usr/bin/c++ - skipped
[0.337s] -- Detecting CXX compile features
[0.338s] -- Detecting CXX compile features - done
[0.342s] -- Found ament_cmake: 1.3.11 (/opt/ros/humble/share/ament_cmake/cmake)
[0.479s] -- Found Python3: /usr/bin/python3 (found version "3.10.12") found components: Interpreter 
[0.586s] -- Found rclcpp: 16.0.11 (/opt/ros/humble/share/rclcpp/cmake)
[0.638s] -- Found rosidl_generator_c: 3.1.6 (/opt/ros/humble/share/rosidl_generator_c/cmake)
[0.642s] -- Found rosidl_adapter: 3.1.6 (/opt/ros/humble/share/rosidl_adapter/cmake)
[0.651s] -- Found rosidl_generator_cpp: 3.1.6 (/opt/ros/humble/share/rosidl_generator_cpp/cmake)
[0.666s] -- Using all available rosidl_typesupport_c: rosidl_typesupport_fastrtps_c;rosidl_typesupport_introspection_c
[0.678s] -- Using all available rosidl_typesupport_cpp: rosidl_typesupport_fastrtps_cpp;rosidl_typesupport_introspection_cpp
[0.744s] -- Found rmw_implementation_cmake: 6.1.2 (/opt/ros/humble/share/rmw_implementation_cmake/cmake)
[0.749s] -- Found rmw_fastrtps_cpp: 6.2.7 (/opt/ros/humble/share/rmw_fastrtps_cpp/cmake)
[0.840s] -- Found OpenSSL: /usr/lib/x86_64-linux-gnu/libcrypto.so (found version "3.0.2")  
[0.865s] -- Found FastRTPS: /opt/ros/humble/include  
[0.902s] -- Using RMW implementation 'rmw_fastrtps_cpp' as default
[0.915s] -- Looking for pthread.h
[0.966s] -- Looking for pthread.h - found
[0.966s] -- Performing Test CMAKE_HAVE_LIBC_PTHREAD
[1.024s] -- Performing Test CMAKE_HAVE_LIBC_PTHREAD - Success
[1.025s] -- Found Threads: TRUE  
[1.094s] -- Found geometry_msgs: 4.2.4 (/opt/ros/humble/share/geometry_msgs/cmake)
[1.105s] -- Found rosidl_default_generators: 1.2.0 (/opt/ros/humble/share/rosidl_default_generators/cmake)
[1.395s] -- Found ament_cmake_ros: 0.10.0 (/opt/ros/humble/share/ament_cmake_ros/cmake)
[1.799s] -- Using all available rosidl_typesupport_c: rosidl_typesupport_fastrtps_c;rosidl_typesupport_introspection_c
[2.048s] -- Using all available rosidl_typesupport_cpp: rosidl_typesupport_fastrtps_cpp;rosidl_typesupport_introspection_cpp
[2.083s] -- Found PythonInterp: /usr/bin/python3 (found suitable version "3.10.12", minimum required is "3.6") 
[2.085s] -- Found python_cmake_module: 0.10.0 (/opt/ros/humble/share/python_cmake_module/cmake)
[2.123s] -- Found PythonLibs: /usr/lib/x86_64-linux-gnu/libpython3.10.so (found suitable version "3.10.12", minimum required is "3.5") 
[2.124s] -- Using PYTHON_EXECUTABLE: /usr/bin/python3
[2.124s] -- Using PYTHON_INCLUDE_DIRS: /usr/include/python3.10
[2.124s] -- Using PYTHON_LIBRARIES: /usr/lib/x86_64-linux-gnu/libpython3.10.so
[2.157s] -- Found PythonExtra: .so  
[2.248s] -- Found ament_lint_auto: 0.12.11 (/opt/ros/humble/share/ament_lint_auto/cmake)
[2.275s] -- Added test 'lint_cmake' to check CMake code style
[2.277s] -- Added test 'xmllint' to check XML markup files
[2.281s] -- Configuring done
[2.388s] -- Generating done
[2.409s] -- Build files have been written to: /home/ethereal/rm_2025/rm_decision_2025_pb/build/iw_interfaces
[2.426s] Invoked command in '/home/ethereal/rm_2025/rm_decision_2025_pb/build/iw_interfaces' returned '0': CMAKE_PREFIX_PATH=/opt/ros/humble PS1=\[\e[1;32m\]\u@\h\[\e[0m\]:\[\e[1;34m\]\w\[\e[0m\]\$ /usr/bin/cmake /home/ethereal/rm_2025/rm_decision_2025_pb/src/State Level/iw_interfaces -DCMAKE_INSTALL_PREFIX=/home/ethereal/rm_2025/rm_decision_2025_pb/install/iw_interfaces
[2.428s] Invoking command in '/home/ethereal/rm_2025/rm_decision_2025_pb/build/iw_interfaces': CMAKE_PREFIX_PATH=/opt/ros/humble PS1=\[\e[1;32m\]\u@\h\[\e[0m\]:\[\e[1;34m\]\w\[\e[0m\]\$ /usr/bin/cmake --build /home/ethereal/rm_2025/rm_decision_2025_pb/build/iw_interfaces -- -j20 -l20
[2.477s] [  1%] [34m[1mGenerating C code for ROS interfaces[0m
[2.486s] [  2%] [34m[1mGenerating C++ code for ROS interfaces[0m
[2.495s] [  2%] Built target ament_cmake_python_copy_iw_interfaces
[2.821s] running egg_info
[2.822s] creating iw_interfaces.egg-info
[2.823s] writing iw_interfaces.egg-info/PKG-INFO
[2.823s] writing dependency_links to iw_interfaces.egg-info/dependency_links.txt
[2.823s] writing top-level names to iw_interfaces.egg-info/top_level.txt
[2.824s] writing manifest file 'iw_interfaces.egg-info/SOURCES.txt'
[2.827s] reading manifest file 'iw_interfaces.egg-info/SOURCES.txt'
[2.828s] writing manifest file 'iw_interfaces.egg-info/SOURCES.txt'
[2.869s] [  2%] Built target ament_cmake_python_build_iw_interfaces_egg
[3.694s] [  3%] [32mBuilding C object CMakeFiles/iw_interfaces__rosidl_generator_c.dir/rosidl_generator_c/iw_interfaces/msg/detail/chessboard__functions.c.o[0m
[3.695s] [  5%] [32mBuilding C object CMakeFiles/iw_interfaces__rosidl_generator_c.dir/rosidl_generator_c/iw_interfaces/msg/detail/robot__functions.c.o[0m
[3.703s] [  6%] [32mBuilding C object CMakeFiles/iw_interfaces__rosidl_generator_c.dir/rosidl_generator_c/iw_interfaces/msg/detail/area__functions.c.o[0m
[3.704s] [  7%] [32mBuilding C object CMakeFiles/iw_interfaces__rosidl_generator_c.dir/rosidl_generator_c/iw_interfaces/msg/detail/plane_coordinate__functions.c.o[0m
[3.733s] [  7%] Built target iw_interfaces__cpp
[3.763s] [  8%] [32mBuilding C object CMakeFiles/iw_interfaces__rosidl_generator_c.dir/rosidl_generator_c/iw_interfaces/msg/detail/architecture__functions.c.o[0m
[3.766s] [ 10%] [32mBuilding C object CMakeFiles/iw_interfaces__rosidl_generator_c.dir/rosidl_generator_c/iw_interfaces/msg/detail/terrain__functions.c.o[0m
[3.772s] [ 11%] [34m[1mGenerating C++ type support for eProsima Fast-RTPS[0m
[3.773s] [ 12%] [34m[1mGenerating C++ type support dispatch for ROS interfaces[0m
[3.800s] [ 13%] [34m[1mGenerating C++ introspection for ROS interfaces[0m
[3.810s] [ 15%] [32mBuilding C object CMakeFiles/iw_interfaces__rosidl_generator_c.dir/rosidl_generator_c/iw_interfaces/msg/detail/prism__functions.c.o[0m
[3.957s] [ 16%] [32m[1mLinking C shared library libiw_interfaces__rosidl_generator_c.so[0m
[4.162s] [ 16%] Built target iw_interfaces__rosidl_generator_c
[4.218s] [ 17%] [34m[1mGenerating C type support for eProsima Fast-RTPS[0m
[4.259s] [ 18%] [34m[1mGenerating C introspection for ROS interfaces[0m
[4.273s] [ 20%] [34m[1mGenerating C type support dispatch for ROS interfaces[0m
[5.040s] [ 21%] [32mBuilding CXX object CMakeFiles/iw_interfaces__rosidl_typesupport_cpp.dir/rosidl_typesupport_cpp/iw_interfaces/msg/chessboard__type_support.cpp.o[0m
[5.041s] [ 22%] [32mBuilding CXX object CMakeFiles/iw_interfaces__rosidl_typesupport_cpp.dir/rosidl_typesupport_cpp/iw_interfaces/msg/robot__type_support.cpp.o[0m
[5.061s] [ 24%] [32mBuilding CXX object CMakeFiles/iw_interfaces__rosidl_typesupport_cpp.dir/rosidl_typesupport_cpp/iw_interfaces/msg/plane_coordinate__type_support.cpp.o[0m
[5.087s] [ 25%] [32mBuilding CXX object CMakeFiles/iw_interfaces__rosidl_typesupport_cpp.dir/rosidl_typesupport_cpp/iw_interfaces/msg/area__type_support.cpp.o[0m
[5.140s] [ 26%] [32mBuilding CXX object CMakeFiles/iw_interfaces__rosidl_typesupport_cpp.dir/rosidl_typesupport_cpp/iw_interfaces/msg/terrain__type_support.cpp.o[0m
[5.200s] [ 27%] [32mBuilding CXX object CMakeFiles/iw_interfaces__rosidl_typesupport_cpp.dir/rosidl_typesupport_cpp/iw_interfaces/msg/architecture__type_support.cpp.o[0m
[5.274s] [ 29%] [32mBuilding CXX object CMakeFiles/iw_interfaces__rosidl_typesupport_cpp.dir/rosidl_typesupport_cpp/iw_interfaces/msg/prism__type_support.cpp.o[0m
[5.441s] [ 31%] [32mBuilding CXX object CMakeFiles/iw_interfaces__rosidl_typesupport_fastrtps_cpp.dir/rosidl_typesupport_fastrtps_cpp/iw_interfaces/msg/detail/dds_fastrtps/plane_coordinate__type_support.cpp.o[0m
[5.450s] [ 32%] [32mBuilding CXX object CMakeFiles/iw_interfaces__rosidl_typesupport_fastrtps_cpp.dir/rosidl_typesupport_fastrtps_cpp/iw_interfaces/msg/detail/dds_fastrtps/robot__type_support.cpp.o[0m
[5.461s] [ 32%] [32mBuilding CXX object CMakeFiles/iw_interfaces__rosidl_typesupport_fastrtps_cpp.dir/rosidl_typesupport_fastrtps_cpp/iw_interfaces/msg/detail/dds_fastrtps/chessboard__type_support.cpp.o[0m
[5.483s] [ 35%] [32mBuilding CXX object CMakeFiles/iw_interfaces__rosidl_typesupport_fastrtps_cpp.dir/rosidl_typesupport_fastrtps_cpp/iw_interfaces/msg/detail/dds_fastrtps/terrain__type_support.cpp.o[0m
[5.483s] [ 35%] [32mBuilding CXX object CMakeFiles/iw_interfaces__rosidl_typesupport_fastrtps_cpp.dir/rosidl_typesupport_fastrtps_cpp/iw_interfaces/msg/detail/dds_fastrtps/area__type_support.cpp.o[0m
[5.548s] [ 36%] [32mBuilding CXX object CMakeFiles/iw_interfaces__rosidl_typesupport_introspection_cpp.dir/rosidl_typesupport_introspection_cpp/iw_interfaces/msg/detail/chessboard__type_support.cpp.o[0m
[5.563s] [ 37%] [32mBuilding CXX object CMakeFiles/iw_interfaces__rosidl_typesupport_introspection_cpp.dir/rosidl_typesupport_introspection_cpp/iw_interfaces/msg/detail/robot__type_support.cpp.o[0m
[5.578s] [ 39%] [32mBuilding CXX object CMakeFiles/iw_interfaces__rosidl_typesupport_fastrtps_cpp.dir/rosidl_typesupport_fastrtps_cpp/iw_interfaces/msg/detail/dds_fastrtps/architecture__type_support.cpp.o[0m
[5.586s] [ 40%] [32mBuilding CXX object CMakeFiles/iw_interfaces__rosidl_typesupport_introspection_cpp.dir/rosidl_typesupport_introspection_cpp/iw_interfaces/msg/detail/plane_coordinate__type_support.cpp.o[0m
[5.597s] [ 41%] [32mBuilding CXX object CMakeFiles/iw_interfaces__rosidl_typesupport_fastrtps_cpp.dir/rosidl_typesupport_fastrtps_cpp/iw_interfaces/msg/detail/dds_fastrtps/prism__type_support.cpp.o[0m
[6.018s] [ 43%] [32mBuilding CXX object CMakeFiles/iw_interfaces__rosidl_typesupport_introspection_cpp.dir/rosidl_typesupport_introspection_cpp/iw_interfaces/msg/detail/area__type_support.cpp.o[0m
[6.379s] [ 44%] [32mBuilding CXX object CMakeFiles/iw_interfaces__rosidl_typesupport_introspection_cpp.dir/rosidl_typesupport_introspection_cpp/iw_interfaces/msg/detail/terrain__type_support.cpp.o[0m
[6.421s] [ 45%] [32mBuilding CXX object CMakeFiles/iw_interfaces__rosidl_typesupport_introspection_cpp.dir/rosidl_typesupport_introspection_cpp/iw_interfaces/msg/detail/architecture__type_support.cpp.o[0m
[6.515s] [ 46%] [32mBuilding CXX object CMakeFiles/iw_interfaces__rosidl_typesupport_c.dir/rosidl_typesupport_c/iw_interfaces/msg/chessboard__type_support.cpp.o[0m
[6.555s] [ 48%] [32mBuilding CXX object CMakeFiles/iw_interfaces__rosidl_typesupport_introspection_cpp.dir/rosidl_typesupport_introspection_cpp/iw_interfaces/msg/detail/prism__type_support.cpp.o[0m
[6.581s] [ 49%] [32mBuilding CXX object CMakeFiles/iw_interfaces__rosidl_typesupport_c.dir/rosidl_typesupport_c/iw_interfaces/msg/robot__type_support.cpp.o[0m
[6.660s] [ 50%] [32mBuilding CXX object CMakeFiles/iw_interfaces__rosidl_typesupport_c.dir/rosidl_typesupport_c/iw_interfaces/msg/plane_coordinate__type_support.cpp.o[0m
[6.750s] [ 51%] [32mBuilding CXX object CMakeFiles/iw_interfaces__rosidl_typesupport_c.dir/rosidl_typesupport_c/iw_interfaces/msg/area__type_support.cpp.o[0m
[6.949s] [ 53%] [32mBuilding CXX object CMakeFiles/iw_interfaces__rosidl_typesupport_c.dir/rosidl_typesupport_c/iw_interfaces/msg/terrain__type_support.cpp.o[0m
[6.961s] [ 54%] [32mBuilding CXX object CMakeFiles/iw_interfaces__rosidl_typesupport_c.dir/rosidl_typesupport_c/iw_interfaces/msg/architecture__type_support.cpp.o[0m
[7.031s] [ 55%] [32mBuilding CXX object CMakeFiles/iw_interfaces__rosidl_typesupport_c.dir/rosidl_typesupport_c/iw_interfaces/msg/prism__type_support.cpp.o[0m
[7.069s] [ 56%] [32m[1mLinking CXX shared library libiw_interfaces__rosidl_typesupport_cpp.so[0m
[7.079s] [ 58%] [32mBuilding CXX object CMakeFiles/iw_interfaces__rosidl_typesupport_fastrtps_c.dir/rosidl_typesupport_fastrtps_c/iw_interfaces/msg/detail/chessboard__type_support_c.cpp.o[0m
[7.119s] [ 59%] [32mBuilding C object CMakeFiles/iw_interfaces__rosidl_typesupport_introspection_c.dir/rosidl_typesupport_introspection_c/iw_interfaces/msg/detail/chessboard__type_support.c.o[0m
[7.138s] [ 60%] [32mBuilding C object CMakeFiles/iw_interfaces__rosidl_typesupport_introspection_c.dir/rosidl_typesupport_introspection_c/iw_interfaces/msg/detail/robot__type_support.c.o[0m
[7.164s] [ 62%] [32mBuilding CXX object CMakeFiles/iw_interfaces__rosidl_typesupport_fastrtps_c.dir/rosidl_typesupport_fastrtps_c/iw_interfaces/msg/detail/robot__type_support_c.cpp.o[0m
[7.179s] [ 63%] [32mBuilding C object CMakeFiles/iw_interfaces__rosidl_typesupport_introspection_c.dir/rosidl_typesupport_introspection_c/iw_interfaces/msg/detail/plane_coordinate__type_support.c.o[0m
[7.227s] [ 64%] [32m[1mLinking CXX shared library libiw_interfaces__rosidl_typesupport_c.so[0m
[7.239s] [ 65%] [32mBuilding CXX object CMakeFiles/iw_interfaces__rosidl_typesupport_fastrtps_c.dir/rosidl_typesupport_fastrtps_c/iw_interfaces/msg/detail/plane_coordinate__type_support_c.cpp.o[0m
[7.329s] [ 65%] Built target iw_interfaces__rosidl_typesupport_cpp
[7.350s] [ 67%] [32mBuilding C object CMakeFiles/iw_interfaces__rosidl_typesupport_introspection_c.dir/rosidl_typesupport_introspection_c/iw_interfaces/msg/detail/area__type_support.c.o[0m
[7.379s] [ 68%] [32mBuilding C object CMakeFiles/iw_interfaces__rosidl_typesupport_introspection_c.dir/rosidl_typesupport_introspection_c/iw_interfaces/msg/detail/terrain__type_support.c.o[0m
[7.419s] [ 69%] [32mBuilding C object CMakeFiles/iw_interfaces__rosidl_typesupport_introspection_c.dir/rosidl_typesupport_introspection_c/iw_interfaces/msg/detail/architecture__type_support.c.o[0m
[7.423s] [ 69%] Built target iw_interfaces__rosidl_typesupport_c
[7.434s] [ 70%] [32mBuilding C object CMakeFiles/iw_interfaces__rosidl_typesupport_introspection_c.dir/rosidl_typesupport_introspection_c/iw_interfaces/msg/detail/prism__type_support.c.o[0m
[7.457s] [ 72%] [32mBuilding CXX object CMakeFiles/iw_interfaces__rosidl_typesupport_fastrtps_c.dir/rosidl_typesupport_fastrtps_c/iw_interfaces/msg/detail/terrain__type_support_c.cpp.o[0m
[7.475s] [ 73%] [32mBuilding CXX object CMakeFiles/iw_interfaces__rosidl_typesupport_fastrtps_c.dir/rosidl_typesupport_fastrtps_c/iw_interfaces/msg/detail/area__type_support_c.cpp.o[0m
[7.519s] [ 74%] [32mBuilding CXX object CMakeFiles/iw_interfaces__rosidl_typesupport_fastrtps_c.dir/rosidl_typesupport_fastrtps_c/iw_interfaces/msg/detail/architecture__type_support_c.cpp.o[0m
[7.592s] [ 75%] [32mBuilding CXX object CMakeFiles/iw_interfaces__rosidl_typesupport_fastrtps_c.dir/rosidl_typesupport_fastrtps_c/iw_interfaces/msg/detail/prism__type_support_c.cpp.o[0m
[7.659s] [ 77%] [32m[1mLinking C shared library libiw_interfaces__rosidl_typesupport_introspection_c.so[0m
[7.813s] [ 77%] Built target iw_interfaces__rosidl_typesupport_introspection_c
[8.416s] [ 78%] [32m[1mLinking CXX shared library libiw_interfaces__rosidl_typesupport_fastrtps_cpp.so[0m
[8.430s] [ 79%] [32m[1mLinking CXX shared library libiw_interfaces__rosidl_typesupport_fastrtps_c.so[0m
[8.458s] [ 81%] [32m[1mLinking CXX shared library libiw_interfaces__rosidl_typesupport_introspection_cpp.so[0m
[8.525s] [ 81%] Built target iw_interfaces__rosidl_typesupport_fastrtps_cpp
[8.537s] [ 81%] Built target iw_interfaces__rosidl_typesupport_fastrtps_c
[8.561s] [ 81%] Built target iw_interfaces__rosidl_typesupport_introspection_cpp
[8.581s] [ 81%] Built target iw_interfaces
[8.601s] [ 82%] [34m[1mGenerating Python code for ROS interfaces[0m
[9.995s] [ 82%] Built target iw_interfaces__py
[10.015s] [ 83%] [32mBuilding C object CMakeFiles/iw_interfaces__rosidl_generator_py.dir/rosidl_generator_py/iw_interfaces/msg/_chessboard_s.c.o[0m
[10.015s] [ 84%] [32mBuilding C object CMakeFiles/iw_interfaces__rosidl_generator_py.dir/rosidl_generator_py/iw_interfaces/msg/_plane_coordinate_s.c.o[0m
[10.016s] [ 86%] [32mBuilding C object CMakeFiles/iw_interfaces__rosidl_generator_py.dir/rosidl_generator_py/iw_interfaces/msg/_robot_s.c.o[0m
[10.016s] [ 87%] [32mBuilding C object CMakeFiles/iw_interfaces__rosidl_generator_py.dir/rosidl_generator_py/iw_interfaces/msg/_terrain_s.c.o[0m
[10.017s] [ 88%] [32mBuilding C object CMakeFiles/iw_interfaces__rosidl_generator_py.dir/rosidl_generator_py/iw_interfaces/msg/_area_s.c.o[0m
[10.020s] [ 89%] [32mBuilding C object CMakeFiles/iw_interfaces__rosidl_generator_py.dir/rosidl_generator_py/iw_interfaces/msg/_prism_s.c.o[0m
[10.023s] [ 91%] [32mBuilding C object CMakeFiles/iw_interfaces__rosidl_generator_py.dir/rosidl_generator_py/iw_interfaces/msg/_architecture_s.c.o[0m
[10.232s] [ 92%] [32m[1mLinking C shared library rosidl_generator_py/iw_interfaces/libiw_interfaces__rosidl_generator_py.so[0m
[10.298s] [ 92%] Built target iw_interfaces__rosidl_generator_py
[10.323s] [ 93%] [32mBuilding C object CMakeFiles/iw_interfaces__rosidl_typesupport_fastrtps_c__pyext.dir/rosidl_generator_py/iw_interfaces/_iw_interfaces_s.ep.rosidl_typesupport_fastrtps_c.c.o[0m
[10.324s] [ 94%] [32mBuilding C object CMakeFiles/iw_interfaces__rosidl_typesupport_c__pyext.dir/rosidl_generator_py/iw_interfaces/_iw_interfaces_s.ep.rosidl_typesupport_c.c.o[0m
[10.324s] [ 96%] [32mBuilding C object CMakeFiles/iw_interfaces__rosidl_typesupport_introspection_c__pyext.dir/rosidl_generator_py/iw_interfaces/_iw_interfaces_s.ep.rosidl_typesupport_introspection_c.c.o[0m
[10.601s] [ 97%] [32m[1mLinking C shared library rosidl_generator_py/iw_interfaces/iw_interfaces_s__rosidl_typesupport_c.cpython-310-x86_64-linux-gnu.so[0m
[10.609s] [ 98%] [32m[1mLinking C shared library rosidl_generator_py/iw_interfaces/iw_interfaces_s__rosidl_typesupport_introspection_c.cpython-310-x86_64-linux-gnu.so[0m
[10.685s] [100%] [32m[1mLinking C shared library rosidl_generator_py/iw_interfaces/iw_interfaces_s__rosidl_typesupport_fastrtps_c.cpython-310-x86_64-linux-gnu.so[0m
[10.736s] [100%] Built target iw_interfaces__rosidl_typesupport_c__pyext
[10.799s] [100%] Built target iw_interfaces__rosidl_typesupport_introspection_c__pyext
[10.808s] [100%] Built target iw_interfaces__rosidl_typesupport_fastrtps_c__pyext
[10.850s] Invoked command in '/home/ethereal/rm_2025/rm_decision_2025_pb/build/iw_interfaces' returned '0': CMAKE_PREFIX_PATH=/opt/ros/humble PS1=\[\e[1;32m\]\u@\h\[\e[0m\]:\[\e[1;34m\]\w\[\e[0m\]\$ /usr/bin/cmake --build /home/ethereal/rm_2025/rm_decision_2025_pb/build/iw_interfaces -- -j20 -l20
[10.851s] Invoking command in '/home/ethereal/rm_2025/rm_decision_2025_pb/build/iw_interfaces': CMAKE_PREFIX_PATH=/opt/ros/humble PS1=\[\e[1;32m\]\u@\h\[\e[0m\]:\[\e[1;34m\]\w\[\e[0m\]\$ /usr/bin/cmake --install /home/ethereal/rm_2025/rm_decision_2025_pb/build/iw_interfaces
[10.865s] -- Install configuration: ""
[10.867s] -- Installing: /home/ethereal/rm_2025/rm_decision_2025_pb/install/iw_interfaces/share/ament_index/resource_index/rosidl_interfaces/iw_interfaces
[10.867s] -- Installing: /home/ethereal/rm_2025/rm_decision_2025_pb/install/iw_interfaces/include/iw_interfaces/iw_interfaces
[10.871s] -- Installing: /home/ethereal/rm_2025/rm_decision_2025_pb/install/iw_interfaces/include/iw_interfaces/iw_interfaces/msg
[10.871s] -- Installing: /home/ethereal/rm_2025/rm_decision_2025_pb/install/iw_interfaces/include/iw_interfaces/iw_interfaces/msg/architecture.h
[10.871s] -- Installing: /home/ethereal/rm_2025/rm_decision_2025_pb/install/iw_interfaces/include/iw_interfaces/iw_interfaces/msg/chessboard.h
[10.871s] -- Installing: /home/ethereal/rm_2025/rm_decision_2025_pb/install/iw_interfaces/include/iw_interfaces/iw_interfaces/msg/prism.h
[10.872s] -- Installing: /home/ethereal/rm_2025/rm_decision_2025_pb/install/iw_interfaces/include/iw_interfaces/iw_interfaces/msg/detail
[10.873s] -- Installing: /home/ethereal/rm_2025/rm_decision_2025_pb/install/iw_interfaces/include/iw_interfaces/iw_interfaces/msg/detail/robot__type_support.h
[10.873s] -- Installing: /home/ethereal/rm_2025/rm_decision_2025_pb/install/iw_interfaces/include/iw_interfaces/iw_interfaces/msg/detail/prism__type_support.h
[10.873s] -- Installing: /home/ethereal/rm_2025/rm_decision_2025_pb/install/iw_interfaces/include/iw_interfaces/iw_interfaces/msg/detail/architecture__struct.h
[10.873s] -- Installing: /home/ethereal/rm_2025/rm_decision_2025_pb/install/iw_interfaces/include/iw_interfaces/iw_interfaces/msg/detail/plane_coordinate__type_support.h
[10.874s] -- Installing: /home/ethereal/rm_2025/rm_decision_2025_pb/install/iw_interfaces/include/iw_interfaces/iw_interfaces/msg/detail/area__type_support.h
[10.874s] -- Installing: /home/ethereal/rm_2025/rm_decision_2025_pb/install/iw_interfaces/include/iw_interfaces/iw_interfaces/msg/detail/plane_coordinate__functions.h
[10.874s] -- Installing: /home/ethereal/rm_2025/rm_decision_2025_pb/install/iw_interfaces/include/iw_interfaces/iw_interfaces/msg/detail/architecture__functions.h
[10.874s] -- Installing: /home/ethereal/rm_2025/rm_decision_2025_pb/install/iw_interfaces/include/iw_interfaces/iw_interfaces/msg/detail/chessboard__functions.h
[10.875s] -- Installing: /home/ethereal/rm_2025/rm_decision_2025_pb/install/iw_interfaces/include/iw_interfaces/iw_interfaces/msg/detail/prism__functions.c
[10.875s] -- Installing: /home/ethereal/rm_2025/rm_decision_2025_pb/install/iw_interfaces/include/iw_interfaces/iw_interfaces/msg/detail/robot__functions.h
[10.875s] -- Installing: /home/ethereal/rm_2025/rm_decision_2025_pb/install/iw_interfaces/include/iw_interfaces/iw_interfaces/msg/detail/terrain__functions.c
[10.875s] -- Installing: /home/ethereal/rm_2025/rm_decision_2025_pb/install/iw_interfaces/include/iw_interfaces/iw_interfaces/msg/detail/chessboard__functions.c
[10.876s] -- Installing: /home/ethereal/rm_2025/rm_decision_2025_pb/install/iw_interfaces/include/iw_interfaces/iw_interfaces/msg/detail/terrain__struct.h
[10.876s] -- Installing: /home/ethereal/rm_2025/rm_decision_2025_pb/install/iw_interfaces/include/iw_interfaces/iw_interfaces/msg/detail/area__struct.h
[10.877s] -- Installing: /home/ethereal/rm_2025/rm_decision_2025_pb/install/iw_interfaces/include/iw_interfaces/iw_interfaces/msg/detail/area__functions.h
[10.877s] -- Installing: /home/ethereal/rm_2025/rm_decision_2025_pb/install/iw_interfaces/include/iw_interfaces/iw_interfaces/msg/detail/plane_coordinate__functions.c
[10.878s] -- Installing: /home/ethereal/rm_2025/rm_decision_2025_pb/install/iw_interfaces/include/iw_interfaces/iw_interfaces/msg/detail/terrain__functions.h
[10.878s] -- Installing: /home/ethereal/rm_2025/rm_decision_2025_pb/install/iw_interfaces/include/iw_interfaces/iw_interfaces/msg/detail/robot__struct.h
[10.878s] -- Installing: /home/ethereal/rm_2025/rm_decision_2025_pb/install/iw_interfaces/include/iw_interfaces/iw_interfaces/msg/detail/architecture__type_support.h
[10.879s] -- Installing: /home/ethereal/rm_2025/rm_decision_2025_pb/install/iw_interfaces/include/iw_interfaces/iw_interfaces/msg/detail/architecture__functions.c
[10.879s] -- Installing: /home/ethereal/rm_2025/rm_decision_2025_pb/install/iw_interfaces/include/iw_interfaces/iw_interfaces/msg/detail/terrain__type_support.h
[10.879s] -- Installing: /home/ethereal/rm_2025/rm_decision_2025_pb/install/iw_interfaces/include/iw_interfaces/iw_interfaces/msg/detail/chessboard__struct.h
[10.880s] -- Installing: /home/ethereal/rm_2025/rm_decision_2025_pb/install/iw_interfaces/include/iw_interfaces/iw_interfaces/msg/detail/prism__struct.h
[10.880s] -- Installing: /home/ethereal/rm_2025/rm_decision_2025_pb/install/iw_interfaces/include/iw_interfaces/iw_interfaces/msg/detail/prism__functions.h
[10.880s] -- Installing: /home/ethereal/rm_2025/rm_decision_2025_pb/install/iw_interfaces/include/iw_interfaces/iw_interfaces/msg/detail/area__functions.c
[10.880s] -- Installing: /home/ethereal/rm_2025/rm_decision_2025_pb/install/iw_interfaces/include/iw_interfaces/iw_interfaces/msg/detail/plane_coordinate__struct.h
[10.881s] -- Installing: /home/ethereal/rm_2025/rm_decision_2025_pb/install/iw_interfaces/include/iw_interfaces/iw_interfaces/msg/detail/chessboard__type_support.h
[10.881s] -- Installing: /home/ethereal/rm_2025/rm_decision_2025_pb/install/iw_interfaces/include/iw_interfaces/iw_interfaces/msg/detail/robot__functions.c
[10.883s] -- Installing: /home/ethereal/rm_2025/rm_decision_2025_pb/install/iw_interfaces/include/iw_interfaces/iw_interfaces/msg/terrain.h
[10.883s] -- Installing: /home/ethereal/rm_2025/rm_decision_2025_pb/install/iw_interfaces/include/iw_interfaces/iw_interfaces/msg/robot.h
[10.883s] -- Installing: /home/ethereal/rm_2025/rm_decision_2025_pb/install/iw_interfaces/include/iw_interfaces/iw_interfaces/msg/area.h
[10.883s] -- Installing: /home/ethereal/rm_2025/rm_decision_2025_pb/install/iw_interfaces/include/iw_interfaces/iw_interfaces/msg/plane_coordinate.h
[10.884s] -- Installing: /home/ethereal/rm_2025/rm_decision_2025_pb/install/iw_interfaces/include/iw_interfaces/iw_interfaces/msg/rosidl_generator_c__visibility_control.h
[10.885s] -- Installing: /home/ethereal/rm_2025/rm_decision_2025_pb/install/iw_interfaces/share/iw_interfaces/environment/library_path.sh
[10.885s] -- Installing: /home/ethereal/rm_2025/rm_decision_2025_pb/install/iw_interfaces/share/iw_interfaces/environment/library_path.dsv
[10.887s] -- Installing: /home/ethereal/rm_2025/rm_decision_2025_pb/install/iw_interfaces/lib/libiw_interfaces__rosidl_generator_c.so
[10.887s] -- Set runtime path of "/home/ethereal/rm_2025/rm_decision_2025_pb/install/iw_interfaces/lib/libiw_interfaces__rosidl_generator_c.so" to ""
[10.887s] -- Up-to-date: /home/ethereal/rm_2025/rm_decision_2025_pb/install/iw_interfaces/include/iw_interfaces/iw_interfaces
[10.887s] -- Up-to-date: /home/ethereal/rm_2025/rm_decision_2025_pb/install/iw_interfaces/include/iw_interfaces/iw_interfaces/msg
[10.888s] -- Up-to-date: /home/ethereal/rm_2025/rm_decision_2025_pb/install/iw_interfaces/include/iw_interfaces/iw_interfaces/msg/detail
[10.888s] -- Installing: /home/ethereal/rm_2025/rm_decision_2025_pb/install/iw_interfaces/include/iw_interfaces/iw_interfaces/msg/detail/robot__rosidl_typesupport_fastrtps_c.h
[10.888s] -- Installing: /home/ethereal/rm_2025/rm_decision_2025_pb/install/iw_interfaces/include/iw_interfaces/iw_interfaces/msg/detail/terrain__rosidl_typesupport_fastrtps_c.h
[10.888s] -- Installing: /home/ethereal/rm_2025/rm_decision_2025_pb/install/iw_interfaces/include/iw_interfaces/iw_interfaces/msg/detail/chessboard__rosidl_typesupport_fastrtps_c.h
[10.888s] -- Installing: /home/ethereal/rm_2025/rm_decision_2025_pb/install/iw_interfaces/include/iw_interfaces/iw_interfaces/msg/detail/area__rosidl_typesupport_fastrtps_c.h
[10.888s] -- Installing: /home/ethereal/rm_2025/rm_decision_2025_pb/install/iw_interfaces/include/iw_interfaces/iw_interfaces/msg/detail/plane_coordinate__rosidl_typesupport_fastrtps_c.h
[10.889s] -- Installing: /home/ethereal/rm_2025/rm_decision_2025_pb/install/iw_interfaces/include/iw_interfaces/iw_interfaces/msg/detail/architecture__rosidl_typesupport_fastrtps_c.h
[10.889s] -- Installing: /home/ethereal/rm_2025/rm_decision_2025_pb/install/iw_interfaces/include/iw_interfaces/iw_interfaces/msg/detail/prism__rosidl_typesupport_fastrtps_c.h
[10.889s] -- Installing: /home/ethereal/rm_2025/rm_decision_2025_pb/install/iw_interfaces/include/iw_interfaces/iw_interfaces/msg/rosidl_typesupport_fastrtps_c__visibility_control.h
[10.889s] -- Installing: /home/ethereal/rm_2025/rm_decision_2025_pb/install/iw_interfaces/lib/libiw_interfaces__rosidl_typesupport_fastrtps_c.so
[10.890s] -- Set runtime path of "/home/ethereal/rm_2025/rm_decision_2025_pb/install/iw_interfaces/lib/libiw_interfaces__rosidl_typesupport_fastrtps_c.so" to ""
[10.890s] -- Up-to-date: /home/ethereal/rm_2025/rm_decision_2025_pb/install/iw_interfaces/include/iw_interfaces/iw_interfaces
[10.890s] -- Up-to-date: /home/ethereal/rm_2025/rm_decision_2025_pb/install/iw_interfaces/include/iw_interfaces/iw_interfaces/msg
[10.890s] -- Installing: /home/ethereal/rm_2025/rm_decision_2025_pb/install/iw_interfaces/include/iw_interfaces/iw_interfaces/msg/architecture.hpp
[10.891s] -- Installing: /home/ethereal/rm_2025/rm_decision_2025_pb/install/iw_interfaces/include/iw_interfaces/iw_interfaces/msg/chessboard.hpp
[10.891s] -- Installing: /home/ethereal/rm_2025/rm_decision_2025_pb/install/iw_interfaces/include/iw_interfaces/iw_interfaces/msg/plane_coordinate.hpp
[10.891s] -- Up-to-date: /home/ethereal/rm_2025/rm_decision_2025_pb/install/iw_interfaces/include/iw_interfaces/iw_interfaces/msg/detail
[10.891s] -- Installing: /home/ethereal/rm_2025/rm_decision_2025_pb/install/iw_interfaces/include/iw_interfaces/iw_interfaces/msg/detail/architecture__struct.hpp
[10.891s] -- Installing: /home/ethereal/rm_2025/rm_decision_2025_pb/install/iw_interfaces/include/iw_interfaces/iw_interfaces/msg/detail/prism__builder.hpp
[10.892s] -- Installing: /home/ethereal/rm_2025/rm_decision_2025_pb/install/iw_interfaces/include/iw_interfaces/iw_interfaces/msg/detail/area__traits.hpp
[10.892s] -- Installing: /home/ethereal/rm_2025/rm_decision_2025_pb/install/iw_interfaces/include/iw_interfaces/iw_interfaces/msg/detail/plane_coordinate__builder.hpp
[10.892s] -- Installing: /home/ethereal/rm_2025/rm_decision_2025_pb/install/iw_interfaces/include/iw_interfaces/iw_interfaces/msg/detail/area__type_support.hpp
[10.892s] -- Installing: /home/ethereal/rm_2025/rm_decision_2025_pb/install/iw_interfaces/include/iw_interfaces/iw_interfaces/msg/detail/prism__type_support.hpp
[10.892s] -- Installing: /home/ethereal/rm_2025/rm_decision_2025_pb/install/iw_interfaces/include/iw_interfaces/iw_interfaces/msg/detail/robot__type_support.hpp
[10.893s] -- Installing: /home/ethereal/rm_2025/rm_decision_2025_pb/install/iw_interfaces/include/iw_interfaces/iw_interfaces/msg/detail/architecture__builder.hpp
[10.893s] -- Installing: /home/ethereal/rm_2025/rm_decision_2025_pb/install/iw_interfaces/include/iw_interfaces/iw_interfaces/msg/detail/terrain__builder.hpp
[10.894s] -- Installing: /home/ethereal/rm_2025/rm_decision_2025_pb/install/iw_interfaces/include/iw_interfaces/iw_interfaces/msg/detail/architecture__type_support.hpp
[10.894s] -- Installing: /home/ethereal/rm_2025/rm_decision_2025_pb/install/iw_interfaces/include/iw_interfaces/iw_interfaces/msg/detail/plane_coordinate__type_support.hpp
[10.894s] -- Installing: /home/ethereal/rm_2025/rm_decision_2025_pb/install/iw_interfaces/include/iw_interfaces/iw_interfaces/msg/detail/architecture__traits.hpp
[10.895s] -- Installing: /home/ethereal/rm_2025/rm_decision_2025_pb/install/iw_interfaces/include/iw_interfaces/iw_interfaces/msg/detail/chessboard__traits.hpp
[10.895s] -- Installing: /home/ethereal/rm_2025/rm_decision_2025_pb/install/iw_interfaces/include/iw_interfaces/iw_interfaces/msg/detail/plane_coordinate__struct.hpp
[10.895s] -- Installing: /home/ethereal/rm_2025/rm_decision_2025_pb/install/iw_interfaces/include/iw_interfaces/iw_interfaces/msg/detail/chessboard__type_support.hpp
[10.896s] -- Installing: /home/ethereal/rm_2025/rm_decision_2025_pb/install/iw_interfaces/include/iw_interfaces/iw_interfaces/msg/detail/area__builder.hpp
[10.896s] -- Installing: /home/ethereal/rm_2025/rm_decision_2025_pb/install/iw_interfaces/include/iw_interfaces/iw_interfaces/msg/detail/robot__struct.hpp
[10.896s] -- Installing: /home/ethereal/rm_2025/rm_decision_2025_pb/install/iw_interfaces/include/iw_interfaces/iw_interfaces/msg/detail/chessboard__struct.hpp
[10.896s] -- Installing: /home/ethereal/rm_2025/rm_decision_2025_pb/install/iw_interfaces/include/iw_interfaces/iw_interfaces/msg/detail/chessboard__builder.hpp
[10.897s] -- Installing: /home/ethereal/rm_2025/rm_decision_2025_pb/install/iw_interfaces/include/iw_interfaces/iw_interfaces/msg/detail/prism__struct.hpp
[10.897s] -- Installing: /home/ethereal/rm_2025/rm_decision_2025_pb/install/iw_interfaces/include/iw_interfaces/iw_interfaces/msg/detail/plane_coordinate__traits.hpp
[10.897s] -- Installing: /home/ethereal/rm_2025/rm_decision_2025_pb/install/iw_interfaces/include/iw_interfaces/iw_interfaces/msg/detail/terrain__type_support.hpp
[10.898s] -- Installing: /home/ethereal/rm_2025/rm_decision_2025_pb/install/iw_interfaces/include/iw_interfaces/iw_interfaces/msg/detail/terrain__traits.hpp
[10.898s] -- Installing: /home/ethereal/rm_2025/rm_decision_2025_pb/install/iw_interfaces/include/iw_interfaces/iw_interfaces/msg/detail/robot__builder.hpp
[10.898s] -- Installing: /home/ethereal/rm_2025/rm_decision_2025_pb/install/iw_interfaces/include/iw_interfaces/iw_interfaces/msg/detail/area__struct.hpp
[10.899s] -- Installing: /home/ethereal/rm_2025/rm_decision_2025_pb/install/iw_interfaces/include/iw_interfaces/iw_interfaces/msg/detail/robot__traits.hpp
[10.899s] -- Installing: /home/ethereal/rm_2025/rm_decision_2025_pb/install/iw_interfaces/include/iw_interfaces/iw_interfaces/msg/detail/prism__traits.hpp
[10.899s] -- Installing: /home/ethereal/rm_2025/rm_decision_2025_pb/install/iw_interfaces/include/iw_interfaces/iw_interfaces/msg/detail/terrain__struct.hpp
[10.899s] -- Installing: /home/ethereal/rm_2025/rm_decision_2025_pb/install/iw_interfaces/include/iw_interfaces/iw_interfaces/msg/area.hpp
[10.900s] -- Installing: /home/ethereal/rm_2025/rm_decision_2025_pb/install/iw_interfaces/include/iw_interfaces/iw_interfaces/msg/prism.hpp
[10.900s] -- Installing: /home/ethereal/rm_2025/rm_decision_2025_pb/install/iw_interfaces/include/iw_interfaces/iw_interfaces/msg/rosidl_generator_cpp__visibility_control.hpp
[10.900s] -- Installing: /home/ethereal/rm_2025/rm_decision_2025_pb/install/iw_interfaces/include/iw_interfaces/iw_interfaces/msg/robot.hpp
[10.901s] -- Installing: /home/ethereal/rm_2025/rm_decision_2025_pb/install/iw_interfaces/include/iw_interfaces/iw_interfaces/msg/terrain.hpp
[10.901s] -- Up-to-date: /home/ethereal/rm_2025/rm_decision_2025_pb/install/iw_interfaces/include/iw_interfaces/iw_interfaces
[10.901s] -- Up-to-date: /home/ethereal/rm_2025/rm_decision_2025_pb/install/iw_interfaces/include/iw_interfaces/iw_interfaces/msg
[10.901s] -- Up-to-date: /home/ethereal/rm_2025/rm_decision_2025_pb/install/iw_interfaces/include/iw_interfaces/iw_interfaces/msg/detail
[10.901s] -- Installing: /home/ethereal/rm_2025/rm_decision_2025_pb/install/iw_interfaces/include/iw_interfaces/iw_interfaces/msg/detail/chessboard__rosidl_typesupport_fastrtps_cpp.hpp
[10.902s] -- Installing: /home/ethereal/rm_2025/rm_decision_2025_pb/install/iw_interfaces/include/iw_interfaces/iw_interfaces/msg/detail/prism__rosidl_typesupport_fastrtps_cpp.hpp
[10.902s] -- Installing: /home/ethereal/rm_2025/rm_decision_2025_pb/install/iw_interfaces/include/iw_interfaces/iw_interfaces/msg/detail/terrain__rosidl_typesupport_fastrtps_cpp.hpp
[10.902s] -- Installing: /home/ethereal/rm_2025/rm_decision_2025_pb/install/iw_interfaces/include/iw_interfaces/iw_interfaces/msg/detail/plane_coordinate__rosidl_typesupport_fastrtps_cpp.hpp
[10.903s] -- Installing: /home/ethereal/rm_2025/rm_decision_2025_pb/install/iw_interfaces/include/iw_interfaces/iw_interfaces/msg/detail/dds_fastrtps
[10.913s] -- Installing: /home/ethereal/rm_2025/rm_decision_2025_pb/install/iw_interfaces/include/iw_interfaces/iw_interfaces/msg/detail/area__rosidl_typesupport_fastrtps_cpp.hpp
[10.914s] -- Installing: /home/ethereal/rm_2025/rm_decision_2025_pb/install/iw_interfaces/include/iw_interfaces/iw_interfaces/msg/detail/robot__rosidl_typesupport_fastrtps_cpp.hpp
[10.914s] -- Installing: /home/ethereal/rm_2025/rm_decision_2025_pb/install/iw_interfaces/include/iw_interfaces/iw_interfaces/msg/detail/architecture__rosidl_typesupport_fastrtps_cpp.hpp
[10.914s] -- Installing: /home/ethereal/rm_2025/rm_decision_2025_pb/install/iw_interfaces/include/iw_interfaces/iw_interfaces/msg/rosidl_typesupport_fastrtps_cpp__visibility_control.h
[10.914s] -- Installing: /home/ethereal/rm_2025/rm_decision_2025_pb/install/iw_interfaces/lib/libiw_interfaces__rosidl_typesupport_fastrtps_cpp.so
[10.915s] -- Set runtime path of "/home/ethereal/rm_2025/rm_decision_2025_pb/install/iw_interfaces/lib/libiw_interfaces__rosidl_typesupport_fastrtps_cpp.so" to ""
[10.915s] -- Up-to-date: /home/ethereal/rm_2025/rm_decision_2025_pb/install/iw_interfaces/include/iw_interfaces/iw_interfaces
[10.915s] -- Up-to-date: /home/ethereal/rm_2025/rm_decision_2025_pb/install/iw_interfaces/include/iw_interfaces/iw_interfaces/msg
[10.916s] -- Up-to-date: /home/ethereal/rm_2025/rm_decision_2025_pb/install/iw_interfaces/include/iw_interfaces/iw_interfaces/msg/detail
[10.916s] -- Installing: /home/ethereal/rm_2025/rm_decision_2025_pb/install/iw_interfaces/include/iw_interfaces/iw_interfaces/msg/detail/chessboard__type_support.c
[10.916s] -- Installing: /home/ethereal/rm_2025/rm_decision_2025_pb/install/iw_interfaces/include/iw_interfaces/iw_interfaces/msg/detail/architecture__rosidl_typesupport_introspection_c.h
[10.916s] -- Installing: /home/ethereal/rm_2025/rm_decision_2025_pb/install/iw_interfaces/include/iw_interfaces/iw_interfaces/msg/detail/plane_coordinate__rosidl_typesupport_introspection_c.h
[10.917s] -- Installing: /home/ethereal/rm_2025/rm_decision_2025_pb/install/iw_interfaces/include/iw_interfaces/iw_interfaces/msg/detail/area__type_support.c
[10.917s] -- Installing: /home/ethereal/rm_2025/rm_decision_2025_pb/install/iw_interfaces/include/iw_interfaces/iw_interfaces/msg/detail/chessboard__rosidl_typesupport_introspection_c.h
[10.917s] -- Installing: /home/ethereal/rm_2025/rm_decision_2025_pb/install/iw_interfaces/include/iw_interfaces/iw_interfaces/msg/detail/prism__rosidl_typesupport_introspection_c.h
[10.918s] -- Installing: /home/ethereal/rm_2025/rm_decision_2025_pb/install/iw_interfaces/include/iw_interfaces/iw_interfaces/msg/detail/robot__type_support.c
[10.918s] -- Installing: /home/ethereal/rm_2025/rm_decision_2025_pb/install/iw_interfaces/include/iw_interfaces/iw_interfaces/msg/detail/terrain__type_support.c
[10.918s] -- Installing: /home/ethereal/rm_2025/rm_decision_2025_pb/install/iw_interfaces/include/iw_interfaces/iw_interfaces/msg/detail/architecture__type_support.c
[10.918s] -- Installing: /home/ethereal/rm_2025/rm_decision_2025_pb/install/iw_interfaces/include/iw_interfaces/iw_interfaces/msg/detail/terrain__rosidl_typesupport_introspection_c.h
[10.919s] -- Installing: /home/ethereal/rm_2025/rm_decision_2025_pb/install/iw_interfaces/include/iw_interfaces/iw_interfaces/msg/detail/prism__type_support.c
[10.919s] -- Installing: /home/ethereal/rm_2025/rm_decision_2025_pb/install/iw_interfaces/include/iw_interfaces/iw_interfaces/msg/detail/area__rosidl_typesupport_introspection_c.h
[10.919s] -- Installing: /home/ethereal/rm_2025/rm_decision_2025_pb/install/iw_interfaces/include/iw_interfaces/iw_interfaces/msg/detail/plane_coordinate__type_support.c
[10.919s] -- Installing: /home/ethereal/rm_2025/rm_decision_2025_pb/install/iw_interfaces/include/iw_interfaces/iw_interfaces/msg/detail/robot__rosidl_typesupport_introspection_c.h
[10.920s] -- Installing: /home/ethereal/rm_2025/rm_decision_2025_pb/install/iw_interfaces/include/iw_interfaces/iw_interfaces/msg/rosidl_typesupport_introspection_c__visibility_control.h
[10.920s] -- Installing: /home/ethereal/rm_2025/rm_decision_2025_pb/install/iw_interfaces/lib/libiw_interfaces__rosidl_typesupport_introspection_c.so
[10.920s] -- Set runtime path of "/home/ethereal/rm_2025/rm_decision_2025_pb/install/iw_interfaces/lib/libiw_interfaces__rosidl_typesupport_introspection_c.so" to ""
[10.921s] -- Installing: /home/ethereal/rm_2025/rm_decision_2025_pb/install/iw_interfaces/lib/libiw_interfaces__rosidl_typesupport_c.so
[10.921s] -- Set runtime path of "/home/ethereal/rm_2025/rm_decision_2025_pb/install/iw_interfaces/lib/libiw_interfaces__rosidl_typesupport_c.so" to ""
[10.921s] -- Up-to-date: /home/ethereal/rm_2025/rm_decision_2025_pb/install/iw_interfaces/include/iw_interfaces/iw_interfaces
[10.922s] -- Up-to-date: /home/ethereal/rm_2025/rm_decision_2025_pb/install/iw_interfaces/include/iw_interfaces/iw_interfaces/msg
[10.922s] -- Up-to-date: /home/ethereal/rm_2025/rm_decision_2025_pb/install/iw_interfaces/include/iw_interfaces/iw_interfaces/msg/detail
[10.922s] -- Installing: /home/ethereal/rm_2025/rm_decision_2025_pb/install/iw_interfaces/include/iw_interfaces/iw_interfaces/msg/detail/architecture__rosidl_typesupport_introspection_cpp.hpp
[10.927s] -- Installing: /home/ethereal/rm_2025/rm_decision_2025_pb/install/iw_interfaces/include/iw_interfaces/iw_interfaces/msg/detail/prism__rosidl_typesupport_introspection_cpp.hpp
[10.927s] -- Installing: /home/ethereal/rm_2025/rm_decision_2025_pb/install/iw_interfaces/include/iw_interfaces/iw_interfaces/msg/detail/plane_coordinate__rosidl_typesupport_introspection_cpp.hpp
[10.927s] -- Installing: /home/ethereal/rm_2025/rm_decision_2025_pb/install/iw_interfaces/include/iw_interfaces/iw_interfaces/msg/detail/plane_coordinate__type_support.cpp
[10.927s] -- Installing: /home/ethereal/rm_2025/rm_decision_2025_pb/install/iw_interfaces/include/iw_interfaces/iw_interfaces/msg/detail/robot__type_support.cpp
[10.928s] -- Installing: /home/ethereal/rm_2025/rm_decision_2025_pb/install/iw_interfaces/include/iw_interfaces/iw_interfaces/msg/detail/architecture__type_support.cpp
[10.928s] -- Installing: /home/ethereal/rm_2025/rm_decision_2025_pb/install/iw_interfaces/include/iw_interfaces/iw_interfaces/msg/detail/robot__rosidl_typesupport_introspection_cpp.hpp
[10.929s] -- Installing: /home/ethereal/rm_2025/rm_decision_2025_pb/install/iw_interfaces/include/iw_interfaces/iw_interfaces/msg/detail/chessboard__rosidl_typesupport_introspection_cpp.hpp
[10.930s] -- Installing: /home/ethereal/rm_2025/rm_decision_2025_pb/install/iw_interfaces/include/iw_interfaces/iw_interfaces/msg/detail/area__rosidl_typesupport_introspection_cpp.hpp
[10.930s] -- Installing: /home/ethereal/rm_2025/rm_decision_2025_pb/install/iw_interfaces/include/iw_interfaces/iw_interfaces/msg/detail/prism__type_support.cpp
[10.930s] -- Installing: /home/ethereal/rm_2025/rm_decision_2025_pb/install/iw_interfaces/include/iw_interfaces/iw_interfaces/msg/detail/area__type_support.cpp
[10.930s] -- Installing: /home/ethereal/rm_2025/rm_decision_2025_pb/install/iw_interfaces/include/iw_interfaces/iw_interfaces/msg/detail/terrain__type_support.cpp
[10.930s] -- Installing: /home/ethereal/rm_2025/rm_decision_2025_pb/install/iw_interfaces/include/iw_interfaces/iw_interfaces/msg/detail/terrain__rosidl_typesupport_introspection_cpp.hpp
[10.931s] -- Installing: /home/ethereal/rm_2025/rm_decision_2025_pb/install/iw_interfaces/include/iw_interfaces/iw_interfaces/msg/detail/chessboard__type_support.cpp
[10.932s] -- Installing: /home/ethereal/rm_2025/rm_decision_2025_pb/install/iw_interfaces/lib/libiw_interfaces__rosidl_typesupport_introspection_cpp.so
[10.933s] -- Set runtime path of "/home/ethereal/rm_2025/rm_decision_2025_pb/install/iw_interfaces/lib/libiw_interfaces__rosidl_typesupport_introspection_cpp.so" to ""
[10.933s] -- Installing: /home/ethereal/rm_2025/rm_decision_2025_pb/install/iw_interfaces/lib/libiw_interfaces__rosidl_typesupport_cpp.so
[10.933s] -- Set runtime path of "/home/ethereal/rm_2025/rm_decision_2025_pb/install/iw_interfaces/lib/libiw_interfaces__rosidl_typesupport_cpp.so" to ""
[10.934s] -- Installing: /home/ethereal/rm_2025/rm_decision_2025_pb/install/iw_interfaces/share/iw_interfaces/environment/pythonpath.sh
[10.934s] -- Installing: /home/ethereal/rm_2025/rm_decision_2025_pb/install/iw_interfaces/share/iw_interfaces/environment/pythonpath.dsv
[10.934s] -- Installing: /home/ethereal/rm_2025/rm_decision_2025_pb/install/iw_interfaces/local/lib/python3.10/dist-packages/iw_interfaces-0.0.0-py3.10.egg-info
[10.943s] -- Installing: /home/ethereal/rm_2025/rm_decision_2025_pb/install/iw_interfaces/local/lib/python3.10/dist-packages/iw_interfaces-0.0.0-py3.10.egg-info/SOURCES.txt
[10.943s] -- Installing: /home/ethereal/rm_2025/rm_decision_2025_pb/install/iw_interfaces/local/lib/python3.10/dist-packages/iw_interfaces-0.0.0-py3.10.egg-info/top_level.txt
[10.944s] -- Installing: /home/ethereal/rm_2025/rm_decision_2025_pb/install/iw_interfaces/local/lib/python3.10/dist-packages/iw_interfaces-0.0.0-py3.10.egg-info/dependency_links.txt
[10.944s] -- Installing: /home/ethereal/rm_2025/rm_decision_2025_pb/install/iw_interfaces/local/lib/python3.10/dist-packages/iw_interfaces-0.0.0-py3.10.egg-info/PKG-INFO
[10.944s] -- Installing: /home/ethereal/rm_2025/rm_decision_2025_pb/install/iw_interfaces/local/lib/python3.10/dist-packages/iw_interfaces
[10.945s] -- Installing: /home/ethereal/rm_2025/rm_decision_2025_pb/install/iw_interfaces/local/lib/python3.10/dist-packages/iw_interfaces/msg
[10.946s] -- Installing: /home/ethereal/rm_2025/rm_decision_2025_pb/install/iw_interfaces/local/lib/python3.10/dist-packages/iw_interfaces/msg/_plane_coordinate.py
[10.946s] -- Installing: /home/ethereal/rm_2025/rm_decision_2025_pb/install/iw_interfaces/local/lib/python3.10/dist-packages/iw_interfaces/msg/_plane_coordinate_s.c
[10.947s] -- Installing: /home/ethereal/rm_2025/rm_decision_2025_pb/install/iw_interfaces/local/lib/python3.10/dist-packages/iw_interfaces/msg/_prism.py
[10.947s] -- Installing: /home/ethereal/rm_2025/rm_decision_2025_pb/install/iw_interfaces/local/lib/python3.10/dist-packages/iw_interfaces/msg/_chessboard_s.c
[10.947s] -- Installing: /home/ethereal/rm_2025/rm_decision_2025_pb/install/iw_interfaces/local/lib/python3.10/dist-packages/iw_interfaces/msg/_terrain.py
[10.947s] -- Installing: /home/ethereal/rm_2025/rm_decision_2025_pb/install/iw_interfaces/local/lib/python3.10/dist-packages/iw_interfaces/msg/_area_s.c
[10.947s] -- Installing: /home/ethereal/rm_2025/rm_decision_2025_pb/install/iw_interfaces/local/lib/python3.10/dist-packages/iw_interfaces/msg/_robot_s.c
[10.947s] -- Installing: /home/ethereal/rm_2025/rm_decision_2025_pb/install/iw_interfaces/local/lib/python3.10/dist-packages/iw_interfaces/msg/_chessboard.py
[10.948s] -- Installing: /home/ethereal/rm_2025/rm_decision_2025_pb/install/iw_interfaces/local/lib/python3.10/dist-packages/iw_interfaces/msg/_terrain_s.c
[10.948s] -- Installing: /home/ethereal/rm_2025/rm_decision_2025_pb/install/iw_interfaces/local/lib/python3.10/dist-packages/iw_interfaces/msg/_architecture.py
[10.948s] -- Installing: /home/ethereal/rm_2025/rm_decision_2025_pb/install/iw_interfaces/local/lib/python3.10/dist-packages/iw_interfaces/msg/_robot.py
[10.948s] -- Installing: /home/ethereal/rm_2025/rm_decision_2025_pb/install/iw_interfaces/local/lib/python3.10/dist-packages/iw_interfaces/msg/_area.py
[10.949s] -- Installing: /home/ethereal/rm_2025/rm_decision_2025_pb/install/iw_interfaces/local/lib/python3.10/dist-packages/iw_interfaces/msg/_prism_s.c
[10.949s] -- Installing: /home/ethereal/rm_2025/rm_decision_2025_pb/install/iw_interfaces/local/lib/python3.10/dist-packages/iw_interfaces/msg/_architecture_s.c
[10.950s] -- Installing: /home/ethereal/rm_2025/rm_decision_2025_pb/install/iw_interfaces/local/lib/python3.10/dist-packages/iw_interfaces/msg/__init__.py
[10.950s] -- Installing: /home/ethereal/rm_2025/rm_decision_2025_pb/install/iw_interfaces/local/lib/python3.10/dist-packages/iw_interfaces/iw_interfaces_s__rosidl_typesupport_fastrtps_c.cpython-310-x86_64-linux-gnu.so
[10.950s] -- Installing: /home/ethereal/rm_2025/rm_decision_2025_pb/install/iw_interfaces/local/lib/python3.10/dist-packages/iw_interfaces/libiw_interfaces__rosidl_generator_py.so
[10.950s] -- Installing: /home/ethereal/rm_2025/rm_decision_2025_pb/install/iw_interfaces/local/lib/python3.10/dist-packages/iw_interfaces/_iw_interfaces_s.ep.rosidl_typesupport_fastrtps_c.c
[10.950s] -- Installing: /home/ethereal/rm_2025/rm_decision_2025_pb/install/iw_interfaces/local/lib/python3.10/dist-packages/iw_interfaces/_iw_interfaces_s.ep.rosidl_typesupport_c.c
[10.950s] -- Installing: /home/ethereal/rm_2025/rm_decision_2025_pb/install/iw_interfaces/local/lib/python3.10/dist-packages/iw_interfaces/iw_interfaces_s__rosidl_typesupport_introspection_c.cpython-310-x86_64-linux-gnu.so
[10.951s] -- Installing: /home/ethereal/rm_2025/rm_decision_2025_pb/install/iw_interfaces/local/lib/python3.10/dist-packages/iw_interfaces/iw_interfaces_s__rosidl_typesupport_c.cpython-310-x86_64-linux-gnu.so
[10.951s] -- Installing: /home/ethereal/rm_2025/rm_decision_2025_pb/install/iw_interfaces/local/lib/python3.10/dist-packages/iw_interfaces/_iw_interfaces_s.ep.rosidl_typesupport_introspection_c.c
[10.951s] -- Installing: /home/ethereal/rm_2025/rm_decision_2025_pb/install/iw_interfaces/local/lib/python3.10/dist-packages/iw_interfaces/__init__.py
[11.023s] Listing '/home/ethereal/rm_2025/rm_decision_2025_pb/install/iw_interfaces/local/lib/python3.10/dist-packages/iw_interfaces'...
[11.023s] Compiling '/home/ethereal/rm_2025/rm_decision_2025_pb/install/iw_interfaces/local/lib/python3.10/dist-packages/iw_interfaces/__init__.py'...
[11.023s] Listing '/home/ethereal/rm_2025/rm_decision_2025_pb/install/iw_interfaces/local/lib/python3.10/dist-packages/iw_interfaces/msg'...
[11.023s] Compiling '/home/ethereal/rm_2025/rm_decision_2025_pb/install/iw_interfaces/local/lib/python3.10/dist-packages/iw_interfaces/msg/__init__.py'...
[11.024s] Compiling '/home/ethereal/rm_2025/rm_decision_2025_pb/install/iw_interfaces/local/lib/python3.10/dist-packages/iw_interfaces/msg/_architecture.py'...
[11.025s] Compiling '/home/ethereal/rm_2025/rm_decision_2025_pb/install/iw_interfaces/local/lib/python3.10/dist-packages/iw_interfaces/msg/_area.py'...
[11.025s] Compiling '/home/ethereal/rm_2025/rm_decision_2025_pb/install/iw_interfaces/local/lib/python3.10/dist-packages/iw_interfaces/msg/_chessboard.py'...
[11.025s] Compiling '/home/ethereal/rm_2025/rm_decision_2025_pb/install/iw_interfaces/local/lib/python3.10/dist-packages/iw_interfaces/msg/_plane_coordinate.py'...
[11.025s] Compiling '/home/ethereal/rm_2025/rm_decision_2025_pb/install/iw_interfaces/local/lib/python3.10/dist-packages/iw_interfaces/msg/_prism.py'...
[11.025s] Compiling '/home/ethereal/rm_2025/rm_decision_2025_pb/install/iw_interfaces/local/lib/python3.10/dist-packages/iw_interfaces/msg/_robot.py'...
[11.025s] Compiling '/home/ethereal/rm_2025/rm_decision_2025_pb/install/iw_interfaces/local/lib/python3.10/dist-packages/iw_interfaces/msg/_terrain.py'...
[11.033s] -- Installing: /home/ethereal/rm_2025/rm_decision_2025_pb/install/iw_interfaces/local/lib/python3.10/dist-packages/iw_interfaces/iw_interfaces_s__rosidl_typesupport_fastrtps_c.cpython-310-x86_64-linux-gnu.so
[11.033s] -- Set runtime path of "/home/ethereal/rm_2025/rm_decision_2025_pb/install/iw_interfaces/local/lib/python3.10/dist-packages/iw_interfaces/iw_interfaces_s__rosidl_typesupport_fastrtps_c.cpython-310-x86_64-linux-gnu.so" to ""
[11.033s] -- Installing: /home/ethereal/rm_2025/rm_decision_2025_pb/install/iw_interfaces/local/lib/python3.10/dist-packages/iw_interfaces/iw_interfaces_s__rosidl_typesupport_introspection_c.cpython-310-x86_64-linux-gnu.so
[11.033s] -- Set runtime path of "/home/ethereal/rm_2025/rm_decision_2025_pb/install/iw_interfaces/local/lib/python3.10/dist-packages/iw_interfaces/iw_interfaces_s__rosidl_typesupport_introspection_c.cpython-310-x86_64-linux-gnu.so" to ""
[11.033s] -- Installing: /home/ethereal/rm_2025/rm_decision_2025_pb/install/iw_interfaces/local/lib/python3.10/dist-packages/iw_interfaces/iw_interfaces_s__rosidl_typesupport_c.cpython-310-x86_64-linux-gnu.so
[11.033s] -- Set runtime path of "/home/ethereal/rm_2025/rm_decision_2025_pb/install/iw_interfaces/local/lib/python3.10/dist-packages/iw_interfaces/iw_interfaces_s__rosidl_typesupport_c.cpython-310-x86_64-linux-gnu.so" to ""
[11.034s] -- Installing: /home/ethereal/rm_2025/rm_decision_2025_pb/install/iw_interfaces/lib/libiw_interfaces__rosidl_generator_py.so
[11.034s] -- Set runtime path of "/home/ethereal/rm_2025/rm_decision_2025_pb/install/iw_interfaces/lib/libiw_interfaces__rosidl_generator_py.so" to ""
[11.037s] -- Installing: /home/ethereal/rm_2025/rm_decision_2025_pb/install/iw_interfaces/share/iw_interfaces/msg/Chessboard.idl
[11.037s] -- Installing: /home/ethereal/rm_2025/rm_decision_2025_pb/install/iw_interfaces/share/iw_interfaces/msg/Robot.idl
[11.038s] -- Installing: /home/ethereal/rm_2025/rm_decision_2025_pb/install/iw_interfaces/share/iw_interfaces/msg/PlaneCoordinate.idl
[11.038s] -- Installing: /home/ethereal/rm_2025/rm_decision_2025_pb/install/iw_interfaces/share/iw_interfaces/msg/Area.idl
[11.039s] -- Installing: /home/ethereal/rm_2025/rm_decision_2025_pb/install/iw_interfaces/share/iw_interfaces/msg/Terrain.idl
[11.039s] -- Installing: /home/ethereal/rm_2025/rm_decision_2025_pb/install/iw_interfaces/share/iw_interfaces/msg/Architecture.idl
[11.039s] -- Installing: /home/ethereal/rm_2025/rm_decision_2025_pb/install/iw_interfaces/share/iw_interfaces/msg/Prism.idl
[11.040s] -- Installing: /home/ethereal/rm_2025/rm_decision_2025_pb/install/iw_interfaces/share/iw_interfaces/msg/Chessboard.msg
[11.040s] -- Installing: /home/ethereal/rm_2025/rm_decision_2025_pb/install/iw_interfaces/share/iw_interfaces/msg/Robot.msg
[11.040s] -- Installing: /home/ethereal/rm_2025/rm_decision_2025_pb/install/iw_interfaces/share/iw_interfaces/msg/PlaneCoordinate.msg
[11.041s] -- Installing: /home/ethereal/rm_2025/rm_decision_2025_pb/install/iw_interfaces/share/iw_interfaces/msg/Area.msg
[11.041s] -- Installing: /home/ethereal/rm_2025/rm_decision_2025_pb/install/iw_interfaces/share/iw_interfaces/msg/Terrain.msg
[11.042s] -- Installing: /home/ethereal/rm_2025/rm_decision_2025_pb/install/iw_interfaces/share/iw_interfaces/msg/Architecture.msg
[11.042s] -- Installing: /home/ethereal/rm_2025/rm_decision_2025_pb/install/iw_interfaces/share/iw_interfaces/msg/Prism.msg
[11.043s] -- Installing: /home/ethereal/rm_2025/rm_decision_2025_pb/install/iw_interfaces/share/ament_index/resource_index/package_run_dependencies/iw_interfaces
[11.045s] -- Installing: /home/ethereal/rm_2025/rm_decision_2025_pb/install/iw_interfaces/share/ament_index/resource_index/parent_prefix_path/iw_interfaces
[11.045s] -- Installing: /home/ethereal/rm_2025/rm_decision_2025_pb/install/iw_interfaces/share/iw_interfaces/environment/ament_prefix_path.sh
[11.046s] -- Installing: /home/ethereal/rm_2025/rm_decision_2025_pb/install/iw_interfaces/share/iw_interfaces/environment/ament_prefix_path.dsv
[11.046s] -- Installing: /home/ethereal/rm_2025/rm_decision_2025_pb/install/iw_interfaces/share/iw_interfaces/environment/path.sh
[11.046s] -- Installing: /home/ethereal/rm_2025/rm_decision_2025_pb/install/iw_interfaces/share/iw_interfaces/environment/path.dsv
[11.048s] -- Installing: /home/ethereal/rm_2025/rm_decision_2025_pb/install/iw_interfaces/share/iw_interfaces/local_setup.bash
[11.048s] -- Installing: /home/ethereal/rm_2025/rm_decision_2025_pb/install/iw_interfaces/share/iw_interfaces/local_setup.sh
[11.048s] -- Installing: /home/ethereal/rm_2025/rm_decision_2025_pb/install/iw_interfaces/share/iw_interfaces/local_setup.zsh
[11.048s] -- Installing: /home/ethereal/rm_2025/rm_decision_2025_pb/install/iw_interfaces/share/iw_interfaces/local_setup.dsv
[11.048s] -- Installing: /home/ethereal/rm_2025/rm_decision_2025_pb/install/iw_interfaces/share/iw_interfaces/package.dsv
[11.048s] -- Installing: /home/ethereal/rm_2025/rm_decision_2025_pb/install/iw_interfaces/share/ament_index/resource_index/packages/iw_interfaces
[11.049s] -- Installing: /home/ethereal/rm_2025/rm_decision_2025_pb/install/iw_interfaces/share/iw_interfaces/cmake/export_iw_interfaces__rosidl_generator_cExport.cmake
[11.061s] -- Installing: /home/ethereal/rm_2025/rm_decision_2025_pb/install/iw_interfaces/share/iw_interfaces/cmake/export_iw_interfaces__rosidl_generator_cExport-noconfig.cmake
[11.062s] -- Installing: /home/ethereal/rm_2025/rm_decision_2025_pb/install/iw_interfaces/share/iw_interfaces/cmake/export_iw_interfaces__rosidl_typesupport_fastrtps_cExport.cmake
[11.062s] -- Installing: /home/ethereal/rm_2025/rm_decision_2025_pb/install/iw_interfaces/share/iw_interfaces/cmake/export_iw_interfaces__rosidl_typesupport_fastrtps_cExport-noconfig.cmake
[11.062s] -- Installing: /home/ethereal/rm_2025/rm_decision_2025_pb/install/iw_interfaces/share/iw_interfaces/cmake/export_iw_interfaces__rosidl_generator_cppExport.cmake
[11.062s] -- Installing: /home/ethereal/rm_2025/rm_decision_2025_pb/install/iw_interfaces/share/iw_interfaces/cmake/export_iw_interfaces__rosidl_typesupport_fastrtps_cppExport.cmake
[11.062s] -- Installing: /home/ethereal/rm_2025/rm_decision_2025_pb/install/iw_interfaces/share/iw_interfaces/cmake/export_iw_interfaces__rosidl_typesupport_fastrtps_cppExport-noconfig.cmake
[11.062s] -- Installing: /home/ethereal/rm_2025/rm_decision_2025_pb/install/iw_interfaces/share/iw_interfaces/cmake/iw_interfaces__rosidl_typesupport_introspection_cExport.cmake
[11.062s] -- Installing: /home/ethereal/rm_2025/rm_decision_2025_pb/install/iw_interfaces/share/iw_interfaces/cmake/iw_interfaces__rosidl_typesupport_introspection_cExport-noconfig.cmake
[11.062s] -- Installing: /home/ethereal/rm_2025/rm_decision_2025_pb/install/iw_interfaces/share/iw_interfaces/cmake/iw_interfaces__rosidl_typesupport_cExport.cmake
[11.063s] -- Installing: /home/ethereal/rm_2025/rm_decision_2025_pb/install/iw_interfaces/share/iw_interfaces/cmake/iw_interfaces__rosidl_typesupport_cExport-noconfig.cmake
[11.063s] -- Installing: /home/ethereal/rm_2025/rm_decision_2025_pb/install/iw_interfaces/share/iw_interfaces/cmake/iw_interfaces__rosidl_typesupport_introspection_cppExport.cmake
[11.063s] -- Installing: /home/ethereal/rm_2025/rm_decision_2025_pb/install/iw_interfaces/share/iw_interfaces/cmake/iw_interfaces__rosidl_typesupport_introspection_cppExport-noconfig.cmake
[11.063s] -- Installing: /home/ethereal/rm_2025/rm_decision_2025_pb/install/iw_interfaces/share/iw_interfaces/cmake/iw_interfaces__rosidl_typesupport_cppExport.cmake
[11.063s] -- Installing: /home/ethereal/rm_2025/rm_decision_2025_pb/install/iw_interfaces/share/iw_interfaces/cmake/iw_interfaces__rosidl_typesupport_cppExport-noconfig.cmake
[11.063s] -- Installing: /home/ethereal/rm_2025/rm_decision_2025_pb/install/iw_interfaces/share/iw_interfaces/cmake/export_iw_interfaces__rosidl_generator_pyExport.cmake
[11.063s] -- Installing: /home/ethereal/rm_2025/rm_decision_2025_pb/install/iw_interfaces/share/iw_interfaces/cmake/export_iw_interfaces__rosidl_generator_pyExport-noconfig.cmake
[11.063s] -- Installing: /home/ethereal/rm_2025/rm_decision_2025_pb/install/iw_interfaces/share/iw_interfaces/cmake/rosidl_cmake-extras.cmake
[11.063s] -- Installing: /home/ethereal/rm_2025/rm_decision_2025_pb/install/iw_interfaces/share/iw_interfaces/cmake/ament_cmake_export_dependencies-extras.cmake
[11.063s] -- Installing: /home/ethereal/rm_2025/rm_decision_2025_pb/install/iw_interfaces/share/iw_interfaces/cmake/ament_cmake_export_include_directories-extras.cmake
[11.064s] -- Installing: /home/ethereal/rm_2025/rm_decision_2025_pb/install/iw_interfaces/share/iw_interfaces/cmake/ament_cmake_export_libraries-extras.cmake
[11.064s] -- Installing: /home/ethereal/rm_2025/rm_decision_2025_pb/install/iw_interfaces/share/iw_interfaces/cmake/ament_cmake_export_targets-extras.cmake
[11.064s] -- Installing: /home/ethereal/rm_2025/rm_decision_2025_pb/install/iw_interfaces/share/iw_interfaces/cmake/rosidl_cmake_export_typesupport_targets-extras.cmake
[11.064s] -- Installing: /home/ethereal/rm_2025/rm_decision_2025_pb/install/iw_interfaces/share/iw_interfaces/cmake/rosidl_cmake_export_typesupport_libraries-extras.cmake
[11.064s] -- Installing: /home/ethereal/rm_2025/rm_decision_2025_pb/install/iw_interfaces/share/iw_interfaces/cmake/iw_interfacesConfig.cmake
[11.074s] -- Installing: /home/ethereal/rm_2025/rm_decision_2025_pb/install/iw_interfaces/share/iw_interfaces/cmake/iw_interfacesConfig-version.cmake
[11.074s] -- Installing: /home/ethereal/rm_2025/rm_decision_2025_pb/install/iw_interfaces/share/iw_interfaces/package.xml
[11.074s] Invoked command in '/home/ethereal/rm_2025/rm_decision_2025_pb/build/iw_interfaces' returned '0': CMAKE_PREFIX_PATH=/opt/ros/humble PS1=\[\e[1;32m\]\u@\h\[\e[0m\]:\[\e[1;34m\]\w\[\e[0m\]\$ /usr/bin/cmake --install /home/ethereal/rm_2025/rm_decision_2025_pb/build/iw_interfaces
